#
# A fatal error has been detected by the Java Runtime Environment:
#
#  SIGSEGV (0xb) at pc=0x00007efd85239443, pid=7850, tid=139627095455488
#
# JRE version: Java(TM) SE Runtime Environment (8.0_45-b14) (build 1.8.0_45-b14)
# Java VM: Java HotSpot(TM) 64-Bit Server VM (25.45-b02 mixed mode linux-amd64 compressed oops)
# Problematic frame:
# C  [libX11.so.6+0x89443]
#
# Failed to write core dump. Core dumps have been disabled. To enable core dumping, try "ulimit -c unlimited" before starting Java again
#
# If you would like to submit a bug report, please visit:
#   http://bugreport.java.com/bugreport/crash.jsp
# The crash happened outside the Java Virtual Machine in native code.
# See problematic frame for where to report the bug.
#

---------------  T H R E A D  ---------------

Current thread (0x00007efd9c605800):  JavaThread "AWT-XAWT" daemon [_thread_in_native, id=7871, stack(0x00007efd775cf000,0x00007efd776d0000)]

siginfo: si_signo: 11 (SIGSEGV), si_code: 1 (SEGV_MAPERR), si_addr: 0x000000000000000a

Registers:
RAX=0x00007efd9c588d40, RBX=0x00007efd9c57ed20, RCX=0x0000000000000000, RDX=0x0000000000000087
RSP=0x00007efd776ce670, RBP=0x000000000000000a, RSI=0x0000000000000000, RDI=0x00007efd9c57ed20
R8 =0x0000000000000000, R9 =0x0000000000000006, R10=0x00007efd776ce470, R11=0x00007efd8523a0a0
R12=0x0000000000000000, R13=0x00007efd843bbae0, R14=0x00007efd776ce778, R15=0x00007efd9c605800
RIP=0x00007efd85239443, EFLAGS=0x0000000000010246, CSGSFS=0x0000000000000033, ERR=0x0000000000000004
  TRAPNO=0x000000000000000e

Top of Stack: (sp=0x00007efd776ce670)
0x00007efd776ce670:   0000000000000000 00007efd9c57ed20
0x00007efd776ce680:   0000000000000047 00007efd8523a0f1
0x00007efd776ce690:   00007efd843bbae0 00007efd776ce6b0
0x00007efd776ce6a0:   0000000000000000 00007efd85758591
0x00007efd776ce6b0:   00007efd776ce730 00007efd8d015354
0x00007efd776ce6c0:   00007efd843bbae0 0000000000000000
0x00007efd776ce6d0:   00007efd776ce730 00007efd8d0150d9
0x00007efd776ce6e0:   00007efd9c605800 00007efd8d0150a2
0x00007efd776ce6f0:   00007efd776ce6f0 00007efd843bbae0
0x00007efd776ce700:   00007efd776ce778 00007efd843bcb10
0x00007efd776ce710:   0000000000000000 00007efd843bbae0
0x00007efd776ce720:   0000000000000000 00007efd776ce750
0x00007efd776ce730:   00007efd776ce7c0 00007efd8d007760
0x00007efd776ce740:   00000006c5805b98 00007efd8d00f577
0x00007efd776ce750:   0000000000000000 0000000000000000
0x00007efd776ce760:   0000000000000047 00007efd8d007760
0x00007efd776ce770:   00007efd9c57ed20 00007efd8d007760
0x00007efd776ce780:   00007efd776ce780 00007efd843a6d7f
0x00007efd776ce790:   00007efd776ce7e8 00007efd843a9ff0
0x00007efd776ce7a0:   0000000000000000 00007efd843a6da0
0x00007efd776ce7b0:   00007efd776ce750 00007efd776ce7e0
0x00007efd776ce7c0:   00007efd776ce830 00007efd8d007c4d
0x00007efd776ce7d0:   0000000000000001 000000076d76de98
0x00007efd776ce7e0:   00000006c58618c0 00000006c5861868
0x00007efd776ce7f0:   00007efd776ce7f0 00007efd843a1089
0x00007efd776ce800:   00007efd776ce878 00007efd843a9ff0
0x00007efd776ce810:   0000000000000000 00007efd843a1260
0x00007efd776ce820:   00007efd776ce7e0 00007efd776ce870
0x00007efd776ce830:   00007efd776ce8c0 00007efd8d007c4d
0x00007efd776ce840:   0000000000000000 00000007856ca888
0x00007efd776ce850:   0000000000000000 0000000000000000
0x00007efd776ce860:   0000000000000000 00000006c58618c0 

Instructions: (pc=0x00007efd85239443)
0x00007efd85239423:   83 ec 08 e8 f5 57 fb ff 48 8b 93 20 0a 00 00 31
0x00007efd85239433:   c9 31 f6 48 8b 52 08 8b 52 04 c6 40 01 08 88 10
0x00007efd85239443:   0f b7 55 00 66 89 48 06 c6 40 0b 00 c6 40 0a 00
0x00007efd85239453:   c6 40 0d 00 c6 40 0c 00 c6 40 0f 00 66 89 50 04 

Register to memory mapping:

RAX=0x00007efd9c588d40 is an unknown value
RBX=0x00007efd9c57ed20 is an unknown value
RCX=0x0000000000000000 is an unknown value
RDX=0x0000000000000087 is an unknown value
RSP=0x00007efd776ce670 is pointing into the stack for thread: 0x00007efd9c605800
RBP=0x000000000000000a is an unknown value
RSI=0x0000000000000000 is an unknown value
RDI=0x00007efd9c57ed20 is an unknown value
R8 =0x0000000000000000 is an unknown value
R9 =0x0000000000000006 is an unknown value
R10=0x00007efd776ce470 is pointing into the stack for thread: 0x00007efd9c605800
R11=0x00007efd8523a0a0: XkbGetUpdatedMap+0 in /usr/lib/x86_64-linux-gnu/libX11.so.6 at 0x00007efd851b0000
R12=0x0000000000000000 is an unknown value
R13={method} {0x00007efd843bbae0} 'XkbGetUpdatedMap' '(JJJ)J' in 'sun/awt/X11/XlibWrapper'
R14=0x00007efd776ce778 is pointing into the stack for thread: 0x00007efd9c605800
R15=0x00007efd9c605800 is a thread


Stack: [0x00007efd775cf000,0x00007efd776d0000],  sp=0x00007efd776ce670,  free space=1021k
Native frames: (J=compiled Java code, j=interpreted, Vv=VM code, C=native code)
C  [libX11.so.6+0x89443]

Java frames: (J=compiled Java code, j=interpreted, Vv=VM code)
j  sun.awt.X11.XlibWrapper.XkbGetUpdatedMap(JJJ)J+0
j  sun.awt.X11.XToolkit.processXkbChanges(Lsun/awt/X11/XEvent;)V+87
j  sun.awt.X11.XToolkit.run(Z)V+137
j  sun.awt.X11.XToolkit.run()V+5
j  java.lang.Thread.run()V+11
v  ~StubRoutines::call_stub

---------------  P R O C E S S  ---------------

Java Threads: ( => current thread )
  0x00007efd58003000 JavaThread "SIGTERM handler" daemon [_thread_blocked, id=7893, stack(0x00007efd75e7c000,0x00007efd75f7d000)]
  0x00007efd58002000 JavaThread "SIGTERM handler" daemon [_thread_blocked, id=7892, stack(0x00007efd7607e000,0x00007efd7617f000)]
  0x00007efd58001000 JavaThread "SIGTERM handler" daemon [_thread_blocked, id=7888, stack(0x00007efd75f7d000,0x00007efd7607e000)]
  0x00007efd30018800 JavaThread "Thread-1" [_thread_blocked, id=7884, stack(0x00007efd7617f000,0x00007efd76280000)]
  0x00007efd30035000 JavaThread "TimerQueue" daemon [_thread_blocked, id=7880, stack(0x00007efd770b7000,0x00007efd771b8000)]
  0x00007efd9c6c4000 JavaThread "AWT-EventQueue-0" [_thread_blocked, id=7874, stack(0x00007efd76eb5000,0x00007efd76fb6000)]
  0x00007efd9c6c2800 JavaThread "AWT-Shutdown" [_thread_blocked, id=7873, stack(0x00007efd76fb6000,0x00007efd770b7000)]
=>0x00007efd9c605800 JavaThread "AWT-XAWT" daemon [_thread_in_native, id=7871, stack(0x00007efd775cf000,0x00007efd776d0000)]
  0x00007efd9c5e6800 JavaThread "Java2D Disposer" daemon [_thread_blocked, id=7870, stack(0x00007efd77ae7000,0x00007efd77be8000)]
  0x00007efd9c0cd000 JavaThread "Service Thread" daemon [_thread_blocked, id=7868, stack(0x00007efd86403000,0x00007efd86504000)]
  0x00007efd9c0bf800 JavaThread "C1 CompilerThread2" daemon [_thread_blocked, id=7867, stack(0x00007efd86504000,0x00007efd86605000)]
  0x00007efd9c0be000 JavaThread "C2 CompilerThread1" daemon [_thread_blocked, id=7866, stack(0x00007efd86605000,0x00007efd86706000)]
  0x00007efd9c0bb000 JavaThread "C2 CompilerThread0" daemon [_thread_blocked, id=7865, stack(0x00007efd86706000,0x00007efd86807000)]
  0x00007efd9c0b9800 JavaThread "Signal Dispatcher" daemon [_thread_blocked, id=7864, stack(0x00007efd86807000,0x00007efd86908000)]
  0x00007efd9c083800 JavaThread "Finalizer" daemon [_thread_blocked, id=7863, stack(0x00007efd86ff0000,0x00007efd870f1000)]
  0x00007efd9c081800 JavaThread "Reference Handler" daemon [_thread_blocked, id=7862, stack(0x00007efd870f1000,0x00007efd871f2000)]
  0x00007efd9c00a800 JavaThread "main" [_thread_blocked, id=7853, stack(0x00007efda513d000,0x00007efda523e000)]

Other Threads:
  0x00007efd9c07c800 VMThread [stack: 0x00007efd871f2000,0x00007efd872f3000] [id=7861]
  0x00007efd9c0cf800 WatcherThread [stack: 0x00007efd86302000,0x00007efd86403000] [id=7869]

VM state:not at safepoint (normal execution)

VM Mutex/Monitor currently owned by a thread: None

Heap:
 PSYoungGen      total 768512K, used 461327K [0x000000076c800000, 0x00000007ad480000, 0x00000007c0000000)
  eden space 759808K, 60% used [0x000000076c800000,0x00000007888d75b8,0x000000079ae00000)
  from space 8704K, 19% used [0x000000079ae00000,0x000000079afac950,0x000000079b680000)
  to   space 8704K, 0% used [0x00000007acc00000,0x00000007acc00000,0x00000007ad480000)
 ParOldGen       total 84480K, used 5048K [0x00000006c5800000, 0x00000006caa80000, 0x000000076c800000)
  object space 84480K, 5% used [0x00000006c5800000,0x00000006c5cee160,0x00000006caa80000)
 Metaspace       used 24414K, capacity 24652K, committed 24960K, reserved 1071104K
  class space    used 3077K, capacity 3171K, committed 3200K, reserved 1048576K

Card table byte_map: [0x00007efda171b000,0x00007efda1ef0000] byte_map_base: 0x00007efd9e0ef000

Marking Bits: (ParMarkBitMap*) 0x00007efda460d760
 Begin Bits: [0x00007efd602c0000, 0x00007efd64160000)
 End Bits:   [0x00007efd64160000, 0x00007efd68000000)

Polling page: 0x00007efda5260000

CodeCache: size=245760Kb used=10815Kb max_used=11471Kb free=234944Kb
 bounds [0x00007efd8d000000, 0x00007efd8db50000, 0x00007efd9c000000]
 total_blobs=3902 nmethods=3301 adapters=513
 compilation: enabled

Compilation events (10 events):
Event: 2148.654 Thread 0x00007efd9c0bb000 3662   !   4       sun.awt.X11.XToolkit::getNextTaskTime (55 bytes)
Event: 2148.661 Thread 0x00007efd9c0bb000 nmethod 3662 0x00007efd8d196a10 code [0x00007efd8d196ba0, 0x00007efd8d196e38]
Event: 4512.546 Thread 0x00007efd9c0bf800 3663       3       sun.awt.X11.XAnyEvent::get_window (20 bytes)
Event: 4512.547 Thread 0x00007efd9c0bf800 nmethod 3663 0x00007efd8d4374d0 code [0x00007efd8d437660, 0x00007efd8d437a28]
Event: 4569.864 Thread 0x00007efd9c0bf800 3664   !   3       java.util.Vector$Itr::next (63 bytes)
Event: 4569.864 Thread 0x00007efd9c0bf800 nmethod 3664 0x00007efd8d5c27d0 code [0x00007efd8d5c29a0, 0x00007efd8d5c3058]
Event: 4569.864 Thread 0x00007efd9c0bf800 3665       3       java.util.Vector$Itr::checkForComodification (23 bytes)
Event: 4569.865 Thread 0x00007efd9c0bf800 nmethod 3665 0x00007efd8d346d90 code [0x00007efd8d346f00, 0x00007efd8d347128]
Event: 4874.925 Thread 0x00007efd9c0bf800 3666       1       sun.awt.X11.XAtom::getAtom (5 bytes)
Event: 4874.926 Thread 0x00007efd9c0bf800 nmethod 3666 0x00007efd8d50a410 code [0x00007efd8d50a560, 0x00007efd8d50a670]

GC Heap History (10 events):
Event: 2.391 GC heap before
{Heap before GC invocations=6 (full 1):
 PSYoungGen      total 268800K, used 5088K [0x000000076c800000, 0x000000078cf00000, 0x00000007c0000000)
  eden space 258048K, 0% used [0x000000076c800000,0x000000076c800000,0x000000077c400000)
  from space 10752K, 47% used [0x000000077c400000,0x000000077c8f81d8,0x000000077ce80000)
  to   space 7680K, 0% used [0x000000078c780000,0x000000078c780000,0x000000078cf00000)
 ParOldGen       total 172032K, used 56K [0x00000006c5800000, 0x00000006d0000000, 0x000000076c800000)
  object space 172032K, 0% used [0x00000006c5800000,0x00000006c580e000,0x00000006d0000000)
 Metaspace       used 20669K, capacity 20908K, committed 21248K, reserved 1067008K
  class space    used 2594K, capacity 2691K, committed 2816K, reserved 1048576K
Event: 2.435 GC heap after
Heap after GC invocations=6 (full 1):
 PSYoungGen      total 268800K, used 0K [0x000000076c800000, 0x000000078cf00000, 0x00000007c0000000)
  eden space 258048K, 0% used [0x000000076c800000,0x000000076c800000,0x000000077c400000)
  from space 10752K, 0% used [0x000000077c400000,0x000000077c400000,0x000000077ce80000)
  to   space 7680K, 0% used [0x000000078c780000,0x000000078c780000,0x000000078cf00000)
 ParOldGen       total 84480K, used 4968K [0x00000006c5800000, 0x00000006caa80000, 0x000000076c800000)
  object space 84480K, 5% used [0x00000006c5800000,0x00000006c5cda160,0x00000006caa80000)
 Metaspace       used 20669K, capacity 20908K, committed 21248K, reserved 1067008K
  class space    used 2594K, capacity 2691K, committed 2816K, reserved 1048576K
}
Event: 2.629 GC heap before
{Heap before GC invocations=7 (full 1):
 PSYoungGen      total 268800K, used 258048K [0x000000076c800000, 0x000000078cf00000, 0x00000007c0000000)
  eden space 258048K, 100% used [0x000000076c800000,0x000000077c400000,0x000000077c400000)
  from space 10752K, 0% used [0x000000077c400000,0x000000077c400000,0x000000077ce80000)
  to   space 7680K, 0% used [0x000000078c780000,0x000000078c780000,0x000000078cf00000)
 ParOldGen       total 84480K, used 4968K [0x00000006c5800000, 0x00000006caa80000, 0x000000076c800000)
  object space 84480K, 5% used [0x00000006c5800000,0x00000006c5cda160,0x00000006caa80000)
 Metaspace       used 20669K, capacity 20908K, committed 21248K, reserved 1067008K
  class space    used 2594K, capacity 2691K, committed 2816K, reserved 1048576K
Event: 2.632 GC heap after
Heap after GC invocations=7 (full 1):
 PSYoungGen      total 450048K, used 1726K [0x000000076c800000, 0x000000078c980000, 0x00000007c0000000)
  eden space 448000K, 0% used [0x000000076c800000,0x000000076c800000,0x0000000787d80000)
  from space 2048K, 84% used [0x000000078c780000,0x000000078c92fb28,0x000000078c980000)
  to   space 8192K, 0% used [0x000000078b980000,0x000000078b980000,0x000000078c180000)
 ParOldGen       total 84480K, used 4968K [0x00000006c5800000, 0x00000006caa80000, 0x000000076c800000)
  object space 84480K, 5% used [0x00000006c5800000,0x00000006c5cda160,0x00000006caa80000)
 Metaspace       used 20669K, capacity 20908K, committed 21248K, reserved 1067008K
  class space    used 2594K, capacity 2691K, committed 2816K, reserved 1048576K
}
Event: 2.892 GC heap before
{Heap before GC invocations=8 (full 1):
 PSYoungGen      total 450048K, used 449523K [0x000000076c800000, 0x000000078c980000, 0x00000007c0000000)
  eden space 448000K, 99% used [0x000000076c800000,0x0000000787d4d410,0x0000000787d80000)
  from space 2048K, 84% used [0x000000078c780000,0x000000078c92fb28,0x000000078c980000)
  to   space 8192K, 0% used [0x000000078b980000,0x000000078b980000,0x000000078c180000)
 ParOldGen       total 84480K, used 4968K [0x00000006c5800000, 0x00000006caa80000, 0x000000076c800000)
  object space 84480K, 5% used [0x00000006c5800000,0x00000006c5cda160,0x00000006caa80000)
 Metaspace       used 20672K, capacity 20972K, committed 21504K, reserved 1069056K
  class space    used 2594K, capacity 2691K, committed 2816K, reserved 1048576K
Event: 2.896 GC heap after
Heap after GC invocations=8 (full 1):
 PSYoungGen      total 517632K, used 998K [0x000000076c800000, 0x000000079bf00000, 0x00000007c0000000)
  eden space 509440K, 0% used [0x000000076c800000,0x000000076c800000,0x000000078b980000)
  from space 8192K, 12% used [0x000000078b980000,0x000000078ba79ac8,0x000000078c180000)
  to   space 8704K, 0% used [0x000000079b680000,0x000000079b680000,0x000000079bf00000)
 ParOldGen       total 84480K, used 4968K [0x00000006c5800000, 0x00000006caa80000, 0x000000076c800000)
  object space 84480K, 5% used [0x00000006c5800000,0x00000006c5cda160,0x00000006caa80000)
 Metaspace       used 20672K, capacity 20972K, committed 21504K, reserved 1069056K
  class space    used 2594K, capacity 2691K, committed 2816K, reserved 1048576K
}
Event: 3.157 GC heap before
{Heap before GC invocations=9 (full 1):
 PSYoungGen      total 517632K, used 510438K [0x000000076c800000, 0x000000079bf00000, 0x00000007c0000000)
  eden space 509440K, 100% used [0x000000076c800000,0x000000078b980000,0x000000078b980000)
  from space 8192K, 12% used [0x000000078b980000,0x000000078ba79ac8,0x000000078c180000)
  to   space 8704K, 0% used [0x000000079b680000,0x000000079b680000,0x000000079bf00000)
 ParOldGen       total 84480K, used 4968K [0x00000006c5800000, 0x00000006caa80000, 0x000000076c800000)
  object space 84480K, 5% used [0x00000006c5800000,0x00000006c5cda160,0x00000006caa80000)
 Metaspace       used 20753K, capacity 21036K, committed 21504K, reserved 1069056K
  class space    used 2594K, capacity 2691K, committed 2816K, reserved 1048576K
Event: 3.160 GC heap after
Heap after GC invocations=9 (full 1):
 PSYoungGen      total 768512K, used 1639K [0x000000076c800000, 0x00000007a0e80000, 0x00000007c0000000)
  eden space 759808K, 0% used [0x000000076c800000,0x000000076c800000,0x000000079ae00000)
  from space 8704K, 18% used [0x000000079b680000,0x000000079b819d18,0x000000079bf00000)
  to   space 8704K, 0% used [0x000000079ae00000,0x000000079ae00000,0x000000079b680000)
 ParOldGen       total 84480K, used 4976K [0x00000006c5800000, 0x00000006caa80000, 0x000000076c800000)
  object space 84480K, 5% used [0x00000006c5800000,0x00000006c5cdc160,0x00000006caa80000)
 Metaspace       used 20753K, capacity 21036K, committed 21504K, reserved 1069056K
  class space    used 2594K, capacity 2691K, committed 2816K, reserved 1048576K
}
Event: 3.561 GC heap before
{Heap before GC invocations=10 (full 1):
 PSYoungGen      total 768512K, used 761447K [0x000000076c800000, 0x00000007a0e80000, 0x00000007c0000000)
  eden space 759808K, 100% used [0x000000076c800000,0x000000079ae00000,0x000000079ae00000)
  from space 8704K, 18% used [0x000000079b680000,0x000000079b819d18,0x000000079bf00000)
  to   space 8704K, 0% used [0x000000079ae00000,0x000000079ae00000,0x000000079b680000)
 ParOldGen       total 84480K, used 4976K [0x00000006c5800000, 0x00000006caa80000, 0x000000076c800000)
  object space 84480K, 5% used [0x00000006c5800000,0x00000006c5cdc160,0x00000006caa80000)
 Metaspace       used 20817K, capacity 21100K, committed 21504K, reserved 1069056K
  class space    used 2594K, capacity 2691K, committed 2816K, reserved 1048576K
Event: 3.569 GC heap after
Heap after GC invocations=10 (full 1):
 PSYoungGen      total 768512K, used 1714K [0x000000076c800000, 0x00000007ad480000, 0x00000007c0000000)
  eden space 759808K, 0% used [0x000000076c800000,0x000000076c800000,0x000000079ae00000)
  from space 8704K, 19% used [0x000000079ae00000,0x000000079afac950,0x000000079b680000)
  to   space 8704K, 0% used [0x00000007acc00000,0x00000007acc00000,0x00000007ad480000)
 ParOldGen       total 84480K, used 5048K [0x00000006c5800000, 0x00000006caa80000, 0x000000076c800000)
  object space 84480K, 5% used [0x00000006c5800000,0x00000006c5cee160,0x00000006caa80000)
 Metaspace       used 20817K, capacity 21100K, committed 21504K, reserved 1069056K
  class space    used 2594K, capacity 2691K, committed 2816K, reserved 1048576K
}

Deoptimization events (10 events):
Event: 4.121 Thread 0x00007efd9c6c4000 Uncommon trap: reason=class_check action=maybe_recompile pc=0x00007efd8daa6b80 method=java.awt.EventQueue.dispatchEventImpl(Ljava/awt/AWTEvent;Ljava/lang/Object;)V @ 18
Event: 4.121 Thread 0x00007efd9c6c4000 Uncommon trap: reason=unstable_if action=reinterpret pc=0x00007efd8da20214 method=javax.swing.JComponent.getClientProperty(Ljava/lang/Object;)Ljava/lang/Object; @ 16
Event: 4.201 Thread 0x00007efd9c6c4000 Uncommon trap: reason=class_check action=maybe_recompile pc=0x00007efd8daa6b80 method=java.awt.EventQueue.dispatchEventImpl(Ljava/awt/AWTEvent;Ljava/lang/Object;)V @ 18
Event: 4.202 Thread 0x00007efd9c6c4000 Uncommon trap: reason=class_check action=maybe_recompile pc=0x00007efd8daa6b98 method=java.awt.EventQueue.setCurrentEventAndMostRecentTimeImpl(Ljava/awt/AWTEvent;)V @ 135
Event: 4.204 Thread 0x00007efd9c6c4000 Uncommon trap: reason=unstable_if action=reinterpret pc=0x00007efd8d9090cc method=java.awt.KeyboardFocusManager.processCurrentLightweightRequests()V @ 12
Event: 112.136 Thread 0x00007efd9c6c4000 Uncommon trap: reason=class_check action=maybe_recompile pc=0x00007efd8daa6b98 method=java.awt.EventQueue.setCurrentEventAndMostRecentTimeImpl(Ljava/awt/AWTEvent;)V @ 135
Event: 112.906 Thread 0x00007efd9c6c4000 Uncommon trap: reason=unstable_if action=reinterpret pc=0x00007efd8d9b4ba4 method=java.util.concurrent.locks.AbstractQueuedSynchronizer.enq(Ljava/util/concurrent/locks/AbstractQueuedSynchronizer$Node;)Ljava/util/concurrent/locks/AbstractQueuedSynchronizer
Event: 120.100 Thread 0x00007efd9c6c4000 Uncommon trap: reason=bimorphic action=maybe_recompile pc=0x00007efd8db42c08 method=java.awt.DefaultKeyboardFocusManager.dispatchEvent(Ljava/awt/AWTEvent;)Z @ 817
Event: 120.103 Thread 0x00007efd9c6c4000 Uncommon trap: reason=bimorphic action=maybe_recompile pc=0x00007efd8d90b438 method=java.awt.Component.processEvent(Ljava/awt/AWTEvent;)V @ 12
Event: 120.144 Thread 0x00007efd9c6c4000 Uncommon trap: reason=unstable_if action=reinterpret pc=0x00007efd8d88afe0 method=java.security.AccessController.getContext()Ljava/security/AccessControlContext; @ 5

Internal exceptions (10 events):
Event: 1.411 Thread 0x00007efd9c6b8800 Exception <a 'java/io/FileNotFoundException'> (0x000000076ce91648) thrown at [/RE-WORK/workspace/8-2-build-linux-amd64/jdk8u45/3457/hotspot/src/share/vm/prims/jni.cpp, line 709]
Event: 3.738 Thread 0x00007efd9c00a800 Implicit null exception at 0x00007efd8d91a018 to 0x00007efd8d91a06a
Event: 3.738 Thread 0x00007efd9c00a800 Implicit null exception at 0x00007efd8d6f2868 to 0x00007efd8d6f28aa
Event: 3.738 Thread 0x00007efd9c00a800 Implicit null exception at 0x00007efd8d82e534 to 0x00007efd8d82e99d
Event: 3.765 Thread 0x00007efd9c00a800 Implicit null exception at 0x00007efd8d8289d7 to 0x00007efd8d828d97
Event: 3.782 Thread 0x00007efd9c6c4000 Implicit null exception at 0x00007efd8d7e4390 to 0x00007efd8d7e8ef1
Event: 3.884 Thread 0x00007efd9c00a800 Implicit null exception at 0x00007efd8d8da5c2 to 0x00007efd8d8da741
Event: 3.937 Thread 0x00007efd9c00a800 Implicit null exception at 0x00007efd8d9569f7 to 0x00007efd8d956dd1
Event: 4.038 Thread 0x00007efd9c00a800 Exception <a 'java/io/FileNotFoundException'> (0x0000000785796e70) thrown at [/RE-WORK/workspace/8-2-build-linux-amd64/jdk8u45/3457/hotspot/src/share/vm/prims/jni.cpp, line 709]
Event: 4.201 Thread 0x00007efd9c6c4000 Exception <a 'java/lang/UnsupportedOperationException': > (0x00000007862be798) thrown at [/RE-WORK/workspace/8-2-build-linux-amd64/jdk8u45/3457/hotspot/src/share/vm/prims/jni.cpp, line 735]

Events (10 events):
Event: 120.167 Thread 0x00007efd30013800 Thread exited: 0x00007efd30013800
Event: 126.235 loading class sun/misc/Signal$1
Event: 126.235 loading class sun/misc/Signal$1 done
Event: 126.235 Thread 0x00007efd58001000 Thread added: 0x00007efd58001000
Event: 126.237 Thread 0x00007efd58002000 Thread added: 0x00007efd58002000
Event: 126.238 Thread 0x00007efd58003000 Thread added: 0x00007efd58003000
Event: 7672.933 loading class sun/awt/X11/XkbEvent
Event: 7673.032 loading class sun/awt/X11/XkbEvent done
Event: 7673.032 loading class sun/awt/X11/XkbAnyEvent
Event: 7673.069 loading class sun/awt/X11/XkbAnyEvent done


Dynamic libraries:
00400000-00401000 r-xp 00000000 08:03 3424510                            /usr/lib/jvm/java-8-oracle/bin/java
00600000-00601000 rw-p 00000000 08:03 3424510                            /usr/lib/jvm/java-8-oracle/bin/java
025e6000-02607000 rw-p 00000000 00:00 0                                  [heap]
6c5800000-6caa80000 rw-p 00000000 00:00 0 
6caa80000-76c800000 ---p 00000000 00:00 0 
76c800000-7ad480000 rw-p 00000000 00:00 0 
7ad480000-7c0000000 ---p 00000000 00:00 0 
7c0000000-7c0320000 rw-p 00000000 00:00 0 
7c0320000-800000000 ---p 00000000 00:00 0 
7efd1c000000-7efd1c021000 rw-p 00000000 00:00 0 
7efd1c021000-7efd20000000 ---p 00000000 00:00 0 
7efd20000000-7efd20021000 rw-p 00000000 00:00 0 
7efd20021000-7efd24000000 ---p 00000000 00:00 0 
7efd24000000-7efd24021000 rw-p 00000000 00:00 0 
7efd24021000-7efd28000000 ---p 00000000 00:00 0 
7efd28000000-7efd28021000 rw-p 00000000 00:00 0 
7efd28021000-7efd2c000000 ---p 00000000 00:00 0 
7efd2c000000-7efd2c021000 rw-p 00000000 00:00 0 
7efd2c021000-7efd30000000 ---p 00000000 00:00 0 
7efd30000000-7efd3004d000 rw-p 00000000 00:00 0 
7efd3004d000-7efd34000000 ---p 00000000 00:00 0 
7efd34000000-7efd34023000 rw-p 00000000 00:00 0 
7efd34023000-7efd38000000 ---p 00000000 00:00 0 
7efd38000000-7efd38021000 rw-p 00000000 00:00 0 
7efd38021000-7efd3c000000 ---p 00000000 00:00 0 
7efd3c000000-7efd3c021000 rw-p 00000000 00:00 0 
7efd3c021000-7efd40000000 ---p 00000000 00:00 0 
7efd40000000-7efd40021000 rw-p 00000000 00:00 0 
7efd40021000-7efd44000000 ---p 00000000 00:00 0 
7efd44000000-7efd44a15000 rw-p 00000000 00:00 0 
7efd44a15000-7efd48000000 ---p 00000000 00:00 0 
7efd48000000-7efd48021000 rw-p 00000000 00:00 0 
7efd48021000-7efd4c000000 ---p 00000000 00:00 0 
7efd4c000000-7efd4d730000 rw-p 00000000 00:00 0 
7efd4d730000-7efd50000000 ---p 00000000 00:00 0 
7efd50000000-7efd51314000 rw-p 00000000 00:00 0 
7efd51314000-7efd54000000 ---p 00000000 00:00 0 
7efd54000000-7efd54021000 rw-p 00000000 00:00 0 
7efd54021000-7efd58000000 ---p 00000000 00:00 0 
7efd58000000-7efd58021000 rw-p 00000000 00:00 0 
7efd58021000-7efd5c000000 ---p 00000000 00:00 0 
7efd5c000000-7efd5c021000 rw-p 00000000 00:00 0 
7efd5c021000-7efd60000000 ---p 00000000 00:00 0 
7efd602c0000-7efd68000000 rw-p 00000000 00:00 0 
7efd68000000-7efd68021000 rw-p 00000000 00:00 0 
7efd68021000-7efd6c000000 ---p 00000000 00:00 0 
7efd6c000000-7efd6c064000 rw-p 00000000 00:00 0 
7efd6c064000-7efd70000000 ---p 00000000 00:00 0 
7efd70000000-7efd70021000 rw-p 00000000 00:00 0 
7efd70021000-7efd74000000 ---p 00000000 00:00 0 
7efd75e7c000-7efd75e7f000 ---p 00000000 00:00 0 
7efd75e7f000-7efd75f7d000 rw-p 00000000 00:00 0                          [stack:7893]
7efd75f7d000-7efd75f80000 ---p 00000000 00:00 0 
7efd75f80000-7efd7607e000 rw-p 00000000 00:00 0                          [stack:7888]
7efd7607e000-7efd76081000 ---p 00000000 00:00 0 
7efd76081000-7efd7617f000 rw-p 00000000 00:00 0                          [stack:7892]
7efd7617f000-7efd76182000 ---p 00000000 00:00 0 
7efd76182000-7efd76280000 rw-p 00000000 00:00 0                          [stack:7884]
7efd76280000-7efd762aa000 r-xp 00000000 08:03 3426031                    /usr/lib/jvm/java-8-oracle/jre/lib/amd64/libdcpr.so
7efd762aa000-7efd764aa000 ---p 0002a000 08:03 3426031                    /usr/lib/jvm/java-8-oracle/jre/lib/amd64/libdcpr.so
7efd764aa000-7efd764ad000 rw-p 0002a000 08:03 3426031                    /usr/lib/jvm/java-8-oracle/jre/lib/amd64/libdcpr.so
7efd764b0000-7efd764c4000 r--s 00000000 08:03 657677                     /usr/share/fonts/type1/gsfonts/n019003l.pfb
7efd764c8000-7efd764e1000 r--s 00000000 08:03 657701                     /usr/share/fonts/type1/gsfonts/n021003l.pfb
7efd764e8000-7efd764f9000 r--s 00000000 08:03 657683                     /usr/share/fonts/type1/gsfonts/n019023l.pfb
7efd76500000-7efd76512000 r--s 00000000 08:03 657680                     /usr/share/fonts/type1/gsfonts/n019004l.pfb
7efd76518000-7efd7652e000 r--s 00000000 08:03 657722                     /usr/share/fonts/type1/gsfonts/n022024l.pfb
7efd76530000-7efd76548000 r--s 00000000 08:03 657713                     /usr/share/fonts/type1/gsfonts/n022003l.pfb
7efd76548000-7efd7655e000 r--s 00000000 08:03 657710                     /usr/share/fonts/type1/gsfonts/n021024l.pfb
7efd76560000-7efd76577000 r--s 00000000 08:03 657707                     /usr/share/fonts/type1/gsfonts/n021023l.pfb
7efd76578000-7efd76589000 r--s 00000000 08:03 657686                     /usr/share/fonts/type1/gsfonts/n019024l.pfb
7efd76590000-7efd766d0000 rw-p 00000000 00:00 0 
7efd766d0000-7efd76790000 ---p 00000000 00:00 0 
7efd76790000-7efd767f9000 r-xp 00000000 08:03 3426043                    /usr/lib/jvm/java-8-oracle/jre/lib/amd64/libt2k.so
7efd767f9000-7efd769f8000 ---p 00069000 08:03 3426043                    /usr/lib/jvm/java-8-oracle/jre/lib/amd64/libt2k.so
7efd769f8000-7efd769ff000 rw-p 00068000 08:03 3426043                    /usr/lib/jvm/java-8-oracle/jre/lib/amd64/libt2k.so
7efd769ff000-7efd76a0f000 rw-p 00000000 00:00 0 
7efd76a10000-7efd76a11000 r--s 00000000 08:03 3677075                    /var/cache/fontconfig/c05880de57d1f5e948fdfacc138775d9-le64.cache-4
7efd76a18000-7efd76a23000 r--s 00000000 08:03 3677069                    /var/cache/fontconfig/945677eb7aeaf62f1d50efc3fb3ec7d8-le64.cache-4
7efd76a28000-7efd76a2a000 r--s 00000000 08:03 3678612                    /var/cache/fontconfig/99e8ed0e538f840c565b6ed5dad60d56-le64.cache-4
7efd76a30000-7efd76a39000 r--s 00000000 08:03 3678611                    /var/cache/fontconfig/a6d8cf8e4ec09cdbc8633c31745a07dd-le64.cache-4
7efd76a40000-7efd76a46000 r--s 00000000 08:03 3677055                    /var/cache/fontconfig/2cd17615ca594fa2959ae173292e504c-le64.cache-4
7efd76a48000-7efd76a49000 r--s 00000000 08:03 3677085                    /var/cache/fontconfig/e7071f4a29fa870f4323321c154eba04-le64.cache-4
7efd76a50000-7efd76a57000 r--s 00000000 08:03 3677072                    /var/cache/fontconfig/a755afe4a08bf5b97852ceb7400b47bc-le64.cache-4
7efd76a58000-7efd76a6c000 r--s 00000000 08:03 3677050                    /var/cache/fontconfig/04aabc0a78ac019cf9454389977116d2-le64.cache-4
7efd76a70000-7efd76a7a000 r--s 00000000 08:03 657743                     /usr/share/fonts/type1/mathml/Symbol.pfb
7efd76a80000-7efd76a99000 r--s 00000000 08:03 657716                     /usr/share/fonts/type1/gsfonts/n022004l.pfb
7efd76a9c000-7efd76aaf000 r--s 00344000 08:03 3426004                    /usr/lib/jvm/java-8-oracle/jre/lib/resources.jar
7efd76ab5000-7efd76cb5000 rw-p 00000000 00:00 0 
7efd76cb5000-7efd76eb5000 rw-p 00000000 00:00 0 
7efd76eb5000-7efd76eb8000 ---p 00000000 00:00 0 
7efd76eb8000-7efd76fb6000 rw-p 00000000 00:00 0                          [stack:7874]
7efd76fb6000-7efd76fb9000 ---p 00000000 00:00 0 
7efd76fb9000-7efd770b7000 rw-p 00000000 00:00 0                          [stack:7873]
7efd770b7000-7efd770ba000 ---p 00000000 00:00 0 
7efd770ba000-7efd773b8000 rw-p 00000000 00:00 0                          [stack:7880]
7efd773b8000-7efd773c9000 r-xp 00000000 08:03 3426040                    /usr/lib/jvm/java-8-oracle/jre/lib/amd64/libnio.so
7efd773c9000-7efd775c8000 ---p 00011000 08:03 3426040                    /usr/lib/jvm/java-8-oracle/jre/lib/amd64/libnio.so
7efd775c8000-7efd775c9000 rw-p 00010000 08:03 3426040                    /usr/lib/jvm/java-8-oracle/jre/lib/amd64/libnio.so
7efd775cf000-7efd775d2000 ---p 00000000 00:00 0 
7efd775d2000-7efd776d0000 rw-p 00000000 00:00 0                          [stack:7871]
7efd776d0000-7efd776d5000 r-xp 00000000 08:03 3408352                    /usr/lib/x86_64-linux-gnu/libXfixes.so.3.1.0
7efd776d5000-7efd778d4000 ---p 00005000 08:03 3408352                    /usr/lib/x86_64-linux-gnu/libXfixes.so.3.1.0
7efd778d4000-7efd778d5000 r--p 00004000 08:03 3408352                    /usr/lib/x86_64-linux-gnu/libXfixes.so.3.1.0
7efd778d5000-7efd778d6000 rw-p 00005000 08:03 3408352                    /usr/lib/x86_64-linux-gnu/libXfixes.so.3.1.0
7efd778d8000-7efd778e1000 r-xp 00000000 08:03 3417045                    /usr/lib/x86_64-linux-gnu/libXcursor.so.1.0.2
7efd778e1000-7efd77ae0000 ---p 00009000 08:03 3417045                    /usr/lib/x86_64-linux-gnu/libXcursor.so.1.0.2
7efd77ae0000-7efd77ae1000 r--p 00008000 08:03 3417045                    /usr/lib/x86_64-linux-gnu/libXcursor.so.1.0.2
7efd77ae1000-7efd77ae2000 rw-p 00009000 08:03 3417045                    /usr/lib/x86_64-linux-gnu/libXcursor.so.1.0.2
7efd77ae7000-7efd77aea000 ---p 00000000 00:00 0 
7efd77aea000-7efd77de8000 rw-p 00000000 00:00 0                          [stack:7870]
7efd77de8000-7efd77dfe000 r-xp 00000000 08:03 397368                     /lib/x86_64-linux-gnu/libgcc_s.so.1
7efd77dfe000-7efd77ffd000 ---p 00016000 08:03 397368                     /lib/x86_64-linux-gnu/libgcc_s.so.1
7efd77ffd000-7efd77ffe000 rw-p 00015000 08:03 397368                     /lib/x86_64-linux-gnu/libgcc_s.so.1
7efd78000000-7efd78021000 rw-p 00000000 00:00 0 
7efd78021000-7efd7c000000 ---p 00000000 00:00 0 
7efd7c000000-7efd7c021000 rw-p 00000000 00:00 0 
7efd7c021000-7efd80000000 ---p 00000000 00:00 0 
7efd80000000-7efd80021000 rw-p 00000000 00:00 0 
7efd80021000-7efd84000000 ---p 00000000 00:00 0 
7efd84000000-7efd84001000 r--s 00000000 08:03 3677052                    /var/cache/fontconfig/0d8c3b2ac0904cb8a57a757ad11a4a08-le64.cache-4
7efd84008000-7efd8400c000 r--s 00000000 08:03 3678864                    /var/cache/fontconfig/de156ccd2eddbdc19d37a45b8b2aac9c-le64.cache-4
7efd84010000-7efd84011000 r--s 00000000 08:03 3677054                    /var/cache/fontconfig/1ac9eb803944fde146138c791f5cc56a-le64.cache-4
7efd84018000-7efd8401c000 r--s 00000000 08:03 3677058                    /var/cache/fontconfig/385c0604a188198f04d133e54aba7fe7-le64.cache-4
7efd84020000-7efd84021000 r--s 00000000 08:03 3677082                    /var/cache/fontconfig/dc05db6664285cc2f12bf69c139ae4c3-le64.cache-4
7efd84028000-7efd8402a000 r--s 00000000 08:03 3677066                    /var/cache/fontconfig/767a8244fc0220cfb567a839d0392e0b-le64.cache-4
7efd84030000-7efd84031000 r--s 00000000 08:03 3670956                    /var/cache/fontconfig/4794a0821666d79190d59a36cb4f44b5-le64.cache-4
7efd84038000-7efd8403d000 r--s 00000000 08:03 3677068                    /var/cache/fontconfig/8801497958630a81b71ace7c5f9b32a8-le64.cache-4
7efd84040000-7efd8407b000 r--s 00000000 08:03 3673862                    /var/cache/fontconfig/365b55f210c0a22e9a19e35191240f32-le64.cache-4
7efd84080000-7efd84087000 r--s 00000000 08:03 3677056                    /var/cache/fontconfig/3047814df9a2f067bd2d96a2b9c36e5a-le64.cache-4
7efd84088000-7efd84089000 r--s 00000000 08:03 3677062                    /var/cache/fontconfig/56cf4f4769d0f4abc89a4895d7bd3ae1-le64.cache-4
7efd84090000-7efd84091000 r--s 00000000 08:03 3677074                    /var/cache/fontconfig/b9d506c9ac06c20b433354fa67a72993-le64.cache-4
7efd84098000-7efd8409e000 r--s 00000000 08:03 3677073                    /var/cache/fontconfig/b47c4e1ecd0709278f4910c18777a504-le64.cache-4
7efd840a0000-7efd840a9000 r--s 00000000 08:03 3673884                    /var/cache/fontconfig/52f7bdb7ce746bfd7eaa1985bd9cfa93-le64.cache-4
7efd840b0000-7efd840c3000 r--s 00000000 08:03 3677079                    /var/cache/fontconfig/d52a8644073d54c13679302ca1180695-le64.cache-4
7efd840c8000-7efd840d1000 r--s 00000000 08:03 3670935                    /var/cache/fontconfig/3f7329c5293ffd510edef78f73874cfd-le64.cache-4
7efd840d8000-7efd8413d000 r-xp 00000000 08:03 3426046                    /usr/lib/jvm/java-8-oracle/jre/lib/amd64/libfontmanager.so
7efd8413d000-7efd8433c000 ---p 00065000 08:03 3426046                    /usr/lib/jvm/java-8-oracle/jre/lib/amd64/libfontmanager.so
7efd8433c000-7efd84341000 rw-p 00064000 08:03 3426046                    /usr/lib/jvm/java-8-oracle/jre/lib/amd64/libfontmanager.so
7efd84341000-7efd84351000 rw-p 00000000 00:00 0 
7efd84358000-7efd84558000 rw-p 00000000 00:00 0 
7efd84558000-7efd8455d000 r-xp 00000000 08:03 3417049                    /usr/lib/x86_64-linux-gnu/libXdmcp.so.6.0.0
7efd8455d000-7efd8475c000 ---p 00005000 08:03 3417049                    /usr/lib/x86_64-linux-gnu/libXdmcp.so.6.0.0
7efd8475c000-7efd8475d000 r--p 00004000 08:03 3417049                    /usr/lib/x86_64-linux-gnu/libXdmcp.so.6.0.0
7efd8475d000-7efd8475e000 rw-p 00005000 08:03 3417049                    /usr/lib/x86_64-linux-gnu/libXdmcp.so.6.0.0
7efd84760000-7efd84762000 r-xp 00000000 08:03 3417038                    /usr/lib/x86_64-linux-gnu/libXau.so.6.0.0
7efd84762000-7efd84962000 ---p 00002000 08:03 3417038                    /usr/lib/x86_64-linux-gnu/libXau.so.6.0.0
7efd84962000-7efd84963000 r--p 00002000 08:03 3417038                    /usr/lib/x86_64-linux-gnu/libXau.so.6.0.0
7efd84963000-7efd84964000 rw-p 00003000 08:03 3417038                    /usr/lib/x86_64-linux-gnu/libXau.so.6.0.0
7efd84968000-7efd84985000 r-xp 00000000 08:03 3418106                    /usr/lib/x86_64-linux-gnu/libxcb.so.1.1.0
7efd84985000-7efd84b85000 ---p 0001d000 08:03 3418106                    /usr/lib/x86_64-linux-gnu/libxcb.so.1.1.0
7efd84b85000-7efd84b86000 r--p 0001d000 08:03 3418106                    /usr/lib/x86_64-linux-gnu/libxcb.so.1.1.0
7efd84b86000-7efd84b87000 rw-p 0001e000 08:03 3418106                    /usr/lib/x86_64-linux-gnu/libxcb.so.1.1.0
7efd84b88000-7efd84b97000 r-xp 00000000 08:03 3410074                    /usr/lib/x86_64-linux-gnu/libXi.so.6.1.0
7efd84b97000-7efd84d96000 ---p 0000f000 08:03 3410074                    /usr/lib/x86_64-linux-gnu/libXi.so.6.1.0
7efd84d96000-7efd84d97000 r--p 0000e000 08:03 3410074                    /usr/lib/x86_64-linux-gnu/libXi.so.6.1.0
7efd84d97000-7efd84d98000 rw-p 0000f000 08:03 3410074                    /usr/lib/x86_64-linux-gnu/libXi.so.6.1.0
7efd84d98000-7efd84d9d000 r-xp 00000000 08:03 3417079                    /usr/lib/x86_64-linux-gnu/libXtst.so.6.1.0
7efd84d9d000-7efd84f9c000 ---p 00005000 08:03 3417079                    /usr/lib/x86_64-linux-gnu/libXtst.so.6.1.0
7efd84f9c000-7efd84f9d000 r--p 00004000 08:03 3417079                    /usr/lib/x86_64-linux-gnu/libXtst.so.6.1.0
7efd84f9d000-7efd84f9e000 rw-p 00005000 08:03 3417079                    /usr/lib/x86_64-linux-gnu/libXtst.so.6.1.0
7efd84fa0000-7efd84fa9000 r-xp 00000000 08:03 3410076                    /usr/lib/x86_64-linux-gnu/libXrender.so.1.3.0
7efd84fa9000-7efd851a8000 ---p 00009000 08:03 3410076                    /usr/lib/x86_64-linux-gnu/libXrender.so.1.3.0
7efd851a8000-7efd851a9000 r--p 00008000 08:03 3410076                    /usr/lib/x86_64-linux-gnu/libXrender.so.1.3.0
7efd851a9000-7efd851aa000 rw-p 00009000 08:03 3410076                    /usr/lib/x86_64-linux-gnu/libXrender.so.1.3.0
7efd851b0000-7efd852e0000 r-xp 00000000 08:03 3417034                    /usr/lib/x86_64-linux-gnu/libX11.so.6.3.0
7efd852e0000-7efd854e0000 ---p 00130000 08:03 3417034                    /usr/lib/x86_64-linux-gnu/libX11.so.6.3.0
7efd854e0000-7efd854e1000 r--p 00130000 08:03 3417034                    /usr/lib/x86_64-linux-gnu/libX11.so.6.3.0
7efd854e1000-7efd854e5000 rw-p 00131000 08:03 3417034                    /usr/lib/x86_64-linux-gnu/libX11.so.6.3.0
7efd854e8000-7efd854f9000 r-xp 00000000 08:03 3409080                    /usr/lib/x86_64-linux-gnu/libXext.so.6.4.0
7efd854f9000-7efd856f8000 ---p 00011000 08:03 3409080                    /usr/lib/x86_64-linux-gnu/libXext.so.6.4.0
7efd856f8000-7efd856f9000 r--p 00010000 08:03 3409080                    /usr/lib/x86_64-linux-gnu/libXext.so.6.4.0
7efd856f9000-7efd856fa000 rw-p 00011000 08:03 3409080                    /usr/lib/x86_64-linux-gnu/libXext.so.6.4.0
7efd85700000-7efd85704000 r--s 00000000 08:03 3677080                    /var/cache/fontconfig/d589a48862398ed80a3d6066f4f56f4c-le64.cache-4
7efd85708000-7efd85709000 r--s 00000000 08:03 3677051                    /var/cache/fontconfig/0c9eb80ebd1c36541ebe2852d3bb0c49-le64.cache-4
7efd85710000-7efd8571d000 r--s 00000000 08:03 3678610                    /var/cache/fontconfig/e13b20fdb08344e0e664864cc2ede53d-le64.cache-4
7efd85720000-7efd85724000 r--s 00000000 08:03 3678863                    /var/cache/fontconfig/7ef2298fde41cc6eeb7af42e48b7d293-le64.cache-4
7efd85728000-7efd8577c000 r-xp 00000000 08:03 3426038                    /usr/lib/jvm/java-8-oracle/jre/lib/amd64/libawt_xawt.so
7efd8577c000-7efd8597c000 ---p 00054000 08:03 3426038                    /usr/lib/jvm/java-8-oracle/jre/lib/amd64/libawt_xawt.so
7efd8597c000-7efd85980000 rw-p 00054000 08:03 3426038                    /usr/lib/jvm/java-8-oracle/jre/lib/amd64/libawt_xawt.so
7efd85980000-7efd85981000 rw-p 00000000 00:00 0 
7efd85988000-7efd85a2a000 r-xp 00000000 08:03 3426072                    /usr/lib/jvm/java-8-oracle/jre/lib/amd64/libawt.so
7efd85a2a000-7efd85c2a000 ---p 000a2000 08:03 3426072                    /usr/lib/jvm/java-8-oracle/jre/lib/amd64/libawt.so
7efd85c2a000-7efd85c36000 rw-p 000a2000 08:03 3426072                    /usr/lib/jvm/java-8-oracle/jre/lib/amd64/libawt.so
7efd85c36000-7efd85c5a000 rw-p 00000000 00:00 0 
7efd85c60000-7efd85e60000 rw-p 00000000 00:00 0 
7efd85e60000-7efd85e76000 r-xp 00000000 08:03 3426019                    /usr/lib/jvm/java-8-oracle/jre/lib/amd64/libnet.so
7efd85e76000-7efd86076000 ---p 00016000 08:03 3426019                    /usr/lib/jvm/java-8-oracle/jre/lib/amd64/libnet.so
7efd86076000-7efd86077000 rw-p 00016000 08:03 3426019                    /usr/lib/jvm/java-8-oracle/jre/lib/amd64/libnet.so
7efd86078000-7efd86080000 r-xp 00000000 08:03 3426021                    /usr/lib/jvm/java-8-oracle/jre/lib/amd64/libmanagement.so
7efd86080000-7efd86280000 ---p 00008000 08:03 3426021                    /usr/lib/jvm/java-8-oracle/jre/lib/amd64/libmanagement.so
7efd86280000-7efd86281000 rw-p 00008000 08:03 3426021                    /usr/lib/jvm/java-8-oracle/jre/lib/amd64/libmanagement.so
7efd86283000-7efd8629f000 r--s 00393000 08:03 3434565                    /usr/lib/jvm/java-8-oracle/jre/lib/ext/cldrdata.jar
7efd862a6000-7efd862b1000 r--s 00116000 08:03 3426141                    /usr/lib/jvm/java-8-oracle/jre/lib/ext/localedata.jar
7efd862b4000-7efd862bd000 r--s 000e4000 08:03 2764098                    /home/cigreja/.m2/repository/mysql/mysql-connector-java/5.1.35/mysql-connector-java-5.1.35.jar
7efd862bd000-7efd862c4000 r--s 0003d000 08:03 2764097                    /home/cigreja/.m2/repository/org/yaml/snakeyaml/1.14/snakeyaml-1.14.jar
7efd862ca000-7efd862df000 r--s 000e2000 08:03 2764096                    /home/cigreja/.m2/repository/org/springframework/spring-core/4.1.6.RELEASE/spring-core-4.1.6.RELEASE.jar
7efd862e5000-7efd862f0000 r--s 00065000 08:03 2764093                    /home/cigreja/.m2/repository/ch/qos/logback/logback-core/1.1.3/logback-core-1.1.3.jar
7efd862f7000-7efd862fd000 r--s 0003f000 08:03 2764092                    /home/cigreja/.m2/repository/ch/qos/logback/logback-classic/1.1.3/logback-classic-1.1.3.jar
7efd86302000-7efd86303000 ---p 00000000 00:00 0 
7efd86303000-7efd86403000 rw-p 00000000 00:00 0                          [stack:7869]
7efd86403000-7efd86406000 ---p 00000000 00:00 0 
7efd86406000-7efd86504000 rw-p 00000000 00:00 0                          [stack:7868]
7efd86504000-7efd86507000 ---p 00000000 00:00 0 
7efd86507000-7efd86605000 rw-p 00000000 00:00 0                          [stack:7867]
7efd86605000-7efd86608000 ---p 00000000 00:00 0 
7efd86608000-7efd86706000 rw-p 00000000 00:00 0                          [stack:7866]
7efd86706000-7efd86709000 ---p 00000000 00:00 0 
7efd86709000-7efd86807000 rw-p 00000000 00:00 0                          [stack:7865]
7efd86807000-7efd8680a000 ---p 00000000 00:00 0 
7efd8680a000-7efd86908000 rw-p 00000000 00:00 0                          [stack:7864]
7efd86908000-7efd86fea000 r--p 00000000 08:03 3415887                    /usr/lib/locale/locale-archive
7efd86ff0000-7efd86ff3000 ---p 00000000 00:00 0 
7efd86ff3000-7efd870f1000 rw-p 00000000 00:00 0                          [stack:7863]
7efd870f1000-7efd870f4000 ---p 00000000 00:00 0 
7efd870f4000-7efd871f2000 rw-p 00000000 00:00 0                          [stack:7862]
7efd871f2000-7efd871f3000 ---p 00000000 00:00 0 
7efd871f3000-7efd88000000 rw-p 00000000 00:00 0                          [stack:7861]
7efd88000000-7efd88021000 rw-p 00000000 00:00 0 
7efd88021000-7efd8c000000 ---p 00000000 00:00 0 
7efd8c005000-7efd8c006000 r--s 00005000 08:03 2764091                    /home/cigreja/.m2/repository/org/slf4j/log4j-over-slf4j/1.7.11/log4j-over-slf4j-1.7.11.jar
7efd8c008000-7efd8c00a000 r--s 00000000 08:03 2764089                    /home/cigreja/.m2/repository/org/slf4j/jul-to-slf4j/1.7.11/jul-to-slf4j-1.7.11.jar
7efd8c00b000-7efd8c00d000 r--s 00003000 08:03 2764082                    /home/cigreja/.m2/repository/org/slf4j/jcl-over-slf4j/1.7.11/jcl-over-slf4j-1.7.11.jar
7efd8c013000-7efd8c023000 r--s 0006b000 08:03 2764078                    /home/cigreja/.m2/repository/org/springframework/boot/spring-boot-autoconfigure/1.2.3.RELEASE/spring-boot-autoconfigure-1.2.3.RELEASE.jar
7efd8c023000-7efd8c028000 r--s 0003b000 08:03 2764076                    /home/cigreja/.m2/repository/org/springframework/spring-expression/4.1.6.RELEASE/spring-expression-4.1.6.RELEASE.jar
7efd8c028000-7efd8c035000 r--s 000a0000 08:03 2764074                    /home/cigreja/.m2/repository/org/springframework/spring-beans/4.1.6.RELEASE/spring-beans-4.1.6.RELEASE.jar
7efd8c038000-7efd8c03a000 r--s 00000000 08:03 2764073                    /home/cigreja/.m2/repository/aopalliance/aopalliance/1.0/aopalliance-1.0.jar
7efd8c03f000-7efd8c048000 r--s 0004f000 08:03 2764072                    /home/cigreja/.m2/repository/org/springframework/spring-aop/4.1.6.RELEASE/spring-aop-4.1.6.RELEASE.jar
7efd8c04b000-7efd8c063000 r--s 000e3000 08:03 2764070                    /home/cigreja/.m2/repository/org/springframework/spring-context/4.1.6.RELEASE/spring-context-4.1.6.RELEASE.jar
7efd8c066000-7efd8c070000 r--s 0005e000 08:03 2764071                    /home/cigreja/.m2/repository/org/springframework/boot/spring-boot/1.2.3.RELEASE/spring-boot-1.2.3.RELEASE.jar
7efd8c075000-7efd8d000000 rw-p 00000000 00:00 0 
7efd8d000000-7efd8db50000 rwxp 00000000 00:00 0 
7efd8db50000-7efd9c000000 ---p 00000000 00:00 0 
7efd9c000000-7efd9c798000 rw-p 00000000 00:00 0 
7efd9c798000-7efda0000000 ---p 00000000 00:00 0 
7efda0006000-7efda01b9000 rw-p 00000000 00:00 0 
7efda01b9000-7efda0392000 r--s 03d09000 08:03 3425955                    /usr/lib/jvm/java-8-oracle/jre/lib/rt.jar
7efda0393000-7efda0bdd000 rw-p 00000000 00:00 0 
7efda0bdd000-7efda0bde000 ---p 00000000 00:00 0 
7efda0bde000-7efda0cde000 rw-p 00000000 00:00 0                          [stack:7860]
7efda0cde000-7efda0cdf000 ---p 00000000 00:00 0 
7efda0cdf000-7efda0ddf000 rw-p 00000000 00:00 0                          [stack:7859]
7efda0ddf000-7efda0de0000 ---p 00000000 00:00 0 
7efda0de0000-7efda0ee0000 rw-p 00000000 00:00 0                          [stack:7858]
7efda0ee0000-7efda0ee1000 ---p 00000000 00:00 0 
7efda0ee1000-7efda0fe1000 rw-p 00000000 00:00 0                          [stack:7857]
7efda0fe1000-7efda0fe2000 ---p 00000000 00:00 0 
7efda0fe2000-7efda10e2000 rw-p 00000000 00:00 0                          [stack:7856]
7efda10e2000-7efda10e3000 ---p 00000000 00:00 0 
7efda10e3000-7efda120d000 rw-p 00000000 00:00 0                          [stack:7855]
7efda120d000-7efda171b000 ---p 00000000 00:00 0 
7efda171b000-7efda1745000 rw-p 00000000 00:00 0 
7efda1745000-7efda1c53000 ---p 00000000 00:00 0 
7efda1c53000-7efda1e5a000 rw-p 00000000 00:00 0 
7efda1e5a000-7efda1eef000 ---p 00000000 00:00 0 
7efda1eef000-7efda1f1e000 rw-p 00000000 00:00 0 
7efda1f1e000-7efda22b0000 ---p 00000000 00:00 0 
7efda22b0000-7efda22ca000 r-xp 00000000 08:03 3426028                    /usr/lib/jvm/java-8-oracle/jre/lib/amd64/libzip.so
7efda22ca000-7efda24ca000 ---p 0001a000 08:03 3426028                    /usr/lib/jvm/java-8-oracle/jre/lib/amd64/libzip.so
7efda24ca000-7efda24cb000 rw-p 0001a000 08:03 3426028                    /usr/lib/jvm/java-8-oracle/jre/lib/amd64/libzip.so
7efda24d0000-7efda24db000 r-xp 00000000 08:03 393242                     /lib/x86_64-linux-gnu/libnss_files-2.19.so
7efda24db000-7efda26da000 ---p 0000b000 08:03 393242                     /lib/x86_64-linux-gnu/libnss_files-2.19.so
7efda26da000-7efda26db000 r--p 0000a000 08:03 393242                     /lib/x86_64-linux-gnu/libnss_files-2.19.so
7efda26db000-7efda26dc000 rw-p 0000b000 08:03 393242                     /lib/x86_64-linux-gnu/libnss_files-2.19.so
7efda26e0000-7efda26eb000 r-xp 00000000 08:03 397310                     /lib/x86_64-linux-gnu/libnss_nis-2.19.so
7efda26eb000-7efda28ea000 ---p 0000b000 08:03 397310                     /lib/x86_64-linux-gnu/libnss_nis-2.19.so
7efda28ea000-7efda28eb000 r--p 0000a000 08:03 397310                     /lib/x86_64-linux-gnu/libnss_nis-2.19.so
7efda28eb000-7efda28ec000 rw-p 0000b000 08:03 397310                     /lib/x86_64-linux-gnu/libnss_nis-2.19.so
7efda28f0000-7efda2907000 r-xp 00000000 08:03 393311                     /lib/x86_64-linux-gnu/libnsl-2.19.so
7efda2907000-7efda2b06000 ---p 00017000 08:03 393311                     /lib/x86_64-linux-gnu/libnsl-2.19.so
7efda2b06000-7efda2b07000 r--p 00016000 08:03 393311                     /lib/x86_64-linux-gnu/libnsl-2.19.so
7efda2b07000-7efda2b08000 rw-p 00017000 08:03 393311                     /lib/x86_64-linux-gnu/libnsl-2.19.so
7efda2b08000-7efda2b0a000 rw-p 00000000 00:00 0 
7efda2b10000-7efda2b19000 r-xp 00000000 08:03 393310                     /lib/x86_64-linux-gnu/libnss_compat-2.19.so
7efda2b19000-7efda2d18000 ---p 00009000 08:03 393310                     /lib/x86_64-linux-gnu/libnss_compat-2.19.so
7efda2d18000-7efda2d19000 r--p 00008000 08:03 393310                     /lib/x86_64-linux-gnu/libnss_compat-2.19.so
7efda2d19000-7efda2d1a000 rw-p 00009000 08:03 393310                     /lib/x86_64-linux-gnu/libnss_compat-2.19.so
7efda2d20000-7efda2d4a000 r-xp 00000000 08:03 3426011                    /usr/lib/jvm/java-8-oracle/jre/lib/amd64/libjava.so
7efda2d4a000-7efda2f4a000 ---p 0002a000 08:03 3426011                    /usr/lib/jvm/java-8-oracle/jre/lib/amd64/libjava.so
7efda2f4a000-7efda2f4c000 rw-p 0002a000 08:03 3426011                    /usr/lib/jvm/java-8-oracle/jre/lib/amd64/libjava.so
7efda2f50000-7efda2f5d000 r-xp 00000000 08:03 3426068                    /usr/lib/jvm/java-8-oracle/jre/lib/amd64/libverify.so
7efda2f5d000-7efda315d000 ---p 0000d000 08:03 3426068                    /usr/lib/jvm/java-8-oracle/jre/lib/amd64/libverify.so
7efda315d000-7efda315f000 rw-p 0000d000 08:03 3426068                    /usr/lib/jvm/java-8-oracle/jre/lib/amd64/libverify.so
7efda3160000-7efda3167000 r-xp 00000000 08:03 393319                     /lib/x86_64-linux-gnu/librt-2.19.so
7efda3167000-7efda3366000 ---p 00007000 08:03 393319                     /lib/x86_64-linux-gnu/librt-2.19.so
7efda3366000-7efda3367000 r--p 00006000 08:03 393319                     /lib/x86_64-linux-gnu/librt-2.19.so
7efda3367000-7efda3368000 rw-p 00007000 08:03 393319                     /lib/x86_64-linux-gnu/librt-2.19.so
7efda3368000-7efda346d000 r-xp 00000000 08:03 393235                     /lib/x86_64-linux-gnu/libm-2.19.so
7efda346d000-7efda366c000 ---p 00105000 08:03 393235                     /lib/x86_64-linux-gnu/libm-2.19.so
7efda366c000-7efda366d000 r--p 00104000 08:03 393235                     /lib/x86_64-linux-gnu/libm-2.19.so
7efda366d000-7efda366e000 rw-p 00105000 08:03 393235                     /lib/x86_64-linux-gnu/libm-2.19.so
7efda3670000-7efda431e000 r-xp 00000000 08:03 3426057                    /usr/lib/jvm/java-8-oracle/jre/lib/amd64/server/libjvm.so
7efda431e000-7efda451d000 ---p 00cae000 08:03 3426057                    /usr/lib/jvm/java-8-oracle/jre/lib/amd64/server/libjvm.so
7efda451d000-7efda45f4000 rw-p 00cad000 08:03 3426057                    /usr/lib/jvm/java-8-oracle/jre/lib/amd64/server/libjvm.so
7efda45f4000-7efda4638000 rw-p 00000000 00:00 0 
7efda4638000-7efda47f3000 r-xp 00000000 08:03 393316                     /lib/x86_64-linux-gnu/libc-2.19.so
7efda47f3000-7efda49f2000 ---p 001bb000 08:03 393316                     /lib/x86_64-linux-gnu/libc-2.19.so
7efda49f2000-7efda49f6000 r--p 001ba000 08:03 393316                     /lib/x86_64-linux-gnu/libc-2.19.so
7efda49f6000-7efda49f8000 rw-p 001be000 08:03 393316                     /lib/x86_64-linux-gnu/libc-2.19.so
7efda49f8000-7efda49fd000 rw-p 00000000 00:00 0 
7efda4a00000-7efda4a03000 r-xp 00000000 08:03 393305                     /lib/x86_64-linux-gnu/libdl-2.19.so
7efda4a03000-7efda4c02000 ---p 00003000 08:03 393305                     /lib/x86_64-linux-gnu/libdl-2.19.so
7efda4c02000-7efda4c03000 r--p 00002000 08:03 393305                     /lib/x86_64-linux-gnu/libdl-2.19.so
7efda4c03000-7efda4c04000 rw-p 00003000 08:03 393305                     /lib/x86_64-linux-gnu/libdl-2.19.so
7efda4c08000-7efda4c1d000 r-xp 00000000 08:03 3425246                    /usr/lib/jvm/java-8-oracle/lib/amd64/jli/libjli.so
7efda4c1d000-7efda4e1d000 ---p 00015000 08:03 3425246                    /usr/lib/jvm/java-8-oracle/lib/amd64/jli/libjli.so
7efda4e1d000-7efda4e1e000 rw-p 00015000 08:03 3425246                    /usr/lib/jvm/java-8-oracle/lib/amd64/jli/libjli.so
7efda4e20000-7efda4e39000 r-xp 00000000 08:03 393317                     /lib/x86_64-linux-gnu/libpthread-2.19.so
7efda4e39000-7efda5038000 ---p 00019000 08:03 393317                     /lib/x86_64-linux-gnu/libpthread-2.19.so
7efda5038000-7efda5039000 r--p 00018000 08:03 393317                     /lib/x86_64-linux-gnu/libpthread-2.19.so
7efda5039000-7efda503a000 rw-p 00019000 08:03 393317                     /lib/x86_64-linux-gnu/libpthread-2.19.so
7efda503a000-7efda503e000 rw-p 00000000 00:00 0 
7efda5040000-7efda5063000 r-xp 00000000 08:03 393313                     /lib/x86_64-linux-gnu/ld-2.19.so
7efda5067000-7efda5068000 r--s 00007000 08:03 2764084                    /home/cigreja/.m2/repository/org/slf4j/slf4j-api/1.7.11/slf4j-api-1.7.11.jar
7efda506b000-7efda513d000 rw-p 00000000 00:00 0 
7efda513d000-7efda5140000 ---p 00000000 00:00 0 
7efda5140000-7efda5240000 rw-p 00000000 00:00 0                          [stack:7853]
7efda5240000-7efda5241000 r--s 00000000 08:03 2764083                    /home/cigreja/.m2/repository/org/springframework/boot/spring-boot-starter-logging/1.2.3.RELEASE/spring-boot-starter-logging-1.2.3.RELEASE.jar
7efda5248000-7efda5249000 r--s 00000000 08:03 2764068                    /home/cigreja/.m2/repository/org/springframework/boot/spring-boot-starter/1.2.3.RELEASE/spring-boot-starter-1.2.3.RELEASE.jar
7efda5250000-7efda5258000 rw-s 00000000 08:03 675305                     /tmp/hsperfdata_cigreja/7850
7efda525e000-7efda5260000 rw-p 00000000 00:00 0 
7efda5260000-7efda5261000 r--p 00000000 00:00 0 
7efda5261000-7efda5262000 rw-p 00000000 00:00 0 
7efda5262000-7efda5263000 r--p 00022000 08:03 393313                     /lib/x86_64-linux-gnu/ld-2.19.so
7efda5263000-7efda5264000 rw-p 00023000 08:03 393313                     /lib/x86_64-linux-gnu/ld-2.19.so
7efda5264000-7efda5266000 rw-p 00000000 00:00 0 
7efda5266000-7efda5268000 rw-p 00000000 00:00 0 
7ffe0a495000-7ffe0a4b7000 rw-p 00000000 00:00 0                          [stack]
7ffe0a540000-7ffe0a542000 r-xp 00000000 00:00 0                          [vdso]
7ffe0a542000-7ffe0a544000 r--p 00000000 00:00 0                          [vvar]
ffffffffff600000-ffffffffff601000 r-xp 00000000 00:00 0                  [vsyscall]

VM Arguments:
java_command: com.elle.analyster.Application
java_class_path (initial): /home/cigreja/Dropbox/AnalysterCarlos/Analyster/target/classes:/home/cigreja/.m2/repository/org/springframework/boot/spring-boot-starter/1.2.3.RELEASE/spring-boot-starter-1.2.3.RELEASE.jar:/home/cigreja/.m2/repository/org/springframework/boot/spring-boot/1.2.3.RELEASE/spring-boot-1.2.3.RELEASE.jar:/home/cigreja/.m2/repository/org/springframework/spring-context/4.1.6.RELEASE/spring-context-4.1.6.RELEASE.jar:/home/cigreja/.m2/repository/org/springframework/spring-aop/4.1.6.RELEASE/spring-aop-4.1.6.RELEASE.jar:/home/cigreja/.m2/repository/aopalliance/aopalliance/1.0/aopalliance-1.0.jar:/home/cigreja/.m2/repository/org/springframework/spring-beans/4.1.6.RELEASE/spring-beans-4.1.6.RELEASE.jar:/home/cigreja/.m2/repository/org/springframework/spring-expression/4.1.6.RELEASE/spring-expression-4.1.6.RELEASE.jar:/home/cigreja/.m2/repository/org/springframework/boot/spring-boot-autoconfigure/1.2.3.RELEASE/spring-boot-autoconfigure-1.2.3.RELEASE.jar:/home/cigreja/.m2/repository/org/springframework/boot/spring-boot-starter-logging/1.2.3.RELEASE/spring-boot-starter-logging-1.2.3.RELEASE.jar:/home/cigreja/.m2/repository/org/slf4j/jcl-over-slf4j/1.7.11/jcl-over-slf4j-1.7.11.jar:/home/cigreja/.m2/repository/org/slf4j/slf4j-api/1.7.11/slf4j-api-1.7.11.jar:/home/cigreja/.m2/repository/org/slf4j/jul-to-slf4j/1.7.11/jul-to-slf4j-1.7.11.jar:/home/cigreja/.m2/repository/org/slf4j/log4j-over-slf4j/1.7.11/log4j-over-slf4j-1.7.11.jar:/home/cigreja/.m2/repository/ch/qos/logback/logback-classic/1.1.3/logback-classic-1.1.3.jar:/home/cigreja/.m2/repository/ch/qos/logback/logback-core/1.1.3/logback-core-1.1.3.jar:/home/cigreja/.m2/repository/org/springframework/spring-core/4.1.6.RELEASE/spring-core-4.1.6.RELEASE.jar:/home/cigreja/.m2/repository/org/yaml/snakeyaml/1.14/snakeyaml-1.14.jar:/home/cigreja/.m2/repository/mysql/mysql-connector-java/5.1.35/mysql-connector-java-5.1.35.jar
Launcher Type: SUN_STANDARD

Environment Variables:
JAVA_HOME=/usr/lib/jvm/java-8-oracle
PATH=/usr/local/sbin:/usr/local/bin:/usr/sbin:/usr/bin:/sbin:/bin:/usr/games:/usr/local/games:/usr/lib/jvm/java-8-oracle/bin:/usr/lib/jvm/java-8-oracle/db/bin:/usr/lib/jvm/java-8-oracle/jre/bin
LD_LIBRARY_PATH=/usr/lib/jvm/java-8-oracle/jre/lib/amd64:/usr/lib/jvm/java-8-oracle/jre/lib/i386:
SHELL=/bin/bash
DISPLAY=:0

Signal Handlers:
SIGSEGV: [libjvm.so+0xaad1e0], sa_mask[0]=11111111011111111101111111111110, sa_flags=SA_RESTART|SA_SIGINFO
SIGBUS: [libjvm.so+0xaad1e0], sa_mask[0]=11111111011111111101111111111110, sa_flags=SA_RESTART|SA_SIGINFO
SIGFPE: [libjvm.so+0x90b450], sa_mask[0]=11111111011111111101111111111110, sa_flags=SA_RESTART|SA_SIGINFO
SIGPIPE: [libjvm.so+0x90b450], sa_mask[0]=11111111011111111101111111111110, sa_flags=SA_RESTART|SA_SIGINFO
SIGXFSZ: [libjvm.so+0x90b450], sa_mask[0]=11111111011111111101111111111110, sa_flags=SA_RESTART|SA_SIGINFO
SIGILL: [libjvm.so+0x90b450], sa_mask[0]=11111111011111111101111111111110, sa_flags=SA_RESTART|SA_SIGINFO
SIGUSR1: SIG_DFL, sa_mask[0]=00000000000000000000000000000000, sa_flags=none
SIGUSR2: [libjvm.so+0x90ca90], sa_mask[0]=00100000000000000000000000000000, sa_flags=SA_RESTART|SA_SIGINFO
SIGHUP: [libjvm.so+0x90dde0], sa_mask[0]=11111111011111111101111111111110, sa_flags=SA_RESTART|SA_SIGINFO
SIGINT: SIG_IGN, sa_mask[0]=00000000000000000000000000000000, sa_flags=none
SIGTERM: [libjvm.so+0x90dde0], sa_mask[0]=11111111011111111101111111111110, sa_flags=SA_RESTART|SA_SIGINFO
SIGQUIT: [libjvm.so+0x90dde0], sa_mask[0]=11111111011111111101111111111110, sa_flags=SA_RESTART|SA_SIGINFO


---------------  S Y S T E M  ---------------

OS:DISTRIB_ID=Ubuntu
DISTRIB_RELEASE=14.04
DISTRIB_CODENAME=trusty
DISTRIB_DESCRIPTION="Ubuntu 14.04.2 LTS"

uname:Linux 3.16.0-43-generic #58~14.04.1-Ubuntu SMP Mon Jun 22 10:21:20 UTC 2015 x86_64
libc:glibc 2.19 NPTL 2.19 
rlimit: STACK 8192k, CORE 0k, NPROC 63780, NOFILE 4096, AS infinity
load average:3.27 1.20 1.03

/proc/meminfo:
MemTotal:       16415292 kB
MemFree:          168568 kB
MemAvailable:     535968 kB
Buffers:          111108 kB
Cached:          8794672 kB
SwapCached:        24496 kB
Active:          7787076 kB
Inactive:        7890088 kB
Active(anon):    7588996 kB
Inactive(anon):  7684804 kB
Active(file):     198080 kB
Inactive(file):   205284 kB
Unevictable:         296 kB
Mlocked:             296 kB
SwapTotal:      32836604 kB
SwapFree:       32802768 kB
Dirty:              4364 kB
Writeback:             0 kB
AnonPages:       6748468 kB
Mapped:          1066964 kB
Shmem:           8501132 kB
Slab:             264452 kB
SReclaimable:     217440 kB
SUnreclaim:        47012 kB
KernelStack:       15200 kB
PageTables:        69700 kB
NFS_Unstable:          0 kB
Bounce:                0 kB
WritebackTmp:          0 kB
CommitLimit:    41044248 kB
Committed_AS:   24047392 kB
VmallocTotal:   34359738367 kB
VmallocUsed:      340120 kB
VmallocChunk:   34359387924 kB
HardwareCorrupted:     0 kB
AnonHugePages:   4759552 kB
HugePages_Total:       0
HugePages_Free:        0
HugePages_Rsvd:        0
HugePages_Surp:        0
Hugepagesize:       2048 kB
DirectMap4k:      126592 kB
DirectMap2M:     6146048 kB
DirectMap1G:    10485760 kB


CPU:total 6 (6 cores per cpu, 1 threads per core) family 21 model 1 stepping 2, cmov, cx8, fxsr, mmx, sse, sse2, sse3, ssse3, sse4.1, sse4.2, popcnt, avx, aes, clmul, mmxext, 3dnowpref, lzcnt, sse4a, tsc, tscinvbit, tscinv

/proc/cpuinfo:
processor	: 0
vendor_id	: AuthenticAMD
cpu family	: 21
model		: 1
model name	: AMD FX(tm)-6100 Six-Core Processor
stepping	: 2
microcode	: 0x6000629
cpu MHz		: 3300.000
cache size	: 2048 KB
physical id	: 0
siblings	: 6
core id		: 0
cpu cores	: 3
apicid		: 0
initial apicid	: 0
fpu		: yes
fpu_exception	: yes
cpuid level	: 13
wp		: yes
flags		: fpu vme de pse tsc msr pae mce cx8 apic sep mtrr pge mca cmov pat pse36 clflush mmx fxsr sse sse2 ht syscall nx mmxext fxsr_opt pdpe1gb rdtscp lm constant_tsc rep_good nopl nonstop_tsc extd_apicid aperfmperf pni pclmulqdq monitor ssse3 cx16 sse4_1 sse4_2 popcnt aes xsave avx lahf_lm cmp_legacy svm extapic cr8_legacy abm sse4a misalignsse 3dnowprefetch osvw ibs xop skinit wdt lwp fma4 nodeid_msr topoext perfctr_core perfctr_nb arat cpb hw_pstate npt lbrv svm_lock nrip_save tsc_scale vmcb_clean flushbyasid decodeassists pausefilter pfthreshold vmmcall
bogomips	: 6645.00
TLB size	: 1536 4K pages
clflush size	: 64
cache_alignment	: 64
address sizes	: 48 bits physical, 48 bits virtual
power management: ts ttp tm 100mhzsteps hwpstate cpb

processor	: 1
vendor_id	: AuthenticAMD
cpu family	: 21
model		: 1
model name	: AMD FX(tm)-6100 Six-Core Processor             
stepping	: 2
microcode	: 0x6000629
cpu MHz		: 1400.000
cache size	: 2048 KB
physical id	: 0
siblings	: 6
core id		: 1
cpu cores	: 3
apicid		: 1
initial apicid	: 1
fpu		: yes
fpu_exception	: yes
cpuid level	: 13
wp		: yes
flags		: fpu vme de pse tsc msr pae mce cx8 apic sep mtrr pge mca cmov pat pse36 clflush mmx fxsr sse sse2 ht syscall nx mmxext fxsr_opt pdpe1gb rdtscp lm constant_tsc rep_good nopl nonstop_tsc extd_apicid aperfmperf pni pclmulqdq monitor ssse3 cx16 sse4_1 sse4_2 popcnt aes xsave avx lahf_lm cmp_legacy svm extapic cr8_legacy abm sse4a misalignsse 3dnowprefetch osvw ibs xop skinit wdt lwp fma4 nodeid_msr topoext perfctr_core perfctr_nb arat cpb hw_pstate npt lbrv svm_lock nrip_save tsc_scale vmcb_clean flushbyasid decodeassists pausefilter pfthreshold vmmcall
bogomips	: 6645.00
TLB size	: 1536 4K pages
clflush size	: 64
cache_alignment	: 64
address sizes	: 48 bits physical, 48 bits virtual
power management: ts ttp tm 100mhzsteps hwpstate cpb

processor	: 2
vendor_id	: AuthenticAMD
cpu family	: 21
model		: 1
model name	: AMD FX(tm)-6100 Six-Core Processor             
stepping	: 2
microcode	: 0x6000629
cpu MHz		: 1800.000
cache size	: 2048 KB
physical id	: 0
siblings	: 6
core id		: 5
cpu cores	: 3
apicid		: 2
initial apicid	: 5
fpu		: yes
fpu_exception	: yes
cpuid level	: 13
wp		: yes
flags		: fpu vme de pse tsc msr pae mce cx8 apic sep mtrr pge mca cmov pat pse36 clflush mmx fxsr sse sse2 ht syscall nx mmxext fxsr_opt pdpe1gb rdtscp lm constant_tsc rep_good nopl nonstop_tsc extd_apicid aperfmperf pni pclmulqdq monitor ssse3 cx16 sse4_1 sse4_2 popcnt aes xsave avx lahf_lm cmp_legacy svm extapic cr8_legacy abm sse4a misalignsse 3dnowprefetch osvw ibs xop skinit wdt lwp fma4 nodeid_msr topoext perfctr_core perfctr_nb arat cpb hw_pstate npt lbrv svm_lock nrip_save tsc_scale vmcb_clean flushbyasid decodeassists pausefilter pfthreshold vmmcall
bogomips	: 6645.00
TLB size	: 1536 4K pages
clflush size	: 64
cache_alignment	: 64
address sizes	: 48 bits physical, 48 bits virtual
power management: ts ttp tm 100mhzsteps hwpstate cpb

processor	: 3
vendor_id	: AuthenticAMD
cpu family	: 21
model		: 1
model name	: AMD FX(tm)-6100 Six-Core Processor             
stepping	: 2
microcode	: 0x6000629
cpu MHz		: 1400.000
cache size	: 2048 KB
physical id	: 0
siblings	: 6
core id		: 4
cpu cores	: 3
apicid		: 3
initial apicid	: 4
fpu		: yes
fpu_exception	: yes
cpuid level	: 13
wp		: yes
flags		: fpu vme de pse tsc msr pae mce cx8 apic sep mtrr pge mca cmov pat pse36 clflush mmx fxsr sse sse2 ht syscall nx mmxext fxsr_opt pdpe1gb rdtscp lm constant_tsc rep_good nopl nonstop_tsc extd_apicid aperfmperf pni pclmulqdq monitor ssse3 cx16 sse4_1 sse4_2 popcnt aes xsave avx lahf_lm cmp_legacy svm extapic cr8_legacy abm sse4a misalignsse 3dnowprefetch osvw ibs xop skinit wdt lwp fma4 nodeid_msr topoext perfctr_core perfctr_nb arat cpb hw_pstate npt lbrv svm_lock nrip_save tsc_scale vmcb_clean flushbyasid decodeassists pausefilter pfthreshold vmmcall
bogomips	: 6645.00
TLB size	: 1536 4K pages
clflush size	: 64
cache_alignment	: 64
address sizes	: 48 bits physical, 48 bits virtual
power management: ts ttp tm 100mhzsteps hwpstate cpb

processor	: 4
vendor_id	: AuthenticAMD
cpu family	: 21
model		: 1
model name	: AMD FX(tm)-6100 Six-Core Processor             
stepping	: 2
microcode	: 0x6000629
cpu MHz		: 1400.000
cache size	: 2048 KB
physical id	: 0
siblings	: 6
core id		: 3
cpu cores	: 3
apicid		: 4
initial apicid	: 3
fpu		: yes
fpu_exception	: yes
cpuid level	: 13
wp		: yes
flags		: fpu vme de pse tsc msr pae mce cx8 apic sep mtrr pge mca cmov pat pse36 clflush mmx fxsr sse sse2 ht syscall nx mmxext fxsr_opt pdpe1gb rdtscp lm constant_tsc rep_good nopl nonstop_tsc extd_apicid aperfmperf pni pclmulqdq monitor ssse3 cx16 sse4_1 sse4_2 popcnt aes xsave avx lahf_lm cmp_legacy svm extapic cr8_legacy abm sse4a misalignsse 3dnowprefetch osvw ibs xop skinit wdt lwp fma4 nodeid_msr topoext perfctr_core perfctr_nb arat cpb hw_pstate npt lbrv svm_lock nrip_save tsc_scale vmcb_clean flushbyasid decodeassists pausefilter pfthreshold vmmcall
bogomips	: 6645.00
TLB size	: 1536 4K pages
clflush size	: 64
cache_alignment	: 64
address sizes	: 48 bits physical, 48 bits virtual
power management: ts ttp tm 100mhzsteps hwpstate cpb

processor	: 5
vendor_id	: AuthenticAMD
cpu family	: 21
model		: 1
model name	: AMD FX(tm)-6100 Six-Core Processor             
stepping	: 2
microcode	: 0x6000629
cpu MHz		: 1400.000
cache size	: 2048 KB
physical id	: 0
siblings	: 6
core id		: 2
cpu cores	: 3
apicid		: 5
initial apicid	: 2
fpu		: yes
fpu_exception	: yes
cpuid level	: 13
wp		: yes
flags		: fpu vme de pse tsc msr pae mce cx8 apic sep mtrr pge mca cmov pat pse36 clflush mmx fxsr sse sse2 ht syscall nx mmxext fxsr_opt pdpe1gb rdtscp lm constant_tsc rep_good nopl nonstop_tsc extd_apicid aperfmperf pni pclmulqdq monitor ssse3 cx16 sse4_1 sse4_2 popcnt aes xsave avx lahf_lm cmp_legacy svm extapic cr8_legacy abm sse4a misalignsse 3dnowprefetch osvw ibs xop skinit wdt lwp fma4 nodeid_msr topoext perfctr_core perfctr_nb arat cpb hw_pstate npt lbrv svm_lock nrip_save tsc_scale vmcb_clean flushbyasid decodeassists pausefilter pfthreshold vmmcall
bogomips	: 6645.00
TLB size	: 1536 4K pages
clflush size	: 64
cache_alignment	: 64
address sizes	: 48 bits physical, 48 bits virtual
power management: ts ttp tm 100mhzsteps hwpstate cpb



Memory: 4k page, physical 16415292k(167784k free), swap 32836604k(32802768k free)

vm_info: Java HotSpot(TM) 64-Bit Server VM (25.45-b02) for linux-amd64 JRE (1.8.0_45-b14), built on Apr 10 2015 10:07:45 by "java_re" with gcc 4.3.0 20080428 (Red Hat 4.3.0-8)

time: Tue Jun 30 11:53:39 2015
elapsed time: 7673 seconds (0d 2h 7m 53s)

