#
# A fatal error has been detected by the Java Runtime Environment:
#
#  SIGSEGV (0xb) at pc=0x00007f27feed9443, pid=7916, tid=139809729574656
#
# JRE version: Java(TM) SE Runtime Environment (8.0_45-b14) (build 1.8.0_45-b14)
# Java VM: Java HotSpot(TM) 64-Bit Server VM (25.45-b02 mixed mode linux-amd64 compressed oops)
# Problematic frame:
# C  [libX11.so.6+0x89443]
#
# Failed to write core dump. Core dumps have been disabled. To enable core dumping, try "ulimit -c unlimited" before starting Java again
#
# If you would like to submit a bug report, please visit:
#   http://bugreport.java.com/bugreport/crash.jsp
# The crash happened outside the Java Virtual Machine in native code.
# See problematic frame for where to report the bug.
#

---------------  T H R E A D  ---------------

Current thread (0x00007f2854647800):  JavaThread "AWT-XAWT" daemon [_thread_in_native, id=7937, stack(0x00007f27fd347000,0x00007f27fd448000)]

siginfo: si_signo: 11 (SIGSEGV), si_code: 1 (SEGV_MAPERR), si_addr: 0x000000000000000a

Registers:
RAX=0x00007f28545caf40, RBX=0x00007f28545c0ec0, RCX=0x0000000000000000, RDX=0x0000000000000087
RSP=0x00007f27fd446570, RBP=0x000000000000000a, RSI=0x0000000000000000, RDI=0x00007f28545c0ec0
R8 =0x0000000000000000, R9 =0x0000000000000006, R10=0x00007f27fd446370, R11=0x00007f27feeda0a0
R12=0x0000000000000000, R13=0x00007f27fe05c858, R14=0x00007f27fd446678, R15=0x00007f2854647800
RIP=0x00007f27feed9443, EFLAGS=0x0000000000010246, CSGSFS=0x0000000000000033, ERR=0x0000000000000004
  TRAPNO=0x000000000000000e

Top of Stack: (sp=0x00007f27fd446570)
0x00007f27fd446570:   0000000000000000 00007f28545c0ec0
0x00007f27fd446580:   0000000000000047 00007f27feeda0f1
0x00007f27fd446590:   00007f27fe05c858 00007f27fd4465b0
0x00007f27fd4465a0:   0000000000000000 00007f27ff3d0591
0x00007f27fd4465b0:   00007f27fd446630 00007f2844be5354
0x00007f27fd4465c0:   00007f27fe05c858 0000000000000000
0x00007f27fd4465d0:   00007f27fd446630 00007f2844be50d9
0x00007f27fd4465e0:   00007f2854647800 00007f2844be50a2
0x00007f27fd4465f0:   00007f27fd4465f0 00007f27fe05c858
0x00007f27fd446600:   00007f27fd446678 00007f27fe05d888
0x00007f27fd446610:   0000000000000000 00007f27fe05c858
0x00007f27fd446620:   0000000000000000 00007f27fd446650
0x00007f27fd446630:   00007f27fd4466c0 00007f2844bd7760
0x00007f27fd446640:   00000006c5804df0 00007f2844bdf577
0x00007f27fd446650:   0000000000000000 0000000000000000
0x00007f27fd446660:   0000000000000047 00007f2844bd7760
0x00007f27fd446670:   00007f28545c0ec0 00007f2844bd7760
0x00007f27fd446680:   00007f27fd446680 00007f27fe047b27
0x00007f27fd446690:   00007f27fd4466e8 00007f27fe04ad50
0x00007f27fd4466a0:   0000000000000000 00007f27fe047b48
0x00007f27fd4466b0:   00007f27fd446650 00007f27fd4466e0
0x00007f27fd4466c0:   00007f27fd446730 00007f2844bd7c4d
0x00007f27fd4466d0:   0000000000000001 000000078b4858c8
0x00007f27fd4466e0:   00000006c5872bd8 00000006c5872b80
0x00007f27fd4466f0:   00007f27fd4466f0 00007f27fe041e31
0x00007f27fd446700:   00007f27fd446778 00007f27fe04ad50
0x00007f27fd446710:   0000000000000000 00007f27fe042008
0x00007f27fd446720:   00007f27fd4466e0 00007f27fd446770
0x00007f27fd446730:   00007f27fd4467c0 00007f2844bd7c4d
0x00007f27fd446740:   0000000000000000 000000078a729360
0x00007f27fd446750:   0000000000000000 0000000000000000
0x00007f27fd446760:   0000000000000000 00000006c5872bd8 

Instructions: (pc=0x00007f27feed9443)
0x00007f27feed9423:   83 ec 08 e8 f5 57 fb ff 48 8b 93 20 0a 00 00 31
0x00007f27feed9433:   c9 31 f6 48 8b 52 08 8b 52 04 c6 40 01 08 88 10
0x00007f27feed9443:   0f b7 55 00 66 89 48 06 c6 40 0b 00 c6 40 0a 00
0x00007f27feed9453:   c6 40 0d 00 c6 40 0c 00 c6 40 0f 00 66 89 50 04 

Register to memory mapping:

RAX=0x00007f28545caf40 is an unknown value
RBX=0x00007f28545c0ec0 is an unknown value
RCX=0x0000000000000000 is an unknown value
RDX=0x0000000000000087 is an unknown value
RSP=0x00007f27fd446570 is pointing into the stack for thread: 0x00007f2854647800
RBP=0x000000000000000a is an unknown value
RSI=0x0000000000000000 is an unknown value
RDI=0x00007f28545c0ec0 is an unknown value
R8 =0x0000000000000000 is an unknown value
R9 =0x0000000000000006 is an unknown value
R10=0x00007f27fd446370 is pointing into the stack for thread: 0x00007f2854647800
R11=0x00007f27feeda0a0: XkbGetUpdatedMap+0 in /usr/lib/x86_64-linux-gnu/libX11.so.6 at 0x00007f27fee50000
R12=0x0000000000000000 is an unknown value
R13={method} {0x00007f27fe05c858} 'XkbGetUpdatedMap' '(JJJ)J' in 'sun/awt/X11/XlibWrapper'
R14=0x00007f27fd446678 is pointing into the stack for thread: 0x00007f2854647800
R15=0x00007f2854647800 is a thread


Stack: [0x00007f27fd347000,0x00007f27fd448000],  sp=0x00007f27fd446570,  free space=1021k
Native frames: (J=compiled Java code, j=interpreted, Vv=VM code, C=native code)
C  [libX11.so.6+0x89443]

Java frames: (J=compiled Java code, j=interpreted, Vv=VM code)
j  sun.awt.X11.XlibWrapper.XkbGetUpdatedMap(JJJ)J+0
j  sun.awt.X11.XToolkit.processXkbChanges(Lsun/awt/X11/XEvent;)V+87
j  sun.awt.X11.XToolkit.run(Z)V+137
j  sun.awt.X11.XToolkit.run()V+5
j  java.lang.Thread.run()V+11
v  ~StubRoutines::call_stub

---------------  P R O C E S S  ---------------

Java Threads: ( => current thread )
  0x00007f2814003000 JavaThread "SIGTERM handler" daemon [_thread_blocked, id=7949, stack(0x00007f27e7bce000,0x00007f27e7ccf000)]
  0x00007f2814002000 JavaThread "SIGTERM handler" daemon [_thread_blocked, id=7948, stack(0x00007f27fc0bf000,0x00007f27fc1c0000)]
  0x00007f2814001000 JavaThread "SIGTERM handler" daemon [_thread_blocked, id=7944, stack(0x00007f27e7ccf000,0x00007f27e7dd0000)]
  0x00007f27e0017800 JavaThread "Thread-1" [_thread_blocked, id=7941, stack(0x00007f27fce2f000,0x00007f27fcf30000)]
  0x00007f2854708000 JavaThread "AWT-EventQueue-0" [_thread_blocked, id=7940, stack(0x00007f27fcc2d000,0x00007f27fcd2e000)]
  0x00007f2854706800 JavaThread "AWT-Shutdown" [_thread_blocked, id=7939, stack(0x00007f27fcd2e000,0x00007f27fce2f000)]
=>0x00007f2854647800 JavaThread "AWT-XAWT" daemon [_thread_in_native, id=7937, stack(0x00007f27fd347000,0x00007f27fd448000)]
  0x00007f2854628800 JavaThread "Java2D Disposer" daemon [_thread_blocked, id=7936, stack(0x00007f27fd85f000,0x00007f27fd960000)]
  0x00007f28540cf000 JavaThread "Service Thread" daemon [_thread_blocked, id=7934, stack(0x00007f281c0be000,0x00007f281c1bf000)]
  0x00007f28540c2000 JavaThread "C1 CompilerThread2" daemon [_thread_blocked, id=7933, stack(0x00007f281c1bf000,0x00007f281c2c0000)]
  0x00007f28540c0000 JavaThread "C2 CompilerThread1" daemon [_thread_blocked, id=7932, stack(0x00007f28400c5000,0x00007f28401c6000)]
  0x00007f28540bd800 JavaThread "C2 CompilerThread0" daemon [_thread_blocked, id=7931, stack(0x00007f28401c6000,0x00007f28402c7000)]
  0x00007f28540bc000 JavaThread "Signal Dispatcher" daemon [_thread_blocked, id=7930, stack(0x00007f28402c7000,0x00007f28403c8000)]
  0x00007f2854083800 JavaThread "Finalizer" daemon [_thread_blocked, id=7929, stack(0x00007f2840aac000,0x00007f2840bad000)]
  0x00007f2854081800 JavaThread "Reference Handler" daemon [_thread_blocked, id=7928, stack(0x00007f2840bad000,0x00007f2840cae000)]
  0x00007f285400a800 JavaThread "main" [_thread_blocked, id=7920, stack(0x00007f285ab85000,0x00007f285ac86000)]

Other Threads:
  0x00007f285407c800 VMThread [stack: 0x00007f2840cae000,0x00007f2840daf000] [id=7927]
  0x00007f28540d1800 WatcherThread [stack: 0x00007f27ffeff000,0x00007f2800000000] [id=7935]

VM state:not at safepoint (normal execution)

VM Mutex/Monitor currently owned by a thread: None

Heap:
 PSYoungGen      total 650240K, used 530718K [0x000000076c800000, 0x00000007a4380000, 0x00000007c0000000)
  eden space 642048K, 82% used [0x000000076c800000,0x000000078cda9410,0x0000000793b00000)
  from space 8192K, 7% used [0x0000000793b00000,0x0000000793b9e660,0x0000000794300000)
  to   space 8192K, 0% used [0x00000007a3b80000,0x00000007a3b80000,0x00000007a4380000)
 ParOldGen       total 76800K, used 6923K [0x00000006c5800000, 0x00000006ca300000, 0x000000076c800000)
  object space 76800K, 9% used [0x00000006c5800000,0x00000006c5ec2c30,0x00000006ca300000)
 Metaspace       used 24170K, capacity 24396K, committed 24704K, reserved 1071104K
  class space    used 3060K, capacity 3171K, committed 3200K, reserved 1048576K

Card table byte_map: [0x00007f284403b000,0x00007f2844810000] byte_map_base: 0x00007f2840a0f000

Marking Bits: (ParMarkBitMap*) 0x00007f285a055760
 Begin Bits: [0x00007f281c2c0000, 0x00007f2820160000)
 End Bits:   [0x00007f2820160000, 0x00007f2824000000)

Polling page: 0x00007f285aca9000

CodeCache: size=245760Kb used=9463Kb max_used=10517Kb free=236296Kb
 bounds [0x00007f2844bd0000, 0x00007f2845620000, 0x00007f2853bd0000]
 total_blobs=3524 nmethods=2926 adapters=511
 compilation: enabled

Compilation events (10 events):
Event: 2331.021 Thread 0x00007f28540bd800 3372   !   4       sun.awt.X11.XToolkit::getNextTaskTime (55 bytes)
Event: 2331.029 Thread 0x00007f28540bd800 nmethod 3372 0x00007f2844ebcf10 code [0x00007f2844ebd080, 0x00007f2844ebd298]
Event: 4381.025 Thread 0x00007f28540c2000 3373       1       sun.awt.X11.XAtom::getAtom (5 bytes)
Event: 4381.025 Thread 0x00007f28540c2000 nmethod 3373 0x00007f2844dcc710 code [0x00007f2844dcc860, 0x00007f2844dcc970]
Event: 4774.366 Thread 0x00007f28540c2000 3374   !   3       java.util.Vector$Itr::next (63 bytes)
Event: 4774.367 Thread 0x00007f28540c2000 nmethod 3374 0x00007f2845283090 code [0x00007f2845283260, 0x00007f2845283918]
Event: 4774.367 Thread 0x00007f28540c2000 3375       3       java.util.Vector$Itr::checkForComodification (23 bytes)
Event: 4774.367 Thread 0x00007f28540c2000 nmethod 3375 0x00007f28452d9dd0 code [0x00007f28452d9f40, 0x00007f28452da168]
Event: 4959.720 Thread 0x00007f28540c0000 3376       4       java.util.ArrayList::iterator (10 bytes)
Event: 4959.720 Thread 0x00007f28540c0000 nmethod 3376 0x00007f2844dbe2d0 code [0x00007f2844dbe420, 0x00007f2844dbe508]

GC Heap History (10 events):
Event: 2.494 GC heap before
{Heap before GC invocations=8 (full 1):
 PSYoungGen      total 241664K, used 241453K [0x000000076c800000, 0x000000077cc00000, 0x00000007c0000000)
  eden space 241152K, 100% used [0x000000076c800000,0x000000077b380000,0x000000077b380000)
  from space 512K, 58% used [0x000000077cb80000,0x000000077cbcb690,0x000000077cc00000)
  to   space 8704K, 0% used [0x000000077bb00000,0x000000077bb00000,0x000000077c380000)
 ParOldGen       total 76800K, used 4814K [0x00000006c5800000, 0x00000006ca300000, 0x000000076c800000)
  object space 76800K, 6% used [0x00000006c5800000,0x00000006c5cb3a98,0x00000006ca300000)
 Metaspace       used 20740K, capacity 20972K, committed 21504K, reserved 1069056K
  class space    used 2593K, capacity 2691K, committed 2816K, reserved 1048576K
Event: 2.497 GC heap after
Heap after GC invocations=8 (full 1):
 PSYoungGen      total 257536K, used 467K [0x000000076c800000, 0x0000000788980000, 0x00000007c0000000)
  eden space 248832K, 0% used [0x000000076c800000,0x000000076c800000,0x000000077bb00000)
  from space 8704K, 5% used [0x000000077bb00000,0x000000077bb74f38,0x000000077c380000)
  to   space 8704K, 0% used [0x0000000788100000,0x0000000788100000,0x0000000788980000)
 ParOldGen       total 76800K, used 4822K [0x00000006c5800000, 0x00000006ca300000, 0x000000076c800000)
  object space 76800K, 6% used [0x00000006c5800000,0x00000006c5cb5a98,0x00000006ca300000)
 Metaspace       used 20740K, capacity 20972K, committed 21504K, reserved 1069056K
  class space    used 2593K, capacity 2691K, committed 2816K, reserved 1048576K
}
Event: 2.638 GC heap before
{Heap before GC invocations=9 (full 1):
 PSYoungGen      total 257536K, used 249038K [0x000000076c800000, 0x0000000788980000, 0x00000007c0000000)
  eden space 248832K, 99% used [0x000000076c800000,0x000000077babeb50,0x000000077bb00000)
  from space 8704K, 5% used [0x000000077bb00000,0x000000077bb74f38,0x000000077c380000)
  to   space 8704K, 0% used [0x0000000788100000,0x0000000788100000,0x0000000788980000)
 ParOldGen       total 76800K, used 4822K [0x00000006c5800000, 0x00000006ca300000, 0x000000076c800000)
  object space 76800K, 6% used [0x00000006c5800000,0x00000006c5cb5a98,0x00000006ca300000)
 Metaspace       used 20740K, capacity 20972K, committed 21504K, reserved 1069056K
  class space    used 2593K, capacity 2691K, committed 2816K, reserved 1048576K
Event: 2.642 GC heap after
Heap after GC invocations=9 (full 1):
 PSYoungGen      total 451584K, used 1455K [0x000000076c800000, 0x0000000789000000, 0x00000007c0000000)
  eden space 442880K, 0% used [0x000000076c800000,0x000000076c800000,0x0000000787880000)
  from space 8704K, 16% used [0x0000000788100000,0x000000078826bdb8,0x0000000788980000)
  to   space 8704K, 0% used [0x0000000787880000,0x0000000787880000,0x0000000788100000)
 ParOldGen       total 76800K, used 4822K [0x00000006c5800000, 0x00000006ca300000, 0x000000076c800000)
  object space 76800K, 6% used [0x00000006c5800000,0x00000006c5cb5a98,0x00000006ca300000)
 Metaspace       used 20740K, capacity 20972K, committed 21504K, reserved 1069056K
  class space    used 2593K, capacity 2691K, committed 2816K, reserved 1048576K
}
Event: 2.896 GC heap before
{Heap before GC invocations=10 (full 1):
 PSYoungGen      total 451584K, used 444335K [0x000000076c800000, 0x0000000789000000, 0x00000007c0000000)
  eden space 442880K, 100% used [0x000000076c800000,0x0000000787880000,0x0000000787880000)
  from space 8704K, 16% used [0x0000000788100000,0x000000078826bdb8,0x0000000788980000)
  to   space 8704K, 0% used [0x0000000787880000,0x0000000787880000,0x0000000788100000)
 ParOldGen       total 76800K, used 4822K [0x00000006c5800000, 0x00000006ca300000, 0x000000076c800000)
  object space 76800K, 6% used [0x00000006c5800000,0x00000006c5cb5a98,0x00000006ca300000)
 Metaspace       used 20741K, capacity 20972K, committed 21504K, reserved 1069056K
  class space    used 2594K, capacity 2691K, committed 2816K, reserved 1048576K
Event: 2.900 GC heap after
Heap after GC invocations=10 (full 1):
 PSYoungGen      total 451584K, used 1058K [0x000000076c800000, 0x0000000795000000, 0x00000007c0000000)
  eden space 442880K, 0% used [0x000000076c800000,0x000000076c800000,0x0000000787880000)
  from space 8704K, 12% used [0x0000000787880000,0x0000000787988978,0x0000000788100000)
  to   space 8704K, 0% used [0x0000000794780000,0x0000000794780000,0x0000000795000000)
 ParOldGen       total 76800K, used 4902K [0x00000006c5800000, 0x00000006ca300000, 0x000000076c800000)
  object space 76800K, 6% used [0x00000006c5800000,0x00000006c5cc9aa8,0x00000006ca300000)
 Metaspace       used 20741K, capacity 20972K, committed 21504K, reserved 1069056K
  class space    used 2594K, capacity 2691K, committed 2816K, reserved 1048576K
}
Event: 3.094 GC heap before
{Heap before GC invocations=11 (full 1):
 PSYoungGen      total 451584K, used 443938K [0x000000076c800000, 0x0000000795000000, 0x00000007c0000000)
  eden space 442880K, 100% used [0x000000076c800000,0x0000000787880000,0x0000000787880000)
  from space 8704K, 12% used [0x0000000787880000,0x0000000787988978,0x0000000788100000)
  to   space 8704K, 0% used [0x0000000794780000,0x0000000794780000,0x0000000795000000)
 ParOldGen       total 76800K, used 4902K [0x00000006c5800000, 0x00000006ca300000, 0x000000076c800000)
  object space 76800K, 6% used [0x00000006c5800000,0x00000006c5cc9aa8,0x00000006ca300000)
 Metaspace       used 20742K, capacity 20972K, committed 21504K, reserved 1069056K
  class space    used 2594K, capacity 2691K, committed 2816K, reserved 1048576K
Event: 3.098 GC heap after
Heap after GC invocations=11 (full 1):
 PSYoungGen      total 640000K, used 3268K [0x000000076c800000, 0x0000000794b00000, 0x00000007c0000000)
  eden space 636416K, 0% used [0x000000076c800000,0x000000076c800000,0x0000000793580000)
  from space 3584K, 91% used [0x0000000794780000,0x0000000794ab1300,0x0000000794b00000)
  to   space 8192K, 0% used [0x0000000793b00000,0x0000000793b00000,0x0000000794300000)
 ParOldGen       total 76800K, used 5054K [0x00000006c5800000, 0x00000006ca300000, 0x000000076c800000)
  object space 76800K, 6% used [0x00000006c5800000,0x00000006c5cefab0,0x00000006ca300000)
 Metaspace       used 20742K, capacity 20972K, committed 21504K, reserved 1069056K
  class space    used 2594K, capacity 2691K, committed 2816K, reserved 1048576K
}
Event: 3.392 GC heap before
{Heap before GC invocations=12 (full 1):
 PSYoungGen      total 640000K, used 639684K [0x000000076c800000, 0x0000000794b00000, 0x00000007c0000000)
  eden space 636416K, 100% used [0x000000076c800000,0x0000000793580000,0x0000000793580000)
  from space 3584K, 91% used [0x0000000794780000,0x0000000794ab1300,0x0000000794b00000)
  to   space 8192K, 0% used [0x0000000793b00000,0x0000000793b00000,0x0000000794300000)
 ParOldGen       total 76800K, used 5054K [0x00000006c5800000, 0x00000006ca300000, 0x000000076c800000)
  object space 76800K, 6% used [0x00000006c5800000,0x00000006c5cefab0,0x00000006ca300000)
 Metaspace       used 20762K, capacity 21036K, committed 21504K, reserved 1069056K
  class space    used 2594K, capacity 2691K, committed 2816K, reserved 1048576K
Event: 3.396 GC heap after
Heap after GC invocations=12 (full 1):
 PSYoungGen      total 650240K, used 633K [0x000000076c800000, 0x00000007a4380000, 0x00000007c0000000)
  eden space 642048K, 0% used [0x000000076c800000,0x000000076c800000,0x0000000793b00000)
  from space 8192K, 7% used [0x0000000793b00000,0x0000000793b9e660,0x0000000794300000)
  to   space 8192K, 0% used [0x00000007a3b80000,0x00000007a3b80000,0x00000007a4380000)
 ParOldGen       total 76800K, used 6923K [0x00000006c5800000, 0x00000006ca300000, 0x000000076c800000)
  object space 76800K, 9% used [0x00000006c5800000,0x00000006c5ec2c30,0x00000006ca300000)
 Metaspace       used 20762K, capacity 21036K, committed 21504K, reserved 1069056K
  class space    used 2594K, capacity 2691K, committed 2816K, reserved 1048576K
}

Deoptimization events (10 events):
Event: 3.943 Thread 0x00007f2854708000 Uncommon trap: reason=bimorphic action=maybe_recompile pc=0x00007f28452a3448 method=java.util.concurrent.locks.AbstractQueuedSynchronizer.release(I)Z @ 2
Event: 3.944 Thread 0x00007f2854708000 Uncommon trap: reason=bimorphic action=maybe_recompile pc=0x00007f28452a3448 method=java.util.concurrent.locks.AbstractQueuedSynchronizer.release(I)Z @ 2
Event: 3.962 Thread 0x00007f2854708000 Uncommon trap: reason=unstable_if action=reinterpret pc=0x00007f284528667c method=java.security.AccessControlContext.combine([Ljava/security/ProtectionDomain;[Ljava/security/ProtectionDomain;)[Ljava/security/ProtectionDomain; @ 151
Event: 3.962 Thread 0x00007f2854708000 Uncommon trap: reason=null_assert action=make_not_entrant pc=0x00007f2845538780 method=java.awt.DefaultKeyboardFocusManager.dispatchEvent(Ljava/awt/AWTEvent;)Z @ 138
Event: 3.963 Thread 0x00007f2854708000 Uncommon trap: reason=unstable_if action=reinterpret pc=0x00007f28453f6ab8 method=sun.awt.SunToolkit.getAppContext(Ljava/lang/Object;)Lsun/awt/AppContext; @ 4
Event: 3.965 Thread 0x00007f2854708000 Uncommon trap: reason=unstable_if action=reinterpret pc=0x00007f284534192c method=sun.awt.SunToolkit.getAppContext(Ljava/lang/Object;)Lsun/awt/AppContext; @ 4
Event: 3.969 Thread 0x00007f2854708000 Uncommon trap: reason=unstable_if action=reinterpret pc=0x00007f2844d421c4 method=javax.swing.JComponent.getClientProperty(Ljava/lang/Object;)Ljava/lang/Object; @ 16
Event: 4.053 Thread 0x00007f2854708000 Uncommon trap: reason=unstable_if action=reinterpret pc=0x00007f284551760c method=java.awt.KeyboardFocusManager.processCurrentLightweightRequests()V @ 12
Event: 9.512 Thread 0x00007f2854708000 Uncommon trap: reason=unstable_if action=reinterpret pc=0x00007f2845438f60 method=java.security.AccessController.getContext()Ljava/security/AccessControlContext; @ 5
Event: 9.512 Thread 0x00007f2854708000 Uncommon trap: reason=unstable_if action=reinterpret pc=0x00007f28454b63cc method=java.security.AccessController.getContext()Ljava/security/AccessControlContext; @ 5

Internal exceptions (10 events):
Event: 3.610 Thread 0x00007f285400a800 Implicit null exception at 0x00007f284543b6d8 to 0x00007f284543b72a
Event: 3.610 Thread 0x00007f285400a800 Implicit null exception at 0x00007f2845435068 to 0x00007f28454350aa
Event: 3.610 Thread 0x00007f285400a800 Implicit null exception at 0x00007f284543deb4 to 0x00007f284543e31d
Event: 3.633 Thread 0x00007f285400a800 Implicit null exception at 0x00007f2845513857 to 0x00007f2845513c17
Event: 3.649 Thread 0x00007f2854708000 Implicit null exception at 0x00007f28453ca0b9 to 0x00007f28453cee35
Event: 3.744 Thread 0x00007f285400a800 Implicit null exception at 0x00007f28454c5f82 to 0x00007f28454c6101
Event: 3.797 Thread 0x00007f285400a800 Implicit null exception at 0x00007f28455408f7 to 0x00007f2845540cd1
Event: 3.886 Thread 0x00007f285400a800 Exception <a 'java/io/FileNotFoundException'> (0x000000078a7f58e0) thrown at [/RE-WORK/workspace/8-2-build-linux-amd64/jdk8u45/3457/hotspot/src/share/vm/prims/jni.cpp, line 709]
Event: 4.047 Thread 0x00007f2854708000 Exception <a 'java/lang/UnsupportedOperationException': > (0x000000078b4039b0) thrown at [/RE-WORK/workspace/8-2-build-linux-amd64/jdk8u45/3457/hotspot/src/share/vm/prims/jni.cpp, line 735]
Event: 9.512 Thread 0x00007f2854708000 Implicit null exception at 0x00007f28454b5a79 to 0x00007f28454b63bd

Events (10 events):
Event: 9.535 Thread 0x00007f27e001a800 Thread exited: 0x00007f27e001a800
Event: 15.166 loading class sun/misc/Signal$1
Event: 15.166 loading class sun/misc/Signal$1 done
Event: 15.166 Thread 0x00007f2814001000 Thread added: 0x00007f2814001000
Event: 15.170 Thread 0x00007f2814002000 Thread added: 0x00007f2814002000
Event: 15.170 Thread 0x00007f2814003000 Thread added: 0x00007f2814003000
Event: 7541.413 loading class sun/awt/X11/XkbEvent
Event: 7541.511 loading class sun/awt/X11/XkbEvent done
Event: 7541.511 loading class sun/awt/X11/XkbAnyEvent
Event: 7541.548 loading class sun/awt/X11/XkbAnyEvent done


Dynamic libraries:
00400000-00401000 r-xp 00000000 08:03 3424510                            /usr/lib/jvm/java-8-oracle/bin/java
00600000-00601000 rw-p 00000000 08:03 3424510                            /usr/lib/jvm/java-8-oracle/bin/java
00696000-006b7000 rw-p 00000000 00:00 0                                  [heap]
6c5800000-6ca300000 rw-p 00000000 00:00 0 
6ca300000-76c800000 ---p 00000000 00:00 0 
76c800000-7a4380000 rw-p 00000000 00:00 0 
7a4380000-7c0000000 ---p 00000000 00:00 0 
7c0000000-7c0320000 rw-p 00000000 00:00 0 
7c0320000-800000000 ---p 00000000 00:00 0 
7f27d4000000-7f27d4021000 rw-p 00000000 00:00 0 
7f27d4021000-7f27d8000000 ---p 00000000 00:00 0 
7f27d8000000-7f27d8021000 rw-p 00000000 00:00 0 
7f27d8021000-7f27dc000000 ---p 00000000 00:00 0 
7f27dc000000-7f27dc021000 rw-p 00000000 00:00 0 
7f27dc021000-7f27e0000000 ---p 00000000 00:00 0 
7f27e0000000-7f27e0021000 rw-p 00000000 00:00 0 
7f27e0021000-7f27e4000000 ---p 00000000 00:00 0 
7f27e7bce000-7f27e7bd1000 ---p 00000000 00:00 0 
7f27e7bd1000-7f27e7ccf000 rw-p 00000000 00:00 0                          [stack:7949]
7f27e7ccf000-7f27e7cd2000 ---p 00000000 00:00 0 
7f27e7cd2000-7f27e7dd0000 rw-p 00000000 00:00 0                          [stack:7944]
7f27e7dd0000-7f27e7dfa000 r-xp 00000000 08:03 3426031                    /usr/lib/jvm/java-8-oracle/jre/lib/amd64/libdcpr.so
7f27e7dfa000-7f27e7ffa000 ---p 0002a000 08:03 3426031                    /usr/lib/jvm/java-8-oracle/jre/lib/amd64/libdcpr.so
7f27e7ffa000-7f27e7ffd000 rw-p 0002a000 08:03 3426031                    /usr/lib/jvm/java-8-oracle/jre/lib/amd64/libdcpr.so
7f27e8000000-7f27e8021000 rw-p 00000000 00:00 0 
7f27e8021000-7f27ec000000 ---p 00000000 00:00 0 
7f27ec000000-7f27ec021000 rw-p 00000000 00:00 0 
7f27ec021000-7f27f0000000 ---p 00000000 00:00 0 
7f27f0000000-7f27f0021000 rw-p 00000000 00:00 0 
7f27f0021000-7f27f4000000 ---p 00000000 00:00 0 
7f27f4000000-7f27f4026000 rw-p 00000000 00:00 0 
7f27f4026000-7f27f8000000 ---p 00000000 00:00 0 
7f27f8000000-7f27f8021000 rw-p 00000000 00:00 0 
7f27f8021000-7f27fc000000 ---p 00000000 00:00 0 
7f27fc0bf000-7f27fc0c2000 ---p 00000000 00:00 0 
7f27fc0c2000-7f27fc1c0000 rw-p 00000000 00:00 0                          [stack:7948]
7f27fc1c0000-7f27fc1d4000 r--s 00000000 08:03 657677                     /usr/share/fonts/type1/gsfonts/n019003l.pfb
7f27fc1d8000-7f27fc1f1000 r--s 00000000 08:03 657701                     /usr/share/fonts/type1/gsfonts/n021003l.pfb
7f27fc1f8000-7f27fc209000 r--s 00000000 08:03 657683                     /usr/share/fonts/type1/gsfonts/n019023l.pfb
7f27fc210000-7f27fc222000 r--s 00000000 08:03 657680                     /usr/share/fonts/type1/gsfonts/n019004l.pfb
7f27fc228000-7f27fc23e000 r--s 00000000 08:03 657722                     /usr/share/fonts/type1/gsfonts/n022024l.pfb
7f27fc240000-7f27fc258000 r--s 00000000 08:03 657713                     /usr/share/fonts/type1/gsfonts/n022003l.pfb
7f27fc258000-7f27fc26e000 r--s 00000000 08:03 657710                     /usr/share/fonts/type1/gsfonts/n021024l.pfb
7f27fc270000-7f27fc287000 r--s 00000000 08:03 657707                     /usr/share/fonts/type1/gsfonts/n021023l.pfb
7f27fc288000-7f27fc299000 r--s 00000000 08:03 657686                     /usr/share/fonts/type1/gsfonts/n019024l.pfb
7f27fc2a0000-7f27fc4a0000 rw-p 00000000 00:00 0 
7f27fc4a0000-7f27fc509000 r-xp 00000000 08:03 3426043                    /usr/lib/jvm/java-8-oracle/jre/lib/amd64/libt2k.so
7f27fc509000-7f27fc708000 ---p 00069000 08:03 3426043                    /usr/lib/jvm/java-8-oracle/jre/lib/amd64/libt2k.so
7f27fc708000-7f27fc70f000 rw-p 00068000 08:03 3426043                    /usr/lib/jvm/java-8-oracle/jre/lib/amd64/libt2k.so
7f27fc70f000-7f27fc71f000 rw-p 00000000 00:00 0 
7f27fc720000-7f27fc721000 r--s 00000000 08:03 3677075                    /var/cache/fontconfig/c05880de57d1f5e948fdfacc138775d9-le64.cache-4
7f27fc728000-7f27fc733000 r--s 00000000 08:03 3677069                    /var/cache/fontconfig/945677eb7aeaf62f1d50efc3fb3ec7d8-le64.cache-4
7f27fc738000-7f27fc73a000 r--s 00000000 08:03 3678612                    /var/cache/fontconfig/99e8ed0e538f840c565b6ed5dad60d56-le64.cache-4
7f27fc740000-7f27fc749000 r--s 00000000 08:03 3678611                    /var/cache/fontconfig/a6d8cf8e4ec09cdbc8633c31745a07dd-le64.cache-4
7f27fc750000-7f27fc756000 r--s 00000000 08:03 3677055                    /var/cache/fontconfig/2cd17615ca594fa2959ae173292e504c-le64.cache-4
7f27fc758000-7f27fc759000 r--s 00000000 08:03 3677085                    /var/cache/fontconfig/e7071f4a29fa870f4323321c154eba04-le64.cache-4
7f27fc760000-7f27fc761000 r--s 00000000 08:03 3677052                    /var/cache/fontconfig/0d8c3b2ac0904cb8a57a757ad11a4a08-le64.cache-4
7f27fc768000-7f27fc76f000 r--s 00000000 08:03 3677072                    /var/cache/fontconfig/a755afe4a08bf5b97852ceb7400b47bc-le64.cache-4
7f27fc770000-7f27fc774000 r--s 00000000 08:03 3678864                    /var/cache/fontconfig/de156ccd2eddbdc19d37a45b8b2aac9c-le64.cache-4
7f27fc778000-7f27fc78c000 r--s 00000000 08:03 3677050                    /var/cache/fontconfig/04aabc0a78ac019cf9454389977116d2-le64.cache-4
7f27fc790000-7f27fc791000 r--s 00000000 08:03 3677054                    /var/cache/fontconfig/1ac9eb803944fde146138c791f5cc56a-le64.cache-4
7f27fc798000-7f27fc79c000 r--s 00000000 08:03 3677058                    /var/cache/fontconfig/385c0604a188198f04d133e54aba7fe7-le64.cache-4
7f27fc7a0000-7f27fc7a2000 r--s 00000000 08:03 3677066                    /var/cache/fontconfig/767a8244fc0220cfb567a839d0392e0b-le64.cache-4
7f27fc7a8000-7f27fc7e3000 r--s 00000000 08:03 3673862                    /var/cache/fontconfig/365b55f210c0a22e9a19e35191240f32-le64.cache-4
7f27fc7e8000-7f27fc7f2000 r--s 00000000 08:03 657743                     /usr/share/fonts/type1/mathml/Symbol.pfb
7f27fc7f8000-7f27fc811000 r--s 00000000 08:03 657716                     /usr/share/fonts/type1/gsfonts/n022004l.pfb
7f27fc814000-7f27fc914000 rw-p 00000000 00:00 0 
7f27fc914000-7f27fca14000 ---p 00000000 00:00 0 
7f27fca14000-7f27fca27000 r--s 00344000 08:03 3426004                    /usr/lib/jvm/java-8-oracle/jre/lib/resources.jar
7f27fca2d000-7f27fcc2d000 rw-p 00000000 00:00 0 
7f27fcc2d000-7f27fcc30000 ---p 00000000 00:00 0 
7f27fcc30000-7f27fcd2e000 rw-p 00000000 00:00 0                          [stack:7940]
7f27fcd2e000-7f27fcd31000 ---p 00000000 00:00 0 
7f27fcd31000-7f27fce2f000 rw-p 00000000 00:00 0                          [stack:7939]
7f27fce2f000-7f27fce32000 ---p 00000000 00:00 0 
7f27fce32000-7f27fd130000 rw-p 00000000 00:00 0                          [stack:7941]
7f27fd130000-7f27fd141000 r-xp 00000000 08:03 3426040                    /usr/lib/jvm/java-8-oracle/jre/lib/amd64/libnio.so
7f27fd141000-7f27fd340000 ---p 00011000 08:03 3426040                    /usr/lib/jvm/java-8-oracle/jre/lib/amd64/libnio.so
7f27fd340000-7f27fd341000 rw-p 00010000 08:03 3426040                    /usr/lib/jvm/java-8-oracle/jre/lib/amd64/libnio.so
7f27fd347000-7f27fd34a000 ---p 00000000 00:00 0 
7f27fd34a000-7f27fd448000 rw-p 00000000 00:00 0                          [stack:7937]
7f27fd448000-7f27fd44d000 r-xp 00000000 08:03 3408352                    /usr/lib/x86_64-linux-gnu/libXfixes.so.3.1.0
7f27fd44d000-7f27fd64c000 ---p 00005000 08:03 3408352                    /usr/lib/x86_64-linux-gnu/libXfixes.so.3.1.0
7f27fd64c000-7f27fd64d000 r--p 00004000 08:03 3408352                    /usr/lib/x86_64-linux-gnu/libXfixes.so.3.1.0
7f27fd64d000-7f27fd64e000 rw-p 00005000 08:03 3408352                    /usr/lib/x86_64-linux-gnu/libXfixes.so.3.1.0
7f27fd650000-7f27fd659000 r-xp 00000000 08:03 3417045                    /usr/lib/x86_64-linux-gnu/libXcursor.so.1.0.2
7f27fd659000-7f27fd858000 ---p 00009000 08:03 3417045                    /usr/lib/x86_64-linux-gnu/libXcursor.so.1.0.2
7f27fd858000-7f27fd859000 r--p 00008000 08:03 3417045                    /usr/lib/x86_64-linux-gnu/libXcursor.so.1.0.2
7f27fd859000-7f27fd85a000 rw-p 00009000 08:03 3417045                    /usr/lib/x86_64-linux-gnu/libXcursor.so.1.0.2
7f27fd85f000-7f27fd862000 ---p 00000000 00:00 0 
7f27fd862000-7f27fdb60000 rw-p 00000000 00:00 0                          [stack:7936]
7f27fdb60000-7f27fdb76000 r-xp 00000000 08:03 397368                     /lib/x86_64-linux-gnu/libgcc_s.so.1
7f27fdb76000-7f27fdd75000 ---p 00016000 08:03 397368                     /lib/x86_64-linux-gnu/libgcc_s.so.1
7f27fdd75000-7f27fdd76000 rw-p 00015000 08:03 397368                     /lib/x86_64-linux-gnu/libgcc_s.so.1
7f27fdd78000-7f27fdddd000 r-xp 00000000 08:03 3426046                    /usr/lib/jvm/java-8-oracle/jre/lib/amd64/libfontmanager.so
7f27fdddd000-7f27fdfdc000 ---p 00065000 08:03 3426046                    /usr/lib/jvm/java-8-oracle/jre/lib/amd64/libfontmanager.so
7f27fdfdc000-7f27fdfe1000 rw-p 00064000 08:03 3426046                    /usr/lib/jvm/java-8-oracle/jre/lib/amd64/libfontmanager.so
7f27fdfe1000-7f27fdff1000 rw-p 00000000 00:00 0 
7f27fdff8000-7f27fe1f8000 rw-p 00000000 00:00 0 
7f27fe1f8000-7f27fe1fd000 r-xp 00000000 08:03 3417049                    /usr/lib/x86_64-linux-gnu/libXdmcp.so.6.0.0
7f27fe1fd000-7f27fe3fc000 ---p 00005000 08:03 3417049                    /usr/lib/x86_64-linux-gnu/libXdmcp.so.6.0.0
7f27fe3fc000-7f27fe3fd000 r--p 00004000 08:03 3417049                    /usr/lib/x86_64-linux-gnu/libXdmcp.so.6.0.0
7f27fe3fd000-7f27fe3fe000 rw-p 00005000 08:03 3417049                    /usr/lib/x86_64-linux-gnu/libXdmcp.so.6.0.0
7f27fe400000-7f27fe402000 r-xp 00000000 08:03 3417038                    /usr/lib/x86_64-linux-gnu/libXau.so.6.0.0
7f27fe402000-7f27fe602000 ---p 00002000 08:03 3417038                    /usr/lib/x86_64-linux-gnu/libXau.so.6.0.0
7f27fe602000-7f27fe603000 r--p 00002000 08:03 3417038                    /usr/lib/x86_64-linux-gnu/libXau.so.6.0.0
7f27fe603000-7f27fe604000 rw-p 00003000 08:03 3417038                    /usr/lib/x86_64-linux-gnu/libXau.so.6.0.0
7f27fe608000-7f27fe625000 r-xp 00000000 08:03 3418106                    /usr/lib/x86_64-linux-gnu/libxcb.so.1.1.0
7f27fe625000-7f27fe825000 ---p 0001d000 08:03 3418106                    /usr/lib/x86_64-linux-gnu/libxcb.so.1.1.0
7f27fe825000-7f27fe826000 r--p 0001d000 08:03 3418106                    /usr/lib/x86_64-linux-gnu/libxcb.so.1.1.0
7f27fe826000-7f27fe827000 rw-p 0001e000 08:03 3418106                    /usr/lib/x86_64-linux-gnu/libxcb.so.1.1.0
7f27fe828000-7f27fe837000 r-xp 00000000 08:03 3410074                    /usr/lib/x86_64-linux-gnu/libXi.so.6.1.0
7f27fe837000-7f27fea36000 ---p 0000f000 08:03 3410074                    /usr/lib/x86_64-linux-gnu/libXi.so.6.1.0
7f27fea36000-7f27fea37000 r--p 0000e000 08:03 3410074                    /usr/lib/x86_64-linux-gnu/libXi.so.6.1.0
7f27fea37000-7f27fea38000 rw-p 0000f000 08:03 3410074                    /usr/lib/x86_64-linux-gnu/libXi.so.6.1.0
7f27fea38000-7f27fea3d000 r-xp 00000000 08:03 3417079                    /usr/lib/x86_64-linux-gnu/libXtst.so.6.1.0
7f27fea3d000-7f27fec3c000 ---p 00005000 08:03 3417079                    /usr/lib/x86_64-linux-gnu/libXtst.so.6.1.0
7f27fec3c000-7f27fec3d000 r--p 00004000 08:03 3417079                    /usr/lib/x86_64-linux-gnu/libXtst.so.6.1.0
7f27fec3d000-7f27fec3e000 rw-p 00005000 08:03 3417079                    /usr/lib/x86_64-linux-gnu/libXtst.so.6.1.0
7f27fec40000-7f27fec49000 r-xp 00000000 08:03 3410076                    /usr/lib/x86_64-linux-gnu/libXrender.so.1.3.0
7f27fec49000-7f27fee48000 ---p 00009000 08:03 3410076                    /usr/lib/x86_64-linux-gnu/libXrender.so.1.3.0
7f27fee48000-7f27fee49000 r--p 00008000 08:03 3410076                    /usr/lib/x86_64-linux-gnu/libXrender.so.1.3.0
7f27fee49000-7f27fee4a000 rw-p 00009000 08:03 3410076                    /usr/lib/x86_64-linux-gnu/libXrender.so.1.3.0
7f27fee50000-7f27fef80000 r-xp 00000000 08:03 3417034                    /usr/lib/x86_64-linux-gnu/libX11.so.6.3.0
7f27fef80000-7f27ff180000 ---p 00130000 08:03 3417034                    /usr/lib/x86_64-linux-gnu/libX11.so.6.3.0
7f27ff180000-7f27ff181000 r--p 00130000 08:03 3417034                    /usr/lib/x86_64-linux-gnu/libX11.so.6.3.0
7f27ff181000-7f27ff185000 rw-p 00131000 08:03 3417034                    /usr/lib/x86_64-linux-gnu/libX11.so.6.3.0
7f27ff188000-7f27ff199000 r-xp 00000000 08:03 3409080                    /usr/lib/x86_64-linux-gnu/libXext.so.6.4.0
7f27ff199000-7f27ff398000 ---p 00011000 08:03 3409080                    /usr/lib/x86_64-linux-gnu/libXext.so.6.4.0
7f27ff398000-7f27ff399000 r--p 00010000 08:03 3409080                    /usr/lib/x86_64-linux-gnu/libXext.so.6.4.0
7f27ff399000-7f27ff39a000 rw-p 00011000 08:03 3409080                    /usr/lib/x86_64-linux-gnu/libXext.so.6.4.0
7f27ff3a0000-7f27ff3f4000 r-xp 00000000 08:03 3426038                    /usr/lib/jvm/java-8-oracle/jre/lib/amd64/libawt_xawt.so
7f27ff3f4000-7f27ff5f4000 ---p 00054000 08:03 3426038                    /usr/lib/jvm/java-8-oracle/jre/lib/amd64/libawt_xawt.so
7f27ff5f4000-7f27ff5f8000 rw-p 00054000 08:03 3426038                    /usr/lib/jvm/java-8-oracle/jre/lib/amd64/libawt_xawt.so
7f27ff5f8000-7f27ff5f9000 rw-p 00000000 00:00 0 
7f27ff600000-7f27ff6a2000 r-xp 00000000 08:03 3426072                    /usr/lib/jvm/java-8-oracle/jre/lib/amd64/libawt.so
7f27ff6a2000-7f27ff8a2000 ---p 000a2000 08:03 3426072                    /usr/lib/jvm/java-8-oracle/jre/lib/amd64/libawt.so
7f27ff8a2000-7f27ff8ae000 rw-p 000a2000 08:03 3426072                    /usr/lib/jvm/java-8-oracle/jre/lib/amd64/libawt.so
7f27ff8ae000-7f27ff8d2000 rw-p 00000000 00:00 0 
7f27ff8d8000-7f27ffad8000 rw-p 00000000 00:00 0 
7f27ffad8000-7f27ffaee000 r-xp 00000000 08:03 3426019                    /usr/lib/jvm/java-8-oracle/jre/lib/amd64/libnet.so
7f27ffaee000-7f27ffcee000 ---p 00016000 08:03 3426019                    /usr/lib/jvm/java-8-oracle/jre/lib/amd64/libnet.so
7f27ffcee000-7f27ffcef000 rw-p 00016000 08:03 3426019                    /usr/lib/jvm/java-8-oracle/jre/lib/amd64/libnet.so
7f27ffcf0000-7f27ffcf8000 r-xp 00000000 08:03 3426021                    /usr/lib/jvm/java-8-oracle/jre/lib/amd64/libmanagement.so
7f27ffcf8000-7f27ffef8000 ---p 00008000 08:03 3426021                    /usr/lib/jvm/java-8-oracle/jre/lib/amd64/libmanagement.so
7f27ffef8000-7f27ffef9000 rw-p 00008000 08:03 3426021                    /usr/lib/jvm/java-8-oracle/jre/lib/amd64/libmanagement.so
7f27ffeff000-7f27fff00000 ---p 00000000 00:00 0 
7f27fff00000-7f2800000000 rw-p 00000000 00:00 0                          [stack:7935]
7f2800000000-7f2800972000 rw-p 00000000 00:00 0 
7f2800972000-7f2804000000 ---p 00000000 00:00 0 
7f2804000000-7f2804021000 rw-p 00000000 00:00 0 
7f2804021000-7f2808000000 ---p 00000000 00:00 0 
7f2808000000-7f2809289000 rw-p 00000000 00:00 0 
7f2809289000-7f280c000000 ---p 00000000 00:00 0 
7f280c000000-7f280d306000 rw-p 00000000 00:00 0 
7f280d306000-7f2810000000 ---p 00000000 00:00 0 
7f2810000000-7f2810021000 rw-p 00000000 00:00 0 
7f2810021000-7f2814000000 ---p 00000000 00:00 0 
7f2814000000-7f2814021000 rw-p 00000000 00:00 0 
7f2814021000-7f2818000000 ---p 00000000 00:00 0 
7f2818000000-7f2818021000 rw-p 00000000 00:00 0 
7f2818021000-7f281c000000 ---p 00000000 00:00 0 
7f281c000000-7f281c001000 r--s 00000000 08:03 3677082                    /var/cache/fontconfig/dc05db6664285cc2f12bf69c139ae4c3-le64.cache-4
7f281c008000-7f281c009000 r--s 00000000 08:03 3670956                    /var/cache/fontconfig/4794a0821666d79190d59a36cb4f44b5-le64.cache-4
7f281c010000-7f281c015000 r--s 00000000 08:03 3677068                    /var/cache/fontconfig/8801497958630a81b71ace7c5f9b32a8-le64.cache-4
7f281c018000-7f281c01f000 r--s 00000000 08:03 3677056                    /var/cache/fontconfig/3047814df9a2f067bd2d96a2b9c36e5a-le64.cache-4
7f281c020000-7f281c021000 r--s 00000000 08:03 3677062                    /var/cache/fontconfig/56cf4f4769d0f4abc89a4895d7bd3ae1-le64.cache-4
7f281c028000-7f281c029000 r--s 00000000 08:03 3677074                    /var/cache/fontconfig/b9d506c9ac06c20b433354fa67a72993-le64.cache-4
7f281c030000-7f281c036000 r--s 00000000 08:03 3677073                    /var/cache/fontconfig/b47c4e1ecd0709278f4910c18777a504-le64.cache-4
7f281c038000-7f281c041000 r--s 00000000 08:03 3673884                    /var/cache/fontconfig/52f7bdb7ce746bfd7eaa1985bd9cfa93-le64.cache-4
7f281c048000-7f281c05b000 r--s 00000000 08:03 3677079                    /var/cache/fontconfig/d52a8644073d54c13679302ca1180695-le64.cache-4
7f281c060000-7f281c069000 r--s 00000000 08:03 3670935                    /var/cache/fontconfig/3f7329c5293ffd510edef78f73874cfd-le64.cache-4
7f281c070000-7f281c074000 r--s 00000000 08:03 3677080                    /var/cache/fontconfig/d589a48862398ed80a3d6066f4f56f4c-le64.cache-4
7f281c078000-7f281c079000 r--s 00000000 08:03 3677051                    /var/cache/fontconfig/0c9eb80ebd1c36541ebe2852d3bb0c49-le64.cache-4
7f281c080000-7f281c08d000 r--s 00000000 08:03 3678610                    /var/cache/fontconfig/e13b20fdb08344e0e664864cc2ede53d-le64.cache-4
7f281c090000-7f281c094000 r--s 00000000 08:03 3678863                    /var/cache/fontconfig/7ef2298fde41cc6eeb7af42e48b7d293-le64.cache-4
7f281c09b000-7f281c0b7000 r--s 00393000 08:03 3434565                    /usr/lib/jvm/java-8-oracle/jre/lib/ext/cldrdata.jar
7f281c0be000-7f281c0c1000 ---p 00000000 00:00 0 
7f281c0c1000-7f281c1bf000 rw-p 00000000 00:00 0                          [stack:7934]
7f281c1bf000-7f281c1c2000 ---p 00000000 00:00 0 
7f281c1c2000-7f2824000000 rw-p 00000000 00:00 0                          [stack:7933]
7f2824000000-7f2824021000 rw-p 00000000 00:00 0 
7f2824021000-7f2828000000 ---p 00000000 00:00 0 
7f2828000000-7f2828021000 rw-p 00000000 00:00 0 
7f2828021000-7f282c000000 ---p 00000000 00:00 0 
7f282c000000-7f282c021000 rw-p 00000000 00:00 0 
7f282c021000-7f2830000000 ---p 00000000 00:00 0 
7f2830000000-7f2830021000 rw-p 00000000 00:00 0 
7f2830021000-7f2834000000 ---p 00000000 00:00 0 
7f2834000000-7f2834021000 rw-p 00000000 00:00 0 
7f2834021000-7f2838000000 ---p 00000000 00:00 0 
7f2838000000-7f2838021000 rw-p 00000000 00:00 0 
7f2838021000-7f283c000000 ---p 00000000 00:00 0 
7f283c000000-7f283c021000 rw-p 00000000 00:00 0 
7f283c021000-7f2840000000 ---p 00000000 00:00 0 
7f2840006000-7f2840011000 r--s 00116000 08:03 3426141                    /usr/lib/jvm/java-8-oracle/jre/lib/ext/localedata.jar
7f2840014000-7f284001d000 r--s 000e4000 08:03 2764098                    /home/cigreja/.m2/repository/mysql/mysql-connector-java/5.1.35/mysql-connector-java-5.1.35.jar
7f284001d000-7f2840024000 r--s 0003d000 08:03 2764097                    /home/cigreja/.m2/repository/org/yaml/snakeyaml/1.14/snakeyaml-1.14.jar
7f284002a000-7f284003f000 r--s 000e2000 08:03 2764096                    /home/cigreja/.m2/repository/org/springframework/spring-core/4.1.6.RELEASE/spring-core-4.1.6.RELEASE.jar
7f2840045000-7f2840050000 r--s 00065000 08:03 2764093                    /home/cigreja/.m2/repository/ch/qos/logback/logback-core/1.1.3/logback-core-1.1.3.jar
7f2840057000-7f284005d000 r--s 0003f000 08:03 2764092                    /home/cigreja/.m2/repository/ch/qos/logback/logback-classic/1.1.3/logback-classic-1.1.3.jar
7f284005d000-7f284005e000 r--s 00005000 08:03 2764091                    /home/cigreja/.m2/repository/org/slf4j/log4j-over-slf4j/1.7.11/log4j-over-slf4j-1.7.11.jar
7f2840060000-7f2840062000 r--s 00000000 08:03 2764089                    /home/cigreja/.m2/repository/org/slf4j/jul-to-slf4j/1.7.11/jul-to-slf4j-1.7.11.jar
7f2840067000-7f2840068000 r--s 00007000 08:03 2764084                    /home/cigreja/.m2/repository/org/slf4j/slf4j-api/1.7.11/slf4j-api-1.7.11.jar
7f284006b000-7f284006d000 r--s 00003000 08:03 2764082                    /home/cigreja/.m2/repository/org/slf4j/jcl-over-slf4j/1.7.11/jcl-over-slf4j-1.7.11.jar
7f2840073000-7f2840083000 r--s 0006b000 08:03 2764078                    /home/cigreja/.m2/repository/org/springframework/boot/spring-boot-autoconfigure/1.2.3.RELEASE/spring-boot-autoconfigure-1.2.3.RELEASE.jar
7f2840083000-7f2840088000 r--s 0003b000 08:03 2764076                    /home/cigreja/.m2/repository/org/springframework/spring-expression/4.1.6.RELEASE/spring-expression-4.1.6.RELEASE.jar
7f2840088000-7f2840095000 r--s 000a0000 08:03 2764074                    /home/cigreja/.m2/repository/org/springframework/spring-beans/4.1.6.RELEASE/spring-beans-4.1.6.RELEASE.jar
7f2840098000-7f284009a000 r--s 00000000 08:03 2764073                    /home/cigreja/.m2/repository/aopalliance/aopalliance/1.0/aopalliance-1.0.jar
7f284009b000-7f28400b3000 r--s 000e3000 08:03 2764070                    /home/cigreja/.m2/repository/org/springframework/spring-context/4.1.6.RELEASE/spring-context-4.1.6.RELEASE.jar
7f28400b6000-7f28400c0000 r--s 0005e000 08:03 2764071                    /home/cigreja/.m2/repository/org/springframework/boot/spring-boot/1.2.3.RELEASE/spring-boot-1.2.3.RELEASE.jar
7f28400c5000-7f28400c8000 ---p 00000000 00:00 0 
7f28400c8000-7f28401c6000 rw-p 00000000 00:00 0                          [stack:7932]
7f28401c6000-7f28401c9000 ---p 00000000 00:00 0 
7f28401c9000-7f28402c7000 rw-p 00000000 00:00 0                          [stack:7931]
7f28402c7000-7f28402ca000 ---p 00000000 00:00 0 
7f28402ca000-7f28403c8000 rw-p 00000000 00:00 0                          [stack:7930]
7f28403c8000-7f2840aaa000 r--p 00000000 08:03 3415887                    /usr/lib/locale/locale-archive
7f2840aac000-7f2840aaf000 ---p 00000000 00:00 0 
7f2840aaf000-7f2840bad000 rw-p 00000000 00:00 0                          [stack:7929]
7f2840bad000-7f2840bb0000 ---p 00000000 00:00 0 
7f2840bb0000-7f2840cae000 rw-p 00000000 00:00 0                          [stack:7928]
7f2840cae000-7f2840caf000 ---p 00000000 00:00 0 
7f2840caf000-7f28423d9000 rw-p 00000000 00:00 0                          [stack:7927]
7f28423d9000-7f28425b2000 r--s 03d09000 08:03 3425955                    /usr/lib/jvm/java-8-oracle/jre/lib/rt.jar
7f28425b4000-7f28435fe000 rw-p 00000000 00:00 0 
7f28435fe000-7f28435ff000 ---p 00000000 00:00 0 
7f28435ff000-7f28436ff000 rw-p 00000000 00:00 0                          [stack:7926]
7f28436ff000-7f2843700000 ---p 00000000 00:00 0 
7f2843700000-7f2843800000 rw-p 00000000 00:00 0                          [stack:7925]
7f2843800000-7f2843801000 ---p 00000000 00:00 0 
7f2843801000-7f2843901000 rw-p 00000000 00:00 0                          [stack:7924]
7f2843901000-7f2843902000 ---p 00000000 00:00 0 
7f2843902000-7f2843a02000 rw-p 00000000 00:00 0                          [stack:7923]
7f2843a02000-7f2843a03000 ---p 00000000 00:00 0 
7f2843a03000-7f2843b29000 rw-p 00000000 00:00 0                          [stack:7922]
7f2843b29000-7f284403b000 ---p 00000000 00:00 0 
7f284403b000-7f2844061000 rw-p 00000000 00:00 0 
7f2844061000-7f2844573000 ---p 00000000 00:00 0 
7f2844573000-7f2844731000 rw-p 00000000 00:00 0 
7f2844731000-7f284480f000 ---p 00000000 00:00 0 
7f284480f000-7f284483a000 rw-p 00000000 00:00 0 
7f284483a000-7f2844bd0000 ---p 00000000 00:00 0 
7f2844bd0000-7f2845620000 rwxp 00000000 00:00 0 
7f2845620000-7f2853bd0000 ---p 00000000 00:00 0 
7f2853bd0000-7f2853bea000 r-xp 00000000 08:03 3426028                    /usr/lib/jvm/java-8-oracle/jre/lib/amd64/libzip.so
7f2853bea000-7f2853dea000 ---p 0001a000 08:03 3426028                    /usr/lib/jvm/java-8-oracle/jre/lib/amd64/libzip.so
7f2853dea000-7f2853deb000 rw-p 0001a000 08:03 3426028                    /usr/lib/jvm/java-8-oracle/jre/lib/amd64/libzip.so
7f2853df0000-7f2853dfb000 r-xp 00000000 08:03 393242                     /lib/x86_64-linux-gnu/libnss_files-2.19.so
7f2853dfb000-7f2853ffa000 ---p 0000b000 08:03 393242                     /lib/x86_64-linux-gnu/libnss_files-2.19.so
7f2853ffa000-7f2853ffb000 r--p 0000a000 08:03 393242                     /lib/x86_64-linux-gnu/libnss_files-2.19.so
7f2853ffb000-7f2853ffc000 rw-p 0000b000 08:03 393242                     /lib/x86_64-linux-gnu/libnss_files-2.19.so
7f2854000000-7f28547e7000 rw-p 00000000 00:00 0 
7f28547e7000-7f2858000000 ---p 00000000 00:00 0 
7f2858006000-7f2858027000 rw-p 00000000 00:00 0 
7f2858027000-7f2858028000 ---p 00000000 00:00 0 
7f2858028000-7f2858128000 rw-p 00000000 00:00 0                          [stack:7921]
7f2858128000-7f2858133000 r-xp 00000000 08:03 397310                     /lib/x86_64-linux-gnu/libnss_nis-2.19.so
7f2858133000-7f2858332000 ---p 0000b000 08:03 397310                     /lib/x86_64-linux-gnu/libnss_nis-2.19.so
7f2858332000-7f2858333000 r--p 0000a000 08:03 397310                     /lib/x86_64-linux-gnu/libnss_nis-2.19.so
7f2858333000-7f2858334000 rw-p 0000b000 08:03 397310                     /lib/x86_64-linux-gnu/libnss_nis-2.19.so
7f2858338000-7f285834f000 r-xp 00000000 08:03 393311                     /lib/x86_64-linux-gnu/libnsl-2.19.so
7f285834f000-7f285854e000 ---p 00017000 08:03 393311                     /lib/x86_64-linux-gnu/libnsl-2.19.so
7f285854e000-7f285854f000 r--p 00016000 08:03 393311                     /lib/x86_64-linux-gnu/libnsl-2.19.so
7f285854f000-7f2858550000 rw-p 00017000 08:03 393311                     /lib/x86_64-linux-gnu/libnsl-2.19.so
7f2858550000-7f2858552000 rw-p 00000000 00:00 0 
7f2858558000-7f2858561000 r-xp 00000000 08:03 393310                     /lib/x86_64-linux-gnu/libnss_compat-2.19.so
7f2858561000-7f2858760000 ---p 00009000 08:03 393310                     /lib/x86_64-linux-gnu/libnss_compat-2.19.so
7f2858760000-7f2858761000 r--p 00008000 08:03 393310                     /lib/x86_64-linux-gnu/libnss_compat-2.19.so
7f2858761000-7f2858762000 rw-p 00009000 08:03 393310                     /lib/x86_64-linux-gnu/libnss_compat-2.19.so
7f2858768000-7f2858792000 r-xp 00000000 08:03 3426011                    /usr/lib/jvm/java-8-oracle/jre/lib/amd64/libjava.so
7f2858792000-7f2858992000 ---p 0002a000 08:03 3426011                    /usr/lib/jvm/java-8-oracle/jre/lib/amd64/libjava.so
7f2858992000-7f2858994000 rw-p 0002a000 08:03 3426011                    /usr/lib/jvm/java-8-oracle/jre/lib/amd64/libjava.so
7f2858998000-7f28589a5000 r-xp 00000000 08:03 3426068                    /usr/lib/jvm/java-8-oracle/jre/lib/amd64/libverify.so
7f28589a5000-7f2858ba5000 ---p 0000d000 08:03 3426068                    /usr/lib/jvm/java-8-oracle/jre/lib/amd64/libverify.so
7f2858ba5000-7f2858ba7000 rw-p 0000d000 08:03 3426068                    /usr/lib/jvm/java-8-oracle/jre/lib/amd64/libverify.so
7f2858ba8000-7f2858baf000 r-xp 00000000 08:03 393319                     /lib/x86_64-linux-gnu/librt-2.19.so
7f2858baf000-7f2858dae000 ---p 00007000 08:03 393319                     /lib/x86_64-linux-gnu/librt-2.19.so
7f2858dae000-7f2858daf000 r--p 00006000 08:03 393319                     /lib/x86_64-linux-gnu/librt-2.19.so
7f2858daf000-7f2858db0000 rw-p 00007000 08:03 393319                     /lib/x86_64-linux-gnu/librt-2.19.so
7f2858db0000-7f2858eb5000 r-xp 00000000 08:03 393235                     /lib/x86_64-linux-gnu/libm-2.19.so
7f2858eb5000-7f28590b4000 ---p 00105000 08:03 393235                     /lib/x86_64-linux-gnu/libm-2.19.so
7f28590b4000-7f28590b5000 r--p 00104000 08:03 393235                     /lib/x86_64-linux-gnu/libm-2.19.so
7f28590b5000-7f28590b6000 rw-p 00105000 08:03 393235                     /lib/x86_64-linux-gnu/libm-2.19.so
7f28590b8000-7f2859d66000 r-xp 00000000 08:03 3426057                    /usr/lib/jvm/java-8-oracle/jre/lib/amd64/server/libjvm.so
7f2859d66000-7f2859f65000 ---p 00cae000 08:03 3426057                    /usr/lib/jvm/java-8-oracle/jre/lib/amd64/server/libjvm.so
7f2859f65000-7f285a03c000 rw-p 00cad000 08:03 3426057                    /usr/lib/jvm/java-8-oracle/jre/lib/amd64/server/libjvm.so
7f285a03c000-7f285a080000 rw-p 00000000 00:00 0 
7f285a080000-7f285a23b000 r-xp 00000000 08:03 393316                     /lib/x86_64-linux-gnu/libc-2.19.so
7f285a23b000-7f285a43a000 ---p 001bb000 08:03 393316                     /lib/x86_64-linux-gnu/libc-2.19.so
7f285a43a000-7f285a43e000 r--p 001ba000 08:03 393316                     /lib/x86_64-linux-gnu/libc-2.19.so
7f285a43e000-7f285a440000 rw-p 001be000 08:03 393316                     /lib/x86_64-linux-gnu/libc-2.19.so
7f285a440000-7f285a445000 rw-p 00000000 00:00 0 
7f285a448000-7f285a44b000 r-xp 00000000 08:03 393305                     /lib/x86_64-linux-gnu/libdl-2.19.so
7f285a44b000-7f285a64a000 ---p 00003000 08:03 393305                     /lib/x86_64-linux-gnu/libdl-2.19.so
7f285a64a000-7f285a64b000 r--p 00002000 08:03 393305                     /lib/x86_64-linux-gnu/libdl-2.19.so
7f285a64b000-7f285a64c000 rw-p 00003000 08:03 393305                     /lib/x86_64-linux-gnu/libdl-2.19.so
7f285a650000-7f285a665000 r-xp 00000000 08:03 3425246                    /usr/lib/jvm/java-8-oracle/lib/amd64/jli/libjli.so
7f285a665000-7f285a865000 ---p 00015000 08:03 3425246                    /usr/lib/jvm/java-8-oracle/lib/amd64/jli/libjli.so
7f285a865000-7f285a866000 rw-p 00015000 08:03 3425246                    /usr/lib/jvm/java-8-oracle/lib/amd64/jli/libjli.so
7f285a868000-7f285a881000 r-xp 00000000 08:03 393317                     /lib/x86_64-linux-gnu/libpthread-2.19.so
7f285a881000-7f285aa80000 ---p 00019000 08:03 393317                     /lib/x86_64-linux-gnu/libpthread-2.19.so
7f285aa80000-7f285aa81000 r--p 00018000 08:03 393317                     /lib/x86_64-linux-gnu/libpthread-2.19.so
7f285aa81000-7f285aa82000 rw-p 00019000 08:03 393317                     /lib/x86_64-linux-gnu/libpthread-2.19.so
7f285aa82000-7f285aa86000 rw-p 00000000 00:00 0 
7f285aa88000-7f285aaab000 r-xp 00000000 08:03 393313                     /lib/x86_64-linux-gnu/ld-2.19.so
7f285aab0000-7f285aab1000 r--s 00000000 08:03 2764083                    /home/cigreja/.m2/repository/org/springframework/boot/spring-boot-starter-logging/1.2.3.RELEASE/spring-boot-starter-logging-1.2.3.RELEASE.jar
7f285aab3000-7f285ab85000 rw-p 00000000 00:00 0 
7f285ab85000-7f285ab88000 ---p 00000000 00:00 0 
7f285ab88000-7f285ac88000 rw-p 00000000 00:00 0                          [stack:7920]
7f285ac8f000-7f285ac98000 r--s 0004f000 08:03 2764072                    /home/cigreja/.m2/repository/org/springframework/spring-aop/4.1.6.RELEASE/spring-aop-4.1.6.RELEASE.jar
7f285ac98000-7f285ac99000 r--s 00000000 08:03 2764068                    /home/cigreja/.m2/repository/org/springframework/boot/spring-boot-starter/1.2.3.RELEASE/spring-boot-starter-1.2.3.RELEASE.jar
7f285ac9f000-7f285aca0000 rw-p 00000000 00:00 0 
7f285aca0000-7f285aca8000 rw-s 00000000 08:03 675612                     /tmp/hsperfdata_cigreja/7916
7f285aca8000-7f285aca9000 rw-p 00000000 00:00 0 
7f285aca9000-7f285acaa000 r--p 00000000 00:00 0 
7f285acaa000-7f285acab000 r--p 00022000 08:03 393313                     /lib/x86_64-linux-gnu/ld-2.19.so
7f285acab000-7f285acac000 rw-p 00023000 08:03 393313                     /lib/x86_64-linux-gnu/ld-2.19.so
7f285acac000-7f285acae000 rw-p 00000000 00:00 0 
7f285acae000-7f285acb1000 rw-p 00000000 00:00 0 
7fffb020d000-7fffb022f000 rw-p 00000000 00:00 0                          [stack]
7fffb02c8000-7fffb02ca000 r-xp 00000000 00:00 0                          [vdso]
7fffb02ca000-7fffb02cc000 r--p 00000000 00:00 0                          [vvar]
ffffffffff600000-ffffffffff601000 r-xp 00000000 00:00 0                  [vsyscall]

VM Arguments:
java_command: com.elle.analyster.Application
java_class_path (initial): /home/cigreja/Dropbox/AnalysterCarlos/Analyster/target/classes:/home/cigreja/.m2/repository/org/springframework/boot/spring-boot-starter/1.2.3.RELEASE/spring-boot-starter-1.2.3.RELEASE.jar:/home/cigreja/.m2/repository/org/springframework/boot/spring-boot/1.2.3.RELEASE/spring-boot-1.2.3.RELEASE.jar:/home/cigreja/.m2/repository/org/springframework/spring-context/4.1.6.RELEASE/spring-context-4.1.6.RELEASE.jar:/home/cigreja/.m2/repository/org/springframework/spring-aop/4.1.6.RELEASE/spring-aop-4.1.6.RELEASE.jar:/home/cigreja/.m2/repository/aopalliance/aopalliance/1.0/aopalliance-1.0.jar:/home/cigreja/.m2/repository/org/springframework/spring-beans/4.1.6.RELEASE/spring-beans-4.1.6.RELEASE.jar:/home/cigreja/.m2/repository/org/springframework/spring-expression/4.1.6.RELEASE/spring-expression-4.1.6.RELEASE.jar:/home/cigreja/.m2/repository/org/springframework/boot/spring-boot-autoconfigure/1.2.3.RELEASE/spring-boot-autoconfigure-1.2.3.RELEASE.jar:/home/cigreja/.m2/repository/org/springframework/boot/spring-boot-starter-logging/1.2.3.RELEASE/spring-boot-starter-logging-1.2.3.RELEASE.jar:/home/cigreja/.m2/repository/org/slf4j/jcl-over-slf4j/1.7.11/jcl-over-slf4j-1.7.11.jar:/home/cigreja/.m2/repository/org/slf4j/slf4j-api/1.7.11/slf4j-api-1.7.11.jar:/home/cigreja/.m2/repository/org/slf4j/jul-to-slf4j/1.7.11/jul-to-slf4j-1.7.11.jar:/home/cigreja/.m2/repository/org/slf4j/log4j-over-slf4j/1.7.11/log4j-over-slf4j-1.7.11.jar:/home/cigreja/.m2/repository/ch/qos/logback/logback-classic/1.1.3/logback-classic-1.1.3.jar:/home/cigreja/.m2/repository/ch/qos/logback/logback-core/1.1.3/logback-core-1.1.3.jar:/home/cigreja/.m2/repository/org/springframework/spring-core/4.1.6.RELEASE/spring-core-4.1.6.RELEASE.jar:/home/cigreja/.m2/repository/org/yaml/snakeyaml/1.14/snakeyaml-1.14.jar:/home/cigreja/.m2/repository/mysql/mysql-connector-java/5.1.35/mysql-connector-java-5.1.35.jar
Launcher Type: SUN_STANDARD

Environment Variables:
JAVA_HOME=/usr/lib/jvm/java-8-oracle
PATH=/usr/local/sbin:/usr/local/bin:/usr/sbin:/usr/bin:/sbin:/bin:/usr/games:/usr/local/games:/usr/lib/jvm/java-8-oracle/bin:/usr/lib/jvm/java-8-oracle/db/bin:/usr/lib/jvm/java-8-oracle/jre/bin
LD_LIBRARY_PATH=/usr/lib/jvm/java-8-oracle/jre/lib/amd64:/usr/lib/jvm/java-8-oracle/jre/lib/i386:
SHELL=/bin/bash
DISPLAY=:0

Signal Handlers:
SIGSEGV: [libjvm.so+0xaad1e0], sa_mask[0]=11111111011111111101111111111110, sa_flags=SA_RESTART|SA_SIGINFO
SIGBUS: [libjvm.so+0xaad1e0], sa_mask[0]=11111111011111111101111111111110, sa_flags=SA_RESTART|SA_SIGINFO
SIGFPE: [libjvm.so+0x90b450], sa_mask[0]=11111111011111111101111111111110, sa_flags=SA_RESTART|SA_SIGINFO
SIGPIPE: [libjvm.so+0x90b450], sa_mask[0]=11111111011111111101111111111110, sa_flags=SA_RESTART|SA_SIGINFO
SIGXFSZ: [libjvm.so+0x90b450], sa_mask[0]=11111111011111111101111111111110, sa_flags=SA_RESTART|SA_SIGINFO
SIGILL: [libjvm.so+0x90b450], sa_mask[0]=11111111011111111101111111111110, sa_flags=SA_RESTART|SA_SIGINFO
SIGUSR1: SIG_DFL, sa_mask[0]=00000000000000000000000000000000, sa_flags=none
SIGUSR2: [libjvm.so+0x90ca90], sa_mask[0]=00100000000000000000000000000000, sa_flags=SA_RESTART|SA_SIGINFO
SIGHUP: [libjvm.so+0x90dde0], sa_mask[0]=11111111011111111101111111111110, sa_flags=SA_RESTART|SA_SIGINFO
SIGINT: SIG_IGN, sa_mask[0]=00000000000000000000000000000000, sa_flags=none
SIGTERM: [libjvm.so+0x90dde0], sa_mask[0]=11111111011111111101111111111110, sa_flags=SA_RESTART|SA_SIGINFO
SIGQUIT: [libjvm.so+0x90dde0], sa_mask[0]=11111111011111111101111111111110, sa_flags=SA_RESTART|SA_SIGINFO


---------------  S Y S T E M  ---------------

OS:DISTRIB_ID=Ubuntu
DISTRIB_RELEASE=14.04
DISTRIB_CODENAME=trusty
DISTRIB_DESCRIPTION="Ubuntu 14.04.2 LTS"

uname:Linux 3.16.0-43-generic #58~14.04.1-Ubuntu SMP Mon Jun 22 10:21:20 UTC 2015 x86_64
libc:glibc 2.19 NPTL 2.19 
rlimit: STACK 8192k, CORE 0k, NPROC 63780, NOFILE 4096, AS infinity
load average:3.27 1.20 1.03

/proc/meminfo:
MemTotal:       16415292 kB
MemFree:          168320 kB
MemAvailable:     535720 kB
Buffers:          111108 kB
Cached:          8794672 kB
SwapCached:        24496 kB
Active:          7787076 kB
Inactive:        7890088 kB
Active(anon):    7588996 kB
Inactive(anon):  7684804 kB
Active(file):     198080 kB
Inactive(file):   205284 kB
Unevictable:         296 kB
Mlocked:             296 kB
SwapTotal:      32836604 kB
SwapFree:       32802768 kB
Dirty:              4364 kB
Writeback:             0 kB
AnonPages:       6748468 kB
Mapped:          1066964 kB
Shmem:           8501132 kB
Slab:             264452 kB
SReclaimable:     217440 kB
SUnreclaim:        47012 kB
KernelStack:       15200 kB
PageTables:        69700 kB
NFS_Unstable:          0 kB
Bounce:                0 kB
WritebackTmp:          0 kB
CommitLimit:    41044248 kB
Committed_AS:   24047392 kB
VmallocTotal:   34359738367 kB
VmallocUsed:      340120 kB
VmallocChunk:   34359387924 kB
HardwareCorrupted:     0 kB
AnonHugePages:   4759552 kB
HugePages_Total:       0
HugePages_Free:        0
HugePages_Rsvd:        0
HugePages_Surp:        0
Hugepagesize:       2048 kB
DirectMap4k:      126592 kB
DirectMap2M:     6146048 kB
DirectMap1G:    10485760 kB


CPU:total 6 (6 cores per cpu, 1 threads per core) family 21 model 1 stepping 2, cmov, cx8, fxsr, mmx, sse, sse2, sse3, ssse3, sse4.1, sse4.2, popcnt, avx, aes, clmul, mmxext, 3dnowpref, lzcnt, sse4a, tsc, tscinvbit, tscinv

/proc/cpuinfo:
processor	: 0
vendor_id	: AuthenticAMD
cpu family	: 21
model		: 1
model name	: AMD FX(tm)-6100 Six-Core Processor
stepping	: 2
microcode	: 0x6000629
cpu MHz		: 3300.000
cache size	: 2048 KB
physical id	: 0
siblings	: 6
core id		: 0
cpu cores	: 3
apicid		: 0
initial apicid	: 0
fpu		: yes
fpu_exception	: yes
cpuid level	: 13
wp		: yes
flags		: fpu vme de pse tsc msr pae mce cx8 apic sep mtrr pge mca cmov pat pse36 clflush mmx fxsr sse sse2 ht syscall nx mmxext fxsr_opt pdpe1gb rdtscp lm constant_tsc rep_good nopl nonstop_tsc extd_apicid aperfmperf pni pclmulqdq monitor ssse3 cx16 sse4_1 sse4_2 popcnt aes xsave avx lahf_lm cmp_legacy svm extapic cr8_legacy abm sse4a misalignsse 3dnowprefetch osvw ibs xop skinit wdt lwp fma4 nodeid_msr topoext perfctr_core perfctr_nb arat cpb hw_pstate npt lbrv svm_lock nrip_save tsc_scale vmcb_clean flushbyasid decodeassists pausefilter pfthreshold vmmcall
bogomips	: 6645.00
TLB size	: 1536 4K pages
clflush size	: 64
cache_alignment	: 64
address sizes	: 48 bits physical, 48 bits virtual
power management: ts ttp tm 100mhzsteps hwpstate cpb

processor	: 1
vendor_id	: AuthenticAMD
cpu family	: 21
model		: 1
model name	: AMD FX(tm)-6100 Six-Core Processor             
stepping	: 2
microcode	: 0x6000629
cpu MHz		: 1400.000
cache size	: 2048 KB
physical id	: 0
siblings	: 6
core id		: 1
cpu cores	: 3
apicid		: 1
initial apicid	: 1
fpu		: yes
fpu_exception	: yes
cpuid level	: 13
wp		: yes
flags		: fpu vme de pse tsc msr pae mce cx8 apic sep mtrr pge mca cmov pat pse36 clflush mmx fxsr sse sse2 ht syscall nx mmxext fxsr_opt pdpe1gb rdtscp lm constant_tsc rep_good nopl nonstop_tsc extd_apicid aperfmperf pni pclmulqdq monitor ssse3 cx16 sse4_1 sse4_2 popcnt aes xsave avx lahf_lm cmp_legacy svm extapic cr8_legacy abm sse4a misalignsse 3dnowprefetch osvw ibs xop skinit wdt lwp fma4 nodeid_msr topoext perfctr_core perfctr_nb arat cpb hw_pstate npt lbrv svm_lock nrip_save tsc_scale vmcb_clean flushbyasid decodeassists pausefilter pfthreshold vmmcall
bogomips	: 6645.00
TLB size	: 1536 4K pages
clflush size	: 64
cache_alignment	: 64
address sizes	: 48 bits physical, 48 bits virtual
power management: ts ttp tm 100mhzsteps hwpstate cpb

processor	: 2
vendor_id	: AuthenticAMD
cpu family	: 21
model		: 1
model name	: AMD FX(tm)-6100 Six-Core Processor             
stepping	: 2
microcode	: 0x6000629
cpu MHz		: 1800.000
cache size	: 2048 KB
physical id	: 0
siblings	: 6
core id		: 5
cpu cores	: 3
apicid		: 2
initial apicid	: 5
fpu		: yes
fpu_exception	: yes
cpuid level	: 13
wp		: yes
flags		: fpu vme de pse tsc msr pae mce cx8 apic sep mtrr pge mca cmov pat pse36 clflush mmx fxsr sse sse2 ht syscall nx mmxext fxsr_opt pdpe1gb rdtscp lm constant_tsc rep_good nopl nonstop_tsc extd_apicid aperfmperf pni pclmulqdq monitor ssse3 cx16 sse4_1 sse4_2 popcnt aes xsave avx lahf_lm cmp_legacy svm extapic cr8_legacy abm sse4a misalignsse 3dnowprefetch osvw ibs xop skinit wdt lwp fma4 nodeid_msr topoext perfctr_core perfctr_nb arat cpb hw_pstate npt lbrv svm_lock nrip_save tsc_scale vmcb_clean flushbyasid decodeassists pausefilter pfthreshold vmmcall
bogomips	: 6645.00
TLB size	: 1536 4K pages
clflush size	: 64
cache_alignment	: 64
address sizes	: 48 bits physical, 48 bits virtual
power management: ts ttp tm 100mhzsteps hwpstate cpb

processor	: 3
vendor_id	: AuthenticAMD
cpu family	: 21
model		: 1
model name	: AMD FX(tm)-6100 Six-Core Processor             
stepping	: 2
microcode	: 0x6000629
cpu MHz		: 1400.000
cache size	: 2048 KB
physical id	: 0
siblings	: 6
core id		: 4
cpu cores	: 3
apicid		: 3
initial apicid	: 4
fpu		: yes
fpu_exception	: yes
cpuid level	: 13
wp		: yes
flags		: fpu vme de pse tsc msr pae mce cx8 apic sep mtrr pge mca cmov pat pse36 clflush mmx fxsr sse sse2 ht syscall nx mmxext fxsr_opt pdpe1gb rdtscp lm constant_tsc rep_good nopl nonstop_tsc extd_apicid aperfmperf pni pclmulqdq monitor ssse3 cx16 sse4_1 sse4_2 popcnt aes xsave avx lahf_lm cmp_legacy svm extapic cr8_legacy abm sse4a misalignsse 3dnowprefetch osvw ibs xop skinit wdt lwp fma4 nodeid_msr topoext perfctr_core perfctr_nb arat cpb hw_pstate npt lbrv svm_lock nrip_save tsc_scale vmcb_clean flushbyasid decodeassists pausefilter pfthreshold vmmcall
bogomips	: 6645.00
TLB size	: 1536 4K pages
clflush size	: 64
cache_alignment	: 64
address sizes	: 48 bits physical, 48 bits virtual
power management: ts ttp tm 100mhzsteps hwpstate cpb

processor	: 4
vendor_id	: AuthenticAMD
cpu family	: 21
model		: 1
model name	: AMD FX(tm)-6100 Six-Core Processor             
stepping	: 2
microcode	: 0x6000629
cpu MHz		: 1400.000
cache size	: 2048 KB
physical id	: 0
siblings	: 6
core id		: 3
cpu cores	: 3
apicid		: 4
initial apicid	: 3
fpu		: yes
fpu_exception	: yes
cpuid level	: 13
wp		: yes
flags		: fpu vme de pse tsc msr pae mce cx8 apic sep mtrr pge mca cmov pat pse36 clflush mmx fxsr sse sse2 ht syscall nx mmxext fxsr_opt pdpe1gb rdtscp lm constant_tsc rep_good nopl nonstop_tsc extd_apicid aperfmperf pni pclmulqdq monitor ssse3 cx16 sse4_1 sse4_2 popcnt aes xsave avx lahf_lm cmp_legacy svm extapic cr8_legacy abm sse4a misalignsse 3dnowprefetch osvw ibs xop skinit wdt lwp fma4 nodeid_msr topoext perfctr_core perfctr_nb arat cpb hw_pstate npt lbrv svm_lock nrip_save tsc_scale vmcb_clean flushbyasid decodeassists pausefilter pfthreshold vmmcall
bogomips	: 6645.00
TLB size	: 1536 4K pages
clflush size	: 64
cache_alignment	: 64
address sizes	: 48 bits physical, 48 bits virtual
power management: ts ttp tm 100mhzsteps hwpstate cpb

processor	: 5
vendor_id	: AuthenticAMD
cpu family	: 21
model		: 1
model name	: AMD FX(tm)-6100 Six-Core Processor             
stepping	: 2
microcode	: 0x6000629
cpu MHz		: 1400.000
cache size	: 2048 KB
physical id	: 0
siblings	: 6
core id		: 2
cpu cores	: 3
apicid		: 5
initial apicid	: 2
fpu		: yes
fpu_exception	: yes
cpuid level	: 13
wp		: yes
flags		: fpu vme de pse tsc msr pae mce cx8 apic sep mtrr pge mca cmov pat pse36 clflush mmx fxsr sse sse2 ht syscall nx mmxext fxsr_opt pdpe1gb rdtscp lm constant_tsc rep_good nopl nonstop_tsc extd_apicid aperfmperf pni pclmulqdq monitor ssse3 cx16 sse4_1 sse4_2 popcnt aes xsave avx lahf_lm cmp_legacy svm extapic cr8_legacy abm sse4a misalignsse 3dnowprefetch osvw ibs xop skinit wdt lwp fma4 nodeid_msr topoext perfctr_core perfctr_nb arat cpb hw_pstate npt lbrv svm_lock nrip_save tsc_scale vmcb_clean flushbyasid decodeassists pausefilter pfthreshold vmmcall
bogomips	: 6645.00
TLB size	: 1536 4K pages
clflush size	: 64
cache_alignment	: 64
address sizes	: 48 bits physical, 48 bits virtual
power management: ts ttp tm 100mhzsteps hwpstate cpb



Memory: 4k page, physical 16415292k(167784k free), swap 32836604k(32802768k free)

vm_info: Java HotSpot(TM) 64-Bit Server VM (25.45-b02) for linux-amd64 JRE (1.8.0_45-b14), built on Apr 10 2015 10:07:45 by "java_re" with gcc 4.3.0 20080428 (Red Hat 4.3.0-8)

time: Tue Jun 30 11:53:39 2015
elapsed time: 7541 seconds (0d 2h 5m 41s)

