#
# A fatal error has been detected by the Java Runtime Environment:
#
#  SIGSEGV (0xb) at pc=0x00007fe5e6d79443, pid=7348, tid=140625369265920
#
# JRE version: Java(TM) SE Runtime Environment (8.0_45-b14) (build 1.8.0_45-b14)
# Java VM: Java HotSpot(TM) 64-Bit Server VM (25.45-b02 mixed mode linux-amd64 compressed oops)
# Problematic frame:
# C  [libX11.so.6+0x89443]
#
# Failed to write core dump. Core dumps have been disabled. To enable core dumping, try "ulimit -c unlimited" before starting Java again
#
# If you would like to submit a bug report, please visit:
#   http://bugreport.java.com/bugreport/crash.jsp
# The crash happened outside the Java Virtual Machine in native code.
# See problematic frame for where to report the bug.
#

---------------  T H R E A D  ---------------

Current thread (0x00007fe63871b000):  JavaThread "AWT-XAWT" daemon [_thread_in_native, id=7369, stack(0x00007fe5e51e7000,0x00007fe5e52e8000)]

siginfo: si_signo: 11 (SIGSEGV), si_code: 1 (SEGV_MAPERR), si_addr: 0x000000000000000a

Registers:
RAX=0x00007fe638676660, RBX=0x00007fe63866c5d0, RCX=0x0000000000000000, RDX=0x0000000000000087
RSP=0x00007fe5e52e6570, RBP=0x000000000000000a, RSI=0x0000000000000000, RDI=0x00007fe63866c5d0
R8 =0x0000000000000000, R9 =0x0000000000000006, R10=0x00007fe5e52e6370, R11=0x00007fe5e6d7a0a0
R12=0x0000000000000000, R13=0x00007fe5e5eff230, R14=0x00007fe5e52e6678, R15=0x00007fe63871b000
RIP=0x00007fe5e6d79443, EFLAGS=0x0000000000010246, CSGSFS=0x0000000000000033, ERR=0x0000000000000004
  TRAPNO=0x000000000000000e

Top of Stack: (sp=0x00007fe5e52e6570)
0x00007fe5e52e6570:   0000000000000000 00007fe63866c5d0
0x00007fe5e52e6580:   0000000000000047 00007fe5e6d7a0f1
0x00007fe5e52e6590:   00007fe5e5eff230 00007fe5e52e65b0
0x00007fe5e52e65a0:   0000000000000000 00007fe5e7298591
0x00007fe5e52e65b0:   00007fe5e52e6630 00007fe6289d5354
0x00007fe5e52e65c0:   00007fe5e5eff230 0000000000000000
0x00007fe5e52e65d0:   00007fe5e52e6630 00007fe6289d50d9
0x00007fe5e52e65e0:   00007fe63871b000 00007fe6289d50a2
0x00007fe5e52e65f0:   00007fe5e52e65f0 00007fe5e5eff230
0x00007fe5e52e6600:   00007fe5e52e6678 00007fe5e5f00260
0x00007fe5e52e6610:   0000000000000000 00007fe5e5eff230
0x00007fe5e52e6620:   0000000000000000 00007fe5e52e6650
0x00007fe5e52e6630:   00007fe5e52e66c0 00007fe6289c7760
0x00007fe5e52e6640:   00000006c58067a8 00007fe6289cf577
0x00007fe5e52e6650:   0000000000000000 0000000000000000
0x00007fe5e52e6660:   0000000000000047 00007fe6289c7760
0x00007fe5e52e6670:   00007fe63866c5d0 00007fe6289c7760
0x00007fe5e52e6680:   00007fe5e52e6680 00007fe5e5eea76f
0x00007fe5e52e6690:   00007fe5e52e66e8 00007fe5e5eed950
0x00007fe5e52e66a0:   0000000000000000 00007fe5e5eea790
0x00007fe5e52e66b0:   00007fe5e52e6650 00007fe5e52e66e0
0x00007fe5e52e66c0:   00007fe5e52e6730 00007fe6289c7c4d
0x00007fe5e52e66d0:   0000000000000001 0000000777efb250
0x00007fe5e52e66e0:   00000006c5850f48 00000006c5850ef0
0x00007fe5e52e66f0:   00007fe5e52e66f0 00007fe5e5ee4a29
0x00007fe5e52e6700:   00007fe5e52e6778 00007fe5e5eed950
0x00007fe5e52e6710:   0000000000000000 00007fe5e5ee4c00
0x00007fe5e52e6720:   00007fe5e52e66e0 00007fe5e52e6770
0x00007fe5e52e6730:   00007fe5e52e67c0 00007fe6289c7c4d
0x00007fe5e52e6740:   0000000000000000 0000000775a95b80
0x00007fe5e52e6750:   0000000000000000 0000000000000000
0x00007fe5e52e6760:   0000000000000000 00000006c5850f48 

Instructions: (pc=0x00007fe5e6d79443)
0x00007fe5e6d79423:   83 ec 08 e8 f5 57 fb ff 48 8b 93 20 0a 00 00 31
0x00007fe5e6d79433:   c9 31 f6 48 8b 52 08 8b 52 04 c6 40 01 08 88 10
0x00007fe5e6d79443:   0f b7 55 00 66 89 48 06 c6 40 0b 00 c6 40 0a 00
0x00007fe5e6d79453:   c6 40 0d 00 c6 40 0c 00 c6 40 0f 00 66 89 50 04 

Register to memory mapping:

RAX=0x00007fe638676660 is an unknown value
RBX=0x00007fe63866c5d0 is an unknown value
RCX=0x0000000000000000 is an unknown value
RDX=0x0000000000000087 is an unknown value
RSP=0x00007fe5e52e6570 is pointing into the stack for thread: 0x00007fe63871b000
RBP=0x000000000000000a is an unknown value
RSI=0x0000000000000000 is an unknown value
RDI=0x00007fe63866c5d0 is an unknown value
R8 =0x0000000000000000 is an unknown value
R9 =0x0000000000000006 is an unknown value
R10=0x00007fe5e52e6370 is pointing into the stack for thread: 0x00007fe63871b000
R11=0x00007fe5e6d7a0a0: XkbGetUpdatedMap+0 in /usr/lib/x86_64-linux-gnu/libX11.so.6 at 0x00007fe5e6cf0000
R12=0x0000000000000000 is an unknown value
R13={method} {0x00007fe5e5eff230} 'XkbGetUpdatedMap' '(JJJ)J' in 'sun/awt/X11/XlibWrapper'
R14=0x00007fe5e52e6678 is pointing into the stack for thread: 0x00007fe63871b000
R15=0x00007fe63871b000 is a thread


Stack: [0x00007fe5e51e7000,0x00007fe5e52e8000],  sp=0x00007fe5e52e6570,  free space=1021k
Native frames: (J=compiled Java code, j=interpreted, Vv=VM code, C=native code)
C  [libX11.so.6+0x89443]

Java frames: (J=compiled Java code, j=interpreted, Vv=VM code)
j  sun.awt.X11.XlibWrapper.XkbGetUpdatedMap(JJJ)J+0
j  sun.awt.X11.XToolkit.processXkbChanges(Lsun/awt/X11/XEvent;)V+87
j  sun.awt.X11.XToolkit.run(Z)V+137
j  sun.awt.X11.XToolkit.run()V+5
j  java.lang.Thread.run()V+11
v  ~StubRoutines::call_stub

---------------  P R O C E S S  ---------------

Java Threads: ( => current thread )
  0x00007fe5f0003000 JavaThread "SIGTERM handler" daemon [_thread_blocked, id=7399, stack(0x00007fe5c7acf000,0x00007fe5c7bd0000)]
  0x00007fe5f0002000 JavaThread "SIGTERM handler" daemon [_thread_blocked, id=7398, stack(0x00007fe5e44a7000,0x00007fe5e45a8000)]
  0x00007fe5f0001000 JavaThread "SIGTERM handler" daemon [_thread_blocked, id=7394, stack(0x00007fe5bfeff000,0x00007fe5c0000000)]
  0x00007fe5cc019800 JavaThread "Thread-1" [_thread_blocked, id=7388, stack(0x00007fe5e50e6000,0x00007fe5e51e7000)]
  0x00007fe6388c9800 JavaThread "AWT-EventQueue-0" [_thread_blocked, id=7372, stack(0x00007fe5e4810000,0x00007fe5e4911000)]
  0x00007fe6388c8000 JavaThread "AWT-Shutdown" [_thread_blocked, id=7371, stack(0x00007fe5e4fe5000,0x00007fe5e50e6000)]
=>0x00007fe63871b000 JavaThread "AWT-XAWT" daemon [_thread_in_native, id=7369, stack(0x00007fe5e51e7000,0x00007fe5e52e8000)]
  0x00007fe6386dc000 JavaThread "Java2D Disposer" daemon [_thread_blocked, id=7368, stack(0x00007fe5e56ff000,0x00007fe5e5800000)]
  0x00007fe6380cd000 JavaThread "Service Thread" daemon [_thread_blocked, id=7366, stack(0x00007fe5e7eff000,0x00007fe5e8000000)]
  0x00007fe6380bf800 JavaThread "C1 CompilerThread2" daemon [_thread_blocked, id=7365, stack(0x00007fe6040be000,0x00007fe6041bf000)]
  0x00007fe6380be000 JavaThread "C2 CompilerThread1" daemon [_thread_blocked, id=7364, stack(0x00007fe6041bf000,0x00007fe6042c0000)]
  0x00007fe6380bb000 JavaThread "C2 CompilerThread0" daemon [_thread_blocked, id=7363, stack(0x00007fe624006000,0x00007fe624107000)]
  0x00007fe6380b9800 JavaThread "Signal Dispatcher" daemon [_thread_blocked, id=7362, stack(0x00007fe624107000,0x00007fe624208000)]
  0x00007fe638083800 JavaThread "Finalizer" daemon [_thread_blocked, id=7361, stack(0x00007fe6248eb000,0x00007fe6249ec000)]
  0x00007fe638081800 JavaThread "Reference Handler" daemon [_thread_blocked, id=7360, stack(0x00007fe6249ec000,0x00007fe624aed000)]
  0x00007fe63800a800 JavaThread "main" [_thread_blocked, id=7352, stack(0x00007fe63e9c9000,0x00007fe63eaca000)]

Other Threads:
  0x00007fe63807c800 VMThread [stack: 0x00007fe624aed000,0x00007fe624bee000] [id=7359]
  0x00007fe6380cf800 WatcherThread [stack: 0x00007fe5e7dfe000,0x00007fe5e7eff000] [id=7367]

VM state:not at safepoint (normal execution)

VM Mutex/Monitor currently owned by a thread: None

Heap:
 PSYoungGen      total 834560K, used 205074K [0x000000076c800000, 0x00000007b2a00000, 0x00000007c0000000)
  eden space 825856K, 24% used [0x000000076c800000,0x0000000778f8bb48,0x000000079ee80000)
  from space 8704K, 8% used [0x000000079ee80000,0x000000079ef390a8,0x000000079f700000)
  to   space 8704K, 0% used [0x00000007b2180000,0x00000007b2180000,0x00000007b2a00000)
 ParOldGen       total 93696K, used 6159K [0x00000006c5800000, 0x00000006cb380000, 0x000000076c800000)
  object space 93696K, 6% used [0x00000006c5800000,0x00000006c5e03c38,0x00000006cb380000)
 Metaspace       used 24135K, capacity 24396K, committed 24704K, reserved 1071104K
  class space    used 3057K, capacity 3171K, committed 3200K, reserved 1048576K

Card table byte_map: [0x00007fe627e2b000,0x00007fe628600000] byte_map_base: 0x00007fe6247ff000

Marking Bits: (ParMarkBitMap*) 0x00007fe63de75760
 Begin Bits: [0x00007fe6042c0000, 0x00007fe608160000)
 End Bits:   [0x00007fe608160000, 0x00007fe60c000000)

Polling page: 0x00007fe63eacd000

CodeCache: size=245760Kb used=9546Kb max_used=10143Kb free=236213Kb
 bounds [0x00007fe6289c0000, 0x00007fe6293c0000, 0x00007fe6379c0000]
 total_blobs=3488 nmethods=2889 adapters=511
 compilation: enabled

Compilation events (10 events):
Event: 4397.093 Thread 0x00007fe6380bf800 3365       1       sun.awt.X11.XWindow::isShowing (5 bytes)
Event: 4397.093 Thread 0x00007fe6380bf800 nmethod 3365 0x00007fe628e18dd0 code [0x00007fe628e18f20, 0x00007fe628e19030]
Event: 4422.023 Thread 0x00007fe6380be000 3366       4       sun.awt.X11.XEvent::get_xany (22 bytes)
Event: 4422.029 Thread 0x00007fe6380be000 nmethod 3366 0x00007fe628e1bb50 code [0x00007fe628e1bd00, 0x00007fe628e1c078]
Event: 4520.705 Thread 0x00007fe6380bf800 3367       3       sun.awt.X11.XWM::getWM (27 bytes)
Event: 4520.706 Thread 0x00007fe6380bf800 nmethod 3367 0x00007fe629104b50 code [0x00007fe629104ce0, 0x00007fe629104f78]
Event: 8591.706 Thread 0x00007fe6380bb000 3368       4       java.util.AbstractList::<init> (10 bytes)
Event: 8591.706 Thread 0x00007fe6380bb000 nmethod 3368 0x00007fe628f1f250 code [0x00007fe628f1f3a0, 0x00007fe628f1f3f8]
Event: 11638.540 Thread 0x00007fe6380bf800 3369       3       java.lang.Long::equals (30 bytes)
Event: 11638.541 Thread 0x00007fe6380bf800 nmethod 3369 0x00007fe629104410 code [0x00007fe6291045a0, 0x00007fe629104a70]

GC Heap History (10 events):
Event: 2.727 GC heap before
{Heap before GC invocations=8 (full 0):
 PSYoungGen      total 265216K, used 258858K [0x000000076c800000, 0x000000078d000000, 0x00000007c0000000)
  eden space 258048K, 99% used [0x000000076c800000,0x000000077c3c8760,0x000000077c400000)
  from space 7168K, 14% used [0x000000077c400000,0x000000077c5022f8,0x000000077cb00000)
  to   space 8192K, 0% used [0x000000078c800000,0x000000078c800000,0x000000078d000000)
 ParOldGen       total 172032K, used 4484K [0x00000006c5800000, 0x00000006d0000000, 0x000000076c800000)
  object space 172032K, 2% used [0x00000006c5800000,0x00000006c5c610b0,0x00000006d0000000)
 Metaspace       used 20637K, capacity 20908K, committed 21248K, reserved 1067008K
  class space    used 2594K, capacity 2691K, committed 2816K, reserved 1048576K
Event: 2.730 GC heap after
Heap after GC invocations=8 (full 0):
 PSYoungGen      total 524288K, used 1949K [0x000000076c800000, 0x000000078d000000, 0x00000007c0000000)
  eden space 516096K, 0% used [0x000000076c800000,0x000000076c800000,0x000000078c000000)
  from space 8192K, 23% used [0x000000078c800000,0x000000078c9e7618,0x000000078d000000)
  to   space 8192K, 0% used [0x000000078c000000,0x000000078c000000,0x000000078c800000)
 ParOldGen       total 172032K, used 4572K [0x00000006c5800000, 0x00000006d0000000, 0x000000076c800000)
  object space 172032K, 2% used [0x00000006c5800000,0x00000006c5c770b0,0x00000006d0000000)
 Metaspace       used 20637K, capacity 20908K, committed 21248K, reserved 1067008K
  class space    used 2594K, capacity 2691K, committed 2816K, reserved 1048576K
}
Event: 2.972 GC heap before
{Heap before GC invocations=9 (full 0):
 PSYoungGen      total 524288K, used 518045K [0x000000076c800000, 0x000000078d000000, 0x00000007c0000000)
  eden space 516096K, 100% used [0x000000076c800000,0x000000078c000000,0x000000078c000000)
  from space 8192K, 23% used [0x000000078c800000,0x000000078c9e7618,0x000000078d000000)
  to   space 8192K, 0% used [0x000000078c000000,0x000000078c000000,0x000000078c800000)
 ParOldGen       total 172032K, used 4572K [0x00000006c5800000, 0x00000006d0000000, 0x000000076c800000)
  object space 172032K, 2% used [0x00000006c5800000,0x00000006c5c770b0,0x00000006d0000000)
 Metaspace       used 20637K, capacity 20908K, committed 21248K, reserved 1067008K
  class space    used 2594K, capacity 2691K, committed 2816K, reserved 1048576K
Event: 2.977 GC heap after
Heap after GC invocations=9 (full 0):
 PSYoungGen      total 524288K, used 1097K [0x000000076c800000, 0x000000079ff80000, 0x00000007c0000000)
  eden space 516096K, 0% used [0x000000076c800000,0x000000076c800000,0x000000078c000000)
  from space 8192K, 13% used [0x000000078c000000,0x000000078c112658,0x000000078c800000)
  to   space 8704K, 0% used [0x000000079f700000,0x000000079f700000,0x000000079ff80000)
 ParOldGen       total 172032K, used 4668K [0x00000006c5800000, 0x00000006d0000000, 0x000000076c800000)
  object space 172032K, 2% used [0x00000006c5800000,0x00000006c5c8f0b0,0x00000006d0000000)
 Metaspace       used 20637K, capacity 20908K, committed 21248K, reserved 1067008K
  class space    used 2594K, capacity 2691K, committed 2816K, reserved 1048576K
}
Event: 3.139 GC heap before
{Heap before GC invocations=10 (full 0):
 PSYoungGen      total 524288K, used 373413K [0x000000076c800000, 0x000000079ff80000, 0x00000007c0000000)
  eden space 516096K, 72% used [0x000000076c800000,0x0000000783396ee0,0x000000078c000000)
  from space 8192K, 13% used [0x000000078c000000,0x000000078c112658,0x000000078c800000)
  to   space 8704K, 0% used [0x000000079f700000,0x000000079f700000,0x000000079ff80000)
 ParOldGen       total 172032K, used 4668K [0x00000006c5800000, 0x00000006d0000000, 0x000000076c800000)
  object space 172032K, 2% used [0x00000006c5800000,0x00000006c5c8f0b0,0x00000006d0000000)
 Metaspace       used 20672K, capacity 20908K, committed 21248K, reserved 1067008K
  class space    used 2594K, capacity 2691K, committed 2816K, reserved 1048576K
Event: 3.152 GC heap after
Heap after GC invocations=10 (full 0):
 PSYoungGen      total 834560K, used 1580K [0x000000076c800000, 0x000000079ff80000, 0x00000007c0000000)
  eden space 825856K, 0% used [0x000000076c800000,0x000000076c800000,0x000000079ee80000)
  from space 8704K, 18% used [0x000000079f700000,0x000000079f88b320,0x000000079ff80000)
  to   space 8704K, 0% used [0x000000079ee80000,0x000000079ee80000,0x000000079f700000)
 ParOldGen       total 172032K, used 4812K [0x00000006c5800000, 0x00000006d0000000, 0x000000076c800000)
  object space 172032K, 2% used [0x00000006c5800000,0x00000006c5cb30b8,0x00000006d0000000)
 Metaspace       used 20672K, capacity 20908K, committed 21248K, reserved 1067008K
  class space    used 2594K, capacity 2691K, committed 2816K, reserved 1048576K
}
Event: 3.152 GC heap before
{Heap before GC invocations=11 (full 1):
 PSYoungGen      total 834560K, used 1580K [0x000000076c800000, 0x000000079ff80000, 0x00000007c0000000)
  eden space 825856K, 0% used [0x000000076c800000,0x000000076c800000,0x000000079ee80000)
  from space 8704K, 18% used [0x000000079f700000,0x000000079f88b320,0x000000079ff80000)
  to   space 8704K, 0% used [0x000000079ee80000,0x000000079ee80000,0x000000079f700000)
 ParOldGen       total 172032K, used 4812K [0x00000006c5800000, 0x00000006d0000000, 0x000000076c800000)
  object space 172032K, 2% used [0x00000006c5800000,0x00000006c5cb30b8,0x00000006d0000000)
 Metaspace       used 20672K, capacity 20908K, committed 21248K, reserved 1067008K
  class space    used 2594K, capacity 2691K, committed 2816K, reserved 1048576K
Event: 3.237 GC heap after
Heap after GC invocations=11 (full 1):
 PSYoungGen      total 834560K, used 0K [0x000000076c800000, 0x000000079ff80000, 0x00000007c0000000)
  eden space 825856K, 0% used [0x000000076c800000,0x000000076c800000,0x000000079ee80000)
  from space 8704K, 0% used [0x000000079f700000,0x000000079f700000,0x000000079ff80000)
  to   space 8704K, 0% used [0x000000079ee80000,0x000000079ee80000,0x000000079f700000)
 ParOldGen       total 93696K, used 6151K [0x00000006c5800000, 0x00000006cb380000, 0x000000076c800000)
  object space 93696K, 6% used [0x00000006c5800000,0x00000006c5e01c38,0x00000006cb380000)
 Metaspace       used 20672K, capacity 20908K, committed 21248K, reserved 1067008K
  class space    used 2594K, capacity 2691K, committed 2816K, reserved 1048576K
}
Event: 3.580 GC heap before
{Heap before GC invocations=12 (full 1):
 PSYoungGen      total 834560K, used 825682K [0x000000076c800000, 0x000000079ff80000, 0x00000007c0000000)
  eden space 825856K, 99% used [0x000000076c800000,0x000000079ee54880,0x000000079ee80000)
  from space 8704K, 0% used [0x000000079f700000,0x000000079f700000,0x000000079ff80000)
  to   space 8704K, 0% used [0x000000079ee80000,0x000000079ee80000,0x000000079f700000)
 ParOldGen       total 93696K, used 6151K [0x00000006c5800000, 0x00000006cb380000, 0x000000076c800000)
  object space 93696K, 6% used [0x00000006c5800000,0x00000006c5e01c38,0x00000006cb380000)
 Metaspace       used 20694K, capacity 20972K, committed 21504K, reserved 1069056K
  class space    used 2594K, capacity 2691K, committed 2816K, reserved 1048576K
Event: 3.582 GC heap after
Heap after GC invocations=12 (full 1):
 PSYoungGen      total 834560K, used 740K [0x000000076c800000, 0x00000007b2a00000, 0x00000007c0000000)
  eden space 825856K, 0% used [0x000000076c800000,0x000000076c800000,0x000000079ee80000)
  from space 8704K, 8% used [0x000000079ee80000,0x000000079ef390a8,0x000000079f700000)
  to   space 8704K, 0% used [0x00000007b2180000,0x00000007b2180000,0x00000007b2a00000)
 ParOldGen       total 93696K, used 6159K [0x00000006c5800000, 0x00000006cb380000, 0x000000076c800000)
  object space 93696K, 6% used [0x00000006c5800000,0x00000006c5e03c38,0x00000006cb380000)
 Metaspace       used 20694K, capacity 20972K, committed 21504K, reserved 1069056K
  class space    used 2594K, capacity 2691K, committed 2816K, reserved 1048576K
}

Deoptimization events (10 events):
Event: 4.034 Thread 0x00007fe6388c9800 Uncommon trap: reason=bimorphic action=maybe_recompile pc=0x00007fe6290a6888 method=java.util.concurrent.locks.AbstractQueuedSynchronizer.release(I)Z @ 2
Event: 4.036 Thread 0x00007fe6388c9800 Uncommon trap: reason=bimorphic action=maybe_recompile pc=0x00007fe6290a6888 method=java.util.concurrent.locks.AbstractQueuedSynchronizer.release(I)Z @ 2
Event: 4.052 Thread 0x00007fe6388c9800 Uncommon trap: reason=unstable_if action=reinterpret pc=0x00007fe629087bc4 method=java.security.AccessControlContext.combine([Ljava/security/ProtectionDomain;[Ljava/security/ProtectionDomain;)[Ljava/security/ProtectionDomain; @ 151
Event: 4.052 Thread 0x00007fe6388c9800 Uncommon trap: reason=null_assert action=make_not_entrant pc=0x00007fe6292dcf40 method=java.awt.DefaultKeyboardFocusManager.dispatchEvent(Ljava/awt/AWTEvent;)Z @ 138
Event: 4.053 Thread 0x00007fe6388c9800 Uncommon trap: reason=unstable_if action=reinterpret pc=0x00007fe6290cc5b8 method=sun.awt.SunToolkit.getAppContext(Ljava/lang/Object;)Lsun/awt/AppContext; @ 4
Event: 4.057 Thread 0x00007fe6388c9800 Uncommon trap: reason=unstable_if action=reinterpret pc=0x00007fe629138f6c method=sun.awt.SunToolkit.getAppContext(Ljava/lang/Object;)Lsun/awt/AppContext; @ 4
Event: 4.145 Thread 0x00007fe6388c9800 Uncommon trap: reason=unstable_if action=reinterpret pc=0x00007fe6292b014c method=java.awt.KeyboardFocusManager.processCurrentLightweightRequests()V @ 12
Event: 4.855 Thread 0x00007fe6388c9800 Uncommon trap: reason=unstable_if action=reinterpret pc=0x00007fe629078cbc method=java.awt.AWTEvent.dispatched()V @ 4
Event: 4.855 Thread 0x00007fe6388c9800 Uncommon trap: reason=unstable_if action=reinterpret pc=0x00007fe6290c7e24 method=java.awt.AWTEvent.dispatched()V @ 4
Event: 56.876 Thread 0x00007fe63871b000 Uncommon trap: reason=unstable_if action=reinterpret pc=0x00007fe629012864 method=sun.awt.X11.XAwtState.getGrabWindow()Lsun/awt/X11/XBaseWindow; @ 6

Internal exceptions (10 events):
Event: 1.376 Thread 0x00007fe63800a800 Exception <a 'java/lang/ClassNotFoundException': TreeCell> (0x000000076cc84388) thrown at [/RE-WORK/workspace/8-2-build-linux-amd64/jdk8u45/3457/hotspot/src/share/vm/classfile/systemDictionary.cpp, line 210]
Event: 1.376 Thread 0x00007fe63800a800 Exception <a 'java/lang/ClassNotFoundException': RootPane> (0x000000076cc84e78) thrown at [/RE-WORK/workspace/8-2-build-linux-amd64/jdk8u45/3457/hotspot/src/share/vm/classfile/systemDictionary.cpp, line 210]
Event: 1.468 Thread 0x00007fe6388be000 Exception <a 'java/io/FileNotFoundException'> (0x000000076cdfe940) thrown at [/RE-WORK/workspace/8-2-build-linux-amd64/jdk8u45/3457/hotspot/src/share/vm/prims/jni.cpp, line 709]
Event: 3.651 Thread 0x00007fe63800a800 Implicit null exception at 0x00007fe6292268a8 to 0x00007fe629226cf1
Event: 3.677 Thread 0x00007fe63800a800 Implicit null exception at 0x00007fe629233df5 to 0x00007fe629234761
Event: 3.701 Thread 0x00007fe6388c9800 Implicit null exception at 0x00007fe6291ba890 to 0x00007fe6291bf941
Event: 3.812 Thread 0x00007fe63800a800 Implicit null exception at 0x00007fe6292d9cc2 to 0x00007fe6292d9e41
Event: 3.871 Thread 0x00007fe63800a800 Implicit null exception at 0x00007fe6292cd637 to 0x00007fe6292cda11
Event: 3.994 Thread 0x00007fe63800a800 Exception <a 'java/io/FileNotFoundException'> (0x0000000775b72920) thrown at [/RE-WORK/workspace/8-2-build-linux-amd64/jdk8u45/3457/hotspot/src/share/vm/prims/jni.cpp, line 709]
Event: 4.137 Thread 0x00007fe6388c9800 Exception <a 'java/lang/UnsupportedOperationException': > (0x0000000776903b70) thrown at [/RE-WORK/workspace/8-2-build-linux-amd64/jdk8u45/3457/hotspot/src/share/vm/prims/jni.cpp, line 735]

Events (10 events):
Event: 56.876 Thread 0x00007fe63871b000 DEOPT UNPACKING pc=0x00007fe6289c5229 sp=0x00007fe5e52e6410 mode 2
Event: 72.651 loading class sun/misc/Signal$1
Event: 72.651 loading class sun/misc/Signal$1 done
Event: 72.651 Thread 0x00007fe5f0001000 Thread added: 0x00007fe5f0001000
Event: 72.657 Thread 0x00007fe5f0002000 Thread added: 0x00007fe5f0002000
Event: 72.658 Thread 0x00007fe5f0003000 Thread added: 0x00007fe5f0003000
Event: 11694.593 loading class sun/awt/X11/XkbEvent
Event: 11694.691 loading class sun/awt/X11/XkbEvent done
Event: 11694.691 loading class sun/awt/X11/XkbAnyEvent
Event: 11694.728 loading class sun/awt/X11/XkbAnyEvent done


Dynamic libraries:
00400000-00401000 r-xp 00000000 08:03 3424510                            /usr/lib/jvm/java-8-oracle/bin/java
00600000-00601000 rw-p 00000000 08:03 3424510                            /usr/lib/jvm/java-8-oracle/bin/java
022d1000-022f2000 rw-p 00000000 00:00 0                                  [heap]
6c5800000-6cb380000 rw-p 00000000 00:00 0 
6cb380000-76c800000 ---p 00000000 00:00 0 
76c800000-7b2a00000 rw-p 00000000 00:00 0 
7b2a00000-7c0000000 ---p 00000000 00:00 0 
7c0000000-7c0320000 rw-p 00000000 00:00 0 
7c0320000-800000000 ---p 00000000 00:00 0 
7fe5b0000000-7fe5b0021000 rw-p 00000000 00:00 0 
7fe5b0021000-7fe5b4000000 ---p 00000000 00:00 0 
7fe5b8000000-7fe5b8021000 rw-p 00000000 00:00 0 
7fe5b8021000-7fe5bc000000 ---p 00000000 00:00 0 
7fe5bfeff000-7fe5bff02000 ---p 00000000 00:00 0 
7fe5bff02000-7fe5c0000000 rw-p 00000000 00:00 0                          [stack:7394]
7fe5c0000000-7fe5c0021000 rw-p 00000000 00:00 0 
7fe5c0021000-7fe5c4000000 ---p 00000000 00:00 0 
7fe5c7acf000-7fe5c7ad2000 ---p 00000000 00:00 0 
7fe5c7ad2000-7fe5c7bd0000 rw-p 00000000 00:00 0                          [stack:7399]
7fe5c7bd0000-7fe5c7bfa000 r-xp 00000000 08:03 3426031                    /usr/lib/jvm/java-8-oracle/jre/lib/amd64/libdcpr.so
7fe5c7bfa000-7fe5c7dfa000 ---p 0002a000 08:03 3426031                    /usr/lib/jvm/java-8-oracle/jre/lib/amd64/libdcpr.so
7fe5c7dfa000-7fe5c7dfd000 rw-p 0002a000 08:03 3426031                    /usr/lib/jvm/java-8-oracle/jre/lib/amd64/libdcpr.so
7fe5c7e00000-7fe5c7f00000 rw-p 00000000 00:00 0 
7fe5c7f00000-7fe5c8000000 ---p 00000000 00:00 0 
7fe5c8000000-7fe5c8021000 rw-p 00000000 00:00 0 
7fe5c8021000-7fe5cc000000 ---p 00000000 00:00 0 
7fe5cc000000-7fe5cc021000 rw-p 00000000 00:00 0 
7fe5cc021000-7fe5d0000000 ---p 00000000 00:00 0 
7fe5d0000000-7fe5d0030000 rw-p 00000000 00:00 0 
7fe5d0030000-7fe5d4000000 ---p 00000000 00:00 0 
7fe5d4000000-7fe5d4021000 rw-p 00000000 00:00 0 
7fe5d4021000-7fe5d8000000 ---p 00000000 00:00 0 
7fe5d8000000-7fe5d8021000 rw-p 00000000 00:00 0 
7fe5d8021000-7fe5dc000000 ---p 00000000 00:00 0 
7fe5dc000000-7fe5dc021000 rw-p 00000000 00:00 0 
7fe5dc021000-7fe5e0000000 ---p 00000000 00:00 0 
7fe5e0000000-7fe5e0021000 rw-p 00000000 00:00 0 
7fe5e0021000-7fe5e4000000 ---p 00000000 00:00 0 
7fe5e40c0000-7fe5e4129000 r-xp 00000000 08:03 3426043                    /usr/lib/jvm/java-8-oracle/jre/lib/amd64/libt2k.so
7fe5e4129000-7fe5e4328000 ---p 00069000 08:03 3426043                    /usr/lib/jvm/java-8-oracle/jre/lib/amd64/libt2k.so
7fe5e4328000-7fe5e432f000 rw-p 00068000 08:03 3426043                    /usr/lib/jvm/java-8-oracle/jre/lib/amd64/libt2k.so
7fe5e432f000-7fe5e433f000 rw-p 00000000 00:00 0 
7fe5e4340000-7fe5e4341000 r--s 00000000 08:03 3677075                    /var/cache/fontconfig/c05880de57d1f5e948fdfacc138775d9-le64.cache-4
7fe5e4348000-7fe5e4353000 r--s 00000000 08:03 3677069                    /var/cache/fontconfig/945677eb7aeaf62f1d50efc3fb3ec7d8-le64.cache-4
7fe5e4358000-7fe5e435a000 r--s 00000000 08:03 3678612                    /var/cache/fontconfig/99e8ed0e538f840c565b6ed5dad60d56-le64.cache-4
7fe5e4360000-7fe5e4369000 r--s 00000000 08:03 3678611                    /var/cache/fontconfig/a6d8cf8e4ec09cdbc8633c31745a07dd-le64.cache-4
7fe5e4370000-7fe5e4376000 r--s 00000000 08:03 3677055                    /var/cache/fontconfig/2cd17615ca594fa2959ae173292e504c-le64.cache-4
7fe5e4378000-7fe5e4379000 r--s 00000000 08:03 3677085                    /var/cache/fontconfig/e7071f4a29fa870f4323321c154eba04-le64.cache-4
7fe5e4380000-7fe5e4381000 r--s 00000000 08:03 3677052                    /var/cache/fontconfig/0d8c3b2ac0904cb8a57a757ad11a4a08-le64.cache-4
7fe5e4388000-7fe5e438f000 r--s 00000000 08:03 3677072                    /var/cache/fontconfig/a755afe4a08bf5b97852ceb7400b47bc-le64.cache-4
7fe5e4390000-7fe5e4394000 r--s 00000000 08:03 3678864                    /var/cache/fontconfig/de156ccd2eddbdc19d37a45b8b2aac9c-le64.cache-4
7fe5e4398000-7fe5e43ac000 r--s 00000000 08:03 3677050                    /var/cache/fontconfig/04aabc0a78ac019cf9454389977116d2-le64.cache-4
7fe5e43b0000-7fe5e43b1000 r--s 00000000 08:03 3677054                    /var/cache/fontconfig/1ac9eb803944fde146138c791f5cc56a-le64.cache-4
7fe5e43b8000-7fe5e43bc000 r--s 00000000 08:03 3677058                    /var/cache/fontconfig/385c0604a188198f04d133e54aba7fe7-le64.cache-4
7fe5e43c0000-7fe5e43c1000 r--s 00000000 08:03 3677082                    /var/cache/fontconfig/dc05db6664285cc2f12bf69c139ae4c3-le64.cache-4
7fe5e43c8000-7fe5e43ca000 r--s 00000000 08:03 3677066                    /var/cache/fontconfig/767a8244fc0220cfb567a839d0392e0b-le64.cache-4
7fe5e43d0000-7fe5e43d1000 r--s 00000000 08:03 3670956                    /var/cache/fontconfig/4794a0821666d79190d59a36cb4f44b5-le64.cache-4
7fe5e43d8000-7fe5e43dd000 r--s 00000000 08:03 3677068                    /var/cache/fontconfig/8801497958630a81b71ace7c5f9b32a8-le64.cache-4
7fe5e43e0000-7fe5e441b000 r--s 00000000 08:03 3673862                    /var/cache/fontconfig/365b55f210c0a22e9a19e35191240f32-le64.cache-4
7fe5e4420000-7fe5e4427000 r--s 00000000 08:03 3677056                    /var/cache/fontconfig/3047814df9a2f067bd2d96a2b9c36e5a-le64.cache-4
7fe5e4428000-7fe5e4429000 r--s 00000000 08:03 3677062                    /var/cache/fontconfig/56cf4f4769d0f4abc89a4895d7bd3ae1-le64.cache-4
7fe5e4430000-7fe5e4431000 r--s 00000000 08:03 3677074                    /var/cache/fontconfig/b9d506c9ac06c20b433354fa67a72993-le64.cache-4
7fe5e4438000-7fe5e443e000 r--s 00000000 08:03 3677073                    /var/cache/fontconfig/b47c4e1ecd0709278f4910c18777a504-le64.cache-4
7fe5e4440000-7fe5e4449000 r--s 00000000 08:03 3673884                    /var/cache/fontconfig/52f7bdb7ce746bfd7eaa1985bd9cfa93-le64.cache-4
7fe5e4450000-7fe5e4463000 r--s 00000000 08:03 3677079                    /var/cache/fontconfig/d52a8644073d54c13679302ca1180695-le64.cache-4
7fe5e4468000-7fe5e4471000 r--s 00000000 08:03 3670935                    /var/cache/fontconfig/3f7329c5293ffd510edef78f73874cfd-le64.cache-4
7fe5e44a7000-7fe5e44aa000 ---p 00000000 00:00 0 
7fe5e44aa000-7fe5e45a8000 rw-p 00000000 00:00 0                          [stack:7398]
7fe5e45a8000-7fe5e45bc000 r--s 00000000 08:03 657677                     /usr/share/fonts/type1/gsfonts/n019003l.pfb
7fe5e45c0000-7fe5e45d9000 r--s 00000000 08:03 657701                     /usr/share/fonts/type1/gsfonts/n021003l.pfb
7fe5e45e0000-7fe5e45f1000 r--s 00000000 08:03 657683                     /usr/share/fonts/type1/gsfonts/n019023l.pfb
7fe5e45f8000-7fe5e460a000 r--s 00000000 08:03 657680                     /usr/share/fonts/type1/gsfonts/n019004l.pfb
7fe5e4610000-7fe5e4810000 rw-p 00000000 00:00 0 
7fe5e4810000-7fe5e4813000 ---p 00000000 00:00 0 
7fe5e4813000-7fe5e4911000 rw-p 00000000 00:00 0                          [stack:7372]
7fe5e4918000-7fe5e492e000 r--s 00000000 08:03 657722                     /usr/share/fonts/type1/gsfonts/n022024l.pfb
7fe5e4930000-7fe5e4948000 r--s 00000000 08:03 657713                     /usr/share/fonts/type1/gsfonts/n022003l.pfb
7fe5e4948000-7fe5e495e000 r--s 00000000 08:03 657710                     /usr/share/fonts/type1/gsfonts/n021024l.pfb
7fe5e4960000-7fe5e4977000 r--s 00000000 08:03 657707                     /usr/share/fonts/type1/gsfonts/n021023l.pfb
7fe5e4978000-7fe5e4989000 r--s 00000000 08:03 657686                     /usr/share/fonts/type1/gsfonts/n019024l.pfb
7fe5e4990000-7fe5e49a9000 r--s 00000000 08:03 657716                     /usr/share/fonts/type1/gsfonts/n022004l.pfb
7fe5e49ac000-7fe5e49bf000 r--s 00344000 08:03 3426004                    /usr/lib/jvm/java-8-oracle/jre/lib/resources.jar
7fe5e49c0000-7fe5e4bc0000 rw-p 00000000 00:00 0 
7fe5e4bc0000-7fe5e4dc0000 rw-p 00000000 00:00 0 
7fe5e4dc0000-7fe5e4dd1000 r-xp 00000000 08:03 3426040                    /usr/lib/jvm/java-8-oracle/jre/lib/amd64/libnio.so
7fe5e4dd1000-7fe5e4fd0000 ---p 00011000 08:03 3426040                    /usr/lib/jvm/java-8-oracle/jre/lib/amd64/libnio.so
7fe5e4fd0000-7fe5e4fd1000 rw-p 00010000 08:03 3426040                    /usr/lib/jvm/java-8-oracle/jre/lib/amd64/libnio.so
7fe5e4fd8000-7fe5e4fe2000 r--s 00000000 08:03 657743                     /usr/share/fonts/type1/mathml/Symbol.pfb
7fe5e4fe5000-7fe5e4fe8000 ---p 00000000 00:00 0 
7fe5e4fe8000-7fe5e50e6000 rw-p 00000000 00:00 0                          [stack:7371]
7fe5e50e6000-7fe5e50e9000 ---p 00000000 00:00 0 
7fe5e50e9000-7fe5e51e7000 rw-p 00000000 00:00 0                          [stack:7388]
7fe5e51e7000-7fe5e51ea000 ---p 00000000 00:00 0 
7fe5e51ea000-7fe5e52e8000 rw-p 00000000 00:00 0                          [stack:7369]
7fe5e52e8000-7fe5e52ed000 r-xp 00000000 08:03 3408352                    /usr/lib/x86_64-linux-gnu/libXfixes.so.3.1.0
7fe5e52ed000-7fe5e54ec000 ---p 00005000 08:03 3408352                    /usr/lib/x86_64-linux-gnu/libXfixes.so.3.1.0
7fe5e54ec000-7fe5e54ed000 r--p 00004000 08:03 3408352                    /usr/lib/x86_64-linux-gnu/libXfixes.so.3.1.0
7fe5e54ed000-7fe5e54ee000 rw-p 00005000 08:03 3408352                    /usr/lib/x86_64-linux-gnu/libXfixes.so.3.1.0
7fe5e54f0000-7fe5e54f9000 r-xp 00000000 08:03 3417045                    /usr/lib/x86_64-linux-gnu/libXcursor.so.1.0.2
7fe5e54f9000-7fe5e56f8000 ---p 00009000 08:03 3417045                    /usr/lib/x86_64-linux-gnu/libXcursor.so.1.0.2
7fe5e56f8000-7fe5e56f9000 r--p 00008000 08:03 3417045                    /usr/lib/x86_64-linux-gnu/libXcursor.so.1.0.2
7fe5e56f9000-7fe5e56fa000 rw-p 00009000 08:03 3417045                    /usr/lib/x86_64-linux-gnu/libXcursor.so.1.0.2
7fe5e56ff000-7fe5e5702000 ---p 00000000 00:00 0 
7fe5e5702000-7fe5e5a00000 rw-p 00000000 00:00 0                          [stack:7368]
7fe5e5a00000-7fe5e5a16000 r-xp 00000000 08:03 397368                     /lib/x86_64-linux-gnu/libgcc_s.so.1
7fe5e5a16000-7fe5e5c15000 ---p 00016000 08:03 397368                     /lib/x86_64-linux-gnu/libgcc_s.so.1
7fe5e5c15000-7fe5e5c16000 rw-p 00015000 08:03 397368                     /lib/x86_64-linux-gnu/libgcc_s.so.1
7fe5e5c18000-7fe5e5c7d000 r-xp 00000000 08:03 3426046                    /usr/lib/jvm/java-8-oracle/jre/lib/amd64/libfontmanager.so
7fe5e5c7d000-7fe5e5e7c000 ---p 00065000 08:03 3426046                    /usr/lib/jvm/java-8-oracle/jre/lib/amd64/libfontmanager.so
7fe5e5e7c000-7fe5e5e81000 rw-p 00064000 08:03 3426046                    /usr/lib/jvm/java-8-oracle/jre/lib/amd64/libfontmanager.so
7fe5e5e81000-7fe5e5e91000 rw-p 00000000 00:00 0 
7fe5e5e98000-7fe5e6098000 rw-p 00000000 00:00 0 
7fe5e6098000-7fe5e609d000 r-xp 00000000 08:03 3417049                    /usr/lib/x86_64-linux-gnu/libXdmcp.so.6.0.0
7fe5e609d000-7fe5e629c000 ---p 00005000 08:03 3417049                    /usr/lib/x86_64-linux-gnu/libXdmcp.so.6.0.0
7fe5e629c000-7fe5e629d000 r--p 00004000 08:03 3417049                    /usr/lib/x86_64-linux-gnu/libXdmcp.so.6.0.0
7fe5e629d000-7fe5e629e000 rw-p 00005000 08:03 3417049                    /usr/lib/x86_64-linux-gnu/libXdmcp.so.6.0.0
7fe5e62a0000-7fe5e62a2000 r-xp 00000000 08:03 3417038                    /usr/lib/x86_64-linux-gnu/libXau.so.6.0.0
7fe5e62a2000-7fe5e64a2000 ---p 00002000 08:03 3417038                    /usr/lib/x86_64-linux-gnu/libXau.so.6.0.0
7fe5e64a2000-7fe5e64a3000 r--p 00002000 08:03 3417038                    /usr/lib/x86_64-linux-gnu/libXau.so.6.0.0
7fe5e64a3000-7fe5e64a4000 rw-p 00003000 08:03 3417038                    /usr/lib/x86_64-linux-gnu/libXau.so.6.0.0
7fe5e64a8000-7fe5e64c5000 r-xp 00000000 08:03 3418106                    /usr/lib/x86_64-linux-gnu/libxcb.so.1.1.0
7fe5e64c5000-7fe5e66c5000 ---p 0001d000 08:03 3418106                    /usr/lib/x86_64-linux-gnu/libxcb.so.1.1.0
7fe5e66c5000-7fe5e66c6000 r--p 0001d000 08:03 3418106                    /usr/lib/x86_64-linux-gnu/libxcb.so.1.1.0
7fe5e66c6000-7fe5e66c7000 rw-p 0001e000 08:03 3418106                    /usr/lib/x86_64-linux-gnu/libxcb.so.1.1.0
7fe5e66c8000-7fe5e66d7000 r-xp 00000000 08:03 3410074                    /usr/lib/x86_64-linux-gnu/libXi.so.6.1.0
7fe5e66d7000-7fe5e68d6000 ---p 0000f000 08:03 3410074                    /usr/lib/x86_64-linux-gnu/libXi.so.6.1.0
7fe5e68d6000-7fe5e68d7000 r--p 0000e000 08:03 3410074                    /usr/lib/x86_64-linux-gnu/libXi.so.6.1.0
7fe5e68d7000-7fe5e68d8000 rw-p 0000f000 08:03 3410074                    /usr/lib/x86_64-linux-gnu/libXi.so.6.1.0
7fe5e68d8000-7fe5e68dd000 r-xp 00000000 08:03 3417079                    /usr/lib/x86_64-linux-gnu/libXtst.so.6.1.0
7fe5e68dd000-7fe5e6adc000 ---p 00005000 08:03 3417079                    /usr/lib/x86_64-linux-gnu/libXtst.so.6.1.0
7fe5e6adc000-7fe5e6add000 r--p 00004000 08:03 3417079                    /usr/lib/x86_64-linux-gnu/libXtst.so.6.1.0
7fe5e6add000-7fe5e6ade000 rw-p 00005000 08:03 3417079                    /usr/lib/x86_64-linux-gnu/libXtst.so.6.1.0
7fe5e6ae0000-7fe5e6ae9000 r-xp 00000000 08:03 3410076                    /usr/lib/x86_64-linux-gnu/libXrender.so.1.3.0
7fe5e6ae9000-7fe5e6ce8000 ---p 00009000 08:03 3410076                    /usr/lib/x86_64-linux-gnu/libXrender.so.1.3.0
7fe5e6ce8000-7fe5e6ce9000 r--p 00008000 08:03 3410076                    /usr/lib/x86_64-linux-gnu/libXrender.so.1.3.0
7fe5e6ce9000-7fe5e6cea000 rw-p 00009000 08:03 3410076                    /usr/lib/x86_64-linux-gnu/libXrender.so.1.3.0
7fe5e6cf0000-7fe5e6e20000 r-xp 00000000 08:03 3417034                    /usr/lib/x86_64-linux-gnu/libX11.so.6.3.0
7fe5e6e20000-7fe5e7020000 ---p 00130000 08:03 3417034                    /usr/lib/x86_64-linux-gnu/libX11.so.6.3.0
7fe5e7020000-7fe5e7021000 r--p 00130000 08:03 3417034                    /usr/lib/x86_64-linux-gnu/libX11.so.6.3.0
7fe5e7021000-7fe5e7025000 rw-p 00131000 08:03 3417034                    /usr/lib/x86_64-linux-gnu/libX11.so.6.3.0
7fe5e7028000-7fe5e7039000 r-xp 00000000 08:03 3409080                    /usr/lib/x86_64-linux-gnu/libXext.so.6.4.0
7fe5e7039000-7fe5e7238000 ---p 00011000 08:03 3409080                    /usr/lib/x86_64-linux-gnu/libXext.so.6.4.0
7fe5e7238000-7fe5e7239000 r--p 00010000 08:03 3409080                    /usr/lib/x86_64-linux-gnu/libXext.so.6.4.0
7fe5e7239000-7fe5e723a000 rw-p 00011000 08:03 3409080                    /usr/lib/x86_64-linux-gnu/libXext.so.6.4.0
7fe5e7240000-7fe5e7244000 r--s 00000000 08:03 3677080                    /var/cache/fontconfig/d589a48862398ed80a3d6066f4f56f4c-le64.cache-4
7fe5e7248000-7fe5e7249000 r--s 00000000 08:03 3677051                    /var/cache/fontconfig/0c9eb80ebd1c36541ebe2852d3bb0c49-le64.cache-4
7fe5e7250000-7fe5e725d000 r--s 00000000 08:03 3678610                    /var/cache/fontconfig/e13b20fdb08344e0e664864cc2ede53d-le64.cache-4
7fe5e7260000-7fe5e7264000 r--s 00000000 08:03 3678863                    /var/cache/fontconfig/7ef2298fde41cc6eeb7af42e48b7d293-le64.cache-4
7fe5e7268000-7fe5e72bc000 r-xp 00000000 08:03 3426038                    /usr/lib/jvm/java-8-oracle/jre/lib/amd64/libawt_xawt.so
7fe5e72bc000-7fe5e74bc000 ---p 00054000 08:03 3426038                    /usr/lib/jvm/java-8-oracle/jre/lib/amd64/libawt_xawt.so
7fe5e74bc000-7fe5e74c0000 rw-p 00054000 08:03 3426038                    /usr/lib/jvm/java-8-oracle/jre/lib/amd64/libawt_xawt.so
7fe5e74c0000-7fe5e74c1000 rw-p 00000000 00:00 0 
7fe5e74c8000-7fe5e756a000 r-xp 00000000 08:03 3426072                    /usr/lib/jvm/java-8-oracle/jre/lib/amd64/libawt.so
7fe5e756a000-7fe5e776a000 ---p 000a2000 08:03 3426072                    /usr/lib/jvm/java-8-oracle/jre/lib/amd64/libawt.so
7fe5e776a000-7fe5e7776000 rw-p 000a2000 08:03 3426072                    /usr/lib/jvm/java-8-oracle/jre/lib/amd64/libawt.so
7fe5e7776000-7fe5e779a000 rw-p 00000000 00:00 0 
7fe5e77a0000-7fe5e79a0000 rw-p 00000000 00:00 0 
7fe5e79a0000-7fe5e79b6000 r-xp 00000000 08:03 3426019                    /usr/lib/jvm/java-8-oracle/jre/lib/amd64/libnet.so
7fe5e79b6000-7fe5e7bb6000 ---p 00016000 08:03 3426019                    /usr/lib/jvm/java-8-oracle/jre/lib/amd64/libnet.so
7fe5e7bb6000-7fe5e7bb7000 rw-p 00016000 08:03 3426019                    /usr/lib/jvm/java-8-oracle/jre/lib/amd64/libnet.so
7fe5e7bb8000-7fe5e7bc0000 r-xp 00000000 08:03 3426021                    /usr/lib/jvm/java-8-oracle/jre/lib/amd64/libmanagement.so
7fe5e7bc0000-7fe5e7dc0000 ---p 00008000 08:03 3426021                    /usr/lib/jvm/java-8-oracle/jre/lib/amd64/libmanagement.so
7fe5e7dc0000-7fe5e7dc1000 rw-p 00008000 08:03 3426021                    /usr/lib/jvm/java-8-oracle/jre/lib/amd64/libmanagement.so
7fe5e7dc3000-7fe5e7ddf000 r--s 00393000 08:03 3434565                    /usr/lib/jvm/java-8-oracle/jre/lib/ext/cldrdata.jar
7fe5e7de6000-7fe5e7df1000 r--s 00116000 08:03 3426141                    /usr/lib/jvm/java-8-oracle/jre/lib/ext/localedata.jar
7fe5e7df4000-7fe5e7dfd000 r--s 000e4000 08:03 2764098                    /home/cigreja/.m2/repository/mysql/mysql-connector-java/5.1.35/mysql-connector-java-5.1.35.jar
7fe5e7dfe000-7fe5e7dff000 ---p 00000000 00:00 0 
7fe5e7dff000-7fe5e7eff000 rw-p 00000000 00:00 0                          [stack:7367]
7fe5e7eff000-7fe5e7f02000 ---p 00000000 00:00 0 
7fe5e7f02000-7fe5e8000000 rw-p 00000000 00:00 0                          [stack:7366]
7fe5e8000000-7fe5e9021000 rw-p 00000000 00:00 0 
7fe5e9021000-7fe5ec000000 ---p 00000000 00:00 0 
7fe5ec000000-7fe5ecad3000 rw-p 00000000 00:00 0 
7fe5ecad3000-7fe5f0000000 ---p 00000000 00:00 0 
7fe5f0000000-7fe5f0021000 rw-p 00000000 00:00 0 
7fe5f0021000-7fe5f4000000 ---p 00000000 00:00 0 
7fe5f4000000-7fe5f5577000 rw-p 00000000 00:00 0 
7fe5f5577000-7fe5f8000000 ---p 00000000 00:00 0 
7fe5f8000000-7fe5f8021000 rw-p 00000000 00:00 0 
7fe5f8021000-7fe5fc000000 ---p 00000000 00:00 0 
7fe5fc000000-7fe5fc021000 rw-p 00000000 00:00 0 
7fe5fc021000-7fe600000000 ---p 00000000 00:00 0 
7fe600000000-7fe600021000 rw-p 00000000 00:00 0 
7fe600021000-7fe604000000 ---p 00000000 00:00 0 
7fe604005000-7fe60400c000 r--s 0003d000 08:03 2764097                    /home/cigreja/.m2/repository/org/yaml/snakeyaml/1.14/snakeyaml-1.14.jar
7fe604012000-7fe604027000 r--s 000e2000 08:03 2764096                    /home/cigreja/.m2/repository/org/springframework/spring-core/4.1.6.RELEASE/spring-core-4.1.6.RELEASE.jar
7fe60402d000-7fe604038000 r--s 00065000 08:03 2764093                    /home/cigreja/.m2/repository/ch/qos/logback/logback-core/1.1.3/logback-core-1.1.3.jar
7fe60403f000-7fe604045000 r--s 0003f000 08:03 2764092                    /home/cigreja/.m2/repository/ch/qos/logback/logback-classic/1.1.3/logback-classic-1.1.3.jar
7fe604045000-7fe604046000 r--s 00005000 08:03 2764091                    /home/cigreja/.m2/repository/org/slf4j/log4j-over-slf4j/1.7.11/log4j-over-slf4j-1.7.11.jar
7fe604048000-7fe60404a000 r--s 00000000 08:03 2764089                    /home/cigreja/.m2/repository/org/slf4j/jul-to-slf4j/1.7.11/jul-to-slf4j-1.7.11.jar
7fe60404f000-7fe604050000 r--s 00007000 08:03 2764084                    /home/cigreja/.m2/repository/org/slf4j/slf4j-api/1.7.11/slf4j-api-1.7.11.jar
7fe604053000-7fe604055000 r--s 00003000 08:03 2764082                    /home/cigreja/.m2/repository/org/slf4j/jcl-over-slf4j/1.7.11/jcl-over-slf4j-1.7.11.jar
7fe604058000-7fe604059000 r--s 00000000 08:03 2764083                    /home/cigreja/.m2/repository/org/springframework/boot/spring-boot-starter-logging/1.2.3.RELEASE/spring-boot-starter-logging-1.2.3.RELEASE.jar
7fe60405b000-7fe60406b000 r--s 0006b000 08:03 2764078                    /home/cigreja/.m2/repository/org/springframework/boot/spring-boot-autoconfigure/1.2.3.RELEASE/spring-boot-autoconfigure-1.2.3.RELEASE.jar
7fe60406b000-7fe604070000 r--s 0003b000 08:03 2764076                    /home/cigreja/.m2/repository/org/springframework/spring-expression/4.1.6.RELEASE/spring-expression-4.1.6.RELEASE.jar
7fe604070000-7fe60407d000 r--s 000a0000 08:03 2764074                    /home/cigreja/.m2/repository/org/springframework/spring-beans/4.1.6.RELEASE/spring-beans-4.1.6.RELEASE.jar
7fe604080000-7fe604082000 r--s 00000000 08:03 2764073                    /home/cigreja/.m2/repository/aopalliance/aopalliance/1.0/aopalliance-1.0.jar
7fe604087000-7fe604090000 r--s 0004f000 08:03 2764072                    /home/cigreja/.m2/repository/org/springframework/spring-aop/4.1.6.RELEASE/spring-aop-4.1.6.RELEASE.jar
7fe604093000-7fe6040ab000 r--s 000e3000 08:03 2764070                    /home/cigreja/.m2/repository/org/springframework/spring-context/4.1.6.RELEASE/spring-context-4.1.6.RELEASE.jar
7fe6040ae000-7fe6040b8000 r--s 0005e000 08:03 2764071                    /home/cigreja/.m2/repository/org/springframework/boot/spring-boot/1.2.3.RELEASE/spring-boot-1.2.3.RELEASE.jar
7fe6040be000-7fe6040c1000 ---p 00000000 00:00 0 
7fe6040c1000-7fe6041bf000 rw-p 00000000 00:00 0                          [stack:7365]
7fe6041bf000-7fe6041c2000 ---p 00000000 00:00 0 
7fe6041c2000-7fe60c000000 rw-p 00000000 00:00 0                          [stack:7364]
7fe60c000000-7fe60c021000 rw-p 00000000 00:00 0 
7fe60c021000-7fe610000000 ---p 00000000 00:00 0 
7fe610000000-7fe610021000 rw-p 00000000 00:00 0 
7fe610021000-7fe614000000 ---p 00000000 00:00 0 
7fe614000000-7fe614021000 rw-p 00000000 00:00 0 
7fe614021000-7fe618000000 ---p 00000000 00:00 0 
7fe618000000-7fe618021000 rw-p 00000000 00:00 0 
7fe618021000-7fe61c000000 ---p 00000000 00:00 0 
7fe61c000000-7fe61c021000 rw-p 00000000 00:00 0 
7fe61c021000-7fe620000000 ---p 00000000 00:00 0 
7fe620000000-7fe620021000 rw-p 00000000 00:00 0 
7fe620021000-7fe624000000 ---p 00000000 00:00 0 
7fe624006000-7fe624009000 ---p 00000000 00:00 0 
7fe624009000-7fe624107000 rw-p 00000000 00:00 0                          [stack:7363]
7fe624107000-7fe62410a000 ---p 00000000 00:00 0 
7fe62410a000-7fe624208000 rw-p 00000000 00:00 0                          [stack:7362]
7fe624208000-7fe6248ea000 r--p 00000000 08:03 3415887                    /usr/lib/locale/locale-archive
7fe6248eb000-7fe6248ee000 ---p 00000000 00:00 0 
7fe6248ee000-7fe6249ec000 rw-p 00000000 00:00 0                          [stack:7361]
7fe6249ec000-7fe6249ef000 ---p 00000000 00:00 0 
7fe6249ef000-7fe624aed000 rw-p 00000000 00:00 0                          [stack:7360]
7fe624aed000-7fe624aee000 ---p 00000000 00:00 0 
7fe624aee000-7fe6261c9000 rw-p 00000000 00:00 0                          [stack:7359]
7fe6261c9000-7fe6263a2000 r--s 03d09000 08:03 3425955                    /usr/lib/jvm/java-8-oracle/jre/lib/rt.jar
7fe6263a4000-7fe6273ee000 rw-p 00000000 00:00 0 
7fe6273ee000-7fe6273ef000 ---p 00000000 00:00 0 
7fe6273ef000-7fe6274ef000 rw-p 00000000 00:00 0                          [stack:7358]
7fe6274ef000-7fe6274f0000 ---p 00000000 00:00 0 
7fe6274f0000-7fe6275f0000 rw-p 00000000 00:00 0                          [stack:7357]
7fe6275f0000-7fe6275f1000 ---p 00000000 00:00 0 
7fe6275f1000-7fe6276f1000 rw-p 00000000 00:00 0                          [stack:7356]
7fe6276f1000-7fe6276f2000 ---p 00000000 00:00 0 
7fe6276f2000-7fe6277f2000 rw-p 00000000 00:00 0                          [stack:7355]
7fe6277f2000-7fe6277f3000 ---p 00000000 00:00 0 
7fe6277f3000-7fe627921000 rw-p 00000000 00:00 0                          [stack:7354]
7fe627921000-7fe627e2b000 ---p 00000000 00:00 0 
7fe627e2b000-7fe627e59000 rw-p 00000000 00:00 0 
7fe627e59000-7fe628363000 ---p 00000000 00:00 0 
7fe628363000-7fe628594000 rw-p 00000000 00:00 0 
7fe628594000-7fe6285ff000 ---p 00000000 00:00 0 
7fe6285ff000-7fe628628000 rw-p 00000000 00:00 0 
7fe628628000-7fe6289c0000 ---p 00000000 00:00 0 
7fe6289c0000-7fe6293c0000 rwxp 00000000 00:00 0 
7fe6293c0000-7fe6379c0000 ---p 00000000 00:00 0 
7fe6379c0000-7fe6379da000 r-xp 00000000 08:03 3426028                    /usr/lib/jvm/java-8-oracle/jre/lib/amd64/libzip.so
7fe6379da000-7fe637bda000 ---p 0001a000 08:03 3426028                    /usr/lib/jvm/java-8-oracle/jre/lib/amd64/libzip.so
7fe637bda000-7fe637bdb000 rw-p 0001a000 08:03 3426028                    /usr/lib/jvm/java-8-oracle/jre/lib/amd64/libzip.so
7fe637be0000-7fe637beb000 r-xp 00000000 08:03 393242                     /lib/x86_64-linux-gnu/libnss_files-2.19.so
7fe637beb000-7fe637dea000 ---p 0000b000 08:03 393242                     /lib/x86_64-linux-gnu/libnss_files-2.19.so
7fe637dea000-7fe637deb000 r--p 0000a000 08:03 393242                     /lib/x86_64-linux-gnu/libnss_files-2.19.so
7fe637deb000-7fe637dec000 rw-p 0000b000 08:03 393242                     /lib/x86_64-linux-gnu/libnss_files-2.19.so
7fe637df0000-7fe637dfb000 r-xp 00000000 08:03 397310                     /lib/x86_64-linux-gnu/libnss_nis-2.19.so
7fe637dfb000-7fe637ffa000 ---p 0000b000 08:03 397310                     /lib/x86_64-linux-gnu/libnss_nis-2.19.so
7fe637ffa000-7fe637ffb000 r--p 0000a000 08:03 397310                     /lib/x86_64-linux-gnu/libnss_nis-2.19.so
7fe637ffb000-7fe637ffc000 rw-p 0000b000 08:03 397310                     /lib/x86_64-linux-gnu/libnss_nis-2.19.so
7fe638000000-7fe6389d8000 rw-p 00000000 00:00 0 
7fe6389d8000-7fe63c000000 ---p 00000000 00:00 0 
7fe63c000000-7fe63c001000 r--s 00000000 08:03 2764068                    /home/cigreja/.m2/repository/org/springframework/boot/spring-boot-starter/1.2.3.RELEASE/spring-boot-starter-1.2.3.RELEASE.jar
7fe63c008000-7fe63c057000 rw-p 00000000 00:00 0 
7fe63c057000-7fe63c058000 ---p 00000000 00:00 0 
7fe63c058000-7fe63c158000 rw-p 00000000 00:00 0                          [stack:7353]
7fe63c158000-7fe63c16f000 r-xp 00000000 08:03 393311                     /lib/x86_64-linux-gnu/libnsl-2.19.so
7fe63c16f000-7fe63c36e000 ---p 00017000 08:03 393311                     /lib/x86_64-linux-gnu/libnsl-2.19.so
7fe63c36e000-7fe63c36f000 r--p 00016000 08:03 393311                     /lib/x86_64-linux-gnu/libnsl-2.19.so
7fe63c36f000-7fe63c370000 rw-p 00017000 08:03 393311                     /lib/x86_64-linux-gnu/libnsl-2.19.so
7fe63c370000-7fe63c372000 rw-p 00000000 00:00 0 
7fe63c378000-7fe63c381000 r-xp 00000000 08:03 393310                     /lib/x86_64-linux-gnu/libnss_compat-2.19.so
7fe63c381000-7fe63c580000 ---p 00009000 08:03 393310                     /lib/x86_64-linux-gnu/libnss_compat-2.19.so
7fe63c580000-7fe63c581000 r--p 00008000 08:03 393310                     /lib/x86_64-linux-gnu/libnss_compat-2.19.so
7fe63c581000-7fe63c582000 rw-p 00009000 08:03 393310                     /lib/x86_64-linux-gnu/libnss_compat-2.19.so
7fe63c588000-7fe63c5b2000 r-xp 00000000 08:03 3426011                    /usr/lib/jvm/java-8-oracle/jre/lib/amd64/libjava.so
7fe63c5b2000-7fe63c7b2000 ---p 0002a000 08:03 3426011                    /usr/lib/jvm/java-8-oracle/jre/lib/amd64/libjava.so
7fe63c7b2000-7fe63c7b4000 rw-p 0002a000 08:03 3426011                    /usr/lib/jvm/java-8-oracle/jre/lib/amd64/libjava.so
7fe63c7b8000-7fe63c7c5000 r-xp 00000000 08:03 3426068                    /usr/lib/jvm/java-8-oracle/jre/lib/amd64/libverify.so
7fe63c7c5000-7fe63c9c5000 ---p 0000d000 08:03 3426068                    /usr/lib/jvm/java-8-oracle/jre/lib/amd64/libverify.so
7fe63c9c5000-7fe63c9c7000 rw-p 0000d000 08:03 3426068                    /usr/lib/jvm/java-8-oracle/jre/lib/amd64/libverify.so
7fe63c9c8000-7fe63c9cf000 r-xp 00000000 08:03 393319                     /lib/x86_64-linux-gnu/librt-2.19.so
7fe63c9cf000-7fe63cbce000 ---p 00007000 08:03 393319                     /lib/x86_64-linux-gnu/librt-2.19.so
7fe63cbce000-7fe63cbcf000 r--p 00006000 08:03 393319                     /lib/x86_64-linux-gnu/librt-2.19.so
7fe63cbcf000-7fe63cbd0000 rw-p 00007000 08:03 393319                     /lib/x86_64-linux-gnu/librt-2.19.so
7fe63cbd0000-7fe63ccd5000 r-xp 00000000 08:03 393235                     /lib/x86_64-linux-gnu/libm-2.19.so
7fe63ccd5000-7fe63ced4000 ---p 00105000 08:03 393235                     /lib/x86_64-linux-gnu/libm-2.19.so
7fe63ced4000-7fe63ced5000 r--p 00104000 08:03 393235                     /lib/x86_64-linux-gnu/libm-2.19.so
7fe63ced5000-7fe63ced6000 rw-p 00105000 08:03 393235                     /lib/x86_64-linux-gnu/libm-2.19.so
7fe63ced8000-7fe63db86000 r-xp 00000000 08:03 3426057                    /usr/lib/jvm/java-8-oracle/jre/lib/amd64/server/libjvm.so
7fe63db86000-7fe63dd85000 ---p 00cae000 08:03 3426057                    /usr/lib/jvm/java-8-oracle/jre/lib/amd64/server/libjvm.so
7fe63dd85000-7fe63de5c000 rw-p 00cad000 08:03 3426057                    /usr/lib/jvm/java-8-oracle/jre/lib/amd64/server/libjvm.so
7fe63de5c000-7fe63dea0000 rw-p 00000000 00:00 0 
7fe63dea0000-7fe63e05b000 r-xp 00000000 08:03 393316                     /lib/x86_64-linux-gnu/libc-2.19.so
7fe63e05b000-7fe63e25a000 ---p 001bb000 08:03 393316                     /lib/x86_64-linux-gnu/libc-2.19.so
7fe63e25a000-7fe63e25e000 r--p 001ba000 08:03 393316                     /lib/x86_64-linux-gnu/libc-2.19.so
7fe63e25e000-7fe63e260000 rw-p 001be000 08:03 393316                     /lib/x86_64-linux-gnu/libc-2.19.so
7fe63e260000-7fe63e265000 rw-p 00000000 00:00 0 
7fe63e268000-7fe63e26b000 r-xp 00000000 08:03 393305                     /lib/x86_64-linux-gnu/libdl-2.19.so
7fe63e26b000-7fe63e46a000 ---p 00003000 08:03 393305                     /lib/x86_64-linux-gnu/libdl-2.19.so
7fe63e46a000-7fe63e46b000 r--p 00002000 08:03 393305                     /lib/x86_64-linux-gnu/libdl-2.19.so
7fe63e46b000-7fe63e46c000 rw-p 00003000 08:03 393305                     /lib/x86_64-linux-gnu/libdl-2.19.so
7fe63e470000-7fe63e485000 r-xp 00000000 08:03 3425246                    /usr/lib/jvm/java-8-oracle/lib/amd64/jli/libjli.so
7fe63e485000-7fe63e685000 ---p 00015000 08:03 3425246                    /usr/lib/jvm/java-8-oracle/lib/amd64/jli/libjli.so
7fe63e685000-7fe63e686000 rw-p 00015000 08:03 3425246                    /usr/lib/jvm/java-8-oracle/lib/amd64/jli/libjli.so
7fe63e688000-7fe63e6a1000 r-xp 00000000 08:03 393317                     /lib/x86_64-linux-gnu/libpthread-2.19.so
7fe63e6a1000-7fe63e8a0000 ---p 00019000 08:03 393317                     /lib/x86_64-linux-gnu/libpthread-2.19.so
7fe63e8a0000-7fe63e8a1000 r--p 00018000 08:03 393317                     /lib/x86_64-linux-gnu/libpthread-2.19.so
7fe63e8a1000-7fe63e8a2000 rw-p 00019000 08:03 393317                     /lib/x86_64-linux-gnu/libpthread-2.19.so
7fe63e8a2000-7fe63e8a6000 rw-p 00000000 00:00 0 
7fe63e8a8000-7fe63e8cb000 r-xp 00000000 08:03 393313                     /lib/x86_64-linux-gnu/ld-2.19.so
7fe63e8cc000-7fe63e9c0000 rw-p 00000000 00:00 0 
7fe63e9c0000-7fe63e9c8000 rw-s 00000000 08:03 675306                     /tmp/hsperfdata_cigreja/7348
7fe63e9c8000-7fe63e9c9000 rw-p 00000000 00:00 0 
7fe63e9c9000-7fe63e9cc000 ---p 00000000 00:00 0 
7fe63e9cc000-7fe63eaca000 rw-p 00000000 00:00 0                          [stack:7352]
7fe63eaca000-7fe63eacb000 r--p 00022000 08:03 393313                     /lib/x86_64-linux-gnu/ld-2.19.so
7fe63eacb000-7fe63eacc000 rw-p 00023000 08:03 393313                     /lib/x86_64-linux-gnu/ld-2.19.so
7fe63eacc000-7fe63eacd000 rw-p 00000000 00:00 0 
7fe63eacd000-7fe63eace000 r--p 00000000 00:00 0 
7fe63eace000-7fe63ead4000 rw-p 00000000 00:00 0 
7ffce1ecd000-7ffce1eef000 rw-p 00000000 00:00 0                          [stack]
7ffce1fb0000-7ffce1fb2000 r-xp 00000000 00:00 0                          [vdso]
7ffce1fb2000-7ffce1fb4000 r--p 00000000 00:00 0                          [vvar]
ffffffffff600000-ffffffffff601000 r-xp 00000000 00:00 0                  [vsyscall]

VM Arguments:
java_command: com.elle.analyster.Application
java_class_path (initial): /home/cigreja/Dropbox/AnalysterCarlos/Analyster/target/classes:/home/cigreja/.m2/repository/org/springframework/boot/spring-boot-starter/1.2.3.RELEASE/spring-boot-starter-1.2.3.RELEASE.jar:/home/cigreja/.m2/repository/org/springframework/boot/spring-boot/1.2.3.RELEASE/spring-boot-1.2.3.RELEASE.jar:/home/cigreja/.m2/repository/org/springframework/spring-context/4.1.6.RELEASE/spring-context-4.1.6.RELEASE.jar:/home/cigreja/.m2/repository/org/springframework/spring-aop/4.1.6.RELEASE/spring-aop-4.1.6.RELEASE.jar:/home/cigreja/.m2/repository/aopalliance/aopalliance/1.0/aopalliance-1.0.jar:/home/cigreja/.m2/repository/org/springframework/spring-beans/4.1.6.RELEASE/spring-beans-4.1.6.RELEASE.jar:/home/cigreja/.m2/repository/org/springframework/spring-expression/4.1.6.RELEASE/spring-expression-4.1.6.RELEASE.jar:/home/cigreja/.m2/repository/org/springframework/boot/spring-boot-autoconfigure/1.2.3.RELEASE/spring-boot-autoconfigure-1.2.3.RELEASE.jar:/home/cigreja/.m2/repository/org/springframework/boot/spring-boot-starter-logging/1.2.3.RELEASE/spring-boot-starter-logging-1.2.3.RELEASE.jar:/home/cigreja/.m2/repository/org/slf4j/jcl-over-slf4j/1.7.11/jcl-over-slf4j-1.7.11.jar:/home/cigreja/.m2/repository/org/slf4j/slf4j-api/1.7.11/slf4j-api-1.7.11.jar:/home/cigreja/.m2/repository/org/slf4j/jul-to-slf4j/1.7.11/jul-to-slf4j-1.7.11.jar:/home/cigreja/.m2/repository/org/slf4j/log4j-over-slf4j/1.7.11/log4j-over-slf4j-1.7.11.jar:/home/cigreja/.m2/repository/ch/qos/logback/logback-classic/1.1.3/logback-classic-1.1.3.jar:/home/cigreja/.m2/repository/ch/qos/logback/logback-core/1.1.3/logback-core-1.1.3.jar:/home/cigreja/.m2/repository/org/springframework/spring-core/4.1.6.RELEASE/spring-core-4.1.6.RELEASE.jar:/home/cigreja/.m2/repository/org/yaml/snakeyaml/1.14/snakeyaml-1.14.jar:/home/cigreja/.m2/repository/mysql/mysql-connector-java/5.1.35/mysql-connector-java-5.1.35.jar
Launcher Type: SUN_STANDARD

Environment Variables:
JAVA_HOME=/usr/lib/jvm/java-8-oracle
PATH=/usr/local/sbin:/usr/local/bin:/usr/sbin:/usr/bin:/sbin:/bin:/usr/games:/usr/local/games:/usr/lib/jvm/java-8-oracle/bin:/usr/lib/jvm/java-8-oracle/db/bin:/usr/lib/jvm/java-8-oracle/jre/bin
LD_LIBRARY_PATH=/usr/lib/jvm/java-8-oracle/jre/lib/amd64:/usr/lib/jvm/java-8-oracle/jre/lib/i386:
SHELL=/bin/bash
DISPLAY=:0

Signal Handlers:
SIGSEGV: [libjvm.so+0xaad1e0], sa_mask[0]=11111111011111111101111111111110, sa_flags=SA_RESTART|SA_SIGINFO
SIGBUS: [libjvm.so+0xaad1e0], sa_mask[0]=11111111011111111101111111111110, sa_flags=SA_RESTART|SA_SIGINFO
SIGFPE: [libjvm.so+0x90b450], sa_mask[0]=11111111011111111101111111111110, sa_flags=SA_RESTART|SA_SIGINFO
SIGPIPE: [libjvm.so+0x90b450], sa_mask[0]=11111111011111111101111111111110, sa_flags=SA_RESTART|SA_SIGINFO
SIGXFSZ: [libjvm.so+0x90b450], sa_mask[0]=11111111011111111101111111111110, sa_flags=SA_RESTART|SA_SIGINFO
SIGILL: [libjvm.so+0x90b450], sa_mask[0]=11111111011111111101111111111110, sa_flags=SA_RESTART|SA_SIGINFO
SIGUSR1: SIG_DFL, sa_mask[0]=00000000000000000000000000000000, sa_flags=none
SIGUSR2: [libjvm.so+0x90ca90], sa_mask[0]=00100000000000000000000000000000, sa_flags=SA_RESTART|SA_SIGINFO
SIGHUP: [libjvm.so+0x90dde0], sa_mask[0]=11111111011111111101111111111110, sa_flags=SA_RESTART|SA_SIGINFO
SIGINT: SIG_IGN, sa_mask[0]=00000000000000000000000000000000, sa_flags=none
SIGTERM: [libjvm.so+0x90dde0], sa_mask[0]=11111111011111111101111111111110, sa_flags=SA_RESTART|SA_SIGINFO
SIGQUIT: [libjvm.so+0x90dde0], sa_mask[0]=11111111011111111101111111111110, sa_flags=SA_RESTART|SA_SIGINFO


---------------  S Y S T E M  ---------------

OS:DISTRIB_ID=Ubuntu
DISTRIB_RELEASE=14.04
DISTRIB_CODENAME=trusty
DISTRIB_DESCRIPTION="Ubuntu 14.04.2 LTS"

uname:Linux 3.16.0-43-generic #58~14.04.1-Ubuntu SMP Mon Jun 22 10:21:20 UTC 2015 x86_64
libc:glibc 2.19 NPTL 2.19 
rlimit: STACK 8192k, CORE 0k, NPROC 63780, NOFILE 4096, AS infinity
load average:3.27 1.20 1.03

/proc/meminfo:
MemTotal:       16415292 kB
MemFree:          168320 kB
MemAvailable:     535720 kB
Buffers:          111108 kB
Cached:          8794672 kB
SwapCached:        24496 kB
Active:          7787076 kB
Inactive:        7890088 kB
Active(anon):    7588996 kB
Inactive(anon):  7684804 kB
Active(file):     198080 kB
Inactive(file):   205284 kB
Unevictable:         296 kB
Mlocked:             296 kB
SwapTotal:      32836604 kB
SwapFree:       32802768 kB
Dirty:              4364 kB
Writeback:             0 kB
AnonPages:       6748468 kB
Mapped:          1066964 kB
Shmem:           8501132 kB
Slab:             264452 kB
SReclaimable:     217440 kB
SUnreclaim:        47012 kB
KernelStack:       15200 kB
PageTables:        69700 kB
NFS_Unstable:          0 kB
Bounce:                0 kB
WritebackTmp:          0 kB
CommitLimit:    41044248 kB
Committed_AS:   24047392 kB
VmallocTotal:   34359738367 kB
VmallocUsed:      340120 kB
VmallocChunk:   34359387924 kB
HardwareCorrupted:     0 kB
AnonHugePages:   4759552 kB
HugePages_Total:       0
HugePages_Free:        0
HugePages_Rsvd:        0
HugePages_Surp:        0
Hugepagesize:       2048 kB
DirectMap4k:      126592 kB
DirectMap2M:     6146048 kB
DirectMap1G:    10485760 kB


CPU:total 6 (6 cores per cpu, 1 threads per core) family 21 model 1 stepping 2, cmov, cx8, fxsr, mmx, sse, sse2, sse3, ssse3, sse4.1, sse4.2, popcnt, avx, aes, clmul, mmxext, 3dnowpref, lzcnt, sse4a, tsc, tscinvbit, tscinv

/proc/cpuinfo:
processor	: 0
vendor_id	: AuthenticAMD
cpu family	: 21
model		: 1
model name	: AMD FX(tm)-6100 Six-Core Processor
stepping	: 2
microcode	: 0x6000629
cpu MHz		: 3300.000
cache size	: 2048 KB
physical id	: 0
siblings	: 6
core id		: 0
cpu cores	: 3
apicid		: 0
initial apicid	: 0
fpu		: yes
fpu_exception	: yes
cpuid level	: 13
wp		: yes
flags		: fpu vme de pse tsc msr pae mce cx8 apic sep mtrr pge mca cmov pat pse36 clflush mmx fxsr sse sse2 ht syscall nx mmxext fxsr_opt pdpe1gb rdtscp lm constant_tsc rep_good nopl nonstop_tsc extd_apicid aperfmperf pni pclmulqdq monitor ssse3 cx16 sse4_1 sse4_2 popcnt aes xsave avx lahf_lm cmp_legacy svm extapic cr8_legacy abm sse4a misalignsse 3dnowprefetch osvw ibs xop skinit wdt lwp fma4 nodeid_msr topoext perfctr_core perfctr_nb arat cpb hw_pstate npt lbrv svm_lock nrip_save tsc_scale vmcb_clean flushbyasid decodeassists pausefilter pfthreshold vmmcall
bogomips	: 6645.00
TLB size	: 1536 4K pages
clflush size	: 64
cache_alignment	: 64
address sizes	: 48 bits physical, 48 bits virtual
power management: ts ttp tm 100mhzsteps hwpstate cpb

processor	: 1
vendor_id	: AuthenticAMD
cpu family	: 21
model		: 1
model name	: AMD FX(tm)-6100 Six-Core Processor             
stepping	: 2
microcode	: 0x6000629
cpu MHz		: 1400.000
cache size	: 2048 KB
physical id	: 0
siblings	: 6
core id		: 1
cpu cores	: 3
apicid		: 1
initial apicid	: 1
fpu		: yes
fpu_exception	: yes
cpuid level	: 13
wp		: yes
flags		: fpu vme de pse tsc msr pae mce cx8 apic sep mtrr pge mca cmov pat pse36 clflush mmx fxsr sse sse2 ht syscall nx mmxext fxsr_opt pdpe1gb rdtscp lm constant_tsc rep_good nopl nonstop_tsc extd_apicid aperfmperf pni pclmulqdq monitor ssse3 cx16 sse4_1 sse4_2 popcnt aes xsave avx lahf_lm cmp_legacy svm extapic cr8_legacy abm sse4a misalignsse 3dnowprefetch osvw ibs xop skinit wdt lwp fma4 nodeid_msr topoext perfctr_core perfctr_nb arat cpb hw_pstate npt lbrv svm_lock nrip_save tsc_scale vmcb_clean flushbyasid decodeassists pausefilter pfthreshold vmmcall
bogomips	: 6645.00
TLB size	: 1536 4K pages
clflush size	: 64
cache_alignment	: 64
address sizes	: 48 bits physical, 48 bits virtual
power management: ts ttp tm 100mhzsteps hwpstate cpb

processor	: 2
vendor_id	: AuthenticAMD
cpu family	: 21
model		: 1
model name	: AMD FX(tm)-6100 Six-Core Processor             
stepping	: 2
microcode	: 0x6000629
cpu MHz		: 1800.000
cache size	: 2048 KB
physical id	: 0
siblings	: 6
core id		: 5
cpu cores	: 3
apicid		: 2
initial apicid	: 5
fpu		: yes
fpu_exception	: yes
cpuid level	: 13
wp		: yes
flags		: fpu vme de pse tsc msr pae mce cx8 apic sep mtrr pge mca cmov pat pse36 clflush mmx fxsr sse sse2 ht syscall nx mmxext fxsr_opt pdpe1gb rdtscp lm constant_tsc rep_good nopl nonstop_tsc extd_apicid aperfmperf pni pclmulqdq monitor ssse3 cx16 sse4_1 sse4_2 popcnt aes xsave avx lahf_lm cmp_legacy svm extapic cr8_legacy abm sse4a misalignsse 3dnowprefetch osvw ibs xop skinit wdt lwp fma4 nodeid_msr topoext perfctr_core perfctr_nb arat cpb hw_pstate npt lbrv svm_lock nrip_save tsc_scale vmcb_clean flushbyasid decodeassists pausefilter pfthreshold vmmcall
bogomips	: 6645.00
TLB size	: 1536 4K pages
clflush size	: 64
cache_alignment	: 64
address sizes	: 48 bits physical, 48 bits virtual
power management: ts ttp tm 100mhzsteps hwpstate cpb

processor	: 3
vendor_id	: AuthenticAMD
cpu family	: 21
model		: 1
model name	: AMD FX(tm)-6100 Six-Core Processor             
stepping	: 2
microcode	: 0x6000629
cpu MHz		: 1400.000
cache size	: 2048 KB
physical id	: 0
siblings	: 6
core id		: 4
cpu cores	: 3
apicid		: 3
initial apicid	: 4
fpu		: yes
fpu_exception	: yes
cpuid level	: 13
wp		: yes
flags		: fpu vme de pse tsc msr pae mce cx8 apic sep mtrr pge mca cmov pat pse36 clflush mmx fxsr sse sse2 ht syscall nx mmxext fxsr_opt pdpe1gb rdtscp lm constant_tsc rep_good nopl nonstop_tsc extd_apicid aperfmperf pni pclmulqdq monitor ssse3 cx16 sse4_1 sse4_2 popcnt aes xsave avx lahf_lm cmp_legacy svm extapic cr8_legacy abm sse4a misalignsse 3dnowprefetch osvw ibs xop skinit wdt lwp fma4 nodeid_msr topoext perfctr_core perfctr_nb arat cpb hw_pstate npt lbrv svm_lock nrip_save tsc_scale vmcb_clean flushbyasid decodeassists pausefilter pfthreshold vmmcall
bogomips	: 6645.00
TLB size	: 1536 4K pages
clflush size	: 64
cache_alignment	: 64
address sizes	: 48 bits physical, 48 bits virtual
power management: ts ttp tm 100mhzsteps hwpstate cpb

processor	: 4
vendor_id	: AuthenticAMD
cpu family	: 21
model		: 1
model name	: AMD FX(tm)-6100 Six-Core Processor             
stepping	: 2
microcode	: 0x6000629
cpu MHz		: 1400.000
cache size	: 2048 KB
physical id	: 0
siblings	: 6
core id		: 3
cpu cores	: 3
apicid		: 4
initial apicid	: 3
fpu		: yes
fpu_exception	: yes
cpuid level	: 13
wp		: yes
flags		: fpu vme de pse tsc msr pae mce cx8 apic sep mtrr pge mca cmov pat pse36 clflush mmx fxsr sse sse2 ht syscall nx mmxext fxsr_opt pdpe1gb rdtscp lm constant_tsc rep_good nopl nonstop_tsc extd_apicid aperfmperf pni pclmulqdq monitor ssse3 cx16 sse4_1 sse4_2 popcnt aes xsave avx lahf_lm cmp_legacy svm extapic cr8_legacy abm sse4a misalignsse 3dnowprefetch osvw ibs xop skinit wdt lwp fma4 nodeid_msr topoext perfctr_core perfctr_nb arat cpb hw_pstate npt lbrv svm_lock nrip_save tsc_scale vmcb_clean flushbyasid decodeassists pausefilter pfthreshold vmmcall
bogomips	: 6645.00
TLB size	: 1536 4K pages
clflush size	: 64
cache_alignment	: 64
address sizes	: 48 bits physical, 48 bits virtual
power management: ts ttp tm 100mhzsteps hwpstate cpb

processor	: 5
vendor_id	: AuthenticAMD
cpu family	: 21
model		: 1
model name	: AMD FX(tm)-6100 Six-Core Processor             
stepping	: 2
microcode	: 0x6000629
cpu MHz		: 1400.000
cache size	: 2048 KB
physical id	: 0
siblings	: 6
core id		: 2
cpu cores	: 3
apicid		: 5
initial apicid	: 2
fpu		: yes
fpu_exception	: yes
cpuid level	: 13
wp		: yes
flags		: fpu vme de pse tsc msr pae mce cx8 apic sep mtrr pge mca cmov pat pse36 clflush mmx fxsr sse sse2 ht syscall nx mmxext fxsr_opt pdpe1gb rdtscp lm constant_tsc rep_good nopl nonstop_tsc extd_apicid aperfmperf pni pclmulqdq monitor ssse3 cx16 sse4_1 sse4_2 popcnt aes xsave avx lahf_lm cmp_legacy svm extapic cr8_legacy abm sse4a misalignsse 3dnowprefetch osvw ibs xop skinit wdt lwp fma4 nodeid_msr topoext perfctr_core perfctr_nb arat cpb hw_pstate npt lbrv svm_lock nrip_save tsc_scale vmcb_clean flushbyasid decodeassists pausefilter pfthreshold vmmcall
bogomips	: 6645.00
TLB size	: 1536 4K pages
clflush size	: 64
cache_alignment	: 64
address sizes	: 48 bits physical, 48 bits virtual
power management: ts ttp tm 100mhzsteps hwpstate cpb



Memory: 4k page, physical 16415292k(168072k free), swap 32836604k(32802768k free)

vm_info: Java HotSpot(TM) 64-Bit Server VM (25.45-b02) for linux-amd64 JRE (1.8.0_45-b14), built on Apr 10 2015 10:07:45 by "java_re" with gcc 4.3.0 20080428 (Red Hat 4.3.0-8)

time: Tue Jun 30 11:53:39 2015
elapsed time: 11695 seconds (0d 3h 14m 55s)

