#
# A fatal error has been detected by the Java Runtime Environment:
#
#  SIGSEGV (0xb) at pc=0x00007f92fd06937a, pid=24052, tid=140268049594112
#
# JRE version: Java(TM) SE Runtime Environment (8.0_45-b14) (build 1.8.0_45-b14)
# Java VM: Java HotSpot(TM) 64-Bit Server VM (25.45-b02 mixed mode linux-amd64 compressed oops)
# Problematic frame:
# v  ~BufferBlob::jni_fast_GetLongField
#
# Failed to write core dump. Core dumps have been disabled. To enable core dumping, try "ulimit -c unlimited" before starting Java again
#
# If you would like to submit a bug report, please visit:
#   http://bugreport.java.com/bugreport/crash.jsp
# The crash happened outside the Java Virtual Machine in native code.
# See problematic frame for where to report the bug.
#

---------------  T H R E A D  ---------------

Current thread (0x00007f930c705000):  JavaThread "AWT-XAWT" daemon [_thread_in_native, id=24073, stack(0x00007f92b334f000,0x00007f92b3450000)]

siginfo: si_signo: 11 (SIGSEGV), si_code: 1 (SEGV_MAPERR), si_addr: 0x0000000000000000

Registers:
RAX=0x00007f931401cce0, RBX=0x00007f930c7051f8, RCX=0x00007f9314a81320, RDX=0x0000000000000042
RSP=0x00007f92b344e5f8, RBP=0x00007f92b344e620, RSI=0x0000000000000000, RDI=0x00007f930c7051f8
R8 =0x0000000000000320, R9 =0x0000000000000000, R10=0x000000000000011c, R11=0x00007f92fd65da58
R12=0x00007f92a000fb90, R13=0x0000000000000000, R14=0x00007f92d96907e0, R15=0x00007f930c705000
RIP=0x00007f92fd06937a, EFLAGS=0x0000000000010246, CSGSFS=0x0000000000000033, ERR=0x0000000000000004
  TRAPNO=0x000000000000000e

Top of Stack: (sp=0x00007f92b344e5f8)
0x00007f92b344e5f8:   00007f92d946f201 00007f92d80c8480
0x00007f92b344e608:   00007f92a000fb90 00007f92b344e6d0
0x00007f92b344e618:   00007f92b344e6a0 0000000000000000
0x00007f92b344e628:   00007f92d8f21ae8 00007f92d80c8480
0x00007f92b344e638:   00007f92b344e660 0000000000000000
0x00007f92b344e648:   00007f92d8f199a3 00007f92b344e6d0
0x00007f92b344e658:   00007f92d94684bf 00007f92b344e6b0
0x00007f92b344e668:   00007f92fd65daf6 0000000000000000
0x00007f92b344e678:   00007f92fd273e76 00007f92b344e6d0
0x00007f92b344e688:   00007f92fd12242c 00007f92b344e730
0x00007f92b344e698:   00000006c5a9c950 00000006c5802540
0x00007f92b344e6a8:   0000000000000031 00007f92b344e730
0x00007f92b344e6b8:   00007f92fd007420 00007f92b344e730
0x00007f92b344e6c8:   00007f92fd007420 0000000000000000
0x00007f92b344e6d8:   00007f92fd007760 00007f92a4002e20
0x00007f92b344e6e8:   00000006c58a23c0 00007f92b344e6f0
0x00007f92b344e6f8:   00007f92d80b0f0c 00007f92b344e778
0x00007f92b344e708:   00007f92d80b9ff0 0000000000000000
0x00007f92b344e718:   00007f92d80b1040 00007f92b344e6d0
0x00007f92b344e728:   00007f92b344e770 00007f92b344e7c0
0x00007f92b344e738:   00007f92fd007c4d 0000000000000000
0x00007f92b344e748:   000000076c86c1b8 0000000000000000
0x00007f92b344e758:   0000000000000000 0000000000000000
0x00007f92b344e768:   00000006c58a23c0 0000000000000000
0x00007f92b344e778:   00000006c58a2368 00007f92b344e780
0x00007f92b344e788:   00007f92d80b0d4d 00007f92b344e7d0
0x00007f92b344e798:   00007f92d80b9ff0 0000000000000000
0x00007f92b344e7a8:   00007f92d80b0d58 00007f92b344e770
0x00007f92b344e7b8:   00007f92b344e7d0 00007f92b344e818
0x00007f92b344e7c8:   00007f92fd007c92 00000006c58a2368
0x00007f92b344e7d8:   00007f92b344e7d8 00007f92fc05981b
0x00007f92b344e7e8:   00007f92b344e828 00007f92fc0dff00 

Instructions: (pc=0x00007f92fd06937a)
0x00007f92fd06935a:   00 00 00 00 00 00 44 8b 15 41 c9 fe 16 4c 8b ce
0x00007f92fd06936a:   41 f6 c2 01 0f 85 2e 00 00 00 4d 33 ca 4d 33 ca
0x00007f92fd06937a:   4d 8b 09 4c 8b da 49 c1 eb 02 4b 8b 04 19 49 bb
0x00007f92fd06938a:   a8 5c 05 14 93 7f 00 00 4c 33 d8 4c 33 d8 45 3b 

Register to memory mapping:

RAX=0x00007f931401cce0: <offset 0xf64ce0> in /usr/lib/jvm/java-8-oracle/jre/lib/amd64/server/libjvm.so at 0x00007f93130b8000
RBX=0x00007f930c7051f8 is an unknown value
RCX=0x00007f9314a81320: <offset 0x219320> in /lib/x86_64-linux-gnu/libpthread.so.0 at 0x00007f9314868000
RDX=0x0000000000000042 is an unknown value
RSP=0x00007f92b344e5f8 is pointing into the stack for thread: 0x00007f930c705000
RBP=0x00007f92b344e620 is pointing into the stack for thread: 0x00007f930c705000
RSI=0x0000000000000000 is an unknown value
RDI=0x00007f930c7051f8 is an unknown value
R8 =0x0000000000000320 is an unknown value
R9 =0x0000000000000000 is an unknown value
R10=0x000000000000011c is an unknown value
R11=0x00007f92fd65da58 is at entry_point+24 in (nmethod*)0x00007f92fd65d8d0
R12=0x00007f92a000fb90 is an unknown value
R13=0x0000000000000000 is an unknown value
R14=0x00007f92d96907e0: <offset 0x2587e0> in /usr/lib/jvm/java-8-oracle/jre/lib/amd64/libawt_xawt.so at 0x00007f92d9438000
R15=0x00007f930c705000 is a thread


Stack: [0x00007f92b334f000,0x00007f92b3450000],  sp=0x00007f92b344e5f8,  free space=1021k
Native frames: (J=compiled Java code, j=interpreted, Vv=VM code, C=native code)
v  ~BufferBlob::jni_fast_GetLongField
C  [libX11.so.6+0x61ae8]  _XimServerDestroy+0x58

Java frames: (J=compiled Java code, j=interpreted, Vv=VM code)
J 2877  sun.awt.X11.XlibWrapper.XFilterEvent(JJ)Z (0 bytes) @ 0x00007f92fd65da84 [0x00007f92fd65da40+0x44]
j  sun.awt.X11.XToolkit.run(Z)V+300
j  sun.awt.X11.XToolkit.run()V+5
j  java.lang.Thread.run()V+11
v  ~StubRoutines::call_stub

---------------  P R O C E S S  ---------------

Java Threads: ( => current thread )
  0x00007f92c4004800 JavaThread "SIGTERM handler" daemon [_thread_blocked, id=24495, stack(0x00007f92b1444000,0x00007f92b1545000)]
  0x00007f92c4002800 JavaThread "SIGTERM handler" daemon [_thread_blocked, id=24494, stack(0x00007f92b1343000,0x00007f92b1444000)]
  0x00007f9298001000 JavaThread "Thread-1" [_thread_blocked, id=24489, stack(0x00007f92b1646000,0x00007f92b1747000)]
  0x00007f92c4001000 JavaThread "SIGTERM handler" daemon [_thread_blocked, id=24486, stack(0x00007f92b1747000,0x00007f92b1848000)]
  0x00007f92a0031000 JavaThread "Abandoned connection cleanup thread" daemon [_thread_blocked, id=24082, stack(0x00007f92b20a7000,0x00007f92b21a8000)]
  0x00007f92a001f000 JavaThread "TimerQueue" daemon [_thread_blocked, id=24078, stack(0x00007f92b2e37000,0x00007f92b2f38000)]
  0x00007f930c7fb800 JavaThread "AWT-EventQueue-0" [_thread_blocked, id=24077, stack(0x00007f92b2c35000,0x00007f92b2d36000)]
  0x00007f930c7fa000 JavaThread "AWT-Shutdown" [_thread_blocked, id=24076, stack(0x00007f92b2d36000,0x00007f92b2e37000)]
=>0x00007f930c705000 JavaThread "AWT-XAWT" daemon [_thread_in_native, id=24073, stack(0x00007f92b334f000,0x00007f92b3450000)]
  0x00007f930c6e6000 JavaThread "Java2D Disposer" daemon [_thread_blocked, id=24072, stack(0x00007f92b3867000,0x00007f92b3968000)]
  0x00007f930c0c5000 JavaThread "Service Thread" daemon [_thread_blocked, id=24070, stack(0x00007f92da103000,0x00007f92da204000)]
  0x00007f930c0bf800 JavaThread "C1 CompilerThread2" daemon [_thread_blocked, id=24069, stack(0x00007f92da204000,0x00007f92da305000)]
  0x00007f930c0be000 JavaThread "C2 CompilerThread1" daemon [_thread_blocked, id=24068, stack(0x00007f92da305000,0x00007f92da406000)]
  0x00007f930c0bb000 JavaThread "C2 CompilerThread0" daemon [_thread_blocked, id=24067, stack(0x00007f92da406000,0x00007f92da507000)]
  0x00007f930c0b9800 JavaThread "Signal Dispatcher" daemon [_thread_blocked, id=24066, stack(0x00007f92da507000,0x00007f92da608000)]
  0x00007f930c083800 JavaThread "Finalizer" daemon [_thread_blocked, id=24065, stack(0x00007f92daced000,0x00007f92dadee000)]
  0x00007f930c081800 JavaThread "Reference Handler" daemon [_thread_blocked, id=24064, stack(0x00007f92dadee000,0x00007f92daeef000)]
  0x00007f930c00a800 JavaThread "main" [_thread_blocked, id=24054, stack(0x00007f9314ba4000,0x00007f9314ca5000)]

Other Threads:
  0x00007f930c07c800 VMThread [stack: 0x00007f92daeef000,0x00007f92daff0000] [id=24063]
  0x00007f930c0c7800 WatcherThread [stack: 0x00007f92da002000,0x00007f92da103000] [id=24071]

VM state:not at safepoint (normal execution)

VM Mutex/Monitor currently owned by a thread: None

Heap:
 PSYoungGen      total 523776K, used 54808K [0x000000076c800000, 0x000000078d100000, 0x00000007c0000000)
  eden space 515584K, 10% used [0x000000076c800000,0x000000076fd863d0,0x000000078bf80000)
  from space 8192K, 0% used [0x000000078c800000,0x000000078c800000,0x000000078d000000)
  to   space 8704K, 0% used [0x000000078bf80000,0x000000078bf80000,0x000000078c800000)
 ParOldGen       total 84480K, used 5471K [0x00000006c5800000, 0x00000006caa80000, 0x000000076c800000)
  object space 84480K, 6% used [0x00000006c5800000,0x00000006c5d57fc8,0x00000006caa80000)
 Metaspace       used 25086K, capacity 25324K, committed 25728K, reserved 1071104K
  class space    used 3044K, capacity 3139K, committed 3200K, reserved 1048576K

Card table byte_map: [0x00007f9311163000,0x00007f9311938000] byte_map_base: 0x00007f930db37000

Marking Bits: (ParMarkBitMap*) 0x00007f9314055760
 Begin Bits: [0x00007f92e82c0000, 0x00007f92ec160000)
 End Bits:   [0x00007f92ec160000, 0x00007f92f0000000)

Polling page: 0x00007f9314ba3000

CodeCache: size=245760Kb used=9232Kb max_used=9537Kb free=236527Kb
 bounds [0x00007f92fd000000, 0x00007f92fd970000, 0x00007f930c000000]
 total_blobs=3470 nmethods=2841 adapters=543
 compilation: enabled

Compilation events (10 events):
Event: 1921.102 Thread 0x00007f930c0be000 3309   !   4       sun.awt.X11.XToolkit::callTimeoutTasks (220 bytes)
Event: 1921.104 Thread 0x00007f930c0be000 nmethod 3309 0x00007f92fd7eb390 code [0x00007f92fd7eb500, 0x00007f92fd7eb638]
Event: 2224.467 Thread 0x00007f930c0be000 3310   !   4       sun.awt.X11.XToolkit::getNextTaskTime (55 bytes)
Event: 2224.479 Thread 0x00007f930c0be000 nmethod 3310 0x00007f92fd85b750 code [0x00007f92fd85b920, 0x00007f92fd85bc90]
Event: 3130.827 Thread 0x00007f930c0bf800 3311   !   3       java.util.Vector$Itr::next (63 bytes)
Event: 3130.828 Thread 0x00007f930c0bf800 nmethod 3311 0x00007f92fd8b2a50 code [0x00007f92fd8b2c20, 0x00007f92fd8b32d8]
Event: 3130.828 Thread 0x00007f930c0bf800 3312       3       java.util.Vector$Itr::checkForComodification (23 bytes)
Event: 3130.828 Thread 0x00007f930c0bf800 nmethod 3312 0x00007f92fd85b210 code [0x00007f92fd85b380, 0x00007f92fd85b5a8]
Event: 3209.298 Thread 0x00007f930c0bf800 3313       3       java.lang.Long::equals (30 bytes)
Event: 3209.299 Thread 0x00007f930c0bf800 nmethod 3313 0x00007f92fd68bad0 code [0x00007f92fd68bc60, 0x00007f92fd68c130]

GC Heap History (10 events):
Event: 4.888 GC heap before
{Heap before GC invocations=5 (full 0):
 PSYoungGen      total 139776K, used 133783K [0x000000076c800000, 0x0000000775b00000, 0x00000007c0000000)
  eden space 129024K, 100% used [0x000000076c800000,0x0000000774600000,0x0000000774600000)
  from space 10752K, 44% used [0x0000000775080000,0x0000000775525ff8,0x0000000775b00000)
  to   space 10752K, 0% used [0x0000000774600000,0x0000000774600000,0x0000000775080000)
 ParOldGen       total 172032K, used 56K [0x00000006c5800000, 0x00000006d0000000, 0x000000076c800000)
  object space 172032K, 0% used [0x00000006c5800000,0x00000006c580e000,0x00000006d0000000)
 Metaspace       used 20584K, capacity 20844K, committed 21248K, reserved 1067008K
  class space    used 2594K, capacity 2691K, committed 2816K, reserved 1048576K
Event: 4.923 GC heap after
Heap after GC invocations=5 (full 0):
 PSYoungGen      total 139776K, used 5029K [0x000000076c800000, 0x000000077d300000, 0x00000007c0000000)
  eden space 129024K, 0% used [0x000000076c800000,0x000000076c800000,0x0000000774600000)
  from space 10752K, 46% used [0x0000000774600000,0x0000000774ae96a8,0x0000000775080000)
  to   space 7680K, 0% used [0x000000077cb80000,0x000000077cb80000,0x000000077d300000)
 ParOldGen       total 172032K, used 64K [0x00000006c5800000, 0x00000006d0000000, 0x000000076c800000)
  object space 172032K, 0% used [0x00000006c5800000,0x00000006c5810000,0x00000006d0000000)
 Metaspace       used 20584K, capacity 20844K, committed 21248K, reserved 1067008K
  class space    used 2594K, capacity 2691K, committed 2816K, reserved 1048576K
}
Event: 5.146 GC heap before
{Heap before GC invocations=6 (full 0):
 PSYoungGen      total 139776K, used 133945K [0x000000076c800000, 0x000000077d300000, 0x00000007c0000000)
  eden space 129024K, 99% used [0x000000076c800000,0x00000007745e4eb8,0x0000000774600000)
  from space 10752K, 46% used [0x0000000774600000,0x0000000774ae96a8,0x0000000775080000)
  to   space 7680K, 0% used [0x000000077cb80000,0x000000077cb80000,0x000000077d300000)
 ParOldGen       total 172032K, used 64K [0x00000006c5800000, 0x00000006d0000000, 0x000000076c800000)
  object space 172032K, 0% used [0x00000006c5800000,0x00000006c5810000,0x00000006d0000000)
 Metaspace       used 20585K, capacity 20844K, committed 21248K, reserved 1067008K
  class space    used 2594K, capacity 2691K, committed 2816K, reserved 1048576K
Event: 5.167 GC heap after
Heap after GC invocations=6 (full 0):
 PSYoungGen      total 265728K, used 5057K [0x000000076c800000, 0x000000077d300000, 0x00000007c0000000)
  eden space 258048K, 0% used [0x000000076c800000,0x000000076c800000,0x000000077c400000)
  from space 7680K, 65% used [0x000000077cb80000,0x000000077d0707c8,0x000000077d300000)
  to   space 7680K, 0% used [0x000000077c400000,0x000000077c400000,0x000000077cb80000)
 ParOldGen       total 172032K, used 72K [0x00000006c5800000, 0x00000006d0000000, 0x000000076c800000)
  object space 172032K, 0% used [0x00000006c5800000,0x00000006c5812000,0x00000006d0000000)
 Metaspace       used 20585K, capacity 20844K, committed 21248K, reserved 1067008K
  class space    used 2594K, capacity 2691K, committed 2816K, reserved 1048576K
}
Event: 5.503 GC heap before
{Heap before GC invocations=7 (full 0):
 PSYoungGen      total 265728K, used 263105K [0x000000076c800000, 0x000000077d300000, 0x00000007c0000000)
  eden space 258048K, 100% used [0x000000076c800000,0x000000077c400000,0x000000077c400000)
  from space 7680K, 65% used [0x000000077cb80000,0x000000077d0707c8,0x000000077d300000)
  to   space 7680K, 0% used [0x000000077c400000,0x000000077c400000,0x000000077cb80000)
 ParOldGen       total 172032K, used 72K [0x00000006c5800000, 0x00000006d0000000, 0x000000076c800000)
  object space 172032K, 0% used [0x00000006c5800000,0x00000006c5812000,0x00000006d0000000)
 Metaspace       used 20591K, capacity 20844K, committed 21248K, reserved 1067008K
  class space    used 2594K, capacity 2691K, committed 2816K, reserved 1048576K
Event: 5.527 GC heap after
Heap after GC invocations=7 (full 0):
 PSYoungGen      total 265728K, used 1096K [0x000000076c800000, 0x000000078d000000, 0x00000007c0000000)
  eden space 258048K, 0% used [0x000000076c800000,0x000000076c800000,0x000000077c400000)
  from space 7680K, 14% used [0x000000077c400000,0x000000077c512020,0x000000077cb80000)
  to   space 8192K, 0% used [0x000000078c800000,0x000000078c800000,0x000000078d000000)
 ParOldGen       total 172032K, used 4500K [0x00000006c5800000, 0x00000006d0000000, 0x000000076c800000)
  object space 172032K, 2% used [0x00000006c5800000,0x00000006c5c651d8,0x00000006d0000000)
 Metaspace       used 20591K, capacity 20844K, committed 21248K, reserved 1067008K
  class space    used 2594K, capacity 2691K, committed 2816K, reserved 1048576K
}
Event: 6.246 GC heap before
{Heap before GC invocations=8 (full 0):
 PSYoungGen      total 265728K, used 188608K [0x000000076c800000, 0x000000078d000000, 0x00000007c0000000)
  eden space 258048K, 72% used [0x000000076c800000,0x0000000777f1e2c8,0x000000077c400000)
  from space 7680K, 14% used [0x000000077c400000,0x000000077c512020,0x000000077cb80000)
  to   space 8192K, 0% used [0x000000078c800000,0x000000078c800000,0x000000078d000000)
 ParOldGen       total 172032K, used 4500K [0x00000006c5800000, 0x00000006d0000000, 0x000000076c800000)
  object space 172032K, 2% used [0x00000006c5800000,0x00000006c5c651d8,0x00000006d0000000)
 Metaspace       used 20710K, capacity 20908K, committed 21248K, reserved 1067008K
  class space    used 2607K, capacity 2691K, committed 2816K, reserved 1048576K
Event: 6.255 GC heap after
Heap after GC invocations=8 (full 0):
 PSYoungGen      total 523776K, used 1109K [0x000000076c800000, 0x000000078d100000, 0x00000007c0000000)
  eden space 515584K, 0% used [0x000000076c800000,0x000000076c800000,0x000000078bf80000)
  from space 8192K, 13% used [0x000000078c800000,0x000000078c915730,0x000000078d000000)
  to   space 8704K, 0% used [0x000000078bf80000,0x000000078bf80000,0x000000078c800000)
 ParOldGen       total 172032K, used 4588K [0x00000006c5800000, 0x00000006d0000000, 0x000000076c800000)
  object space 172032K, 2% used [0x00000006c5800000,0x00000006c5c7b1d8,0x00000006d0000000)
 Metaspace       used 20710K, capacity 20908K, committed 21248K, reserved 1067008K
  class space    used 2607K, capacity 2691K, committed 2816K, reserved 1048576K
}
Event: 6.255 GC heap before
{Heap before GC invocations=9 (full 1):
 PSYoungGen      total 523776K, used 1109K [0x000000076c800000, 0x000000078d100000, 0x00000007c0000000)
  eden space 515584K, 0% used [0x000000076c800000,0x000000076c800000,0x000000078bf80000)
  from space 8192K, 13% used [0x000000078c800000,0x000000078c915730,0x000000078d000000)
  to   space 8704K, 0% used [0x000000078bf80000,0x000000078bf80000,0x000000078c800000)
 ParOldGen       total 172032K, used 4588K [0x00000006c5800000, 0x00000006d0000000, 0x000000076c800000)
  object space 172032K, 2% used [0x00000006c5800000,0x00000006c5c7b1d8,0x00000006d0000000)
 Metaspace       used 20710K, capacity 20908K, committed 21248K, reserved 1067008K
  class space    used 2607K, capacity 2691K, committed 2816K, reserved 1048576K
Event: 6.350 GC heap after
Heap after GC invocations=9 (full 1):
 PSYoungGen      total 523776K, used 0K [0x000000076c800000, 0x000000078d100000, 0x00000007c0000000)
  eden space 515584K, 0% used [0x000000076c800000,0x000000076c800000,0x000000078bf80000)
  from space 8192K, 0% used [0x000000078c800000,0x000000078c800000,0x000000078d000000)
  to   space 8704K, 0% used [0x000000078bf80000,0x000000078bf80000,0x000000078c800000)
 ParOldGen       total 84480K, used 5471K [0x00000006c5800000, 0x00000006caa80000, 0x000000076c800000)
  object space 84480K, 6% used [0x00000006c5800000,0x00000006c5d57fc8,0x00000006caa80000)
 Metaspace       used 20710K, capacity 20908K, committed 21248K, reserved 1067008K
  class space    used 2607K, capacity 2691K, committed 2816K, reserved 1048576K
}

Deoptimization events (10 events):
Event: 30.006 Thread 0x00007f930c7fb800 Uncommon trap: reason=class_check action=maybe_recompile pc=0x00007f92fd1d8e90 method=java.lang.String.equals(Ljava/lang/Object;)Z @ 8
Event: 31.688 Thread 0x00007f930c7fb800 Uncommon trap: reason=speculate_class_check action=maybe_recompile pc=0x00007f92fd4c3b50 method=java.awt.DefaultKeyboardFocusManager.dispatchEvent(Ljava/awt/AWTEvent;)Z @ 817
Event: 39.190 Thread 0x00007f930c7fb800 Uncommon trap: reason=speculate_class_check action=maybe_recompile pc=0x00007f92fd4c3b50 method=java.awt.DefaultKeyboardFocusManager.dispatchEvent(Ljava/awt/AWTEvent;)Z @ 817
Event: 39.328 Thread 0x00007f930c7fb800 Uncommon trap: reason=unstable_if action=reinterpret pc=0x00007f92fd7f5394 method=java.security.AccessControlContext.combine([Ljava/security/ProtectionDomain;[Ljava/security/ProtectionDomain;)[Ljava/security/ProtectionDomain; @ 162
Event: 39.338 Thread 0x00007f930c7fb800 Uncommon trap: reason=unstable_if action=reinterpret pc=0x00007f92fd46b33c method=sun.nio.cs.UTF_8$Decoder.decode([BII[C)I @ 30
Event: 39.379 Thread 0x00007f930c7fb800 Uncommon trap: reason=unstable_if action=reinterpret pc=0x00007f92fd6a4f7c method=java.util.Properties$LineReader.readLine()I @ 271
Event: 40.831 Thread 0x00007f930c7fb800 Uncommon trap: reason=unstable_if action=reinterpret pc=0x00007f92fd838a20 method=java.security.AccessController.getContext()Ljava/security/AccessControlContext; @ 5
Event: 40.832 Thread 0x00007f930c7fb800 Uncommon trap: reason=unstable_if action=reinterpret pc=0x00007f92fd178e64 method=java.awt.EventQueue.getPriority(Ljava/awt/AWTEvent;)I @ 22
Event: 40.832 Thread 0x00007f930c7fb800 Uncommon trap: reason=unstable_if action=reinterpret pc=0x00007f92fd347df0 method=java.awt.EventQueue.cacheEQItem(Lsun/awt/EventQueueItem;)V @ 23
Event: 40.868 Thread 0x00007f930c7fb800 Uncommon trap: reason=unstable_if action=reinterpret pc=0x00007f92fd1a7d18 method=java.awt.EventQueue.uncacheEQItem(Lsun/awt/EventQueueItem;)V @ 23

Internal exceptions (10 events):
Event: 2.495 Thread 0x00007f930c00a800 Exception <a 'java/lang/ClassNotFoundException': Tree> (0x000000076cc7deb0) thrown at [/RE-WORK/workspace/8-2-build-linux-amd64/jdk8u45/3457/hotspot/src/share/vm/classfile/systemDictionary.cpp, line 210]
Event: 2.495 Thread 0x00007f930c00a800 Exception <a 'java/lang/ClassNotFoundException': Tree> (0x000000076cc7e728) thrown at [/RE-WORK/workspace/8-2-build-linux-amd64/jdk8u45/3457/hotspot/src/share/vm/classfile/systemDictionary.cpp, line 210]
Event: 2.495 Thread 0x00007f930c00a800 Exception <a 'java/lang/ClassNotFoundException': javax/swing/JTreeCell> (0x000000076cc7ebe0) thrown at [/RE-WORK/workspace/8-2-build-linux-amd64/jdk8u45/3457/hotspot/src/share/vm/classfile/systemDictionary.cpp, line 210]
Event: 2.495 Thread 0x00007f930c00a800 Exception <a 'java/lang/ClassNotFoundException': TreeCell> (0x000000076cc7f1a0) thrown at [/RE-WORK/workspace/8-2-build-linux-amd64/jdk8u45/3457/hotspot/src/share/vm/classfile/systemDictionary.cpp, line 210]
Event: 2.495 Thread 0x00007f930c00a800 Exception <a 'java/lang/ClassNotFoundException': RootPane> (0x000000076cc7fc90) thrown at [/RE-WORK/workspace/8-2-build-linux-amd64/jdk8u45/3457/hotspot/src/share/vm/classfile/systemDictionary.cpp, line 210]
Event: 3.274 Thread 0x00007f930c7e9800 Exception <a 'java/io/FileNotFoundException'> (0x000000076cdf09e8) thrown at [/RE-WORK/workspace/8-2-build-linux-amd64/jdk8u45/3457/hotspot/src/share/vm/prims/jni.cpp, line 709]
Event: 6.225 Thread 0x00007f930c00a800 Implicit null exception at 0x00007f92fd7ee1b4 to 0x00007f92fd7ee579
Event: 6.376 Thread 0x00007f930c7fb800 Implicit null exception at 0x00007f92fd8c4a22 to 0x00007f92fd8c61f1
Event: 6.902 Thread 0x00007f930c00a800 Exception <a 'java/io/FileNotFoundException'> (0x000000076c993c68) thrown at [/RE-WORK/workspace/8-2-build-linux-amd64/jdk8u45/3457/hotspot/src/share/vm/prims/jni.cpp, line 709]
Event: 7.084 Thread 0x00007f930c7fb800 Exception <a 'java/lang/UnsupportedOperationException': > (0x000000076d548fc0) thrown at [/RE-WORK/workspace/8-2-build-linux-amd64/jdk8u45/3457/hotspot/src/share/vm/prims/jni.cpp, line 735]

Events (10 events):
Event: 1457.018 Thread 0x00007f930c0bb000 flushing nmethod 0x00007f92fd70d410
Event: 1457.018 Thread 0x00007f930c0bb000 flushing nmethod 0x00007f92fd70db10
Event: 1457.018 Thread 0x00007f930c0bb000 flushing nmethod 0x00007f92fd7606d0
Event: 1457.018 Thread 0x00007f930c0bb000 flushing nmethod 0x00007f92fd795850
Event: 1612.062 Thread 0x00007f930c0bf800 flushing nmethod 0x00007f92fd7eafd0
Event: 1612.062 Thread 0x00007f930c0bf800 flushing nmethod 0x00007f92fd85b210
Event: 1921.104 Thread 0x00007f930c0be000 flushing nmethod 0x00007f92fd8b27d0
Event: 1921.104 Thread 0x00007f930c0be000 flushing nmethod 0x00007f92fd91a490
Event: 4241.940 loading class sun/awt/X11/XDestroyWindowEvent
Event: 4242.019 loading class sun/awt/X11/XDestroyWindowEvent done


Dynamic libraries:
00400000-00401000 r-xp 00000000 08:03 3424510                            /usr/lib/jvm/java-8-oracle/bin/java
00600000-00601000 rw-p 00000000 08:03 3424510                            /usr/lib/jvm/java-8-oracle/bin/java
011ff000-01220000 rw-p 00000000 00:00 0                                  [heap]
6c5800000-6caa80000 rw-p 00000000 00:00 0 
6caa80000-76c800000 ---p 00000000 00:00 0 
76c800000-78d100000 rw-p 00000000 00:00 0 
78d100000-7c0000000 ---p 00000000 00:00 0 
7c0000000-7c0320000 rw-p 00000000 00:00 0 
7c0320000-800000000 ---p 00000000 00:00 0 
7f9284000000-7f9284021000 rw-p 00000000 00:00 0 
7f9284021000-7f9288000000 ---p 00000000 00:00 0 
7f9288000000-7f9288021000 rw-p 00000000 00:00 0 
7f9288021000-7f928c000000 ---p 00000000 00:00 0 
7f928c000000-7f928c021000 rw-p 00000000 00:00 0 
7f928c021000-7f9290000000 ---p 00000000 00:00 0 
7f9290000000-7f9290021000 rw-p 00000000 00:00 0 
7f9290021000-7f9294000000 ---p 00000000 00:00 0 
7f9294000000-7f9294021000 rw-p 00000000 00:00 0 
7f9294021000-7f9298000000 ---p 00000000 00:00 0 
7f9298000000-7f9298021000 rw-p 00000000 00:00 0 
7f9298021000-7f929c000000 ---p 00000000 00:00 0 
7f929c000000-7f929c021000 rw-p 00000000 00:00 0 
7f929c021000-7f92a0000000 ---p 00000000 00:00 0 
7f92a0000000-7f92a033f000 rw-p 00000000 00:00 0 
7f92a033f000-7f92a4000000 ---p 00000000 00:00 0 
7f92a4000000-7f92a402b000 rw-p 00000000 00:00 0 
7f92a402b000-7f92a8000000 ---p 00000000 00:00 0 
7f92a8000000-7f92a8021000 rw-p 00000000 00:00 0 
7f92a8021000-7f92ac000000 ---p 00000000 00:00 0 
7f92ac000000-7f92ac021000 rw-p 00000000 00:00 0 
7f92ac021000-7f92b0000000 ---p 00000000 00:00 0 
7f92b1343000-7f92b1346000 ---p 00000000 00:00 0 
7f92b1346000-7f92b1444000 rw-p 00000000 00:00 0                          [stack:24494]
7f92b1444000-7f92b1447000 ---p 00000000 00:00 0 
7f92b1447000-7f92b1545000 rw-p 00000000 00:00 0                          [stack:24495]
7f92b1545000-7f92b1548000 ---p 00000000 00:00 0 
7f92b1548000-7f92b1646000 rw-p 00000000 00:00 0 
7f92b1646000-7f92b1649000 ---p 00000000 00:00 0 
7f92b1649000-7f92b1747000 rw-p 00000000 00:00 0                          [stack:24489]
7f92b1747000-7f92b174a000 ---p 00000000 00:00 0 
7f92b174a000-7f92b1848000 rw-p 00000000 00:00 0                          [stack:24486]
7f92b1848000-7f92b185f000 r-xp 00000000 08:03 393231                     /lib/x86_64-linux-gnu/libresolv-2.19.so
7f92b185f000-7f92b1a5f000 ---p 00017000 08:03 393231                     /lib/x86_64-linux-gnu/libresolv-2.19.so
7f92b1a5f000-7f92b1a60000 r--p 00017000 08:03 393231                     /lib/x86_64-linux-gnu/libresolv-2.19.so
7f92b1a60000-7f92b1a61000 rw-p 00018000 08:03 393231                     /lib/x86_64-linux-gnu/libresolv-2.19.so
7f92b1a61000-7f92b1a63000 rw-p 00000000 00:00 0 
7f92b1a68000-7f92b1a6d000 r-xp 00000000 08:03 393246                     /lib/x86_64-linux-gnu/libnss_dns-2.19.so
7f92b1a6d000-7f92b1c6c000 ---p 00005000 08:03 393246                     /lib/x86_64-linux-gnu/libnss_dns-2.19.so
7f92b1c6c000-7f92b1c6d000 r--p 00004000 08:03 393246                     /lib/x86_64-linux-gnu/libnss_dns-2.19.so
7f92b1c6d000-7f92b1c6e000 rw-p 00005000 08:03 393246                     /lib/x86_64-linux-gnu/libnss_dns-2.19.so
7f92b1c70000-7f92b1c72000 r-xp 00000000 08:03 397422                     /lib/x86_64-linux-gnu/libnss_mdns4_minimal.so.2
7f92b1c72000-7f92b1e71000 ---p 00002000 08:03 397422                     /lib/x86_64-linux-gnu/libnss_mdns4_minimal.so.2
7f92b1e71000-7f92b1e72000 r--p 00001000 08:03 397422                     /lib/x86_64-linux-gnu/libnss_mdns4_minimal.so.2
7f92b1e72000-7f92b1e73000 rw-p 00002000 08:03 397422                     /lib/x86_64-linux-gnu/libnss_mdns4_minimal.so.2
7f92b1e94000-7f92b1e99000 r--s 00094000 08:03 3426002                    /usr/lib/jvm/java-8-oracle/jre/lib/jsse.jar
7f92b1ea0000-7f92b1ea5000 r--s 002f8000 08:03 3426077                    /usr/lib/jvm/java-8-oracle/jre/lib/charsets.jar
7f92b1ea7000-7f92b20a7000 rw-p 00000000 00:00 0 
7f92b20a7000-7f92b20aa000 ---p 00000000 00:00 0 
7f92b20aa000-7f92b21a8000 rw-p 00000000 00:00 0                          [stack:24082]
7f92b21a8000-7f92b21d2000 r-xp 00000000 08:03 3426031                    /usr/lib/jvm/java-8-oracle/jre/lib/amd64/libdcpr.so
7f92b21d2000-7f92b23d2000 ---p 0002a000 08:03 3426031                    /usr/lib/jvm/java-8-oracle/jre/lib/amd64/libdcpr.so
7f92b23d2000-7f92b23d5000 rw-p 0002a000 08:03 3426031                    /usr/lib/jvm/java-8-oracle/jre/lib/amd64/libdcpr.so
7f92b23d8000-7f92b23ec000 r--s 00000000 08:03 657677                     /usr/share/fonts/type1/gsfonts/n019003l.pfb
7f92b23f0000-7f92b2409000 r--s 00000000 08:03 657701                     /usr/share/fonts/type1/gsfonts/n021003l.pfb
7f92b2410000-7f92b2421000 r--s 00000000 08:03 657683                     /usr/share/fonts/type1/gsfonts/n019023l.pfb
7f92b2428000-7f92b243a000 r--s 00000000 08:03 657680                     /usr/share/fonts/type1/gsfonts/n019004l.pfb
7f92b2440000-7f92b2456000 r--s 00000000 08:03 657722                     /usr/share/fonts/type1/gsfonts/n022024l.pfb
7f92b2458000-7f92b2470000 r--s 00000000 08:03 657713                     /usr/share/fonts/type1/gsfonts/n022003l.pfb
7f92b2470000-7f92b2486000 r--s 00000000 08:03 657710                     /usr/share/fonts/type1/gsfonts/n021024l.pfb
7f92b2488000-7f92b249f000 r--s 00000000 08:03 657707                     /usr/share/fonts/type1/gsfonts/n021023l.pfb
7f92b24a0000-7f92b2509000 r-xp 00000000 08:03 3426043                    /usr/lib/jvm/java-8-oracle/jre/lib/amd64/libt2k.so
7f92b2509000-7f92b2708000 ---p 00069000 08:03 3426043                    /usr/lib/jvm/java-8-oracle/jre/lib/amd64/libt2k.so
7f92b2708000-7f92b270f000 rw-p 00068000 08:03 3426043                    /usr/lib/jvm/java-8-oracle/jre/lib/amd64/libt2k.so
7f92b270f000-7f92b271f000 rw-p 00000000 00:00 0 
7f92b2720000-7f92b2721000 r--s 00000000 08:03 3677075                    /var/cache/fontconfig/c05880de57d1f5e948fdfacc138775d9-le64.cache-4
7f92b2728000-7f92b2733000 r--s 00000000 08:03 3677069                    /var/cache/fontconfig/945677eb7aeaf62f1d50efc3fb3ec7d8-le64.cache-4
7f92b2738000-7f92b273a000 r--s 00000000 08:03 3678612                    /var/cache/fontconfig/99e8ed0e538f840c565b6ed5dad60d56-le64.cache-4
7f92b2740000-7f92b2749000 r--s 00000000 08:03 3678611                    /var/cache/fontconfig/a6d8cf8e4ec09cdbc8633c31745a07dd-le64.cache-4
7f92b2750000-7f92b2756000 r--s 00000000 08:03 3677055                    /var/cache/fontconfig/2cd17615ca594fa2959ae173292e504c-le64.cache-4
7f92b2758000-7f92b2759000 r--s 00000000 08:03 3677085                    /var/cache/fontconfig/e7071f4a29fa870f4323321c154eba04-le64.cache-4
7f92b2760000-7f92b2761000 r--s 00000000 08:03 3677052                    /var/cache/fontconfig/0d8c3b2ac0904cb8a57a757ad11a4a08-le64.cache-4
7f92b2768000-7f92b276f000 r--s 00000000 08:03 3677072                    /var/cache/fontconfig/a755afe4a08bf5b97852ceb7400b47bc-le64.cache-4
7f92b2770000-7f92b2774000 r--s 00000000 08:03 3678864                    /var/cache/fontconfig/de156ccd2eddbdc19d37a45b8b2aac9c-le64.cache-4
7f92b2778000-7f92b278c000 r--s 00000000 08:03 3677050                    /var/cache/fontconfig/04aabc0a78ac019cf9454389977116d2-le64.cache-4
7f92b2790000-7f92b2791000 r--s 00000000 08:03 3677054                    /var/cache/fontconfig/1ac9eb803944fde146138c791f5cc56a-le64.cache-4
7f92b2798000-7f92b279c000 r--s 00000000 08:03 3677058                    /var/cache/fontconfig/385c0604a188198f04d133e54aba7fe7-le64.cache-4
7f92b27a0000-7f92b27a1000 r--s 00000000 08:03 3677082                    /var/cache/fontconfig/dc05db6664285cc2f12bf69c139ae4c3-le64.cache-4
7f92b27a8000-7f92b27aa000 r--s 00000000 08:03 3677066                    /var/cache/fontconfig/767a8244fc0220cfb567a839d0392e0b-le64.cache-4
7f92b27b0000-7f92b27eb000 r--s 00000000 08:03 3673862                    /var/cache/fontconfig/365b55f210c0a22e9a19e35191240f32-le64.cache-4
7f92b27f0000-7f92b27fa000 r--s 00000000 08:03 657743                     /usr/share/fonts/type1/mathml/Symbol.pfb
7f92b2800000-7f92b2811000 r--s 00000000 08:03 657686                     /usr/share/fonts/type1/gsfonts/n019024l.pfb
7f92b2818000-7f92b2831000 r--s 00000000 08:03 657716                     /usr/share/fonts/type1/gsfonts/n022004l.pfb
7f92b2835000-7f92b2a35000 rw-p 00000000 00:00 0 
7f92b2a35000-7f92b2c35000 rw-p 00000000 00:00 0 
7f92b2c35000-7f92b2c38000 ---p 00000000 00:00 0 
7f92b2c38000-7f92b2d36000 rw-p 00000000 00:00 0                          [stack:24077]
7f92b2d36000-7f92b2d39000 ---p 00000000 00:00 0 
7f92b2d39000-7f92b2e37000 rw-p 00000000 00:00 0                          [stack:24076]
7f92b2e37000-7f92b2e3a000 ---p 00000000 00:00 0 
7f92b2e3a000-7f92b3138000 rw-p 00000000 00:00 0                          [stack:24078]
7f92b3138000-7f92b3149000 r-xp 00000000 08:03 3426040                    /usr/lib/jvm/java-8-oracle/jre/lib/amd64/libnio.so
7f92b3149000-7f92b3348000 ---p 00011000 08:03 3426040                    /usr/lib/jvm/java-8-oracle/jre/lib/amd64/libnio.so
7f92b3348000-7f92b3349000 rw-p 00010000 08:03 3426040                    /usr/lib/jvm/java-8-oracle/jre/lib/amd64/libnio.so
7f92b334f000-7f92b3352000 ---p 00000000 00:00 0 
7f92b3352000-7f92b3450000 rw-p 00000000 00:00 0                          [stack:24073]
7f92b3450000-7f92b3455000 r-xp 00000000 08:03 3408352                    /usr/lib/x86_64-linux-gnu/libXfixes.so.3.1.0
7f92b3455000-7f92b3654000 ---p 00005000 08:03 3408352                    /usr/lib/x86_64-linux-gnu/libXfixes.so.3.1.0
7f92b3654000-7f92b3655000 r--p 00004000 08:03 3408352                    /usr/lib/x86_64-linux-gnu/libXfixes.so.3.1.0
7f92b3655000-7f92b3656000 rw-p 00005000 08:03 3408352                    /usr/lib/x86_64-linux-gnu/libXfixes.so.3.1.0
7f92b3658000-7f92b3661000 r-xp 00000000 08:03 3417045                    /usr/lib/x86_64-linux-gnu/libXcursor.so.1.0.2
7f92b3661000-7f92b3860000 ---p 00009000 08:03 3417045                    /usr/lib/x86_64-linux-gnu/libXcursor.so.1.0.2
7f92b3860000-7f92b3861000 r--p 00008000 08:03 3417045                    /usr/lib/x86_64-linux-gnu/libXcursor.so.1.0.2
7f92b3861000-7f92b3862000 rw-p 00009000 08:03 3417045                    /usr/lib/x86_64-linux-gnu/libXcursor.so.1.0.2
7f92b3867000-7f92b386a000 ---p 00000000 00:00 0 
7f92b386a000-7f92b3b68000 rw-p 00000000 00:00 0                          [stack:24072]
7f92b3b68000-7f92b3b7e000 r-xp 00000000 08:03 397368                     /lib/x86_64-linux-gnu/libgcc_s.so.1
7f92b3b7e000-7f92b3d7d000 ---p 00016000 08:03 397368                     /lib/x86_64-linux-gnu/libgcc_s.so.1
7f92b3d7d000-7f92b3d7e000 rw-p 00015000 08:03 397368                     /lib/x86_64-linux-gnu/libgcc_s.so.1
7f92b3d80000-7f92b3de5000 r-xp 00000000 08:03 3426046                    /usr/lib/jvm/java-8-oracle/jre/lib/amd64/libfontmanager.so
7f92b3de5000-7f92b3fe4000 ---p 00065000 08:03 3426046                    /usr/lib/jvm/java-8-oracle/jre/lib/amd64/libfontmanager.so
7f92b3fe4000-7f92b3fe9000 rw-p 00064000 08:03 3426046                    /usr/lib/jvm/java-8-oracle/jre/lib/amd64/libfontmanager.so
7f92b3fe9000-7f92b3ff9000 rw-p 00000000 00:00 0 
7f92b4000000-7f92b4021000 rw-p 00000000 00:00 0 
7f92b4021000-7f92b8000000 ---p 00000000 00:00 0 
7f92b8000000-7f92b8021000 rw-p 00000000 00:00 0 
7f92b8021000-7f92bc000000 ---p 00000000 00:00 0 
7f92bc000000-7f92bcedf000 rw-p 00000000 00:00 0 
7f92bcedf000-7f92c0000000 ---p 00000000 00:00 0 
7f92c0000000-7f92c095f000 rw-p 00000000 00:00 0 
7f92c095f000-7f92c4000000 ---p 00000000 00:00 0 
7f92c4000000-7f92c4021000 rw-p 00000000 00:00 0 
7f92c4021000-7f92c8000000 ---p 00000000 00:00 0 
7f92c8000000-7f92c8e7d000 rw-p 00000000 00:00 0 
7f92c8e7d000-7f92cc000000 ---p 00000000 00:00 0 
7f92cc000000-7f92cc021000 rw-p 00000000 00:00 0 
7f92cc021000-7f92d0000000 ---p 00000000 00:00 0 
7f92d0000000-7f92d0021000 rw-p 00000000 00:00 0 
7f92d0021000-7f92d4000000 ---p 00000000 00:00 0 
7f92d4000000-7f92d4021000 rw-p 00000000 00:00 0 
7f92d4021000-7f92d8000000 ---p 00000000 00:00 0 
7f92d8000000-7f92d8001000 r--s 00000000 08:03 3670956                    /var/cache/fontconfig/4794a0821666d79190d59a36cb4f44b5-le64.cache-4
7f92d8008000-7f92d800d000 r--s 00000000 08:03 3677068                    /var/cache/fontconfig/8801497958630a81b71ace7c5f9b32a8-le64.cache-4
7f92d8010000-7f92d8017000 r--s 00000000 08:03 3677056                    /var/cache/fontconfig/3047814df9a2f067bd2d96a2b9c36e5a-le64.cache-4
7f92d8018000-7f92d8019000 r--s 00000000 08:03 3677062                    /var/cache/fontconfig/56cf4f4769d0f4abc89a4895d7bd3ae1-le64.cache-4
7f92d8020000-7f92d8021000 r--s 00000000 08:03 3677074                    /var/cache/fontconfig/b9d506c9ac06c20b433354fa67a72993-le64.cache-4
7f92d8028000-7f92d802e000 r--s 00000000 08:03 3677073                    /var/cache/fontconfig/b47c4e1ecd0709278f4910c18777a504-le64.cache-4
7f92d8030000-7f92d8039000 r--s 00000000 08:03 3673884                    /var/cache/fontconfig/52f7bdb7ce746bfd7eaa1985bd9cfa93-le64.cache-4
7f92d8040000-7f92d8053000 r--s 00000000 08:03 3677079                    /var/cache/fontconfig/d52a8644073d54c13679302ca1180695-le64.cache-4
7f92d8058000-7f92d8061000 r--s 00000000 08:03 3670935                    /var/cache/fontconfig/3f7329c5293ffd510edef78f73874cfd-le64.cache-4
7f92d8068000-7f92d8268000 rw-p 00000000 00:00 0 
7f92d8268000-7f92d826d000 r-xp 00000000 08:03 3417049                    /usr/lib/x86_64-linux-gnu/libXdmcp.so.6.0.0
7f92d826d000-7f92d846c000 ---p 00005000 08:03 3417049                    /usr/lib/x86_64-linux-gnu/libXdmcp.so.6.0.0
7f92d846c000-7f92d846d000 r--p 00004000 08:03 3417049                    /usr/lib/x86_64-linux-gnu/libXdmcp.so.6.0.0
7f92d846d000-7f92d846e000 rw-p 00005000 08:03 3417049                    /usr/lib/x86_64-linux-gnu/libXdmcp.so.6.0.0
7f92d8470000-7f92d8472000 r-xp 00000000 08:03 3417038                    /usr/lib/x86_64-linux-gnu/libXau.so.6.0.0
7f92d8472000-7f92d8672000 ---p 00002000 08:03 3417038                    /usr/lib/x86_64-linux-gnu/libXau.so.6.0.0
7f92d8672000-7f92d8673000 r--p 00002000 08:03 3417038                    /usr/lib/x86_64-linux-gnu/libXau.so.6.0.0
7f92d8673000-7f92d8674000 rw-p 00003000 08:03 3417038                    /usr/lib/x86_64-linux-gnu/libXau.so.6.0.0
7f92d8678000-7f92d8695000 r-xp 00000000 08:03 3418106                    /usr/lib/x86_64-linux-gnu/libxcb.so.1.1.0
7f92d8695000-7f92d8895000 ---p 0001d000 08:03 3418106                    /usr/lib/x86_64-linux-gnu/libxcb.so.1.1.0
7f92d8895000-7f92d8896000 r--p 0001d000 08:03 3418106                    /usr/lib/x86_64-linux-gnu/libxcb.so.1.1.0
7f92d8896000-7f92d8897000 rw-p 0001e000 08:03 3418106                    /usr/lib/x86_64-linux-gnu/libxcb.so.1.1.0
7f92d8898000-7f92d88a7000 r-xp 00000000 08:03 3410074                    /usr/lib/x86_64-linux-gnu/libXi.so.6.1.0
7f92d88a7000-7f92d8aa6000 ---p 0000f000 08:03 3410074                    /usr/lib/x86_64-linux-gnu/libXi.so.6.1.0
7f92d8aa6000-7f92d8aa7000 r--p 0000e000 08:03 3410074                    /usr/lib/x86_64-linux-gnu/libXi.so.6.1.0
7f92d8aa7000-7f92d8aa8000 rw-p 0000f000 08:03 3410074                    /usr/lib/x86_64-linux-gnu/libXi.so.6.1.0
7f92d8aa8000-7f92d8aad000 r-xp 00000000 08:03 3417079                    /usr/lib/x86_64-linux-gnu/libXtst.so.6.1.0
7f92d8aad000-7f92d8cac000 ---p 00005000 08:03 3417079                    /usr/lib/x86_64-linux-gnu/libXtst.so.6.1.0
7f92d8cac000-7f92d8cad000 r--p 00004000 08:03 3417079                    /usr/lib/x86_64-linux-gnu/libXtst.so.6.1.0
7f92d8cad000-7f92d8cae000 rw-p 00005000 08:03 3417079                    /usr/lib/x86_64-linux-gnu/libXtst.so.6.1.0
7f92d8cb0000-7f92d8cb9000 r-xp 00000000 08:03 3410076                    /usr/lib/x86_64-linux-gnu/libXrender.so.1.3.0
7f92d8cb9000-7f92d8eb8000 ---p 00009000 08:03 3410076                    /usr/lib/x86_64-linux-gnu/libXrender.so.1.3.0
7f92d8eb8000-7f92d8eb9000 r--p 00008000 08:03 3410076                    /usr/lib/x86_64-linux-gnu/libXrender.so.1.3.0
7f92d8eb9000-7f92d8eba000 rw-p 00009000 08:03 3410076                    /usr/lib/x86_64-linux-gnu/libXrender.so.1.3.0
7f92d8ec0000-7f92d8ff0000 r-xp 00000000 08:03 3417034                    /usr/lib/x86_64-linux-gnu/libX11.so.6.3.0
7f92d8ff0000-7f92d91f0000 ---p 00130000 08:03 3417034                    /usr/lib/x86_64-linux-gnu/libX11.so.6.3.0
7f92d91f0000-7f92d91f1000 r--p 00130000 08:03 3417034                    /usr/lib/x86_64-linux-gnu/libX11.so.6.3.0
7f92d91f1000-7f92d91f5000 rw-p 00131000 08:03 3417034                    /usr/lib/x86_64-linux-gnu/libX11.so.6.3.0
7f92d91f8000-7f92d9209000 r-xp 00000000 08:03 3409080                    /usr/lib/x86_64-linux-gnu/libXext.so.6.4.0
7f92d9209000-7f92d9408000 ---p 00011000 08:03 3409080                    /usr/lib/x86_64-linux-gnu/libXext.so.6.4.0
7f92d9408000-7f92d9409000 r--p 00010000 08:03 3409080                    /usr/lib/x86_64-linux-gnu/libXext.so.6.4.0
7f92d9409000-7f92d940a000 rw-p 00011000 08:03 3409080                    /usr/lib/x86_64-linux-gnu/libXext.so.6.4.0
7f92d9410000-7f92d9414000 r--s 00000000 08:03 3677080                    /var/cache/fontconfig/d589a48862398ed80a3d6066f4f56f4c-le64.cache-4
7f92d9418000-7f92d9419000 r--s 00000000 08:03 3677051                    /var/cache/fontconfig/0c9eb80ebd1c36541ebe2852d3bb0c49-le64.cache-4
7f92d9420000-7f92d942d000 r--s 00000000 08:03 3678610                    /var/cache/fontconfig/e13b20fdb08344e0e664864cc2ede53d-le64.cache-4
7f92d9430000-7f92d9434000 r--s 00000000 08:03 3678863                    /var/cache/fontconfig/7ef2298fde41cc6eeb7af42e48b7d293-le64.cache-4
7f92d9438000-7f92d948c000 r-xp 00000000 08:03 3426038                    /usr/lib/jvm/java-8-oracle/jre/lib/amd64/libawt_xawt.so
7f92d948c000-7f92d968c000 ---p 00054000 08:03 3426038                    /usr/lib/jvm/java-8-oracle/jre/lib/amd64/libawt_xawt.so
7f92d968c000-7f92d9690000 rw-p 00054000 08:03 3426038                    /usr/lib/jvm/java-8-oracle/jre/lib/amd64/libawt_xawt.so
7f92d9690000-7f92d9691000 rw-p 00000000 00:00 0 
7f92d9698000-7f92d973a000 r-xp 00000000 08:03 3426072                    /usr/lib/jvm/java-8-oracle/jre/lib/amd64/libawt.so
7f92d973a000-7f92d993a000 ---p 000a2000 08:03 3426072                    /usr/lib/jvm/java-8-oracle/jre/lib/amd64/libawt.so
7f92d993a000-7f92d9946000 rw-p 000a2000 08:03 3426072                    /usr/lib/jvm/java-8-oracle/jre/lib/amd64/libawt.so
7f92d9946000-7f92d996a000 rw-p 00000000 00:00 0 
7f92d9970000-7f92d9b70000 rw-p 00000000 00:00 0 
7f92d9b70000-7f92d9b86000 r-xp 00000000 08:03 3426019                    /usr/lib/jvm/java-8-oracle/jre/lib/amd64/libnet.so
7f92d9b86000-7f92d9d86000 ---p 00016000 08:03 3426019                    /usr/lib/jvm/java-8-oracle/jre/lib/amd64/libnet.so
7f92d9d86000-7f92d9d87000 rw-p 00016000 08:03 3426019                    /usr/lib/jvm/java-8-oracle/jre/lib/amd64/libnet.so
7f92d9d88000-7f92d9d90000 r-xp 00000000 08:03 3426021                    /usr/lib/jvm/java-8-oracle/jre/lib/amd64/libmanagement.so
7f92d9d90000-7f92d9f90000 ---p 00008000 08:03 3426021                    /usr/lib/jvm/java-8-oracle/jre/lib/amd64/libmanagement.so
7f92d9f90000-7f92d9f91000 rw-p 00008000 08:03 3426021                    /usr/lib/jvm/java-8-oracle/jre/lib/amd64/libmanagement.so
7f92d9f93000-7f92d9faf000 r--s 00393000 08:03 3434565                    /usr/lib/jvm/java-8-oracle/jre/lib/ext/cldrdata.jar
7f92d9fb6000-7f92d9fc1000 r--s 00116000 08:03 3426141                    /usr/lib/jvm/java-8-oracle/jre/lib/ext/localedata.jar
7f92d9fc4000-7f92d9fcd000 r--s 000e4000 08:03 2764098                    /home/cigreja/.m2/repository/mysql/mysql-connector-java/5.1.35/mysql-connector-java-5.1.35.jar
7f92d9fcd000-7f92d9fd4000 r--s 0003d000 08:03 2764097                    /home/cigreja/.m2/repository/org/yaml/snakeyaml/1.14/snakeyaml-1.14.jar
7f92d9fda000-7f92d9fef000 r--s 000e2000 08:03 2764096                    /home/cigreja/.m2/repository/org/springframework/spring-core/4.1.6.RELEASE/spring-core-4.1.6.RELEASE.jar
7f92d9ff5000-7f92da000000 r--s 00065000 08:03 2764093                    /home/cigreja/.m2/repository/ch/qos/logback/logback-core/1.1.3/logback-core-1.1.3.jar
7f92da002000-7f92da003000 ---p 00000000 00:00 0 
7f92da003000-7f92da103000 rw-p 00000000 00:00 0                          [stack:24071]
7f92da103000-7f92da106000 ---p 00000000 00:00 0 
7f92da106000-7f92da204000 rw-p 00000000 00:00 0                          [stack:24070]
7f92da204000-7f92da207000 ---p 00000000 00:00 0 
7f92da207000-7f92da305000 rw-p 00000000 00:00 0                          [stack:24069]
7f92da305000-7f92da308000 ---p 00000000 00:00 0 
7f92da308000-7f92da406000 rw-p 00000000 00:00 0                          [stack:24068]
7f92da406000-7f92da409000 ---p 00000000 00:00 0 
7f92da409000-7f92da507000 rw-p 00000000 00:00 0                          [stack:24067]
7f92da507000-7f92da50a000 ---p 00000000 00:00 0 
7f92da50a000-7f92da608000 rw-p 00000000 00:00 0                          [stack:24066]
7f92da608000-7f92dacea000 r--p 00000000 08:03 3415887                    /usr/lib/locale/locale-archive
7f92daced000-7f92dacf0000 ---p 00000000 00:00 0 
7f92dacf0000-7f92dadee000 rw-p 00000000 00:00 0                          [stack:24065]
7f92dadee000-7f92dadf1000 ---p 00000000 00:00 0 
7f92dadf1000-7f92daeef000 rw-p 00000000 00:00 0                          [stack:24064]
7f92daeef000-7f92daef0000 ---p 00000000 00:00 0 
7f92daef0000-7f92dc000000 rw-p 00000000 00:00 0                          [stack:24063]
7f92dc000000-7f92dc021000 rw-p 00000000 00:00 0 
7f92dc021000-7f92e0000000 ---p 00000000 00:00 0 
7f92e0000000-7f92e0021000 rw-p 00000000 00:00 0 
7f92e0021000-7f92e4000000 ---p 00000000 00:00 0 
7f92e4000000-7f92e4021000 rw-p 00000000 00:00 0 
7f92e4021000-7f92e8000000 ---p 00000000 00:00 0 
7f92e8007000-7f92e800d000 r--s 0003f000 08:03 2764092                    /home/cigreja/.m2/repository/ch/qos/logback/logback-classic/1.1.3/logback-classic-1.1.3.jar
7f92e800d000-7f92e800e000 r--s 00005000 08:03 2764091                    /home/cigreja/.m2/repository/org/slf4j/log4j-over-slf4j/1.7.11/log4j-over-slf4j-1.7.11.jar
7f92e8010000-7f92e8012000 r--s 00000000 08:03 2764089                    /home/cigreja/.m2/repository/org/slf4j/jul-to-slf4j/1.7.11/jul-to-slf4j-1.7.11.jar
7f92e8013000-7f92e8015000 r--s 00003000 08:03 2764082                    /home/cigreja/.m2/repository/org/slf4j/jcl-over-slf4j/1.7.11/jcl-over-slf4j-1.7.11.jar
7f92e801b000-7f92e802b000 r--s 0006b000 08:03 2764078                    /home/cigreja/.m2/repository/org/springframework/boot/spring-boot-autoconfigure/1.2.3.RELEASE/spring-boot-autoconfigure-1.2.3.RELEASE.jar
7f92e8030000-7f92e803d000 r--s 000a0000 08:03 2764074                    /home/cigreja/.m2/repository/org/springframework/spring-beans/4.1.6.RELEASE/spring-beans-4.1.6.RELEASE.jar
7f92e8043000-7f92e805b000 r--s 000e3000 08:03 2764070                    /home/cigreja/.m2/repository/org/springframework/spring-context/4.1.6.RELEASE/spring-context-4.1.6.RELEASE.jar
7f92e805b000-7f92f0000000 rw-p 00000000 00:00 0 
7f92f0000000-7f92f0021000 rw-p 00000000 00:00 0 
7f92f0021000-7f92f4000000 ---p 00000000 00:00 0 
7f92f4000000-7f92f4021000 rw-p 00000000 00:00 0 
7f92f4021000-7f92f8000000 ---p 00000000 00:00 0 
7f92f8000000-7f92f8021000 rw-p 00000000 00:00 0 
7f92f8021000-7f92fc000000 ---p 00000000 00:00 0 
7f92fc007000-7f92fc008000 r--s 00007000 08:03 2764084                    /home/cigreja/.m2/repository/org/slf4j/slf4j-api/1.7.11/slf4j-api-1.7.11.jar
7f92fc008000-7f92fc009000 r--s 00000000 08:03 2764083                    /home/cigreja/.m2/repository/org/springframework/boot/spring-boot-starter-logging/1.2.3.RELEASE/spring-boot-starter-logging-1.2.3.RELEASE.jar
7f92fc00b000-7f92fd000000 rw-p 00000000 00:00 0 
7f92fd000000-7f92fd970000 rwxp 00000000 00:00 0 
7f92fd970000-7f930c000000 ---p 00000000 00:00 0 
7f930c000000-7f930c883000 rw-p 00000000 00:00 0 
7f930c883000-7f9310000000 ---p 00000000 00:00 0 
7f9310003000-7f9310008000 r--s 0003b000 08:03 2764076                    /home/cigreja/.m2/repository/org/springframework/spring-expression/4.1.6.RELEASE/spring-expression-4.1.6.RELEASE.jar
7f931000f000-7f9310018000 r--s 0004f000 08:03 2764072                    /home/cigreja/.m2/repository/org/springframework/spring-aop/4.1.6.RELEASE/spring-aop-4.1.6.RELEASE.jar
7f931001c000-7f93103d1000 rw-p 00000000 00:00 0 
7f93103d1000-7f93105aa000 r--s 03d09000 08:03 3425955                    /usr/lib/jvm/java-8-oracle/jre/lib/rt.jar
7f93105af000-7f9310625000 rw-p 00000000 00:00 0 
7f9310625000-7f9310626000 ---p 00000000 00:00 0 
7f9310626000-7f9310726000 rw-p 00000000 00:00 0                          [stack:24062]
7f9310726000-7f9310727000 ---p 00000000 00:00 0 
7f9310727000-7f9310827000 rw-p 00000000 00:00 0                          [stack:24061]
7f9310827000-7f9310828000 ---p 00000000 00:00 0 
7f9310828000-7f9310928000 rw-p 00000000 00:00 0                          [stack:24060]
7f9310928000-7f9310929000 ---p 00000000 00:00 0 
7f9310929000-7f9310a29000 rw-p 00000000 00:00 0                          [stack:24059]
7f9310a29000-7f9310a2a000 ---p 00000000 00:00 0 
7f9310a2a000-7f9310b2a000 rw-p 00000000 00:00 0                          [stack:24058]
7f9310b2a000-7f9310b2b000 ---p 00000000 00:00 0 
7f9310b2b000-7f9310c55000 rw-p 00000000 00:00 0                          [stack:24057]
7f9310c55000-7f9311163000 ---p 00000000 00:00 0 
7f9311163000-7f931118d000 rw-p 00000000 00:00 0 
7f931118d000-7f931169b000 ---p 00000000 00:00 0 
7f931169b000-7f93117a0000 rw-p 00000000 00:00 0 
7f93117a0000-7f9311937000 ---p 00000000 00:00 0 
7f9311937000-7f931195e000 rw-p 00000000 00:00 0 
7f931195e000-7f9311cf8000 ---p 00000000 00:00 0 
7f9311cf8000-7f9311d12000 r-xp 00000000 08:03 3426028                    /usr/lib/jvm/java-8-oracle/jre/lib/amd64/libzip.so
7f9311d12000-7f9311f12000 ---p 0001a000 08:03 3426028                    /usr/lib/jvm/java-8-oracle/jre/lib/amd64/libzip.so
7f9311f12000-7f9311f13000 rw-p 0001a000 08:03 3426028                    /usr/lib/jvm/java-8-oracle/jre/lib/amd64/libzip.so
7f9311f18000-7f9311f23000 r-xp 00000000 08:03 393242                     /lib/x86_64-linux-gnu/libnss_files-2.19.so
7f9311f23000-7f9312122000 ---p 0000b000 08:03 393242                     /lib/x86_64-linux-gnu/libnss_files-2.19.so
7f9312122000-7f9312123000 r--p 0000a000 08:03 393242                     /lib/x86_64-linux-gnu/libnss_files-2.19.so
7f9312123000-7f9312124000 rw-p 0000b000 08:03 393242                     /lib/x86_64-linux-gnu/libnss_files-2.19.so
7f9312128000-7f9312133000 r-xp 00000000 08:03 397310                     /lib/x86_64-linux-gnu/libnss_nis-2.19.so
7f9312133000-7f9312332000 ---p 0000b000 08:03 397310                     /lib/x86_64-linux-gnu/libnss_nis-2.19.so
7f9312332000-7f9312333000 r--p 0000a000 08:03 397310                     /lib/x86_64-linux-gnu/libnss_nis-2.19.so
7f9312333000-7f9312334000 rw-p 0000b000 08:03 397310                     /lib/x86_64-linux-gnu/libnss_nis-2.19.so
7f9312338000-7f931234f000 r-xp 00000000 08:03 393311                     /lib/x86_64-linux-gnu/libnsl-2.19.so
7f931234f000-7f931254e000 ---p 00017000 08:03 393311                     /lib/x86_64-linux-gnu/libnsl-2.19.so
7f931254e000-7f931254f000 r--p 00016000 08:03 393311                     /lib/x86_64-linux-gnu/libnsl-2.19.so
7f931254f000-7f9312550000 rw-p 00017000 08:03 393311                     /lib/x86_64-linux-gnu/libnsl-2.19.so
7f9312550000-7f9312552000 rw-p 00000000 00:00 0 
7f9312558000-7f9312561000 r-xp 00000000 08:03 393310                     /lib/x86_64-linux-gnu/libnss_compat-2.19.so
7f9312561000-7f9312760000 ---p 00009000 08:03 393310                     /lib/x86_64-linux-gnu/libnss_compat-2.19.so
7f9312760000-7f9312761000 r--p 00008000 08:03 393310                     /lib/x86_64-linux-gnu/libnss_compat-2.19.so
7f9312761000-7f9312762000 rw-p 00009000 08:03 393310                     /lib/x86_64-linux-gnu/libnss_compat-2.19.so
7f9312768000-7f9312792000 r-xp 00000000 08:03 3426011                    /usr/lib/jvm/java-8-oracle/jre/lib/amd64/libjava.so
7f9312792000-7f9312992000 ---p 0002a000 08:03 3426011                    /usr/lib/jvm/java-8-oracle/jre/lib/amd64/libjava.so
7f9312992000-7f9312994000 rw-p 0002a000 08:03 3426011                    /usr/lib/jvm/java-8-oracle/jre/lib/amd64/libjava.so
7f9312998000-7f93129a5000 r-xp 00000000 08:03 3426068                    /usr/lib/jvm/java-8-oracle/jre/lib/amd64/libverify.so
7f93129a5000-7f9312ba5000 ---p 0000d000 08:03 3426068                    /usr/lib/jvm/java-8-oracle/jre/lib/amd64/libverify.so
7f9312ba5000-7f9312ba7000 rw-p 0000d000 08:03 3426068                    /usr/lib/jvm/java-8-oracle/jre/lib/amd64/libverify.so
7f9312ba8000-7f9312baf000 r-xp 00000000 08:03 393319                     /lib/x86_64-linux-gnu/librt-2.19.so
7f9312baf000-7f9312dae000 ---p 00007000 08:03 393319                     /lib/x86_64-linux-gnu/librt-2.19.so
7f9312dae000-7f9312daf000 r--p 00006000 08:03 393319                     /lib/x86_64-linux-gnu/librt-2.19.so
7f9312daf000-7f9312db0000 rw-p 00007000 08:03 393319                     /lib/x86_64-linux-gnu/librt-2.19.so
7f9312db0000-7f9312eb5000 r-xp 00000000 08:03 393235                     /lib/x86_64-linux-gnu/libm-2.19.so
7f9312eb5000-7f93130b4000 ---p 00105000 08:03 393235                     /lib/x86_64-linux-gnu/libm-2.19.so
7f93130b4000-7f93130b5000 r--p 00104000 08:03 393235                     /lib/x86_64-linux-gnu/libm-2.19.so
7f93130b5000-7f93130b6000 rw-p 00105000 08:03 393235                     /lib/x86_64-linux-gnu/libm-2.19.so
7f93130b8000-7f9313d66000 r-xp 00000000 08:03 3426057                    /usr/lib/jvm/java-8-oracle/jre/lib/amd64/server/libjvm.so
7f9313d66000-7f9313f65000 ---p 00cae000 08:03 3426057                    /usr/lib/jvm/java-8-oracle/jre/lib/amd64/server/libjvm.so
7f9313f65000-7f931403c000 rw-p 00cad000 08:03 3426057                    /usr/lib/jvm/java-8-oracle/jre/lib/amd64/server/libjvm.so
7f931403c000-7f9314080000 rw-p 00000000 00:00 0 
7f9314080000-7f931423b000 r-xp 00000000 08:03 393316                     /lib/x86_64-linux-gnu/libc-2.19.so
7f931423b000-7f931443a000 ---p 001bb000 08:03 393316                     /lib/x86_64-linux-gnu/libc-2.19.so
7f931443a000-7f931443e000 r--p 001ba000 08:03 393316                     /lib/x86_64-linux-gnu/libc-2.19.so
7f931443e000-7f9314440000 rw-p 001be000 08:03 393316                     /lib/x86_64-linux-gnu/libc-2.19.so
7f9314440000-7f9314445000 rw-p 00000000 00:00 0 
7f9314448000-7f931444b000 r-xp 00000000 08:03 393305                     /lib/x86_64-linux-gnu/libdl-2.19.so
7f931444b000-7f931464a000 ---p 00003000 08:03 393305                     /lib/x86_64-linux-gnu/libdl-2.19.so
7f931464a000-7f931464b000 r--p 00002000 08:03 393305                     /lib/x86_64-linux-gnu/libdl-2.19.so
7f931464b000-7f931464c000 rw-p 00003000 08:03 393305                     /lib/x86_64-linux-gnu/libdl-2.19.so
7f9314650000-7f9314665000 r-xp 00000000 08:03 3425246                    /usr/lib/jvm/java-8-oracle/lib/amd64/jli/libjli.so
7f9314665000-7f9314865000 ---p 00015000 08:03 3425246                    /usr/lib/jvm/java-8-oracle/lib/amd64/jli/libjli.so
7f9314865000-7f9314866000 rw-p 00015000 08:03 3425246                    /usr/lib/jvm/java-8-oracle/lib/amd64/jli/libjli.so
7f9314868000-7f9314881000 r-xp 00000000 08:03 393317                     /lib/x86_64-linux-gnu/libpthread-2.19.so
7f9314881000-7f9314a80000 ---p 00019000 08:03 393317                     /lib/x86_64-linux-gnu/libpthread-2.19.so
7f9314a80000-7f9314a81000 r--p 00018000 08:03 393317                     /lib/x86_64-linux-gnu/libpthread-2.19.so
7f9314a81000-7f9314a82000 rw-p 00019000 08:03 393317                     /lib/x86_64-linux-gnu/libpthread-2.19.so
7f9314a82000-7f9314a86000 rw-p 00000000 00:00 0 
7f9314a88000-7f9314aab000 r-xp 00000000 08:03 393313                     /lib/x86_64-linux-gnu/ld-2.19.so
7f9314ab0000-7f9314ab2000 r--s 00000000 08:03 2764073                    /home/cigreja/.m2/repository/aopalliance/aopalliance/1.0/aopalliance-1.0.jar
7f9314ab6000-7f9314ac0000 r--s 0005e000 08:03 2764071                    /home/cigreja/.m2/repository/org/springframework/boot/spring-boot/1.2.3.RELEASE/spring-boot-1.2.3.RELEASE.jar
7f9314ac0000-7f9314ac1000 r--s 00000000 08:03 2764068                    /home/cigreja/.m2/repository/org/springframework/boot/spring-boot-starter/1.2.3.RELEASE/spring-boot-starter-1.2.3.RELEASE.jar
7f9314ac6000-7f9314b98000 rw-p 00000000 00:00 0 
7f9314b98000-7f9314ba0000 rw-s 00000000 08:03 676963                     /tmp/hsperfdata_cigreja/24052
7f9314ba2000-7f9314ba3000 rw-p 00000000 00:00 0 
7f9314ba3000-7f9314ba4000 r--p 00000000 00:00 0 
7f9314ba4000-7f9314ba7000 ---p 00000000 00:00 0 
7f9314ba7000-7f9314caa000 rw-p 00000000 00:00 0                          [stack:24054]
7f9314caa000-7f9314cab000 r--p 00022000 08:03 393313                     /lib/x86_64-linux-gnu/ld-2.19.so
7f9314cab000-7f9314cac000 rw-p 00023000 08:03 393313                     /lib/x86_64-linux-gnu/ld-2.19.so
7f9314cac000-7f9314cae000 rw-p 00000000 00:00 0 
7fff19bff000-7fff19c21000 rw-p 00000000 00:00 0                          [stack]
7fff19d48000-7fff19d4a000 r-xp 00000000 00:00 0                          [vdso]
7fff19d4a000-7fff19d4c000 r--p 00000000 00:00 0                          [vvar]
ffffffffff600000-ffffffffff601000 r-xp 00000000 00:00 0                  [vsyscall]

VM Arguments:
java_command: com.elle.analyster.Application
java_class_path (initial): /home/cigreja/Dropbox/AnalysterCarlos/Analyster/target/classes:/home/cigreja/.m2/repository/org/springframework/boot/spring-boot-starter/1.2.3.RELEASE/spring-boot-starter-1.2.3.RELEASE.jar:/home/cigreja/.m2/repository/org/springframework/boot/spring-boot/1.2.3.RELEASE/spring-boot-1.2.3.RELEASE.jar:/home/cigreja/.m2/repository/org/springframework/spring-context/4.1.6.RELEASE/spring-context-4.1.6.RELEASE.jar:/home/cigreja/.m2/repository/org/springframework/spring-aop/4.1.6.RELEASE/spring-aop-4.1.6.RELEASE.jar:/home/cigreja/.m2/repository/aopalliance/aopalliance/1.0/aopalliance-1.0.jar:/home/cigreja/.m2/repository/org/springframework/spring-beans/4.1.6.RELEASE/spring-beans-4.1.6.RELEASE.jar:/home/cigreja/.m2/repository/org/springframework/spring-expression/4.1.6.RELEASE/spring-expression-4.1.6.RELEASE.jar:/home/cigreja/.m2/repository/org/springframework/boot/spring-boot-autoconfigure/1.2.3.RELEASE/spring-boot-autoconfigure-1.2.3.RELEASE.jar:/home/cigreja/.m2/repository/org/springframework/boot/spring-boot-starter-logging/1.2.3.RELEASE/spring-boot-starter-logging-1.2.3.RELEASE.jar:/home/cigreja/.m2/repository/org/slf4j/jcl-over-slf4j/1.7.11/jcl-over-slf4j-1.7.11.jar:/home/cigreja/.m2/repository/org/slf4j/slf4j-api/1.7.11/slf4j-api-1.7.11.jar:/home/cigreja/.m2/repository/org/slf4j/jul-to-slf4j/1.7.11/jul-to-slf4j-1.7.11.jar:/home/cigreja/.m2/repository/org/slf4j/log4j-over-slf4j/1.7.11/log4j-over-slf4j-1.7.11.jar:/home/cigreja/.m2/repository/ch/qos/logback/logback-classic/1.1.3/logback-classic-1.1.3.jar:/home/cigreja/.m2/repository/ch/qos/logback/logback-core/1.1.3/logback-core-1.1.3.jar:/home/cigreja/.m2/repository/org/springframework/spring-core/4.1.6.RELEASE/spring-core-4.1.6.RELEASE.jar:/home/cigreja/.m2/repository/org/yaml/snakeyaml/1.14/snakeyaml-1.14.jar:/home/cigreja/.m2/repository/mysql/mysql-connector-java/5.1.35/mysql-connector-java-5.1.35.jar
Launcher Type: SUN_STANDARD

Environment Variables:
JAVA_HOME=/usr/lib/jvm/java-8-oracle
PATH=/usr/local/sbin:/usr/local/bin:/usr/sbin:/usr/bin:/sbin:/bin:/usr/games:/usr/local/games:/usr/lib/jvm/java-8-oracle/bin:/usr/lib/jvm/java-8-oracle/db/bin:/usr/lib/jvm/java-8-oracle/jre/bin
LD_LIBRARY_PATH=/usr/lib/jvm/java-8-oracle/jre/lib/amd64:/usr/lib/jvm/java-8-oracle/jre/lib/i386:
SHELL=/bin/bash
DISPLAY=:0

Signal Handlers:
SIGSEGV: [libjvm.so+0xaad1e0], sa_mask[0]=11111111011111111101111111111110, sa_flags=SA_RESTART|SA_SIGINFO
SIGBUS: [libjvm.so+0xaad1e0], sa_mask[0]=11111111011111111101111111111110, sa_flags=SA_RESTART|SA_SIGINFO
SIGFPE: [libjvm.so+0x90b450], sa_mask[0]=11111111011111111101111111111110, sa_flags=SA_RESTART|SA_SIGINFO
SIGPIPE: [libjvm.so+0x90b450], sa_mask[0]=11111111011111111101111111111110, sa_flags=SA_RESTART|SA_SIGINFO
SIGXFSZ: [libjvm.so+0x90b450], sa_mask[0]=11111111011111111101111111111110, sa_flags=SA_RESTART|SA_SIGINFO
SIGILL: [libjvm.so+0x90b450], sa_mask[0]=11111111011111111101111111111110, sa_flags=SA_RESTART|SA_SIGINFO
SIGUSR1: SIG_DFL, sa_mask[0]=00000000000000000000000000000000, sa_flags=none
SIGUSR2: [libjvm.so+0x90ca90], sa_mask[0]=00100000000000000000000000000000, sa_flags=SA_RESTART|SA_SIGINFO
SIGHUP: [libjvm.so+0x90dde0], sa_mask[0]=11111111011111111101111111111110, sa_flags=SA_RESTART|SA_SIGINFO
SIGINT: SIG_IGN, sa_mask[0]=00000000000000000000000000000000, sa_flags=none
SIGTERM: [libjvm.so+0x90dde0], sa_mask[0]=11111111011111111101111111111110, sa_flags=SA_RESTART|SA_SIGINFO
SIGQUIT: [libjvm.so+0x90dde0], sa_mask[0]=11111111011111111101111111111110, sa_flags=SA_RESTART|SA_SIGINFO


---------------  S Y S T E M  ---------------

OS:DISTRIB_ID=Ubuntu
DISTRIB_RELEASE=14.04
DISTRIB_CODENAME=trusty
DISTRIB_DESCRIPTION="Ubuntu 14.04.2 LTS"

uname:Linux 3.16.0-43-generic #58~14.04.1-Ubuntu SMP Mon Jun 22 10:21:20 UTC 2015 x86_64
libc:glibc 2.19 NPTL 2.19 
rlimit: STACK 8192k, CORE 0k, NPROC 63780, NOFILE 4096, AS infinity
load average:16.54 8.95 7.41

/proc/meminfo:
MemTotal:       16415292 kB
MemFree:         2377516 kB
MemAvailable:    2690636 kB
Buffers:           77952 kB
Cached:           401208 kB
SwapCached:        45888 kB
Active:         12102696 kB
Inactive:        1435000 kB
Active(anon):   11909248 kB
Inactive(anon):  1272564 kB
Active(file):     193448 kB
Inactive(file):   162436 kB
Unevictable:         408 kB
Mlocked:             408 kB
SwapTotal:      32836604 kB
SwapFree:       31961340 kB
Dirty:               804 kB
Writeback:             0 kB
AnonPages:      13036516 kB
Mapped:           231624 kB
Shmem:            122880 kB
Slab:             265800 kB
SReclaimable:     210640 kB
SUnreclaim:        55160 kB
KernelStack:       13760 kB
PageTables:        62360 kB
NFS_Unstable:          0 kB
Bounce:                0 kB
WritebackTmp:          0 kB
CommitLimit:    41044248 kB
Committed_AS:   21086828 kB
VmallocTotal:   34359738367 kB
VmallocUsed:      340280 kB
VmallocChunk:   34359316008 kB
HardwareCorrupted:     0 kB
AnonHugePages:   9187328 kB
HugePages_Total:       0
HugePages_Free:        0
HugePages_Rsvd:        0
HugePages_Surp:        0
Hugepagesize:       2048 kB
DirectMap4k:      118400 kB
DirectMap2M:     3008512 kB
DirectMap1G:    13631488 kB


CPU:total 6 (6 cores per cpu, 1 threads per core) family 21 model 1 stepping 2, cmov, cx8, fxsr, mmx, sse, sse2, sse3, ssse3, sse4.1, sse4.2, popcnt, avx, aes, clmul, mmxext, 3dnowpref, lzcnt, sse4a, tsc, tscinvbit, tscinv

/proc/cpuinfo:
processor	: 0
vendor_id	: AuthenticAMD
cpu family	: 21
model		: 1
model name	: AMD FX(tm)-6100 Six-Core Processor
stepping	: 2
microcode	: 0x6000629
cpu MHz		: 3300.000
cache size	: 2048 KB
physical id	: 0
siblings	: 6
core id		: 0
cpu cores	: 3
apicid		: 0
initial apicid	: 0
fpu		: yes
fpu_exception	: yes
cpuid level	: 13
wp		: yes
flags		: fpu vme de pse tsc msr pae mce cx8 apic sep mtrr pge mca cmov pat pse36 clflush mmx fxsr sse sse2 ht syscall nx mmxext fxsr_opt pdpe1gb rdtscp lm constant_tsc rep_good nopl nonstop_tsc extd_apicid aperfmperf pni pclmulqdq monitor ssse3 cx16 sse4_1 sse4_2 popcnt aes xsave avx lahf_lm cmp_legacy svm extapic cr8_legacy abm sse4a misalignsse 3dnowprefetch osvw ibs xop skinit wdt lwp fma4 nodeid_msr topoext perfctr_core perfctr_nb arat cpb hw_pstate npt lbrv svm_lock nrip_save tsc_scale vmcb_clean flushbyasid decodeassists pausefilter pfthreshold vmmcall
bogomips	: 6644.18
TLB size	: 1536 4K pages
clflush size	: 64
cache_alignment	: 64
address sizes	: 48 bits physical, 48 bits virtual
power management: ts ttp tm 100mhzsteps hwpstate cpb

processor	: 1
vendor_id	: AuthenticAMD
cpu family	: 21
model		: 1
model name	: AMD FX(tm)-6100 Six-Core Processor             
stepping	: 2
microcode	: 0x6000629
cpu MHz		: 3300.000
cache size	: 2048 KB
physical id	: 0
siblings	: 6
core id		: 1
cpu cores	: 3
apicid		: 1
initial apicid	: 1
fpu		: yes
fpu_exception	: yes
cpuid level	: 13
wp		: yes
flags		: fpu vme de pse tsc msr pae mce cx8 apic sep mtrr pge mca cmov pat pse36 clflush mmx fxsr sse sse2 ht syscall nx mmxext fxsr_opt pdpe1gb rdtscp lm constant_tsc rep_good nopl nonstop_tsc extd_apicid aperfmperf pni pclmulqdq monitor ssse3 cx16 sse4_1 sse4_2 popcnt aes xsave avx lahf_lm cmp_legacy svm extapic cr8_legacy abm sse4a misalignsse 3dnowprefetch osvw ibs xop skinit wdt lwp fma4 nodeid_msr topoext perfctr_core perfctr_nb arat cpb hw_pstate npt lbrv svm_lock nrip_save tsc_scale vmcb_clean flushbyasid decodeassists pausefilter pfthreshold vmmcall
bogomips	: 6644.18
TLB size	: 1536 4K pages
clflush size	: 64
cache_alignment	: 64
address sizes	: 48 bits physical, 48 bits virtual
power management: ts ttp tm 100mhzsteps hwpstate cpb

processor	: 2
vendor_id	: AuthenticAMD
cpu family	: 21
model		: 1
model name	: AMD FX(tm)-6100 Six-Core Processor             
stepping	: 2
microcode	: 0x6000629
cpu MHz		: 3300.000
cache size	: 2048 KB
physical id	: 0
siblings	: 6
core id		: 2
cpu cores	: 3
apicid		: 2
initial apicid	: 2
fpu		: yes
fpu_exception	: yes
cpuid level	: 13
wp		: yes
flags		: fpu vme de pse tsc msr pae mce cx8 apic sep mtrr pge mca cmov pat pse36 clflush mmx fxsr sse sse2 ht syscall nx mmxext fxsr_opt pdpe1gb rdtscp lm constant_tsc rep_good nopl nonstop_tsc extd_apicid aperfmperf pni pclmulqdq monitor ssse3 cx16 sse4_1 sse4_2 popcnt aes xsave avx lahf_lm cmp_legacy svm extapic cr8_legacy abm sse4a misalignsse 3dnowprefetch osvw ibs xop skinit wdt lwp fma4 nodeid_msr topoext perfctr_core perfctr_nb arat cpb hw_pstate npt lbrv svm_lock nrip_save tsc_scale vmcb_clean flushbyasid decodeassists pausefilter pfthreshold vmmcall
bogomips	: 6644.18
TLB size	: 1536 4K pages
clflush size	: 64
cache_alignment	: 64
address sizes	: 48 bits physical, 48 bits virtual
power management: ts ttp tm 100mhzsteps hwpstate cpb

processor	: 3
vendor_id	: AuthenticAMD
cpu family	: 21
model		: 1
model name	: AMD FX(tm)-6100 Six-Core Processor             
stepping	: 2
microcode	: 0x6000629
cpu MHz		: 3300.000
cache size	: 2048 KB
physical id	: 0
siblings	: 6
core id		: 3
cpu cores	: 3
apicid		: 3
initial apicid	: 3
fpu		: yes
fpu_exception	: yes
cpuid level	: 13
wp		: yes
flags		: fpu vme de pse tsc msr pae mce cx8 apic sep mtrr pge mca cmov pat pse36 clflush mmx fxsr sse sse2 ht syscall nx mmxext fxsr_opt pdpe1gb rdtscp lm constant_tsc rep_good nopl nonstop_tsc extd_apicid aperfmperf pni pclmulqdq monitor ssse3 cx16 sse4_1 sse4_2 popcnt aes xsave avx lahf_lm cmp_legacy svm extapic cr8_legacy abm sse4a misalignsse 3dnowprefetch osvw ibs xop skinit wdt lwp fma4 nodeid_msr topoext perfctr_core perfctr_nb arat cpb hw_pstate npt lbrv svm_lock nrip_save tsc_scale vmcb_clean flushbyasid decodeassists pausefilter pfthreshold vmmcall
bogomips	: 6644.18
TLB size	: 1536 4K pages
clflush size	: 64
cache_alignment	: 64
address sizes	: 48 bits physical, 48 bits virtual
power management: ts ttp tm 100mhzsteps hwpstate cpb

processor	: 4
vendor_id	: AuthenticAMD
cpu family	: 21
model		: 1
model name	: AMD FX(tm)-6100 Six-Core Processor             
stepping	: 2
microcode	: 0x6000629
cpu MHz		: 1400.000
cache size	: 2048 KB
physical id	: 0
siblings	: 6
core id		: 4
cpu cores	: 3
apicid		: 4
initial apicid	: 4
fpu		: yes
fpu_exception	: yes
cpuid level	: 13
wp		: yes
flags		: fpu vme de pse tsc msr pae mce cx8 apic sep mtrr pge mca cmov pat pse36 clflush mmx fxsr sse sse2 ht syscall nx mmxext fxsr_opt pdpe1gb rdtscp lm constant_tsc rep_good nopl nonstop_tsc extd_apicid aperfmperf pni pclmulqdq monitor ssse3 cx16 sse4_1 sse4_2 popcnt aes xsave avx lahf_lm cmp_legacy svm extapic cr8_legacy abm sse4a misalignsse 3dnowprefetch osvw ibs xop skinit wdt lwp fma4 nodeid_msr topoext perfctr_core perfctr_nb arat cpb hw_pstate npt lbrv svm_lock nrip_save tsc_scale vmcb_clean flushbyasid decodeassists pausefilter pfthreshold vmmcall
bogomips	: 6644.18
TLB size	: 1536 4K pages
clflush size	: 64
cache_alignment	: 64
address sizes	: 48 bits physical, 48 bits virtual
power management: ts ttp tm 100mhzsteps hwpstate cpb

processor	: 5
vendor_id	: AuthenticAMD
cpu family	: 21
model		: 1
model name	: AMD FX(tm)-6100 Six-Core Processor             
stepping	: 2
microcode	: 0x6000629
cpu MHz		: 1400.000
cache size	: 2048 KB
physical id	: 0
siblings	: 6
core id		: 5
cpu cores	: 3
apicid		: 5
initial apicid	: 5
fpu		: yes
fpu_exception	: yes
cpuid level	: 13
wp		: yes
flags		: fpu vme de pse tsc msr pae mce cx8 apic sep mtrr pge mca cmov pat pse36 clflush mmx fxsr sse sse2 ht syscall nx mmxext fxsr_opt pdpe1gb rdtscp lm constant_tsc rep_good nopl nonstop_tsc extd_apicid aperfmperf pni pclmulqdq monitor ssse3 cx16 sse4_1 sse4_2 popcnt aes xsave avx lahf_lm cmp_legacy svm extapic cr8_legacy abm sse4a misalignsse 3dnowprefetch osvw ibs xop skinit wdt lwp fma4 nodeid_msr topoext perfctr_core perfctr_nb arat cpb hw_pstate npt lbrv svm_lock nrip_save tsc_scale vmcb_clean flushbyasid decodeassists pausefilter pfthreshold vmmcall
bogomips	: 6644.18
TLB size	: 1536 4K pages
clflush size	: 64
cache_alignment	: 64
address sizes	: 48 bits physical, 48 bits virtual
power management: ts ttp tm 100mhzsteps hwpstate cpb



Memory: 4k page, physical 16415292k(2377516k free), swap 32836604k(31961340k free)

vm_info: Java HotSpot(TM) 64-Bit Server VM (25.45-b02) for linux-amd64 JRE (1.8.0_45-b14), built on Apr 10 2015 10:07:45 by "java_re" with gcc 4.3.0 20080428 (Red Hat 4.3.0-8)

time: Mon Jun 29 21:54:10 2015
elapsed time: 4245 seconds (0d 1h 10m 45s)

