#
# A fatal error has been detected by the Java Runtime Environment:
#
#  SIGSEGV (0xb) at pc=0x00007fada1139443, pid=20980, tid=140382609241856
#
# JRE version: Java(TM) SE Runtime Environment (8.0_45-b14) (build 1.8.0_45-b14)
# Java VM: Java HotSpot(TM) 64-Bit Server VM (25.45-b02 mixed mode linux-amd64 compressed oops)
# Problematic frame:
# C  [libX11.so.6+0x89443]
#
# Failed to write core dump. Core dumps have been disabled. To enable core dumping, try "ulimit -c unlimited" before starting Java again
#
# If you would like to submit a bug report, please visit:
#   http://bugreport.java.com/bugreport/crash.jsp
# The crash happened outside the Java Virtual Machine in native code.
# See problematic frame for where to report the bug.
#

---------------  T H R E A D  ---------------

Current thread (0x00007fadb86cb000):  JavaThread "AWT-XAWT" daemon [_thread_in_native, id=21008, stack(0x00007fad5f7e7000,0x00007fad5f8e8000)]

siginfo: si_signo: 11 (SIGSEGV), si_code: 1 (SEGV_MAPERR), si_addr: 0x000000000000000a

Registers:
RAX=0x00007fadb85f6840, RBX=0x00007fadb85eebf0, RCX=0x0000000000000000, RDX=0x0000000000000087
RSP=0x00007fad5f8e6570, RBP=0x000000000000000a, RSI=0x0000000000000000, RDI=0x00007fadb85eebf0
R8 =0x0000000000000000, R9 =0x0000000000000006, R10=0x00007fad5f8e6370, R11=0x00007fada113a0a0
R12=0x0000000000000000, R13=0x00007fada02be618, R14=0x00007fad5f8e6678, R15=0x00007fadb86cb000
RIP=0x00007fada1139443, EFLAGS=0x0000000000010246, CSGSFS=0x0000000000000033, ERR=0x0000000000000004
  TRAPNO=0x000000000000000e

Top of Stack: (sp=0x00007fad5f8e6570)
0x00007fad5f8e6570:   0000000000000000 00007fadb85eebf0
0x00007fad5f8e6580:   0000000000000047 00007fada113a0f1
0x00007fad5f8e6590:   00007fada02be618 00007fad5f8e65b0
0x00007fad5f8e65a0:   0000000000000000 00007fada1658591
0x00007fad5f8e65b0:   00007fad5f8e6630 00007fada9015354
0x00007fad5f8e65c0:   00007fada02be618 0000000000000000
0x00007fad5f8e65d0:   00007fad5f8e6630 00007fada90150d9
0x00007fad5f8e65e0:   00007fadb86cb000 00007fada90150a2
0x00007fad5f8e65f0:   00007fad5f8e65f0 00007fada02be618
0x00007fad5f8e6600:   00007fad5f8e6678 00007fada02bf648
0x00007fad5f8e6610:   0000000000000000 00007fada02be618
0x00007fad5f8e6620:   0000000000000000 00007fad5f8e6650
0x00007fad5f8e6630:   00007fad5f8e66c0 00007fada9007760
0x00007fad5f8e6640:   00000006c5805638 00007fada900f577
0x00007fad5f8e6650:   0000000000000000 0000000000000000
0x00007fad5f8e6660:   0000000000000047 00007fada9007760
0x00007fad5f8e6670:   00007fadb85eebf0 00007fada9007760
0x00007fad5f8e6680:   00007fad5f8e6680 00007fada02a985f
0x00007fad5f8e6690:   00007fad5f8e66e8 00007fada02aca40
0x00007fad5f8e66a0:   0000000000000000 00007fada02a9880
0x00007fad5f8e66b0:   00007fad5f8e6650 00007fad5f8e66e0
0x00007fad5f8e66c0:   00007fad5f8e6730 00007fada9007c4d
0x00007fad5f8e66d0:   0000000000000001 000000076f4efd50
0x00007fad5f8e66e0:   00000006c58075e0 00000006c5807588
0x00007fad5f8e66f0:   00007fad5f8e66f0 00007fada02a3b21
0x00007fad5f8e6700:   00007fad5f8e6778 00007fada02aca40
0x00007fad5f8e6710:   0000000000000000 00007fada02a3cf8
0x00007fad5f8e6720:   00007fad5f8e66e0 00007fad5f8e6770
0x00007fad5f8e6730:   00007fad5f8e67c0 00007fada9007c4d
0x00007fad5f8e6740:   0000000000000000 000000077fde5f48
0x00007fad5f8e6750:   0000000000000000 0000000000000000
0x00007fad5f8e6760:   0000000000000000 00000006c58075e0 

Instructions: (pc=0x00007fada1139443)
0x00007fada1139423:   83 ec 08 e8 f5 57 fb ff 48 8b 93 20 0a 00 00 31
0x00007fada1139433:   c9 31 f6 48 8b 52 08 8b 52 04 c6 40 01 08 88 10
0x00007fada1139443:   0f b7 55 00 66 89 48 06 c6 40 0b 00 c6 40 0a 00
0x00007fada1139453:   c6 40 0d 00 c6 40 0c 00 c6 40 0f 00 66 89 50 04 

Register to memory mapping:

RAX=0x00007fadb85f6840 is an unknown value
RBX=0x00007fadb85eebf0 is an unknown value
RCX=0x0000000000000000 is an unknown value
RDX=0x0000000000000087 is an unknown value
RSP=0x00007fad5f8e6570 is pointing into the stack for thread: 0x00007fadb86cb000
RBP=0x000000000000000a is an unknown value
RSI=0x0000000000000000 is an unknown value
RDI=0x00007fadb85eebf0 is an unknown value
R8 =0x0000000000000000 is an unknown value
R9 =0x0000000000000006 is an unknown value
R10=0x00007fad5f8e6370 is pointing into the stack for thread: 0x00007fadb86cb000
R11=0x00007fada113a0a0: XkbGetUpdatedMap+0 in /usr/lib/x86_64-linux-gnu/libX11.so.6 at 0x00007fada10b0000
R12=0x0000000000000000 is an unknown value
R13={method} {0x00007fada02be618} 'XkbGetUpdatedMap' '(JJJ)J' in 'sun/awt/X11/XlibWrapper'
R14=0x00007fad5f8e6678 is pointing into the stack for thread: 0x00007fadb86cb000
R15=0x00007fadb86cb000 is a thread


Stack: [0x00007fad5f7e7000,0x00007fad5f8e8000],  sp=0x00007fad5f8e6570,  free space=1021k
Native frames: (J=compiled Java code, j=interpreted, Vv=VM code, C=native code)
C  [libX11.so.6+0x89443]

Java frames: (J=compiled Java code, j=interpreted, Vv=VM code)
j  sun.awt.X11.XlibWrapper.XkbGetUpdatedMap(JJJ)J+0
j  sun.awt.X11.XToolkit.processXkbChanges(Lsun/awt/X11/XEvent;)V+87
j  sun.awt.X11.XToolkit.run(Z)V+137
j  sun.awt.X11.XToolkit.run()V+5
j  java.lang.Thread.run()V+11
v  ~StubRoutines::call_stub

---------------  P R O C E S S  ---------------

Java Threads: ( => current thread )
  0x00007fad70003000 JavaThread "SIGTERM handler" daemon [_thread_blocked, id=21092, stack(0x00007fad5d6dc000,0x00007fad5d7dd000)]
  0x00007fad70002000 JavaThread "SIGTERM handler" daemon [_thread_blocked, id=21091, stack(0x00007fad5d8de000,0x00007fad5d9df000)]
  0x00007fad70001000 JavaThread "SIGTERM handler" daemon [_thread_blocked, id=21087, stack(0x00007fad5d7dd000,0x00007fad5d8de000)]
  0x00007fad4c018000 JavaThread "Thread-1" [_thread_blocked, id=21026, stack(0x00007fad5d9df000,0x00007fad5dae0000)]
  0x00007fad4c066000 JavaThread "Abandoned connection cleanup thread" daemon [_thread_blocked, id=21013, stack(0x00007fad5f2cf000,0x00007fad5f3d0000)]
  0x00007fad4c034800 JavaThread "TimerQueue" daemon [_thread_blocked, id=21012, stack(0x00007fad5e33f000,0x00007fad5e440000)]
  0x00007fadb87c9800 JavaThread "AWT-EventQueue-0" [_thread_blocked, id=21011, stack(0x00007fad5f0cd000,0x00007fad5f1ce000)]
  0x00007fadb87c8000 JavaThread "AWT-Shutdown" [_thread_blocked, id=21010, stack(0x00007fad5f1ce000,0x00007fad5f2cf000)]
=>0x00007fadb86cb000 JavaThread "AWT-XAWT" daemon [_thread_in_native, id=21008, stack(0x00007fad5f7e7000,0x00007fad5f8e8000)]
  0x00007fadb86ac000 JavaThread "Java2D Disposer" daemon [_thread_blocked, id=21007, stack(0x00007fad5fcff000,0x00007fad5fe00000)]
  0x00007fadb80cd000 JavaThread "Service Thread" daemon [_thread_blocked, id=20998, stack(0x00007fada2303000,0x00007fada2404000)]
  0x00007fadb80bf800 JavaThread "C1 CompilerThread2" daemon [_thread_blocked, id=20997, stack(0x00007fada2404000,0x00007fada2505000)]
  0x00007fadb80be000 JavaThread "C2 CompilerThread1" daemon [_thread_blocked, id=20996, stack(0x00007fada2505000,0x00007fada2606000)]
  0x00007fadb80bb000 JavaThread "C2 CompilerThread0" daemon [_thread_blocked, id=20995, stack(0x00007fada2606000,0x00007fada2707000)]
  0x00007fadb80b9800 JavaThread "Signal Dispatcher" daemon [_thread_blocked, id=20994, stack(0x00007fada2707000,0x00007fada2808000)]
  0x00007fadb8083800 JavaThread "Finalizer" daemon [_thread_blocked, id=20993, stack(0x00007fada2eef000,0x00007fada2ff0000)]
  0x00007fadb8081800 JavaThread "Reference Handler" daemon [_thread_blocked, id=20992, stack(0x00007fada2ff0000,0x00007fada30f1000)]
  0x00007fadb800a800 JavaThread "main" [_thread_blocked, id=20983, stack(0x00007fadc104c000,0x00007fadc114d000)]

Other Threads:
  0x00007fadb807c800 VMThread [stack: 0x00007fada30f1000,0x00007fada31f2000] [id=20991]
  0x00007fadb80cf800 WatcherThread [stack: 0x00007fada2202000,0x00007fada2303000] [id=20999]

VM state:not at safepoint (normal execution)

VM Mutex/Monitor currently owned by a thread: None

Heap:
 PSYoungGen      total 851456K, used 402112K [0x000000076c800000, 0x00000007a1d80000, 0x00000007c0000000)
  eden space 850432K, 47% used [0x000000076c800000,0x0000000784fe9328,0x00000007a0680000)
  from space 1024K, 77% used [0x00000007a1c80000,0x00000007a1d46e30,0x00000007a1d80000)
  to   space 8192K, 0% used [0x00000007a0d80000,0x00000007a0d80000,0x00000007a1580000)
 ParOldGen       total 77824K, used 6150K [0x00000006c5800000, 0x00000006ca400000, 0x000000076c800000)
  object space 77824K, 7% used [0x00000006c5800000,0x00000006c5e01ad0,0x00000006ca400000)
 Metaspace       used 27492K, capacity 27686K, committed 28160K, reserved 1073152K
  class space    used 3376K, capacity 3460K, committed 3584K, reserved 1048576K

Card table byte_map: [0x00007fadbd60b000,0x00007fadbdde0000] byte_map_base: 0x00007fadb9fdf000

Marking Bits: (ParMarkBitMap*) 0x00007fadc04fd760
 Begin Bits: [0x00007fad842c0000, 0x00007fad88160000)
 End Bits:   [0x00007fad88160000, 0x00007fad8c000000)

Polling page: 0x00007fadc104b000

CodeCache: size=245760Kb used=11447Kb max_used=11452Kb free=234312Kb
 bounds [0x00007fada9000000, 0x00007fada9b40000, 0x00007fadb8000000]
 total_blobs=4207 nmethods=3551 adapters=567
 compilation: enabled

Compilation events (10 events):
Event: 1463.387 Thread 0x00007fadb80bf800 4121       3       java.util.Vector::<init> (53 bytes)
Event: 1463.387 Thread 0x00007fadb80bf800 nmethod 4121 0x00007fada912a010 code [0x00007fada912a1c0, 0x00007fada912a678]
Event: 1463.387 Thread 0x00007fadb80bf800 4122   !   3       sun.awt.X11.XToolkit$1::dispatchEvent (34 bytes)
Event: 1463.389 Thread 0x00007fadb80bf800 nmethod 4122 0x00007fada9b3a950 code [0x00007fada9b3aba0, 0x00007fada9b3b9f8]
Event: 2976.480 Thread 0x00007fadb80bf800 4123       3       sun.awt.X11.XMSelection$1::dispatchEvent (10 bytes)
Event: 2976.480 Thread 0x00007fadb80bf800 nmethod 4123 0x00007fada9129710 code [0x00007fada91298c0, 0x00007fada9129d18]
Event: 2976.481 Thread 0x00007fadb80bf800 4124       3       sun.awt.X11.XMSelection::processRootEvent (32 bytes)
Event: 2976.481 Thread 0x00007fadb80bf800 nmethod 4124 0x00007fada9b3a150 code [0x00007fada9b3a300, 0x00007fada9b3a6d8]
Event: 6069.603 Thread 0x00007fadb80bf800 4125 % !   3       com.mysql.jdbc.AbandonedConnectionCleanupThread::run @ 4 (62 bytes)
Event: 6069.603 Thread 0x00007fadb80bf800 


GC Heap History (10 events):
Event: 3.116 GC heap before
{Heap before GC invocations=9 (full 1):
 PSYoungGen      total 257536K, used 249633K [0x000000076c800000, 0x0000000788180000, 0x00000007c0000000)
  eden space 248832K, 100% used [0x000000076c800000,0x000000077bb00000,0x000000077bb00000)
  from space 8704K, 9% used [0x000000077bb00000,0x000000077bbc8470,0x000000077c380000)
  to   space 8704K, 0% used [0x0000000787900000,0x0000000787900000,0x0000000788180000)
 ParOldGen       total 77824K, used 4816K [0x00000006c5800000, 0x00000006ca400000, 0x000000076c800000)
  object space 77824K, 6% used [0x00000006c5800000,0x00000006c5cb41f0,0x00000006ca400000)
 Metaspace       used 20686K, capacity 20960K, committed 21504K, reserved 1069056K
  class space    used 2590K, capacity 2691K, committed 2816K, reserved 1048576K
Event: 3.119 GC heap after
Heap after GC invocations=9 (full 1):
 PSYoungGen      total 443392K, used 974K [0x000000076c800000, 0x0000000788a00000, 0x00000007c0000000)
  eden space 434688K, 0% used [0x000000076c800000,0x000000076c800000,0x0000000787080000)
  from space 8704K, 11% used [0x0000000787900000,0x00000007879f39b0,0x0000000788180000)
  to   space 8704K, 0% used [0x0000000787080000,0x0000000787080000,0x0000000787900000)
 ParOldGen       total 77824K, used 4816K [0x00000006c5800000, 0x00000006ca400000, 0x000000076c800000)
  object space 77824K, 6% used [0x00000006c5800000,0x00000006c5cb41f0,0x00000006ca400000)
 Metaspace       used 20686K, capacity 20960K, committed 21504K, reserved 1069056K
  class space    used 2590K, capacity 2691K, committed 2816K, reserved 1048576K
}
Event: 3.333 GC heap before
{Heap before GC invocations=10 (full 1):
 PSYoungGen      total 443392K, used 435662K [0x000000076c800000, 0x0000000788a00000, 0x00000007c0000000)
  eden space 434688K, 100% used [0x000000076c800000,0x0000000787080000,0x0000000787080000)
  from space 8704K, 11% used [0x0000000787900000,0x00000007879f39b0,0x0000000788180000)
  to   space 8704K, 0% used [0x0000000787080000,0x0000000787080000,0x0000000787900000)
 ParOldGen       total 77824K, used 4816K [0x00000006c5800000, 0x00000006ca400000, 0x000000076c800000)
  object space 77824K, 6% used [0x00000006c5800000,0x00000006c5cb41f0,0x00000006ca400000)
 Metaspace       used 20686K, capacity 20960K, committed 21504K, reserved 1069056K
  class space    used 2590K, capacity 2691K, committed 2816K, reserved 1048576K
Event: 3.336 GC heap after
Heap after GC invocations=10 (full 1):
 PSYoungGen      total 443392K, used 1058K [0x000000076c800000, 0x0000000793e00000, 0x00000007c0000000)
  eden space 434688K, 0% used [0x000000076c800000,0x000000076c800000,0x0000000787080000)
  from space 8704K, 12% used [0x0000000787080000,0x00000007871888e8,0x0000000787900000)
  to   space 8704K, 0% used [0x0000000793580000,0x0000000793580000,0x0000000793e00000)
 ParOldGen       total 77824K, used 4888K [0x00000006c5800000, 0x00000006ca400000, 0x000000076c800000)
  object space 77824K, 6% used [0x00000006c5800000,0x00000006c5cc6200,0x00000006ca400000)
 Metaspace       used 20686K, capacity 20960K, committed 21504K, reserved 1069056K
  class space    used 2590K, capacity 2691K, committed 2816K, reserved 1048576K
}
Event: 3.518 GC heap before
{Heap before GC invocations=11 (full 1):
 PSYoungGen      total 443392K, used 435746K [0x000000076c800000, 0x0000000793e00000, 0x00000007c0000000)
  eden space 434688K, 100% used [0x000000076c800000,0x0000000787080000,0x0000000787080000)
  from space 8704K, 12% used [0x0000000787080000,0x00000007871888e8,0x0000000787900000)
  to   space 8704K, 0% used [0x0000000793580000,0x0000000793580000,0x0000000793e00000)
 ParOldGen       total 77824K, used 4888K [0x00000006c5800000, 0x00000006ca400000, 0x000000076c800000)
  object space 77824K, 6% used [0x00000006c5800000,0x00000006c5cc6200,0x00000006ca400000)
 Metaspace       used 20686K, capacity 20960K, committed 21504K, reserved 1069056K
  class space    used 2590K, capacity 2691K, committed 2816K, reserved 1048576K
Event: 3.522 GC heap after
Heap after GC invocations=11 (full 1):
 PSYoungGen      total 621056K, used 1494K [0x000000076c800000, 0x0000000793700000, 0x00000007c0000000)
  eden space 619520K, 0% used [0x000000076c800000,0x000000076c800000,0x0000000792500000)
  from space 1536K, 97% used [0x0000000793580000,0x00000007936f5990,0x0000000793700000)
  to   space 8704K, 0% used [0x0000000792600000,0x0000000792600000,0x0000000792e80000)
 ParOldGen       total 77824K, used 5040K [0x00000006c5800000, 0x00000006ca400000, 0x000000076c800000)
  object space 77824K, 6% used [0x00000006c5800000,0x00000006c5cec208,0x00000006ca400000)
 Metaspace       used 20686K, capacity 20960K, committed 21504K, reserved 1069056K
  class space    used 2590K, capacity 2691K, committed 2816K, reserved 1048576K
}
Event: 3.785 GC heap before
{Heap before GC invocations=12 (full 1):
 PSYoungGen      total 621056K, used 621005K [0x000000076c800000, 0x0000000793700000, 0x00000007c0000000)
  eden space 619520K, 99% used [0x000000076c800000,0x00000007924fdcd8,0x0000000792500000)
  from space 1536K, 97% used [0x0000000793580000,0x00000007936f5990,0x0000000793700000)
  to   space 8704K, 0% used [0x0000000792600000,0x0000000792600000,0x0000000792e80000)
 ParOldGen       total 77824K, used 5040K [0x00000006c5800000, 0x00000006ca400000, 0x000000076c800000)
  object space 77824K, 6% used [0x00000006c5800000,0x00000006c5cec208,0x00000006ca400000)
 Metaspace       used 20698K, capacity 20960K, committed 21504K, reserved 1069056K
  class space    used 2590K, capacity 2691K, committed 2816K, reserved 1048576K
Event: 3.788 GC heap after
Heap after GC invocations=12 (full 1):
 PSYoungGen      total 629248K, used 664K [0x000000076c800000, 0x00000007a2500000, 0x00000007c0000000)
  eden space 620544K, 0% used [0x000000076c800000,0x000000076c800000,0x0000000792600000)
  from space 8704K, 7% used [0x0000000792600000,0x00000007926a6140,0x0000000792e80000)
  to   space 8704K, 0% used [0x00000007a1c80000,0x00000007a1c80000,0x00000007a2500000)
 ParOldGen       total 77824K, used 6062K [0x00000006c5800000, 0x00000006ca400000, 0x000000076c800000)
  object space 77824K, 7% used [0x00000006c5800000,0x00000006c5debad0,0x00000006ca400000)
 Metaspace       used 20698K, capacity 20960K, committed 21504K, reserved 1069056K
  class space    used 2590K, capacity 2691K, committed 2816K, reserved 1048576K
}
Event: 4.030 GC heap before
{Heap before GC invocations=13 (full 1):
 PSYoungGen      total 629248K, used 621208K [0x000000076c800000, 0x00000007a2500000, 0x00000007c0000000)
  eden space 620544K, 100% used [0x000000076c800000,0x0000000792600000,0x0000000792600000)
  from space 8704K, 7% used [0x0000000792600000,0x00000007926a6140,0x0000000792e80000)
  to   space 8704K, 0% used [0x00000007a1c80000,0x00000007a1c80000,0x00000007a2500000)
 ParOldGen       total 77824K, used 6062K [0x00000006c5800000, 0x00000006ca400000, 0x000000076c800000)
  object space 77824K, 7% used [0x00000006c5800000,0x00000006c5debad0,0x00000006ca400000)
 Metaspace       used 20764K, capacity 21024K, committed 21504K, reserved 1069056K
  class space    used 2590K, capacity 2691K, committed 2816K, reserved 1048576K
Event: 4.033 GC heap after
Heap after GC invocations=13 (full 1):
 PSYoungGen      total 851456K, used 795K [0x000000076c800000, 0x00000007a1d80000, 0x00000007c0000000)
  eden space 850432K, 0% used [0x000000076c800000,0x000000076c800000,0x00000007a0680000)
  from space 1024K, 77% used [0x00000007a1c80000,0x00000007a1d46e30,0x00000007a1d80000)
  to   space 8192K, 0% used [0x00000007a0d80000,0x00000007a0d80000,0x00000007a1580000)
 ParOldGen       total 77824K, used 6150K [0x00000006c5800000, 0x00000006ca400000, 0x000000076c800000)
  object space 77824K, 7% used [0x00000006c5800000,0x00000006c5e01ad0,0x00000006ca400000)
 Metaspace       used 20764K, capacity 21024K, committed 21504K, reserved 1069056K
  class space    used 2590K, capacity 2691K, committed 2816K, reserved 1048576K
}

Deoptimization events (10 events):
Event: 23.512 Thread 0x00007fadb87c9800 Uncommon trap: reason=class_check action=maybe_recompile pc=0x00007fada9677c28 method=java.awt.Container.dispatchEventImpl(Ljava/awt/AWTEvent;)V @ 34
Event: 23.520 Thread 0x00007fadb87c9800 Uncommon trap: reason=class_check action=maybe_recompile pc=0x00007fada9677c28 method=java.awt.Container.dispatchEventImpl(Ljava/awt/AWTEvent;)V @ 34
Event: 23.825 Thread 0x00007fadb87c9800 Uncommon trap: reason=unstable_if action=reinterpret pc=0x00007fada98579a0 method=java.security.AccessController.getContext()Ljava/security/AccessControlContext; @ 5
Event: 23.843 Thread 0x00007fadb87c9800 Uncommon trap: reason=unstable_if action=reinterpret pc=0x00007fada987cb98 method=java.awt.EventQueue.uncacheEQItem(Lsun/awt/EventQueueItem;)V @ 23
Event: 23.843 Thread 0x00007fadb87c9800 Uncommon trap: reason=unstable_if action=reinterpret pc=0x00007fada982fae0 method=java.awt.EventQueue.uncacheEQItem(Lsun/awt/EventQueueItem;)V @ 23
Event: 51.077 Thread 0x00007fadb87c9800 Uncommon trap: reason=null_check action=make_not_entrant pc=0x00007fada9aa7654 method=javax.swing.plaf.nimbus.NimbusDefaults$LazyStyle.matches(Ljava/awt/Component;I)Z @ 39
Event: 53.675 Thread 0x00007fadb87c9800 Uncommon trap: reason=speculate_class_check action=maybe_recompile pc=0x00007fada9a6fdd8 method=java.awt.Component.invalidateIfValid()V @ 8
Event: 53.675 Thread 0x00007fadb87c9800 Uncommon trap: reason=speculate_class_check action=maybe_recompile pc=0x00007fada9a6fdd8 method=java.awt.Component.invalidateIfValid()V @ 8
Event: 53.682 Thread 0x00007fadb87c9800 Uncommon trap: reason=speculate_class_check action=maybe_recompile pc=0x00007fada9a6fdd8 method=java.awt.Component.invalidateIfValid()V @ 8
Event: 53.682 Thread 0x00007fadb87c9800 Uncommon trap: reason=speculate_class_check action=maybe_recompile pc=0x00007fada9a6fdd8 method=java.awt.Component.invalidateIfValid()V @ 8

Internal exceptions (10 events):
Event: 4.345 Thread 0x00007fadb800a800 Implicit null exception at 0x00007fada99127f7 to 0x00007fada9912bd1
Event: 4.483 Thread 0x00007fadb800a800 Exception <a 'java/io/FileNotFoundException'> (0x000000077feac260) thrown at [/RE-WORK/workspace/8-2-build-linux-amd64/jdk8u45/3457/hotspot/src/share/vm/prims/jni.cpp, line 709]
Event: 4.642 Thread 0x00007fadb87c9800 Exception <a 'java/lang/UnsupportedOperationException': > (0x0000000780be0f90) thrown at [/RE-WORK/workspace/8-2-build-linux-amd64/jdk8u45/3457/hotspot/src/share/vm/prims/jni.cpp, line 735]
Event: 21.269 Thread 0x00007fadb87c9800 Exception <a 'java/lang/NullPointerException'> (0x000000078203f788) thrown at [/RE-WORK/workspace/8-2-build-linux-amd64/jdk8u45/3457/hotspot/src/share/vm/interpreter/linkResolver.cpp, line 1178]
Event: 21.565 Thread 0x00007fadb87c9800 Exception <a 'java/lang/UnsupportedOperationException': > (0x00000007822246a0) thrown at [/RE-WORK/workspace/8-2-build-linux-amd64/jdk8u45/3457/hotspot/src/share/vm/prims/jni.cpp, line 735]
Event: 31.745 Thread 0x00007fadb87c9800 Exception <a 'java/lang/NullPointerException'> (0x00000007825a0bd0) thrown at [/RE-WORK/workspace/8-2-build-linux-amd64/jdk8u45/3457/hotspot/src/share/vm/interpreter/linkResolver.cpp, line 1178]
Event: 31.958 Thread 0x00007fadb87c9800 Exception <a 'java/lang/UnsupportedOperationException': > (0x000000078275d008) thrown at [/RE-WORK/workspace/8-2-build-linux-amd64/jdk8u45/3457/hotspot/src/share/vm/prims/jni.cpp, line 735]
Event: 51.076 Thread 0x00007fadb87c9800 Exception <a 'java/lang/NullPointerException'> (0x0000000782bca3a0) thrown at [/RE-WORK/workspace/8-2-build-linux-amd64/jdk8u45/3457/hotspot/src/share/vm/interpreter/linkResolver.cpp, line 1178]
Event: 51.077 Thread 0x00007fadb87c9800 Implicit null exception at 0x00007fada9aa3d37 to 0x00007fada9aa7631
Event: 51.294 Thread 0x00007fadb87c9800 Exception <a 'java/lang/UnsupportedOperationException': > (0x0000000782cf2618) thrown at [/RE-WORK/workspace/8-2-build-linux-amd64/jdk8u45/3457/hotspot/src/share/vm/prims/jni.cpp, line 735]

Events (10 events):
Event: 1402.814 Thread 0x00007fadb80bf800 flushing nmethod 0x00007fada9129310
Event: 1402.814 Thread 0x00007fadb80bf800 flushing nmethod 0x00007fada912de50
Event: 1463.387 Thread 0x00007fadb80bf800 flushing nmethod 0x00007fada9382b10
Event: 2976.481 Thread 0x00007fadb80bf800 flushing nmethod 0x00007fada956bfd0
Event: 6069.603 Thread 0x00007fadb80bf800 flushing nmethod 0x00007fada959be50
Event: 6069.603 Thread 0x00007fadb80bf800 flushing nmethod 0x00007fada95b9c50
Event: 6308.736 loading class sun/awt/X11/XkbEvent
Event: 6308.737 loading class sun/awt/X11/XkbEvent done
Event: 6308.737 loading class sun/awt/X11/XkbAnyEvent
Event: 6308.738 loading class sun/awt/X11/XkbAnyEvent done


Dynamic libraries:
00400000-00401000 r-xp 00000000 08:03 3424510                            /usr/lib/jvm/java-8-oracle/bin/java
00600000-00601000 rw-p 00000000 08:03 3424510                            /usr/lib/jvm/java-8-oracle/bin/java
025d0000-025f1000 rw-p 00000000 00:00 0                                  [heap]
6c5800000-6ca400000 rw-p 00000000 00:00 0 
6ca400000-76c800000 ---p 00000000 00:00 0 
76c800000-7a1d80000 rw-p 00000000 00:00 0 
7a1d80000-7c0000000 ---p 00000000 00:00 0 
7c0000000-7c0380000 rw-p 00000000 00:00 0 
7c0380000-800000000 ---p 00000000 00:00 0 
7fad30000000-7fad30021000 rw-p 00000000 00:00 0 
7fad30021000-7fad34000000 ---p 00000000 00:00 0 
7fad38000000-7fad38021000 rw-p 00000000 00:00 0 
7fad38021000-7fad3c000000 ---p 00000000 00:00 0 
7fad3c000000-7fad3c021000 rw-p 00000000 00:00 0 
7fad3c021000-7fad40000000 ---p 00000000 00:00 0 
7fad40000000-7fad40021000 rw-p 00000000 00:00 0 
7fad40021000-7fad44000000 ---p 00000000 00:00 0 
7fad44000000-7fad44021000 rw-p 00000000 00:00 0 
7fad44021000-7fad48000000 ---p 00000000 00:00 0 
7fad48000000-7fad48021000 rw-p 00000000 00:00 0 
7fad48021000-7fad4c000000 ---p 00000000 00:00 0 
7fad4c000000-7fad4c53c000 rw-p 00000000 00:00 0 
7fad4c53c000-7fad50000000 ---p 00000000 00:00 0 
7fad50000000-7fad5003e000 rw-p 00000000 00:00 0 
7fad5003e000-7fad54000000 ---p 00000000 00:00 0 
7fad54000000-7fad54021000 rw-p 00000000 00:00 0 
7fad54021000-7fad58000000 ---p 00000000 00:00 0 
7fad58000000-7fad58021000 rw-p 00000000 00:00 0 
7fad58021000-7fad5c000000 ---p 00000000 00:00 0 
7fad5d6dc000-7fad5d6df000 ---p 00000000 00:00 0 
7fad5d6df000-7fad5d7dd000 rw-p 00000000 00:00 0                          [stack:21092]
7fad5d7dd000-7fad5d7e0000 ---p 00000000 00:00 0 
7fad5d7e0000-7fad5d8de000 rw-p 00000000 00:00 0                          [stack:21087]
7fad5d8de000-7fad5d8e1000 ---p 00000000 00:00 0 
7fad5d8e1000-7fad5d9df000 rw-p 00000000 00:00 0                          [stack:21091]
7fad5d9df000-7fad5d9e2000 ---p 00000000 00:00 0 
7fad5d9e2000-7fad5dae0000 rw-p 00000000 00:00 0                          [stack:21026]
7fad5dae0000-7fad5daf7000 r-xp 00000000 08:03 393231                     /lib/x86_64-linux-gnu/libresolv-2.19.so
7fad5daf7000-7fad5dcf7000 ---p 00017000 08:03 393231                     /lib/x86_64-linux-gnu/libresolv-2.19.so
7fad5dcf7000-7fad5dcf8000 r--p 00017000 08:03 393231                     /lib/x86_64-linux-gnu/libresolv-2.19.so
7fad5dcf8000-7fad5dcf9000 rw-p 00018000 08:03 393231                     /lib/x86_64-linux-gnu/libresolv-2.19.so
7fad5dcf9000-7fad5dcfb000 rw-p 00000000 00:00 0 
7fad5dd00000-7fad5dd05000 r-xp 00000000 08:03 393246                     /lib/x86_64-linux-gnu/libnss_dns-2.19.so
7fad5dd05000-7fad5df04000 ---p 00005000 08:03 393246                     /lib/x86_64-linux-gnu/libnss_dns-2.19.so
7fad5df04000-7fad5df05000 r--p 00004000 08:03 393246                     /lib/x86_64-linux-gnu/libnss_dns-2.19.so
7fad5df05000-7fad5df06000 rw-p 00005000 08:03 393246                     /lib/x86_64-linux-gnu/libnss_dns-2.19.so
7fad5df08000-7fad5df0a000 r-xp 00000000 08:03 397422                     /lib/x86_64-linux-gnu/libnss_mdns4_minimal.so.2
7fad5df0a000-7fad5e109000 ---p 00002000 08:03 397422                     /lib/x86_64-linux-gnu/libnss_mdns4_minimal.so.2
7fad5e109000-7fad5e10a000 r--p 00001000 08:03 397422                     /lib/x86_64-linux-gnu/libnss_mdns4_minimal.so.2
7fad5e10a000-7fad5e10b000 rw-p 00002000 08:03 397422                     /lib/x86_64-linux-gnu/libnss_mdns4_minimal.so.2
7fad5e12c000-7fad5e131000 r--s 00094000 08:03 3426002                    /usr/lib/jvm/java-8-oracle/jre/lib/jsse.jar
7fad5e138000-7fad5e13d000 r--s 002f8000 08:03 3426077                    /usr/lib/jvm/java-8-oracle/jre/lib/charsets.jar
7fad5e13f000-7fad5e33f000 rw-p 00000000 00:00 0 
7fad5e33f000-7fad5e342000 ---p 00000000 00:00 0 
7fad5e342000-7fad5e440000 rw-p 00000000 00:00 0                          [stack:21012]
7fad5e440000-7fad5e46a000 r-xp 00000000 08:03 3426031                    /usr/lib/jvm/java-8-oracle/jre/lib/amd64/libdcpr.so
7fad5e46a000-7fad5e66a000 ---p 0002a000 08:03 3426031                    /usr/lib/jvm/java-8-oracle/jre/lib/amd64/libdcpr.so
7fad5e66a000-7fad5e66d000 rw-p 0002a000 08:03 3426031                    /usr/lib/jvm/java-8-oracle/jre/lib/amd64/libdcpr.so
7fad5e670000-7fad5e684000 r--s 00000000 08:03 657677                     /usr/share/fonts/type1/gsfonts/n019003l.pfb
7fad5e688000-7fad5e6a1000 r--s 00000000 08:03 657701                     /usr/share/fonts/type1/gsfonts/n021003l.pfb
7fad5e6a8000-7fad5e6b9000 r--s 00000000 08:03 657683                     /usr/share/fonts/type1/gsfonts/n019023l.pfb
7fad5e6c0000-7fad5e6d2000 r--s 00000000 08:03 657680                     /usr/share/fonts/type1/gsfonts/n019004l.pfb
7fad5e6d8000-7fad5e6ee000 r--s 00000000 08:03 657722                     /usr/share/fonts/type1/gsfonts/n022024l.pfb
7fad5e6f0000-7fad5e708000 r--s 00000000 08:03 657713                     /usr/share/fonts/type1/gsfonts/n022003l.pfb
7fad5e708000-7fad5e71e000 r--s 00000000 08:03 657710                     /usr/share/fonts/type1/gsfonts/n021024l.pfb
7fad5e720000-7fad5e737000 r--s 00000000 08:03 657707                     /usr/share/fonts/type1/gsfonts/n021023l.pfb
7fad5e738000-7fad5e749000 r--s 00000000 08:03 657686                     /usr/share/fonts/type1/gsfonts/n019024l.pfb
7fad5e750000-7fad5e950000 rw-p 00000000 00:00 0 
7fad5e950000-7fad5e9b9000 r-xp 00000000 08:03 3426043                    /usr/lib/jvm/java-8-oracle/jre/lib/amd64/libt2k.so
7fad5e9b9000-7fad5ebb8000 ---p 00069000 08:03 3426043                    /usr/lib/jvm/java-8-oracle/jre/lib/amd64/libt2k.so
7fad5ebb8000-7fad5ebbf000 rw-p 00068000 08:03 3426043                    /usr/lib/jvm/java-8-oracle/jre/lib/amd64/libt2k.so
7fad5ebbf000-7fad5ebcf000 rw-p 00000000 00:00 0 
7fad5ebd0000-7fad5ebd1000 r--s 00000000 08:03 3677075                    /var/cache/fontconfig/c05880de57d1f5e948fdfacc138775d9-le64.cache-4
7fad5ebd8000-7fad5ebe3000 r--s 00000000 08:03 3677069                    /var/cache/fontconfig/945677eb7aeaf62f1d50efc3fb3ec7d8-le64.cache-4
7fad5ebe8000-7fad5ebea000 r--s 00000000 08:03 3678612                    /var/cache/fontconfig/99e8ed0e538f840c565b6ed5dad60d56-le64.cache-4
7fad5ebf0000-7fad5ebf9000 r--s 00000000 08:03 3678611                    /var/cache/fontconfig/a6d8cf8e4ec09cdbc8633c31745a07dd-le64.cache-4
7fad5ec00000-7fad5ec06000 r--s 00000000 08:03 3677055                    /var/cache/fontconfig/2cd17615ca594fa2959ae173292e504c-le64.cache-4
7fad5ec08000-7fad5ec09000 r--s 00000000 08:03 3677085                    /var/cache/fontconfig/e7071f4a29fa870f4323321c154eba04-le64.cache-4
7fad5ec10000-7fad5ec11000 r--s 00000000 08:03 3677052                    /var/cache/fontconfig/0d8c3b2ac0904cb8a57a757ad11a4a08-le64.cache-4
7fad5ec18000-7fad5ec1f000 r--s 00000000 08:03 3677072                    /var/cache/fontconfig/a755afe4a08bf5b97852ceb7400b47bc-le64.cache-4
7fad5ec20000-7fad5ec24000 r--s 00000000 08:03 3678864                    /var/cache/fontconfig/de156ccd2eddbdc19d37a45b8b2aac9c-le64.cache-4
7fad5ec28000-7fad5ec3c000 r--s 00000000 08:03 3677050                    /var/cache/fontconfig/04aabc0a78ac019cf9454389977116d2-le64.cache-4
7fad5ec40000-7fad5ec44000 r--s 00000000 08:03 3677058                    /var/cache/fontconfig/385c0604a188198f04d133e54aba7fe7-le64.cache-4
7fad5ec48000-7fad5ec83000 r--s 00000000 08:03 3673862                    /var/cache/fontconfig/365b55f210c0a22e9a19e35191240f32-le64.cache-4
7fad5ec88000-7fad5ec92000 r--s 00000000 08:03 657743                     /usr/share/fonts/type1/mathml/Symbol.pfb
7fad5ec98000-7fad5ecb1000 r--s 00000000 08:03 657716                     /usr/share/fonts/type1/gsfonts/n022004l.pfb
7fad5ecb4000-7fad5eeb4000 rw-p 00000000 00:00 0 
7fad5eeb4000-7fad5eec7000 r--s 00344000 08:03 3426004                    /usr/lib/jvm/java-8-oracle/jre/lib/resources.jar
7fad5eecd000-7fad5f0cd000 rw-p 00000000 00:00 0 
7fad5f0cd000-7fad5f0d0000 ---p 00000000 00:00 0 
7fad5f0d0000-7fad5f1ce000 rw-p 00000000 00:00 0                          [stack:21011]
7fad5f1ce000-7fad5f1d1000 ---p 00000000 00:00 0 
7fad5f1d1000-7fad5f2cf000 rw-p 00000000 00:00 0                          [stack:21010]
7fad5f2cf000-7fad5f2d2000 ---p 00000000 00:00 0 
7fad5f2d2000-7fad5f5d0000 rw-p 00000000 00:00 0                          [stack:21013]
7fad5f5d0000-7fad5f5e1000 r-xp 00000000 08:03 3426040                    /usr/lib/jvm/java-8-oracle/jre/lib/amd64/libnio.so
7fad5f5e1000-7fad5f7e0000 ---p 00011000 08:03 3426040                    /usr/lib/jvm/java-8-oracle/jre/lib/amd64/libnio.so
7fad5f7e0000-7fad5f7e1000 rw-p 00010000 08:03 3426040                    /usr/lib/jvm/java-8-oracle/jre/lib/amd64/libnio.so
7fad5f7e7000-7fad5f7ea000 ---p 00000000 00:00 0 
7fad5f7ea000-7fad5f8e8000 rw-p 00000000 00:00 0                          [stack:21008]
7fad5f8e8000-7fad5f8ed000 r-xp 00000000 08:03 3408352                    /usr/lib/x86_64-linux-gnu/libXfixes.so.3.1.0
7fad5f8ed000-7fad5faec000 ---p 00005000 08:03 3408352                    /usr/lib/x86_64-linux-gnu/libXfixes.so.3.1.0
7fad5faec000-7fad5faed000 r--p 00004000 08:03 3408352                    /usr/lib/x86_64-linux-gnu/libXfixes.so.3.1.0
7fad5faed000-7fad5faee000 rw-p 00005000 08:03 3408352                    /usr/lib/x86_64-linux-gnu/libXfixes.so.3.1.0
7fad5faf0000-7fad5faf9000 r-xp 00000000 08:03 3417045                    /usr/lib/x86_64-linux-gnu/libXcursor.so.1.0.2
7fad5faf9000-7fad5fcf8000 ---p 00009000 08:03 3417045                    /usr/lib/x86_64-linux-gnu/libXcursor.so.1.0.2
7fad5fcf8000-7fad5fcf9000 r--p 00008000 08:03 3417045                    /usr/lib/x86_64-linux-gnu/libXcursor.so.1.0.2
7fad5fcf9000-7fad5fcfa000 rw-p 00009000 08:03 3417045                    /usr/lib/x86_64-linux-gnu/libXcursor.so.1.0.2
7fad5fcff000-7fad5fd02000 ---p 00000000 00:00 0 
7fad5fd02000-7fad60000000 rw-p 00000000 00:00 0                          [stack:21007]
7fad60000000-7fad60021000 rw-p 00000000 00:00 0 
7fad60021000-7fad64000000 ---p 00000000 00:00 0 
7fad64000000-7fad64021000 rw-p 00000000 00:00 0 
7fad64021000-7fad68000000 ---p 00000000 00:00 0 
7fad68000000-7fad690ce000 rw-p 00000000 00:00 0 
7fad690ce000-7fad6c000000 ---p 00000000 00:00 0 
7fad6c000000-7fad6c8bc000 rw-p 00000000 00:00 0 
7fad6c8bc000-7fad70000000 ---p 00000000 00:00 0 
7fad70000000-7fad70021000 rw-p 00000000 00:00 0 
7fad70021000-7fad74000000 ---p 00000000 00:00 0 
7fad74000000-7fad75ba1000 rw-p 00000000 00:00 0 
7fad75ba1000-7fad78000000 ---p 00000000 00:00 0 
7fad78000000-7fad78021000 rw-p 00000000 00:00 0 
7fad78021000-7fad7c000000 ---p 00000000 00:00 0 
7fad7c000000-7fad7c021000 rw-p 00000000 00:00 0 
7fad7c021000-7fad80000000 ---p 00000000 00:00 0 
7fad80000000-7fad80064000 rw-p 00000000 00:00 0 
7fad80064000-7fad84000000 ---p 00000000 00:00 0 
7fad84000000-7fad84001000 r--s 00000000 08:03 3677054                    /var/cache/fontconfig/1ac9eb803944fde146138c791f5cc56a-le64.cache-4
7fad84008000-7fad84009000 r--s 00000000 08:03 3677082                    /var/cache/fontconfig/dc05db6664285cc2f12bf69c139ae4c3-le64.cache-4
7fad84010000-7fad84012000 r--s 00000000 08:03 3677066                    /var/cache/fontconfig/767a8244fc0220cfb567a839d0392e0b-le64.cache-4
7fad84018000-7fad84019000 r--s 00000000 08:03 3670956                    /var/cache/fontconfig/4794a0821666d79190d59a36cb4f44b5-le64.cache-4
7fad84020000-7fad84025000 r--s 00000000 08:03 3677068                    /var/cache/fontconfig/8801497958630a81b71ace7c5f9b32a8-le64.cache-4
7fad84028000-7fad8402f000 r--s 00000000 08:03 3677056                    /var/cache/fontconfig/3047814df9a2f067bd2d96a2b9c36e5a-le64.cache-4
7fad84030000-7fad84031000 r--s 00000000 08:03 3677062                    /var/cache/fontconfig/56cf4f4769d0f4abc89a4895d7bd3ae1-le64.cache-4
7fad84038000-7fad8403e000 r--s 00000000 08:03 3677073                    /var/cache/fontconfig/b47c4e1ecd0709278f4910c18777a504-le64.cache-4
7fad84040000-7fad840a5000 r-xp 00000000 08:03 3426046                    /usr/lib/jvm/java-8-oracle/jre/lib/amd64/libfontmanager.so
7fad840a5000-7fad842a4000 ---p 00065000 08:03 3426046                    /usr/lib/jvm/java-8-oracle/jre/lib/amd64/libfontmanager.so
7fad842a4000-7fad842a9000 rw-p 00064000 08:03 3426046                    /usr/lib/jvm/java-8-oracle/jre/lib/amd64/libfontmanager.so
7fad842a9000-7fad842b9000 rw-p 00000000 00:00 0 
7fad842c0000-7fad8c000000 rw-p 00000000 00:00 0 
7fad8c000000-7fad8c021000 rw-p 00000000 00:00 0 
7fad8c021000-7fad90000000 ---p 00000000 00:00 0 
7fad90000000-7fad90021000 rw-p 00000000 00:00 0 
7fad90021000-7fad94000000 ---p 00000000 00:00 0 
7fad94000000-7fad94021000 rw-p 00000000 00:00 0 
7fad94021000-7fad98000000 ---p 00000000 00:00 0 
7fad98000000-7fad98021000 rw-p 00000000 00:00 0 
7fad98021000-7fad9c000000 ---p 00000000 00:00 0 
7fad9c000000-7fad9c021000 rw-p 00000000 00:00 0 
7fad9c021000-7fada0000000 ---p 00000000 00:00 0 
7fada0000000-7fada0001000 r--s 00000000 08:03 3677074                    /var/cache/fontconfig/b9d506c9ac06c20b433354fa67a72993-le64.cache-4
7fada0008000-7fada0011000 r--s 00000000 08:03 3673884                    /var/cache/fontconfig/52f7bdb7ce746bfd7eaa1985bd9cfa93-le64.cache-4
7fada0018000-7fada002b000 r--s 00000000 08:03 3677079                    /var/cache/fontconfig/d52a8644073d54c13679302ca1180695-le64.cache-4
7fada0030000-7fada0039000 r--s 00000000 08:03 3670935                    /var/cache/fontconfig/3f7329c5293ffd510edef78f73874cfd-le64.cache-4
7fada0040000-7fada0056000 r-xp 00000000 08:03 397368                     /lib/x86_64-linux-gnu/libgcc_s.so.1
7fada0056000-7fada0255000 ---p 00016000 08:03 397368                     /lib/x86_64-linux-gnu/libgcc_s.so.1
7fada0255000-7fada0256000 rw-p 00015000 08:03 397368                     /lib/x86_64-linux-gnu/libgcc_s.so.1
7fada0258000-7fada0458000 rw-p 00000000 00:00 0 
7fada0458000-7fada045d000 r-xp 00000000 08:03 3417049                    /usr/lib/x86_64-linux-gnu/libXdmcp.so.6.0.0
7fada045d000-7fada065c000 ---p 00005000 08:03 3417049                    /usr/lib/x86_64-linux-gnu/libXdmcp.so.6.0.0
7fada065c000-7fada065d000 r--p 00004000 08:03 3417049                    /usr/lib/x86_64-linux-gnu/libXdmcp.so.6.0.0
7fada065d000-7fada065e000 rw-p 00005000 08:03 3417049                    /usr/lib/x86_64-linux-gnu/libXdmcp.so.6.0.0
7fada0660000-7fada0662000 r-xp 00000000 08:03 3417038                    /usr/lib/x86_64-linux-gnu/libXau.so.6.0.0
7fada0662000-7fada0862000 ---p 00002000 08:03 3417038                    /usr/lib/x86_64-linux-gnu/libXau.so.6.0.0
7fada0862000-7fada0863000 r--p 00002000 08:03 3417038                    /usr/lib/x86_64-linux-gnu/libXau.so.6.0.0
7fada0863000-7fada0864000 rw-p 00003000 08:03 3417038                    /usr/lib/x86_64-linux-gnu/libXau.so.6.0.0
7fada0868000-7fada0885000 r-xp 00000000 08:03 3418106                    /usr/lib/x86_64-linux-gnu/libxcb.so.1.1.0
7fada0885000-7fada0a85000 ---p 0001d000 08:03 3418106                    /usr/lib/x86_64-linux-gnu/libxcb.so.1.1.0
7fada0a85000-7fada0a86000 r--p 0001d000 08:03 3418106                    /usr/lib/x86_64-linux-gnu/libxcb.so.1.1.0
7fada0a86000-7fada0a87000 rw-p 0001e000 08:03 3418106                    /usr/lib/x86_64-linux-gnu/libxcb.so.1.1.0
7fada0a88000-7fada0a97000 r-xp 00000000 08:03 3410074                    /usr/lib/x86_64-linux-gnu/libXi.so.6.1.0
7fada0a97000-7fada0c96000 ---p 0000f000 08:03 3410074                    /usr/lib/x86_64-linux-gnu/libXi.so.6.1.0
7fada0c96000-7fada0c97000 r--p 0000e000 08:03 3410074                    /usr/lib/x86_64-linux-gnu/libXi.so.6.1.0
7fada0c97000-7fada0c98000 rw-p 0000f000 08:03 3410074                    /usr/lib/x86_64-linux-gnu/libXi.so.6.1.0
7fada0c98000-7fada0c9d000 r-xp 00000000 08:03 3417079                    /usr/lib/x86_64-linux-gnu/libXtst.so.6.1.0
7fada0c9d000-7fada0e9c000 ---p 00005000 08:03 3417079                    /usr/lib/x86_64-linux-gnu/libXtst.so.6.1.0
7fada0e9c000-7fada0e9d000 r--p 00004000 08:03 3417079                    /usr/lib/x86_64-linux-gnu/libXtst.so.6.1.0
7fada0e9d000-7fada0e9e000 rw-p 00005000 08:03 3417079                    /usr/lib/x86_64-linux-gnu/libXtst.so.6.1.0
7fada0ea0000-7fada0ea9000 r-xp 00000000 08:03 3410076                    /usr/lib/x86_64-linux-gnu/libXrender.so.1.3.0
7fada0ea9000-7fada10a8000 ---p 00009000 08:03 3410076                    /usr/lib/x86_64-linux-gnu/libXrender.so.1.3.0
7fada10a8000-7fada10a9000 r--p 00008000 08:03 3410076                    /usr/lib/x86_64-linux-gnu/libXrender.so.1.3.0
7fada10a9000-7fada10aa000 rw-p 00009000 08:03 3410076                    /usr/lib/x86_64-linux-gnu/libXrender.so.1.3.0
7fada10b0000-7fada11e0000 r-xp 00000000 08:03 3417034                    /usr/lib/x86_64-linux-gnu/libX11.so.6.3.0
7fada11e0000-7fada13e0000 ---p 00130000 08:03 3417034                    /usr/lib/x86_64-linux-gnu/libX11.so.6.3.0
7fada13e0000-7fada13e1000 r--p 00130000 08:03 3417034                    /usr/lib/x86_64-linux-gnu/libX11.so.6.3.0
7fada13e1000-7fada13e5000 rw-p 00131000 08:03 3417034                    /usr/lib/x86_64-linux-gnu/libX11.so.6.3.0
7fada13e8000-7fada13f9000 r-xp 00000000 08:03 3409080                    /usr/lib/x86_64-linux-gnu/libXext.so.6.4.0
7fada13f9000-7fada15f8000 ---p 00011000 08:03 3409080                    /usr/lib/x86_64-linux-gnu/libXext.so.6.4.0
7fada15f8000-7fada15f9000 r--p 00010000 08:03 3409080                    /usr/lib/x86_64-linux-gnu/libXext.so.6.4.0
7fada15f9000-7fada15fa000 rw-p 00011000 08:03 3409080                    /usr/lib/x86_64-linux-gnu/libXext.so.6.4.0
7fada1600000-7fada1604000 r--s 00000000 08:03 3677080                    /var/cache/fontconfig/d589a48862398ed80a3d6066f4f56f4c-le64.cache-4
7fada1608000-7fada1609000 r--s 00000000 08:03 3677051                    /var/cache/fontconfig/0c9eb80ebd1c36541ebe2852d3bb0c49-le64.cache-4
7fada1610000-7fada161d000 r--s 00000000 08:03 3678610                    /var/cache/fontconfig/e13b20fdb08344e0e664864cc2ede53d-le64.cache-4
7fada1620000-7fada1624000 r--s 00000000 08:03 3678863                    /var/cache/fontconfig/7ef2298fde41cc6eeb7af42e48b7d293-le64.cache-4
7fada1628000-7fada167c000 r-xp 00000000 08:03 3426038                    /usr/lib/jvm/java-8-oracle/jre/lib/amd64/libawt_xawt.so
7fada167c000-7fada187c000 ---p 00054000 08:03 3426038                    /usr/lib/jvm/java-8-oracle/jre/lib/amd64/libawt_xawt.so
7fada187c000-7fada1880000 rw-p 00054000 08:03 3426038                    /usr/lib/jvm/java-8-oracle/jre/lib/amd64/libawt_xawt.so
7fada1880000-7fada1881000 rw-p 00000000 00:00 0 
7fada1888000-7fada192a000 r-xp 00000000 08:03 3426072                    /usr/lib/jvm/java-8-oracle/jre/lib/amd64/libawt.so
7fada192a000-7fada1b2a000 ---p 000a2000 08:03 3426072                    /usr/lib/jvm/java-8-oracle/jre/lib/amd64/libawt.so
7fada1b2a000-7fada1b36000 rw-p 000a2000 08:03 3426072                    /usr/lib/jvm/java-8-oracle/jre/lib/amd64/libawt.so
7fada1b36000-7fada1b5a000 rw-p 00000000 00:00 0 
7fada1b60000-7fada1d60000 rw-p 00000000 00:00 0 
7fada1d60000-7fada1d76000 r-xp 00000000 08:03 3426019                    /usr/lib/jvm/java-8-oracle/jre/lib/amd64/libnet.so
7fada1d76000-7fada1f76000 ---p 00016000 08:03 3426019                    /usr/lib/jvm/java-8-oracle/jre/lib/amd64/libnet.so
7fada1f76000-7fada1f77000 rw-p 00016000 08:03 3426019                    /usr/lib/jvm/java-8-oracle/jre/lib/amd64/libnet.so
7fada1f78000-7fada1f80000 r-xp 00000000 08:03 3426021                    /usr/lib/jvm/java-8-oracle/jre/lib/amd64/libmanagement.so
7fada1f80000-7fada2180000 ---p 00008000 08:03 3426021                    /usr/lib/jvm/java-8-oracle/jre/lib/amd64/libmanagement.so
7fada2180000-7fada2181000 rw-p 00008000 08:03 3426021                    /usr/lib/jvm/java-8-oracle/jre/lib/amd64/libmanagement.so
7fada2183000-7fada219f000 r--s 00393000 08:03 3434565                    /usr/lib/jvm/java-8-oracle/jre/lib/ext/cldrdata.jar
7fada21a6000-7fada21b1000 r--s 00116000 08:03 3426141                    /usr/lib/jvm/java-8-oracle/jre/lib/ext/localedata.jar
7fada21b4000-7fada21bd000 r--s 000e4000 08:03 2764098                    /home/cigreja/.m2/repository/mysql/mysql-connector-java/5.1.35/mysql-connector-java-5.1.35.jar
7fada21bd000-7fada21c4000 r--s 0003d000 08:03 2764097                    /home/cigreja/.m2/repository/org/yaml/snakeyaml/1.14/snakeyaml-1.14.jar
7fada21ca000-7fada21df000 r--s 000e2000 08:03 2764096                    /home/cigreja/.m2/repository/org/springframework/spring-core/4.1.6.RELEASE/spring-core-4.1.6.RELEASE.jar
7fada21e5000-7fada21f0000 r--s 00065000 08:03 2764093                    /home/cigreja/.m2/repository/ch/qos/logback/logback-core/1.1.3/logback-core-1.1.3.jar
7fada21f7000-7fada21fd000 r--s 0003f000 08:03 2764092                    /home/cigreja/.m2/repository/ch/qos/logback/logback-classic/1.1.3/logback-classic-1.1.3.jar
7fada21fd000-7fada21fe000 r--s 00005000 08:03 2764091                    /home/cigreja/.m2/repository/org/slf4j/log4j-over-slf4j/1.7.11/log4j-over-slf4j-1.7.11.jar
7fada2200000-7fada2202000 r--s 00000000 08:03 2764089                    /home/cigreja/.m2/repository/org/slf4j/jul-to-slf4j/1.7.11/jul-to-slf4j-1.7.11.jar
7fada2202000-7fada2203000 ---p 00000000 00:00 0 
7fada2203000-7fada2303000 rw-p 00000000 00:00 0                          [stack:20999]
7fada2303000-7fada2306000 ---p 00000000 00:00 0 
7fada2306000-7fada2404000 rw-p 00000000 00:00 0                          [stack:20998]
7fada2404000-7fada2407000 ---p 00000000 00:00 0 
7fada2407000-7fada2505000 rw-p 00000000 00:00 0                          [stack:20997]
7fada2505000-7fada2508000 ---p 00000000 00:00 0 
7fada2508000-7fada2606000 rw-p 00000000 00:00 0                          [stack:20996]
7fada2606000-7fada2609000 ---p 00000000 00:00 0 
7fada2609000-7fada2707000 rw-p 00000000 00:00 0                          [stack:20995]
7fada2707000-7fada270a000 ---p 00000000 00:00 0 
7fada270a000-7fada2808000 rw-p 00000000 00:00 0                          [stack:20994]
7fada2808000-7fada2eea000 r--p 00000000 08:03 3415887                    /usr/lib/locale/locale-archive
7fada2eef000-7fada2ef2000 ---p 00000000 00:00 0 
7fada2ef2000-7fada2ff0000 rw-p 00000000 00:00 0                          [stack:20993]
7fada2ff0000-7fada2ff3000 ---p 00000000 00:00 0 
7fada2ff3000-7fada30f1000 rw-p 00000000 00:00 0                          [stack:20992]
7fada30f1000-7fada30f2000 ---p 00000000 00:00 0 
7fada30f2000-7fada4000000 rw-p 00000000 00:00 0                          [stack:20991]
7fada4000000-7fada4021000 rw-p 00000000 00:00 0 
7fada4021000-7fada8000000 ---p 00000000 00:00 0 
7fada8007000-7fada8008000 r--s 00007000 08:03 2764084                    /home/cigreja/.m2/repository/org/slf4j/slf4j-api/1.7.11/slf4j-api-1.7.11.jar
7fada800b000-7fada800d000 r--s 00003000 08:03 2764082                    /home/cigreja/.m2/repository/org/slf4j/jcl-over-slf4j/1.7.11/jcl-over-slf4j-1.7.11.jar
7fada8010000-7fada8011000 r--s 00000000 08:03 2764083                    /home/cigreja/.m2/repository/org/springframework/boot/spring-boot-starter-logging/1.2.3.RELEASE/spring-boot-starter-logging-1.2.3.RELEASE.jar
7fada8013000-7fada8023000 r--s 0006b000 08:03 2764078                    /home/cigreja/.m2/repository/org/springframework/boot/spring-boot-autoconfigure/1.2.3.RELEASE/spring-boot-autoconfigure-1.2.3.RELEASE.jar
7fada8028000-7fada8035000 r--s 000a0000 08:03 2764074                    /home/cigreja/.m2/repository/org/springframework/spring-beans/4.1.6.RELEASE/spring-beans-4.1.6.RELEASE.jar
7fada803b000-7fada8053000 r--s 000e3000 08:03 2764070                    /home/cigreja/.m2/repository/org/springframework/spring-context/4.1.6.RELEASE/spring-context-4.1.6.RELEASE.jar
7fada8054000-7fada9000000 rw-p 00000000 00:00 0 
7fada9000000-7fada9b40000 rwxp 00000000 00:00 0 
7fada9b40000-7fadb8000000 ---p 00000000 00:00 0 
7fadb8000000-7fadb8ac6000 rw-p 00000000 00:00 0 
7fadb8ac6000-7fadbc000000 ---p 00000000 00:00 0 
7fadbc003000-7fadbc008000 r--s 0003b000 08:03 2764076                    /home/cigreja/.m2/repository/org/springframework/spring-expression/4.1.6.RELEASE/spring-expression-4.1.6.RELEASE.jar
7fadbc00f000-7fadbc018000 r--s 0004f000 08:03 2764072                    /home/cigreja/.m2/repository/org/springframework/spring-aop/4.1.6.RELEASE/spring-aop-4.1.6.RELEASE.jar
7fadbc018000-7fadbc0a9000 rw-p 00000000 00:00 0 
7fadbc0a9000-7fadbc282000 r--s 03d09000 08:03 3425955                    /usr/lib/jvm/java-8-oracle/jre/lib/rt.jar
7fadbc283000-7fadbcacd000 rw-p 00000000 00:00 0 
7fadbcacd000-7fadbcace000 ---p 00000000 00:00 0 
7fadbcace000-7fadbcbce000 rw-p 00000000 00:00 0                          [stack:20990]
7fadbcbce000-7fadbcbcf000 ---p 00000000 00:00 0 
7fadbcbcf000-7fadbcccf000 rw-p 00000000 00:00 0                          [stack:20989]
7fadbcccf000-7fadbccd0000 ---p 00000000 00:00 0 
7fadbccd0000-7fadbcdd0000 rw-p 00000000 00:00 0                          [stack:20988]
7fadbcdd0000-7fadbcdd1000 ---p 00000000 00:00 0 
7fadbcdd1000-7fadbced1000 rw-p 00000000 00:00 0                          [stack:20987]
7fadbced1000-7fadbced2000 ---p 00000000 00:00 0 
7fadbced2000-7fadbcfd2000 rw-p 00000000 00:00 0                          [stack:20986]
7fadbcfd2000-7fadbcfd3000 ---p 00000000 00:00 0 
7fadbcfd3000-7fadbd0f9000 rw-p 00000000 00:00 0                          [stack:20985]
7fadbd0f9000-7fadbd60b000 ---p 00000000 00:00 0 
7fadbd60b000-7fadbd631000 rw-p 00000000 00:00 0 
7fadbd631000-7fadbdb43000 ---p 00000000 00:00 0 
7fadbdb43000-7fadbdcee000 rw-p 00000000 00:00 0 
7fadbdcee000-7fadbdddf000 ---p 00000000 00:00 0 
7fadbdddf000-7fadbde0d000 rw-p 00000000 00:00 0 
7fadbde0d000-7fadbe1a0000 ---p 00000000 00:00 0 
7fadbe1a0000-7fadbe1ba000 r-xp 00000000 08:03 3426028                    /usr/lib/jvm/java-8-oracle/jre/lib/amd64/libzip.so
7fadbe1ba000-7fadbe3ba000 ---p 0001a000 08:03 3426028                    /usr/lib/jvm/java-8-oracle/jre/lib/amd64/libzip.so
7fadbe3ba000-7fadbe3bb000 rw-p 0001a000 08:03 3426028                    /usr/lib/jvm/java-8-oracle/jre/lib/amd64/libzip.so
7fadbe3c0000-7fadbe3cb000 r-xp 00000000 08:03 393242                     /lib/x86_64-linux-gnu/libnss_files-2.19.so
7fadbe3cb000-7fadbe5ca000 ---p 0000b000 08:03 393242                     /lib/x86_64-linux-gnu/libnss_files-2.19.so
7fadbe5ca000-7fadbe5cb000 r--p 0000a000 08:03 393242                     /lib/x86_64-linux-gnu/libnss_files-2.19.so
7fadbe5cb000-7fadbe5cc000 rw-p 0000b000 08:03 393242                     /lib/x86_64-linux-gnu/libnss_files-2.19.so
7fadbe5d0000-7fadbe5db000 r-xp 00000000 08:03 397310                     /lib/x86_64-linux-gnu/libnss_nis-2.19.so
7fadbe5db000-7fadbe7da000 ---p 0000b000 08:03 397310                     /lib/x86_64-linux-gnu/libnss_nis-2.19.so
7fadbe7da000-7fadbe7db000 r--p 0000a000 08:03 397310                     /lib/x86_64-linux-gnu/libnss_nis-2.19.so
7fadbe7db000-7fadbe7dc000 rw-p 0000b000 08:03 397310                     /lib/x86_64-linux-gnu/libnss_nis-2.19.so
7fadbe7e0000-7fadbe7f7000 r-xp 00000000 08:03 393311                     /lib/x86_64-linux-gnu/libnsl-2.19.so
7fadbe7f7000-7fadbe9f6000 ---p 00017000 08:03 393311                     /lib/x86_64-linux-gnu/libnsl-2.19.so
7fadbe9f6000-7fadbe9f7000 r--p 00016000 08:03 393311                     /lib/x86_64-linux-gnu/libnsl-2.19.so
7fadbe9f7000-7fadbe9f8000 rw-p 00017000 08:03 393311                     /lib/x86_64-linux-gnu/libnsl-2.19.so
7fadbe9f8000-7fadbe9fa000 rw-p 00000000 00:00 0 
7fadbea00000-7fadbea09000 r-xp 00000000 08:03 393310                     /lib/x86_64-linux-gnu/libnss_compat-2.19.so
7fadbea09000-7fadbec08000 ---p 00009000 08:03 393310                     /lib/x86_64-linux-gnu/libnss_compat-2.19.so
7fadbec08000-7fadbec09000 r--p 00008000 08:03 393310                     /lib/x86_64-linux-gnu/libnss_compat-2.19.so
7fadbec09000-7fadbec0a000 rw-p 00009000 08:03 393310                     /lib/x86_64-linux-gnu/libnss_compat-2.19.so
7fadbec10000-7fadbec3a000 r-xp 00000000 08:03 3426011                    /usr/lib/jvm/java-8-oracle/jre/lib/amd64/libjava.so
7fadbec3a000-7fadbee3a000 ---p 0002a000 08:03 3426011                    /usr/lib/jvm/java-8-oracle/jre/lib/amd64/libjava.so
7fadbee3a000-7fadbee3c000 rw-p 0002a000 08:03 3426011                    /usr/lib/jvm/java-8-oracle/jre/lib/amd64/libjava.so
7fadbee40000-7fadbee4d000 r-xp 00000000 08:03 3426068                    /usr/lib/jvm/java-8-oracle/jre/lib/amd64/libverify.so
7fadbee4d000-7fadbf04d000 ---p 0000d000 08:03 3426068                    /usr/lib/jvm/java-8-oracle/jre/lib/amd64/libverify.so
7fadbf04d000-7fadbf04f000 rw-p 0000d000 08:03 3426068                    /usr/lib/jvm/java-8-oracle/jre/lib/amd64/libverify.so
7fadbf050000-7fadbf057000 r-xp 00000000 08:03 393319                     /lib/x86_64-linux-gnu/librt-2.19.so
7fadbf057000-7fadbf256000 ---p 00007000 08:03 393319                     /lib/x86_64-linux-gnu/librt-2.19.so
7fadbf256000-7fadbf257000 r--p 00006000 08:03 393319                     /lib/x86_64-linux-gnu/librt-2.19.so
7fadbf257000-7fadbf258000 rw-p 00007000 08:03 393319                     /lib/x86_64-linux-gnu/librt-2.19.so
7fadbf258000-7fadbf35d000 r-xp 00000000 08:03 393235                     /lib/x86_64-linux-gnu/libm-2.19.so
7fadbf35d000-7fadbf55c000 ---p 00105000 08:03 393235                     /lib/x86_64-linux-gnu/libm-2.19.so
7fadbf55c000-7fadbf55d000 r--p 00104000 08:03 393235                     /lib/x86_64-linux-gnu/libm-2.19.so
7fadbf55d000-7fadbf55e000 rw-p 00105000 08:03 393235                     /lib/x86_64-linux-gnu/libm-2.19.so
7fadbf560000-7fadc020e000 r-xp 00000000 08:03 3426057                    /usr/lib/jvm/java-8-oracle/jre/lib/amd64/server/libjvm.so
7fadc020e000-7fadc040d000 ---p 00cae000 08:03 3426057                    /usr/lib/jvm/java-8-oracle/jre/lib/amd64/server/libjvm.so
7fadc040d000-7fadc04e4000 rw-p 00cad000 08:03 3426057                    /usr/lib/jvm/java-8-oracle/jre/lib/amd64/server/libjvm.so
7fadc04e4000-7fadc0528000 rw-p 00000000 00:00 0 
7fadc0528000-7fadc06e3000 r-xp 00000000 08:03 393316                     /lib/x86_64-linux-gnu/libc-2.19.so
7fadc06e3000-7fadc08e2000 ---p 001bb000 08:03 393316                     /lib/x86_64-linux-gnu/libc-2.19.so
7fadc08e2000-7fadc08e6000 r--p 001ba000 08:03 393316                     /lib/x86_64-linux-gnu/libc-2.19.so
7fadc08e6000-7fadc08e8000 rw-p 001be000 08:03 393316                     /lib/x86_64-linux-gnu/libc-2.19.so
7fadc08e8000-7fadc08ed000 rw-p 00000000 00:00 0 
7fadc08f0000-7fadc08f3000 r-xp 00000000 08:03 393305                     /lib/x86_64-linux-gnu/libdl-2.19.so
7fadc08f3000-7fadc0af2000 ---p 00003000 08:03 393305                     /lib/x86_64-linux-gnu/libdl-2.19.so
7fadc0af2000-7fadc0af3000 r--p 00002000 08:03 393305                     /lib/x86_64-linux-gnu/libdl-2.19.so
7fadc0af3000-7fadc0af4000 rw-p 00003000 08:03 393305                     /lib/x86_64-linux-gnu/libdl-2.19.so
7fadc0af8000-7fadc0b0d000 r-xp 00000000 08:03 3425246                    /usr/lib/jvm/java-8-oracle/lib/amd64/jli/libjli.so
7fadc0b0d000-7fadc0d0d000 ---p 00015000 08:03 3425246                    /usr/lib/jvm/java-8-oracle/lib/amd64/jli/libjli.so
7fadc0d0d000-7fadc0d0e000 rw-p 00015000 08:03 3425246                    /usr/lib/jvm/java-8-oracle/lib/amd64/jli/libjli.so
7fadc0d10000-7fadc0d29000 r-xp 00000000 08:03 393317                     /lib/x86_64-linux-gnu/libpthread-2.19.so
7fadc0d29000-7fadc0f28000 ---p 00019000 08:03 393317                     /lib/x86_64-linux-gnu/libpthread-2.19.so
7fadc0f28000-7fadc0f29000 r--p 00018000 08:03 393317                     /lib/x86_64-linux-gnu/libpthread-2.19.so
7fadc0f29000-7fadc0f2a000 rw-p 00019000 08:03 393317                     /lib/x86_64-linux-gnu/libpthread-2.19.so
7fadc0f2a000-7fadc0f2e000 rw-p 00000000 00:00 0 
7fadc0f30000-7fadc0f53000 r-xp 00000000 08:03 393313                     /lib/x86_64-linux-gnu/ld-2.19.so
7fadc0f58000-7fadc0f5a000 r--s 00000000 08:03 2764073                    /home/cigreja/.m2/repository/aopalliance/aopalliance/1.0/aopalliance-1.0.jar
7fadc0f5e000-7fadc0f68000 r--s 0005e000 08:03 2764071                    /home/cigreja/.m2/repository/org/springframework/boot/spring-boot/1.2.3.RELEASE/spring-boot-1.2.3.RELEASE.jar
7fadc0f68000-7fadc0f69000 r--s 00000000 08:03 2764068                    /home/cigreja/.m2/repository/org/springframework/boot/spring-boot-starter/1.2.3.RELEASE/spring-boot-starter-1.2.3.RELEASE.jar
7fadc0f6e000-7fadc1040000 rw-p 00000000 00:00 0 
7fadc1040000-7fadc1048000 rw-s 00000000 08:03 676953                     /tmp/hsperfdata_cigreja/20980
7fadc1049000-7fadc104b000 rw-p 00000000 00:00 0 
7fadc104b000-7fadc104c000 r--p 00000000 00:00 0 
7fadc104c000-7fadc104f000 ---p 00000000 00:00 0 
7fadc104f000-7fadc1152000 rw-p 00000000 00:00 0                          [stack:20983]
7fadc1152000-7fadc1153000 r--p 00022000 08:03 393313                     /lib/x86_64-linux-gnu/ld-2.19.so
7fadc1153000-7fadc1154000 rw-p 00023000 08:03 393313                     /lib/x86_64-linux-gnu/ld-2.19.so
7fadc1154000-7fadc1156000 rw-p 00000000 00:00 0 
7ffd5c567000-7ffd5c589000 rw-p 00000000 00:00 0                          [stack]
7ffd5c5c8000-7ffd5c5ca000 r-xp 00000000 00:00 0                          [vdso]
7ffd5c5ca000-7ffd5c5cc000 r--p 00000000 00:00 0                          [vvar]
ffffffffff600000-ffffffffff601000 r-xp 00000000 00:00 0                  [vsyscall]

VM Arguments:
java_command: com.elle.analyster.Application
java_class_path (initial): /home/cigreja/Dropbox/AnalysterCarlos/Analyster/target/classes:/home/cigreja/.m2/repository/org/springframework/boot/spring-boot-starter/1.2.3.RELEASE/spring-boot-starter-1.2.3.RELEASE.jar:/home/cigreja/.m2/repository/org/springframework/boot/spring-boot/1.2.3.RELEASE/spring-boot-1.2.3.RELEASE.jar:/home/cigreja/.m2/repository/org/springframework/spring-context/4.1.6.RELEASE/spring-context-4.1.6.RELEASE.jar:/home/cigreja/.m2/repository/org/springframework/spring-aop/4.1.6.RELEASE/spring-aop-4.1.6.RELEASE.jar:/home/cigreja/.m2/repository/aopalliance/aopalliance/1.0/aopalliance-1.0.jar:/home/cigreja/.m2/repository/org/springframework/spring-beans/4.1.6.RELEASE/spring-beans-4.1.6.RELEASE.jar:/home/cigreja/.m2/repository/org/springframework/spring-expression/4.1.6.RELEASE/spring-expression-4.1.6.RELEASE.jar:/home/cigreja/.m2/repository/org/springframework/boot/spring-boot-autoconfigure/1.2.3.RELEASE/spring-boot-autoconfigure-1.2.3.RELEASE.jar:/home/cigreja/.m2/repository/org/springframework/boot/spring-boot-starter-logging/1.2.3.RELEASE/spring-boot-starter-logging-1.2.3.RELEASE.jar:/home/cigreja/.m2/repository/org/slf4j/jcl-over-slf4j/1.7.11/jcl-over-slf4j-1.7.11.jar:/home/cigreja/.m2/repository/org/slf4j/slf4j-api/1.7.11/slf4j-api-1.7.11.jar:/home/cigreja/.m2/repository/org/slf4j/jul-to-slf4j/1.7.11/jul-to-slf4j-1.7.11.jar:/home/cigreja/.m2/repository/org/slf4j/log4j-over-slf4j/1.7.11/log4j-over-slf4j-1.7.11.jar:/home/cigreja/.m2/repository/ch/qos/logback/logback-classic/1.1.3/logback-classic-1.1.3.jar:/home/cigreja/.m2/repository/ch/qos/logback/logback-core/1.1.3/logback-core-1.1.3.jar:/home/cigreja/.m2/repository/org/springframework/spring-core/4.1.6.RELEASE/spring-core-4.1.6.RELEASE.jar:/home/cigreja/.m2/repository/org/yaml/snakeyaml/1.14/snakeyaml-1.14.jar:/home/cigreja/.m2/repository/mysql/mysql-connector-java/5.1.35/mysql-connector-java-5.1.35.jar
Launcher Type: SUN_STANDARD

Environment Variables:
JAVA_HOME=/usr/lib/jvm/java-8-oracle
PATH=/usr/local/sbin:/usr/local/bin:/usr/sbin:/usr/bin:/sbin:/bin:/usr/games:/usr/local/games:/usr/lib/jvm/java-8-oracle/bin:/usr/lib/jvm/java-8-oracle/db/bin:/usr/lib/jvm/java-8-oracle/jre/bin
LD_LIBRARY_PATH=/usr/lib/jvm/java-8-oracle/jre/lib/amd64:/usr/lib/jvm/java-8-oracle/jre/lib/i386:
SHELL=/bin/bash
DISPLAY=:0

Signal Handlers:
SIGSEGV: [libjvm.so+0xaad1e0], sa_mask[0]=11111111011111111101111111111110, sa_flags=SA_RESTART|SA_SIGINFO
SIGBUS: [libjvm.so+0xaad1e0], sa_mask[0]=11111111011111111101111111111110, sa_flags=SA_RESTART|SA_SIGINFO
SIGFPE: [libjvm.so+0x90b450], sa_mask[0]=11111111011111111101111111111110, sa_flags=SA_RESTART|SA_SIGINFO
SIGPIPE: [libjvm.so+0x90b450], sa_mask[0]=11111111011111111101111111111110, sa_flags=SA_RESTART|SA_SIGINFO
SIGXFSZ: [libjvm.so+0x90b450], sa_mask[0]=11111111011111111101111111111110, sa_flags=SA_RESTART|SA_SIGINFO
SIGILL: [libjvm.so+0x90b450], sa_mask[0]=11111111011111111101111111111110, sa_flags=SA_RESTART|SA_SIGINFO
SIGUSR1: SIG_DFL, sa_mask[0]=00000000000000000000000000000000, sa_flags=none
SIGUSR2: [libjvm.so+0x90ca90], sa_mask[0]=00100000000000000000000000000000, sa_flags=SA_RESTART|SA_SIGINFO
SIGHUP: [libjvm.so+0x90dde0], sa_mask[0]=11111111011111111101111111111110, sa_flags=SA_RESTART|SA_SIGINFO
SIGINT: SIG_IGN, sa_mask[0]=00000000000000000000000000000000, sa_flags=none
SIGTERM: [libjvm.so+0x90dde0], sa_mask[0]=11111111011111111101111111111110, sa_flags=SA_RESTART|SA_SIGINFO
SIGQUIT: [libjvm.so+0x90dde0], sa_mask[0]=11111111011111111101111111111110, sa_flags=SA_RESTART|SA_SIGINFO


---------------  S Y S T E M  ---------------

OS:DISTRIB_ID=Ubuntu
DISTRIB_RELEASE=14.04
DISTRIB_CODENAME=trusty
DISTRIB_DESCRIPTION="Ubuntu 14.04.2 LTS"

uname:Linux 3.16.0-43-generic #58~14.04.1-Ubuntu SMP Mon Jun 22 10:21:20 UTC 2015 x86_64
libc:glibc 2.19 NPTL 2.19 
rlimit: STACK 8192k, CORE 0k, NPROC 63780, NOFILE 4096, AS infinity
load average:2.27 0.76 0.49

/proc/meminfo:
MemTotal:       16415292 kB
MemFree:          167712 kB
MemAvailable:    3722252 kB
Buffers:         1022636 kB
Cached:          4791708 kB
SwapCached:           32 kB
Active:         10603320 kB
Inactive:        4960100 kB
Active(anon):    8963864 kB
Inactive(anon):  3078628 kB
Active(file):    1639456 kB
Inactive(file):  1881472 kB
Unevictable:         264 kB
Mlocked:             264 kB
SwapTotal:      32836604 kB
SwapFree:       32836300 kB
Dirty:              8184 kB
Writeback:             0 kB
AnonPages:       9749692 kB
Mapped:          2805144 kB
Shmem:           2293032 kB
Slab:             348536 kB
SReclaimable:     287016 kB
SUnreclaim:        61520 kB
KernelStack:       16032 kB
PageTables:        80608 kB
NFS_Unstable:          0 kB
Bounce:                0 kB
WritebackTmp:          0 kB
CommitLimit:    41044248 kB
Committed_AS:   21676164 kB
VmallocTotal:   34359738367 kB
VmallocUsed:      340284 kB
VmallocChunk:   34359363180 kB
HardwareCorrupted:     0 kB
AnonHugePages:   7483392 kB
HugePages_Total:       0
HugePages_Free:        0
HugePages_Rsvd:        0
HugePages_Surp:        0
Hugepagesize:       2048 kB
DirectMap4k:      102016 kB
DirectMap2M:     3024896 kB
DirectMap1G:    13631488 kB


CPU:total 6 (6 cores per cpu, 1 threads per core) family 21 model 1 stepping 2, cmov, cx8, fxsr, mmx, sse, sse2, sse3, ssse3, sse4.1, sse4.2, popcnt, avx, aes, clmul, mmxext, 3dnowpref, lzcnt, sse4a, tsc, tscinvbit, tscinv

/proc/cpuinfo:
processor	: 0
vendor_id	: AuthenticAMD
cpu family	: 21
model		: 1
model name	: AMD FX(tm)-6100 Six-Core Processor
stepping	: 2
microcode	: 0x6000629
cpu MHz		: 3300.000
cache size	: 2048 KB
physical id	: 0
siblings	: 6
core id		: 0
cpu cores	: 3
apicid		: 0
initial apicid	: 0
fpu		: yes
fpu_exception	: yes
cpuid level	: 13
wp		: yes
flags		: fpu vme de pse tsc msr pae mce cx8 apic sep mtrr pge mca cmov pat pse36 clflush mmx fxsr sse sse2 ht syscall nx mmxext fxsr_opt pdpe1gb rdtscp lm constant_tsc rep_good nopl nonstop_tsc extd_apicid aperfmperf pni pclmulqdq monitor ssse3 cx16 sse4_1 sse4_2 popcnt aes xsave avx lahf_lm cmp_legacy svm extapic cr8_legacy abm sse4a misalignsse 3dnowprefetch osvw ibs xop skinit wdt lwp fma4 nodeid_msr topoext perfctr_core perfctr_nb arat cpb hw_pstate npt lbrv svm_lock nrip_save tsc_scale vmcb_clean flushbyasid decodeassists pausefilter pfthreshold vmmcall
bogomips	: 6644.67
TLB size	: 1536 4K pages
clflush size	: 64
cache_alignment	: 64
address sizes	: 48 bits physical, 48 bits virtual
power management: ts ttp tm 100mhzsteps hwpstate cpb

processor	: 1
vendor_id	: AuthenticAMD
cpu family	: 21
model		: 1
model name	: AMD FX(tm)-6100 Six-Core Processor             
stepping	: 2
microcode	: 0x6000629
cpu MHz		: 3300.000
cache size	: 2048 KB
physical id	: 0
siblings	: 6
core id		: 1
cpu cores	: 3
apicid		: 1
initial apicid	: 1
fpu		: yes
fpu_exception	: yes
cpuid level	: 13
wp		: yes
flags		: fpu vme de pse tsc msr pae mce cx8 apic sep mtrr pge mca cmov pat pse36 clflush mmx fxsr sse sse2 ht syscall nx mmxext fxsr_opt pdpe1gb rdtscp lm constant_tsc rep_good nopl nonstop_tsc extd_apicid aperfmperf pni pclmulqdq monitor ssse3 cx16 sse4_1 sse4_2 popcnt aes xsave avx lahf_lm cmp_legacy svm extapic cr8_legacy abm sse4a misalignsse 3dnowprefetch osvw ibs xop skinit wdt lwp fma4 nodeid_msr topoext perfctr_core perfctr_nb arat cpb hw_pstate npt lbrv svm_lock nrip_save tsc_scale vmcb_clean flushbyasid decodeassists pausefilter pfthreshold vmmcall
bogomips	: 6644.67
TLB size	: 1536 4K pages
clflush size	: 64
cache_alignment	: 64
address sizes	: 48 bits physical, 48 bits virtual
power management: ts ttp tm 100mhzsteps hwpstate cpb

processor	: 2
vendor_id	: AuthenticAMD
cpu family	: 21
model		: 1
model name	: AMD FX(tm)-6100 Six-Core Processor             
stepping	: 2
microcode	: 0x6000629
cpu MHz		: 3000.000
cache size	: 2048 KB
physical id	: 0
siblings	: 6
core id		: 2
cpu cores	: 3
apicid		: 2
initial apicid	: 2
fpu		: yes
fpu_exception	: yes
cpuid level	: 13
wp		: yes
flags		: fpu vme de pse tsc msr pae mce cx8 apic sep mtrr pge mca cmov pat pse36 clflush mmx fxsr sse sse2 ht syscall nx mmxext fxsr_opt pdpe1gb rdtscp lm constant_tsc rep_good nopl nonstop_tsc extd_apicid aperfmperf pni pclmulqdq monitor ssse3 cx16 sse4_1 sse4_2 popcnt aes xsave avx lahf_lm cmp_legacy svm extapic cr8_legacy abm sse4a misalignsse 3dnowprefetch osvw ibs xop skinit wdt lwp fma4 nodeid_msr topoext perfctr_core perfctr_nb arat cpb hw_pstate npt lbrv svm_lock nrip_save tsc_scale vmcb_clean flushbyasid decodeassists pausefilter pfthreshold vmmcall
bogomips	: 6644.67
TLB size	: 1536 4K pages
clflush size	: 64
cache_alignment	: 64
address sizes	: 48 bits physical, 48 bits virtual
power management: ts ttp tm 100mhzsteps hwpstate cpb

processor	: 3
vendor_id	: AuthenticAMD
cpu family	: 21
model		: 1
model name	: AMD FX(tm)-6100 Six-Core Processor             
stepping	: 2
microcode	: 0x6000629
cpu MHz		: 3300.000
cache size	: 2048 KB
physical id	: 0
siblings	: 6
core id		: 3
cpu cores	: 3
apicid		: 3
initial apicid	: 3
fpu		: yes
fpu_exception	: yes
cpuid level	: 13
wp		: yes
flags		: fpu vme de pse tsc msr pae mce cx8 apic sep mtrr pge mca cmov pat pse36 clflush mmx fxsr sse sse2 ht syscall nx mmxext fxsr_opt pdpe1gb rdtscp lm constant_tsc rep_good nopl nonstop_tsc extd_apicid aperfmperf pni pclmulqdq monitor ssse3 cx16 sse4_1 sse4_2 popcnt aes xsave avx lahf_lm cmp_legacy svm extapic cr8_legacy abm sse4a misalignsse 3dnowprefetch osvw ibs xop skinit wdt lwp fma4 nodeid_msr topoext perfctr_core perfctr_nb arat cpb hw_pstate npt lbrv svm_lock nrip_save tsc_scale vmcb_clean flushbyasid decodeassists pausefilter pfthreshold vmmcall
bogomips	: 6644.67
TLB size	: 1536 4K pages
clflush size	: 64
cache_alignment	: 64
address sizes	: 48 bits physical, 48 bits virtual
power management: ts ttp tm 100mhzsteps hwpstate cpb

processor	: 4
vendor_id	: AuthenticAMD
cpu family	: 21
model		: 1
model name	: AMD FX(tm)-6100 Six-Core Processor             
stepping	: 2
microcode	: 0x6000629
cpu MHz		: 3300.000
cache size	: 2048 KB
physical id	: 0
siblings	: 6
core id		: 4
cpu cores	: 3
apicid		: 4
initial apicid	: 4
fpu		: yes
fpu_exception	: yes
cpuid level	: 13
wp		: yes
flags		: fpu vme de pse tsc msr pae mce cx8 apic sep mtrr pge mca cmov pat pse36 clflush mmx fxsr sse sse2 ht syscall nx mmxext fxsr_opt pdpe1gb rdtscp lm constant_tsc rep_good nopl nonstop_tsc extd_apicid aperfmperf pni pclmulqdq monitor ssse3 cx16 sse4_1 sse4_2 popcnt aes xsave avx lahf_lm cmp_legacy svm extapic cr8_legacy abm sse4a misalignsse 3dnowprefetch osvw ibs xop skinit wdt lwp fma4 nodeid_msr topoext perfctr_core perfctr_nb arat cpb hw_pstate npt lbrv svm_lock nrip_save tsc_scale vmcb_clean flushbyasid decodeassists pausefilter pfthreshold vmmcall
bogomips	: 6644.67
TLB size	: 1536 4K pages
clflush size	: 64
cache_alignment	: 64
address sizes	: 48 bits physical, 48 bits virtual
power management: ts ttp tm 100mhzsteps hwpstate cpb

processor	: 5
vendor_id	: AuthenticAMD
cpu family	: 21
model		: 1
model name	: AMD FX(tm)-6100 Six-Core Processor             
stepping	: 2
microcode	: 0x6000629
cpu MHz		: 3300.000
cache size	: 2048 KB
physical id	: 0
siblings	: 6
core id		: 5
cpu cores	: 3
apicid		: 5
initial apicid	: 5
fpu		: yes
fpu_exception	: yes
cpuid level	: 13
wp		: yes
flags		: fpu vme de pse tsc msr pae mce cx8 apic sep mtrr pge mca cmov pat pse36 clflush mmx fxsr sse sse2 ht syscall nx mmxext fxsr_opt pdpe1gb rdtscp lm constant_tsc rep_good nopl nonstop_tsc extd_apicid aperfmperf pni pclmulqdq monitor ssse3 cx16 sse4_1 sse4_2 popcnt aes xsave avx lahf_lm cmp_legacy svm extapic cr8_legacy abm sse4a misalignsse 3dnowprefetch osvw ibs xop skinit wdt lwp fma4 nodeid_msr topoext perfctr_core perfctr_nb arat cpb hw_pstate npt lbrv svm_lock nrip_save tsc_scale vmcb_clean flushbyasid decodeassists pausefilter pfthreshold vmmcall
bogomips	: 6644.67
TLB size	: 1536 4K pages
clflush size	: 64
cache_alignment	: 64
address sizes	: 48 bits physical, 48 bits virtual
power management: ts ttp tm 100mhzsteps hwpstate cpb



Memory: 4k page, physical 16415292k(166968k free), swap 32836604k(32836300k free)

vm_info: Java HotSpot(TM) 64-Bit Server VM (25.45-b02) for linux-amd64 JRE (1.8.0_45-b14), built on Apr 10 2015 10:07:45 by "java_re" with gcc 4.3.0 20080428 (Red Hat 4.3.0-8)

time: Wed Jul  1 20:48:30 2015
elapsed time: 6308 seconds (0d 1h 45m 8s)

