#
# A fatal error has been detected by the Java Runtime Environment:
#
#  SIGSEGV (0xb) at pc=0x00007f6137601443, pid=7106, tid=140055490623232
#
# JRE version: Java(TM) SE Runtime Environment (8.0_45-b14) (build 1.8.0_45-b14)
# Java VM: Java HotSpot(TM) 64-Bit Server VM (25.45-b02 mixed mode linux-amd64 compressed oops)
# Problematic frame:
# C  [libX11.so.6+0x89443]
#
# Failed to write core dump. Core dumps have been disabled. To enable core dumping, try "ulimit -c unlimited" before starting Java again
#
# If you would like to submit a bug report, please visit:
#   http://bugreport.java.com/bugreport/crash.jsp
# The crash happened outside the Java Virtual Machine in native code.
# See problematic frame for where to report the bug.
#

---------------  T H R E A D  ---------------

Current thread (0x00007f61581d3800):  JavaThread "AWT-XAWT" daemon [_thread_in_native, id=7129, stack(0x00007f6135b47000,0x00007f6135c48000)]

siginfo: si_signo: 11 (SIGSEGV), si_code: 1 (SEGV_MAPERR), si_addr: 0x000000000000000a

Registers:
RAX=0x00007f61582d9d10, RBX=0x00007f6158318530, RCX=0x0000000000000000, RDX=0x0000000000000087
RSP=0x00007f6135c46670, RBP=0x000000000000000a, RSI=0x0000000000000000, RDI=0x00007f6158318530
R8 =0x0000000000000000, R9 =0x0000000000000006, R10=0x00007f6135c46470, R11=0x00007f61376020a0
R12=0x0000000000000000, R13=0x00007f6136787898, R14=0x00007f6135c46778, R15=0x00007f61581d3800
RIP=0x00007f6137601443, EFLAGS=0x0000000000010246, CSGSFS=0x0000000000000033, ERR=0x0000000000000004
  TRAPNO=0x000000000000000e

Top of Stack: (sp=0x00007f6135c46670)
0x00007f6135c46670:   0000000000000000 00007f6158318530
0x00007f6135c46680:   0000000000000047 00007f61376020f1
0x00007f6135c46690:   00007f6136787898 00007f6135c466b0
0x00007f6135c466a0:   0000000000000000 00007f6137af8591
0x00007f6135c466b0:   00007f6135c46730 00007f6149015354
0x00007f6135c466c0:   00007f6136787898 0000000000000000
0x00007f6135c466d0:   00007f6135c46730 00007f61490150d9
0x00007f6135c466e0:   00007f61581d3800 00007f61490150a2
0x00007f6135c466f0:   00007f6135c466f0 00007f6136787898
0x00007f6135c46700:   00007f6135c46778 00007f61367888c8
0x00007f6135c46710:   0000000000000000 00007f6136787898
0x00007f6135c46720:   0000000000000000 00007f6135c46750
0x00007f6135c46730:   00007f6135c467c0 00007f6149007760
0x00007f6135c46740:   00000006c5805fc8 00007f614900f577
0x00007f6135c46750:   0000000000000000 0000000000000000
0x00007f6135c46760:   0000000000000047 00007f6149007760
0x00007f6135c46770:   00007f6158318530 00007f6149007760
0x00007f6135c46780:   00007f6135c46780 00007f6136772aaf
0x00007f6135c46790:   00007f6135c467e8 00007f6136775c90
0x00007f6135c467a0:   0000000000000000 00007f6136772ad0
0x00007f6135c467b0:   00007f6135c46750 00007f6135c467e0
0x00007f6135c467c0:   00007f6135c46830 00007f6149007c4d
0x00007f6135c467d0:   0000000000000001 00000007856bf1d0
0x00007f6135c467e0:   00000006c580f360 00000006c580f308
0x00007f6135c467f0:   00007f6135c467f0 00007f613676cdf1
0x00007f6135c46800:   00007f6135c46878 00007f6136775c90
0x00007f6135c46810:   0000000000000000 00007f613676cfc8
0x00007f6135c46820:   00007f6135c467e0 00007f6135c46870
0x00007f6135c46830:   00007f6135c468c0 00007f6149007c4d
0x00007f6135c46840:   0000000000000000 0000000782adcdf8
0x00007f6135c46850:   0000000000000000 0000000000000000
0x00007f6135c46860:   0000000000000000 00000006c580f360 

Instructions: (pc=0x00007f6137601443)
0x00007f6137601423:   83 ec 08 e8 f5 57 fb ff 48 8b 93 20 0a 00 00 31
0x00007f6137601433:   c9 31 f6 48 8b 52 08 8b 52 04 c6 40 01 08 88 10
0x00007f6137601443:   0f b7 55 00 66 89 48 06 c6 40 0b 00 c6 40 0a 00
0x00007f6137601453:   c6 40 0d 00 c6 40 0c 00 c6 40 0f 00 66 89 50 04 

Register to memory mapping:

RAX=0x00007f61582d9d10 is an unknown value
RBX=0x00007f6158318530 is an unknown value
RCX=0x0000000000000000 is an unknown value
RDX=0x0000000000000087 is an unknown value
RSP=0x00007f6135c46670 is pointing into the stack for thread: 0x00007f61581d3800
RBP=0x000000000000000a is an unknown value
RSI=0x0000000000000000 is an unknown value
RDI=0x00007f6158318530 is an unknown value
R8 =0x0000000000000000 is an unknown value
R9 =0x0000000000000006 is an unknown value
R10=0x00007f6135c46470 is pointing into the stack for thread: 0x00007f61581d3800
R11=0x00007f61376020a0: XkbGetUpdatedMap+0 in /usr/lib/x86_64-linux-gnu/libX11.so.6 at 0x00007f6137578000
R12=0x0000000000000000 is an unknown value
R13={method} {0x00007f6136787898} 'XkbGetUpdatedMap' '(JJJ)J' in 'sun/awt/X11/XlibWrapper'
R14=0x00007f6135c46778 is pointing into the stack for thread: 0x00007f61581d3800
R15=0x00007f61581d3800 is a thread


Stack: [0x00007f6135b47000,0x00007f6135c48000],  sp=0x00007f6135c46670,  free space=1021k
Native frames: (J=compiled Java code, j=interpreted, Vv=VM code, C=native code)
C  [libX11.so.6+0x89443]

Java frames: (J=compiled Java code, j=interpreted, Vv=VM code)
j  sun.awt.X11.XlibWrapper.XkbGetUpdatedMap(JJJ)J+0
j  sun.awt.X11.XToolkit.processXkbChanges(Lsun/awt/X11/XEvent;)V+87
j  sun.awt.X11.XToolkit.run(Z)V+137
j  sun.awt.X11.XToolkit.run()V+5
j  java.lang.Thread.run()V+11
v  ~StubRoutines::call_stub

---------------  P R O C E S S  ---------------

Java Threads: ( => current thread )
  0x00007f610c003000 JavaThread "SIGTERM handler" daemon [_thread_blocked, id=7170, stack(0x00007f61344fd000,0x00007f61345fe000)]
  0x00007f610c002000 JavaThread "SIGTERM handler" daemon [_thread_blocked, id=7169, stack(0x00007f61346ff000,0x00007f6134800000)]
  0x00007f610c001000 JavaThread "SIGTERM handler" daemon [_thread_blocked, id=7164, stack(0x00007f61345fe000,0x00007f61346ff000)]
  0x00007f60e4024800 JavaThread "Thread-1" [_thread_blocked, id=7135, stack(0x00007f613501f000,0x00007f6135120000)]
  0x00007f60e4004800 JavaThread "TimerQueue" daemon [_thread_blocked, id=7134, stack(0x00007f613562f000,0x00007f6135730000)]
  0x00007f61585b0800 JavaThread "AWT-EventQueue-0" [_thread_blocked, id=7132, stack(0x00007f613542d000,0x00007f613552e000)]
  0x00007f61585ae800 JavaThread "AWT-Shutdown" [_thread_blocked, id=7131, stack(0x00007f613552e000,0x00007f613562f000)]
=>0x00007f61581d3800 JavaThread "AWT-XAWT" daemon [_thread_in_native, id=7129, stack(0x00007f6135b47000,0x00007f6135c48000)]
  0x00007f6158255000 JavaThread "Java2D Disposer" daemon [_thread_blocked, id=7128, stack(0x00007f6144007000,0x00007f6144108000)]
  0x00007f61580c7000 JavaThread "Service Thread" daemon [_thread_blocked, id=7124, stack(0x00007f614490b000,0x00007f6144a0c000)]
  0x00007f61580c2000 JavaThread "C1 CompilerThread2" daemon [_thread_blocked, id=7123, stack(0x00007f6144a0c000,0x00007f6144b0d000)]
  0x00007f61580c0000 JavaThread "C2 CompilerThread1" daemon [_thread_blocked, id=7122, stack(0x00007f6144b0d000,0x00007f6144c0e000)]
  0x00007f61580bd800 JavaThread "C2 CompilerThread0" daemon [_thread_blocked, id=7121, stack(0x00007f6144c0e000,0x00007f6144d0f000)]
  0x00007f61580bc000 JavaThread "Signal Dispatcher" daemon [_thread_blocked, id=7120, stack(0x00007f6144d0f000,0x00007f6144e10000)]
  0x00007f6158083800 JavaThread "Finalizer" daemon [_thread_blocked, id=7119, stack(0x00007f61454f3000,0x00007f61455f4000)]
  0x00007f6158081800 JavaThread "Reference Handler" daemon [_thread_blocked, id=7118, stack(0x00007f61455f4000,0x00007f61456f5000)]
  0x00007f615800a800 JavaThread "main" [_thread_blocked, id=7107, stack(0x00007f615f5cd000,0x00007f615f6ce000)]

Other Threads:
  0x00007f615807c800 VMThread [stack: 0x00007f61456f5000,0x00007f61457f6000] [id=7117]
  0x00007f61580c9800 WatcherThread [stack: 0x00007f614480a000,0x00007f614490b000] [id=7125]

VM state:not at safepoint (normal execution)

VM Mutex/Monitor currently owned by a thread: None

Heap:
 PSYoungGen      total 664576K, used 409470K [0x000000076c800000, 0x00000007a8080000, 0x00000007c0000000)
  eden space 656384K, 62% used [0x000000076c800000,0x000000078573d8f8,0x0000000794900000)
  from space 8192K, 7% used [0x0000000794900000,0x00000007949a2108,0x0000000795100000)
  to   space 8192K, 0% used [0x00000007a7880000,0x00000007a7880000,0x00000007a8080000)
 ParOldGen       total 75776K, used 6833K [0x00000006c5800000, 0x00000006ca200000, 0x000000076c800000)
  object space 75776K, 9% used [0x00000006c5800000,0x00000006c5eac720,0x00000006ca200000)
 Metaspace       used 22599K, capacity 22828K, committed 23168K, reserved 1069056K
  class space    used 2794K, capacity 2883K, committed 2944K, reserved 1048576K

Card table byte_map: [0x00007f614882b000,0x00007f6149000000] byte_map_base: 0x00007f61451ff000

Marking Bits: (ParMarkBitMap*) 0x00007f615ea9d760
 Begin Bits: [0x00007f61202c0000, 0x00007f6124160000)
 End Bits:   [0x00007f6124160000, 0x00007f6128000000)

Polling page: 0x00007f615f6f1000

CodeCache: size=245760Kb used=10811Kb max_used=10811Kb free=234948Kb
 bounds [0x00007f6149000000, 0x00007f6149aa0000, 0x00007f6158000000]
 total_blobs=3595 nmethods=3019 adapters=489
 compilation: enabled

Compilation events (10 events):
Event: 12398.572 Thread 0x00007f61580c2000 3385  s    3       java.util.Vector::iterator (10 bytes)
Event: 12398.572 Thread 0x00007f61580c2000 nmethod 3385 0x00007f6149a90b90 code [0x00007f6149a90d20, 0x00007f6149a91190]
Event: 12417.725 Thread 0x00007f61580c2000 3386       3       java.util.Vector::<init> (53 bytes)
Event: 12417.726 Thread 0x00007f61580c2000 nmethod 3386 0x00007f6149a91310 code [0x00007f6149a914c0, 0x00007f6149a91978]
Event: 12417.726 Thread 0x00007f61580c2000 3387   !   3       sun.awt.X11.XToolkit$1::dispatchEvent (34 bytes)
Event: 12417.727 Thread 0x00007f61580c2000 nmethod 3387 0x00007f6149a91b50 code [0x00007f6149a91da0, 0x00007f6149a92bf8]
Event: 12574.111 Thread 0x00007f61580c2000 3388   !   3       sun.awt.X11.XWindow::getWMState (133 bytes)
Event: 12574.114 Thread 0x00007f61580c2000 nmethod 3388 0x00007f6149a932d0 code [0x00007f6149a93820, 0x00007f6149a96cd8]
Event: 12578.068 Thread 0x00007f61580c2000 3389       3       sun.awt.X11.XWM::getProtocols (26 bytes)
Event: 12578.068 Thread 0x00007f61580c2000 nmethod 3389 0x00007f6149a98e50 code [0x00007f6149a99000, 0x00007f6149a995a8]

GC Heap History (10 events):
Event: 7.067 GC heap before
{Heap before GC invocations=8 (full 1):
 PSYoungGen      total 249856K, used 242714K [0x000000076c800000, 0x000000077c680000, 0x00000007c0000000)
  eden space 242176K, 100% used [0x000000076c800000,0x000000077b480000,0x000000077b480000)
  from space 7680K, 7% used [0x000000077bf00000,0x000000077bf86a80,0x000000077c680000)
  to   space 9216K, 0% used [0x000000077b480000,0x000000077b480000,0x000000077bd80000)
 ParOldGen       total 75776K, used 4669K [0x00000006c5800000, 0x00000006ca200000, 0x000000076c800000)
  object space 75776K, 6% used [0x00000006c5800000,0x00000006c5c8f588,0x00000006ca200000)
 Metaspace       used 20697K, capacity 20972K, committed 21504K, reserved 1069056K
  class space    used 2594K, capacity 2691K, committed 2816K, reserved 1048576K
Event: 7.070 GC heap after
Heap after GC invocations=8 (full 1):
 PSYoungGen      total 251392K, used 891K [0x000000076c800000, 0x0000000789000000, 0x00000007c0000000)
  eden space 242176K, 0% used [0x000000076c800000,0x000000076c800000,0x000000077b480000)
  from space 9216K, 9% used [0x000000077b480000,0x000000077b55efa8,0x000000077bd80000)
  to   space 9216K, 0% used [0x0000000788700000,0x0000000788700000,0x0000000789000000)
 ParOldGen       total 75776K, used 4669K [0x00000006c5800000, 0x00000006ca200000, 0x000000076c800000)
  object space 75776K, 6% used [0x00000006c5800000,0x00000006c5c8f588,0x00000006ca200000)
 Metaspace       used 20697K, capacity 20972K, committed 21504K, reserved 1069056K
  class space    used 2594K, capacity 2691K, committed 2816K, reserved 1048576K
}
Event: 7.189 GC heap before
{Heap before GC invocations=9 (full 1):
 PSYoungGen      total 251392K, used 242840K [0x000000076c800000, 0x0000000789000000, 0x00000007c0000000)
  eden space 242176K, 99% used [0x000000076c800000,0x000000077b447100,0x000000077b480000)
  from space 9216K, 9% used [0x000000077b480000,0x000000077b55efa8,0x000000077bd80000)
  to   space 9216K, 0% used [0x0000000788700000,0x0000000788700000,0x0000000789000000)
 ParOldGen       total 75776K, used 4669K [0x00000006c5800000, 0x00000006ca200000, 0x000000076c800000)
  object space 75776K, 6% used [0x00000006c5800000,0x00000006c5c8f588,0x00000006ca200000)
 Metaspace       used 20698K, capacity 20972K, committed 21504K, reserved 1069056K
  class space    used 2594K, capacity 2691K, committed 2816K, reserved 1048576K
Event: 7.191 GC heap after
Heap after GC invocations=9 (full 1):
 PSYoungGen      total 449536K, used 1001K [0x000000076c800000, 0x0000000788c00000, 0x00000007c0000000)
  eden space 444416K, 0% used [0x000000076c800000,0x000000076c800000,0x0000000787a00000)
  from space 5120K, 19% used [0x0000000788700000,0x00000007887fa738,0x0000000788c00000)
  to   space 9216K, 0% used [0x0000000787a00000,0x0000000787a00000,0x0000000788300000)
 ParOldGen       total 75776K, used 4669K [0x00000006c5800000, 0x00000006ca200000, 0x000000076c800000)
  object space 75776K, 6% used [0x00000006c5800000,0x00000006c5c8f588,0x00000006ca200000)
 Metaspace       used 20698K, capacity 20972K, committed 21504K, reserved 1069056K
  class space    used 2594K, capacity 2691K, committed 2816K, reserved 1048576K
}
Event: 7.414 GC heap before
{Heap before GC invocations=10 (full 1):
 PSYoungGen      total 449536K, used 445341K [0x000000076c800000, 0x0000000788c00000, 0x00000007c0000000)
  eden space 444416K, 99% used [0x000000076c800000,0x00000007879ecf88,0x0000000787a00000)
  from space 5120K, 19% used [0x0000000788700000,0x00000007887fa738,0x0000000788c00000)
  to   space 9216K, 0% used [0x0000000787a00000,0x0000000787a00000,0x0000000788300000)
 ParOldGen       total 75776K, used 4669K [0x00000006c5800000, 0x00000006ca200000, 0x000000076c800000)
  object space 75776K, 6% used [0x00000006c5800000,0x00000006c5c8f588,0x00000006ca200000)
 Metaspace       used 20701K, capacity 20972K, committed 21504K, reserved 1069056K
  class space    used 2594K, capacity 2691K, committed 2816K, reserved 1048576K
Event: 7.417 GC heap after
Heap after GC invocations=10 (full 1):
 PSYoungGen      total 453632K, used 1501K [0x000000076c800000, 0x0000000795d80000, 0x00000007c0000000)
  eden space 444416K, 0% used [0x000000076c800000,0x000000076c800000,0x0000000787a00000)
  from space 9216K, 16% used [0x0000000787a00000,0x0000000787b777b8,0x0000000788300000)
  to   space 8704K, 0% used [0x0000000795500000,0x0000000795500000,0x0000000795d80000)
 ParOldGen       total 75776K, used 4789K [0x00000006c5800000, 0x00000006ca200000, 0x000000076c800000)
  object space 75776K, 6% used [0x00000006c5800000,0x00000006c5cad598,0x00000006ca200000)
 Metaspace       used 20701K, capacity 20972K, committed 21504K, reserved 1069056K
  class space    used 2594K, capacity 2691K, committed 2816K, reserved 1048576K
}
Event: 7.572 GC heap before
{Heap before GC invocations=11 (full 1):
 PSYoungGen      total 453632K, used 445726K [0x000000076c800000, 0x0000000795d80000, 0x00000007c0000000)
  eden space 444416K, 99% used [0x000000076c800000,0x00000007879d02b8,0x0000000787a00000)
  from space 9216K, 16% used [0x0000000787a00000,0x0000000787b777b8,0x0000000788300000)
  to   space 8704K, 0% used [0x0000000795500000,0x0000000795500000,0x0000000795d80000)
 ParOldGen       total 75776K, used 4789K [0x00000006c5800000, 0x00000006ca200000, 0x000000076c800000)
  object space 75776K, 6% used [0x00000006c5800000,0x00000006c5cad598,0x00000006ca200000)
 Metaspace       used 20711K, capacity 20972K, committed 21504K, reserved 1069056K
  class space    used 2594K, capacity 2691K, committed 2816K, reserved 1048576K
Event: 7.575 GC heap after
Heap after GC invocations=11 (full 1):
 PSYoungGen      total 660480K, used 1604K [0x000000076c800000, 0x0000000795900000, 0x00000007c0000000)
  eden space 656384K, 0% used [0x000000076c800000,0x000000076c800000,0x0000000794900000)
  from space 4096K, 39% used [0x0000000795500000,0x00000007956910e8,0x0000000795900000)
  to   space 8192K, 0% used [0x0000000794900000,0x0000000794900000,0x0000000795100000)
 ParOldGen       total 75776K, used 4949K [0x00000006c5800000, 0x00000006ca200000, 0x000000076c800000)
  object space 75776K, 6% used [0x00000006c5800000,0x00000006c5cd55a0,0x00000006ca200000)
 Metaspace       used 20711K, capacity 20972K, committed 21504K, reserved 1069056K
  class space    used 2594K, capacity 2691K, committed 2816K, reserved 1048576K
}
Event: 7.879 GC heap before
{Heap before GC invocations=12 (full 1):
 PSYoungGen      total 660480K, used 657676K [0x000000076c800000, 0x0000000795900000, 0x00000007c0000000)
  eden space 656384K, 99% used [0x000000076c800000,0x00000007948b1f18,0x0000000794900000)
  from space 4096K, 39% used [0x0000000795500000,0x00000007956910e8,0x0000000795900000)
  to   space 8192K, 0% used [0x0000000794900000,0x0000000794900000,0x0000000795100000)
 ParOldGen       total 75776K, used 4949K [0x00000006c5800000, 0x00000006ca200000, 0x000000076c800000)
  object space 75776K, 6% used [0x00000006c5800000,0x00000006c5cd55a0,0x00000006ca200000)
 Metaspace       used 20729K, capacity 20972K, committed 21504K, reserved 1069056K
  class space    used 2594K, capacity 2691K, committed 2816K, reserved 1048576K
Event: 7.884 GC heap after
Heap after GC invocations=12 (full 1):
 PSYoungGen      total 664576K, used 648K [0x000000076c800000, 0x00000007a8080000, 0x00000007c0000000)
  eden space 656384K, 0% used [0x000000076c800000,0x000000076c800000,0x0000000794900000)
  from space 8192K, 7% used [0x0000000794900000,0x00000007949a2108,0x0000000795100000)
  to   space 8192K, 0% used [0x00000007a7880000,0x00000007a7880000,0x00000007a8080000)
 ParOldGen       total 75776K, used 6833K [0x00000006c5800000, 0x00000006ca200000, 0x000000076c800000)
  object space 75776K, 9% used [0x00000006c5800000,0x00000006c5eac720,0x00000006ca200000)
 Metaspace       used 20729K, capacity 20972K, committed 21504K, reserved 1069056K
  class space    used 2594K, capacity 2691K, committed 2816K, reserved 1048576K
}

Deoptimization events (10 events):
Event: 12.008 Thread 0x00007f61585b0800 Uncommon trap: reason=class_check action=maybe_recompile pc=0x00007f61493a96e4 method=java.awt.EventQueue.setCurrentEventAndMostRecentTimeImpl(Ljava/awt/AWTEvent;)V @ 135
Event: 12.350 Thread 0x00007f61585b0800 Uncommon trap: reason=class_check action=maybe_recompile pc=0x00007f61496d735c method=java.awt.Component.processEvent(Ljava/awt/AWTEvent;)V @ 81
Event: 12.350 Thread 0x00007f61585b0800 Uncommon trap: reason=class_check action=maybe_recompile pc=0x00007f61496d7174 method=java.awt.Component.processEvent(Ljava/awt/AWTEvent;)V @ 92
Event: 12.359 Thread 0x00007f61585b0800 Uncommon trap: reason=class_check action=maybe_recompile pc=0x00007f61496d7174 method=java.awt.Component.processEvent(Ljava/awt/AWTEvent;)V @ 92
Event: 12.366 Thread 0x00007f61585b0800 Uncommon trap: reason=class_check action=maybe_recompile pc=0x00007f61496d7174 method=java.awt.Component.processEvent(Ljava/awt/AWTEvent;)V @ 92
Event: 13.104 Thread 0x00007f61585b0800 Uncommon trap: reason=class_check action=maybe_recompile pc=0x00007f61491eb6d0 method=java.lang.String.equals(Ljava/lang/Object;)Z @ 8
Event: 13.104 Thread 0x00007f61585b0800 Uncommon trap: reason=speculate_class_check action=maybe_recompile pc=0x00007f614997c384 method=java.awt.DefaultKeyboardFocusManager.dispatchEvent(Ljava/awt/AWTEvent;)Z @ 817
Event: 13.214 Thread 0x00007f61581d3800 Uncommon trap: reason=unstable_if action=reinterpret pc=0x00007f6149137d34 method=sun.awt.X11.XAwtState.getGrabWindow()Lsun/awt/X11/XBaseWindow; @ 6
Event: 24.387 Thread 0x00007f61585b0800 Uncommon trap: reason=speculate_class_check action=maybe_recompile pc=0x00007f614997c384 method=java.awt.DefaultKeyboardFocusManager.dispatchEvent(Ljava/awt/AWTEvent;)Z @ 817
Event: 24.391 Thread 0x00007f61585b0800 Uncommon trap: reason=bimorphic action=maybe_recompile pc=0x00007f6149a464cc method=java.awt.Component.processEvent(Ljava/awt/AWTEvent;)V @ 12

Internal exceptions (10 events):
Event: 5.778 Thread 0x00007f615800a800 Exception <a 'java/lang/ClassNotFoundException': RootPane> (0x000000076cc6c458) thrown at [/RE-WORK/workspace/8-2-build-linux-amd64/jdk8u45/3457/hotspot/src/share/vm/classfile/systemDictionary.cpp, line 210]
Event: 5.893 Thread 0x00007f61585a4800 Exception <a 'java/io/FileNotFoundException'> (0x000000076cdf1180) thrown at [/RE-WORK/workspace/8-2-build-linux-amd64/jdk8u45/3457/hotspot/src/share/vm/prims/jni.cpp, line 709]
Event: 8.059 Thread 0x00007f615800a800 Implicit null exception at 0x00007f61498c1ad8 to 0x00007f61498c1b2a
Event: 8.059 Thread 0x00007f615800a800 Implicit null exception at 0x00007f6149746b68 to 0x00007f6149746baa
Event: 8.059 Thread 0x00007f615800a800 Implicit null exception at 0x00007f61495242a8 to 0x00007f6149524729
Event: 8.079 Thread 0x00007f61585b0800 Implicit null exception at 0x00007f6149134b63 to 0x00007f6149135df5
Event: 8.080 Thread 0x00007f61585b0800 Implicit null exception at 0x00007f61491e912c to 0x00007f61491e9309
Event: 8.181 Thread 0x00007f615800a800 Implicit null exception at 0x00007f6149193ec2 to 0x00007f6149194041
Event: 8.219 Thread 0x00007f615800a800 Exception <a 'java/io/FileNotFoundException'> (0x0000000782bd3600) thrown at [/RE-WORK/workspace/8-2-build-linux-amd64/jdk8u45/3457/hotspot/src/share/vm/prims/jni.cpp, line 709]
Event: 8.373 Thread 0x00007f61585b0800 Exception <a 'java/lang/UnsupportedOperationException': > (0x0000000783ba2090) thrown at [/RE-WORK/workspace/8-2-build-linux-amd64/jdk8u45/3457/hotspot/src/share/vm/prims/jni.cpp, line 735]

Events (10 events):
Event: 41.704 Executing VM operation: RevokeBias done
Event: 619.166 loading class sun/misc/Signal$1
Event: 619.166 loading class sun/misc/Signal$1 done
Event: 619.166 Thread 0x00007f610c001000 Thread added: 0x00007f610c001000
Event: 619.313 Thread 0x00007f610c002000 Thread added: 0x00007f610c002000
Event: 619.314 Thread 0x00007f610c003000 Thread added: 0x00007f610c003000
Event: 12615.131 loading class sun/awt/X11/XkbEvent
Event: 12615.229 loading class sun/awt/X11/XkbEvent done
Event: 12615.229 loading class sun/awt/X11/XkbAnyEvent
Event: 12615.266 loading class sun/awt/X11/XkbAnyEvent done


Dynamic libraries:
00400000-00401000 r-xp 00000000 08:03 3424510                            /usr/lib/jvm/java-8-oracle/bin/java
00600000-00601000 rw-p 00000000 08:03 3424510                            /usr/lib/jvm/java-8-oracle/bin/java
00c93000-00cb4000 rw-p 00000000 00:00 0                                  [heap]
6c5800000-6ca200000 rw-p 00000000 00:00 0 
6ca200000-76c800000 ---p 00000000 00:00 0 
76c800000-7a8080000 rw-p 00000000 00:00 0 
7a8080000-7c0000000 ---p 00000000 00:00 0 
7c0000000-7c02e0000 rw-p 00000000 00:00 0 
7c02e0000-800000000 ---p 00000000 00:00 0 
7f60d4000000-7f60d4021000 rw-p 00000000 00:00 0 
7f60d4021000-7f60d8000000 ---p 00000000 00:00 0 
7f60dc000000-7f60dc021000 rw-p 00000000 00:00 0 
7f60dc021000-7f60e0000000 ---p 00000000 00:00 0 
7f60e0000000-7f60e0021000 rw-p 00000000 00:00 0 
7f60e0021000-7f60e4000000 ---p 00000000 00:00 0 
7f60e4000000-7f60e4041000 rw-p 00000000 00:00 0 
7f60e4041000-7f60e8000000 ---p 00000000 00:00 0 
7f60e8000000-7f60e8021000 rw-p 00000000 00:00 0 
7f60e8021000-7f60ec000000 ---p 00000000 00:00 0 
7f60ec000000-7f60ec021000 rw-p 00000000 00:00 0 
7f60ec021000-7f60f0000000 ---p 00000000 00:00 0 
7f60f0000000-7f60f0021000 rw-p 00000000 00:00 0 
7f60f0021000-7f60f4000000 ---p 00000000 00:00 0 
7f60f4000000-7f60f4021000 rw-p 00000000 00:00 0 
7f60f4021000-7f60f8000000 ---p 00000000 00:00 0 
7f60f8000000-7f60f802c000 rw-p 00000000 00:00 0 
7f60f802c000-7f60fc000000 ---p 00000000 00:00 0 
7f60fc000000-7f60fc021000 rw-p 00000000 00:00 0 
7f60fc021000-7f6100000000 ---p 00000000 00:00 0 
7f6100000000-7f6100021000 rw-p 00000000 00:00 0 
7f6100021000-7f6104000000 ---p 00000000 00:00 0 
7f6104000000-7f61054f5000 rw-p 00000000 00:00 0 
7f61054f5000-7f6108000000 ---p 00000000 00:00 0 
7f6108000000-7f6108a09000 rw-p 00000000 00:00 0 
7f6108a09000-7f610c000000 ---p 00000000 00:00 0 
7f610c000000-7f610c021000 rw-p 00000000 00:00 0 
7f610c021000-7f6110000000 ---p 00000000 00:00 0 
7f6110000000-7f6111469000 rw-p 00000000 00:00 0 
7f6111469000-7f6114000000 ---p 00000000 00:00 0 
7f6114000000-7f6114021000 rw-p 00000000 00:00 0 
7f6114021000-7f6118000000 ---p 00000000 00:00 0 
7f6118000000-7f6118021000 rw-p 00000000 00:00 0 
7f6118021000-7f611c000000 ---p 00000000 00:00 0 
7f611c000000-7f611c05c000 rw-p 00000000 00:00 0 
7f611c05c000-7f6120000000 ---p 00000000 00:00 0 
7f61202c0000-7f6128000000 rw-p 00000000 00:00 0 
7f6128000000-7f6128021000 rw-p 00000000 00:00 0 
7f6128021000-7f612c000000 ---p 00000000 00:00 0 
7f612c000000-7f612c021000 rw-p 00000000 00:00 0 
7f612c021000-7f6130000000 ---p 00000000 00:00 0 
7f6130000000-7f6130021000 rw-p 00000000 00:00 0 
7f6130021000-7f6134000000 ---p 00000000 00:00 0 
7f61344fd000-7f6134500000 ---p 00000000 00:00 0 
7f6134500000-7f61345fe000 rw-p 00000000 00:00 0                          [stack:7170]
7f61345fe000-7f6134601000 ---p 00000000 00:00 0 
7f6134601000-7f61346ff000 rw-p 00000000 00:00 0                          [stack:7164]
7f61346ff000-7f6134702000 ---p 00000000 00:00 0 
7f6134702000-7f6134800000 rw-p 00000000 00:00 0                          [stack:7169]
7f6134800000-7f613482a000 r-xp 00000000 08:03 3426031                    /usr/lib/jvm/java-8-oracle/jre/lib/amd64/libdcpr.so
7f613482a000-7f6134a2a000 ---p 0002a000 08:03 3426031                    /usr/lib/jvm/java-8-oracle/jre/lib/amd64/libdcpr.so
7f6134a2a000-7f6134a2d000 rw-p 0002a000 08:03 3426031                    /usr/lib/jvm/java-8-oracle/jre/lib/amd64/libdcpr.so
7f6134a30000-7f6134bf0000 rw-p 00000000 00:00 0 
7f6134bf0000-7f6134c30000 ---p 00000000 00:00 0 
7f6134c30000-7f6134c99000 r-xp 00000000 08:03 3426043                    /usr/lib/jvm/java-8-oracle/jre/lib/amd64/libt2k.so
7f6134c99000-7f6134e98000 ---p 00069000 08:03 3426043                    /usr/lib/jvm/java-8-oracle/jre/lib/amd64/libt2k.so
7f6134e98000-7f6134e9f000 rw-p 00068000 08:03 3426043                    /usr/lib/jvm/java-8-oracle/jre/lib/amd64/libt2k.so
7f6134e9f000-7f6134eaf000 rw-p 00000000 00:00 0 
7f6134eb0000-7f6134eb1000 r--s 00000000 08:03 3677075                    /var/cache/fontconfig/c05880de57d1f5e948fdfacc138775d9-le64.cache-4
7f6134eb8000-7f6134ec3000 r--s 00000000 08:03 3677069                    /var/cache/fontconfig/945677eb7aeaf62f1d50efc3fb3ec7d8-le64.cache-4
7f6134ec8000-7f6134eca000 r--s 00000000 08:03 3678612                    /var/cache/fontconfig/99e8ed0e538f840c565b6ed5dad60d56-le64.cache-4
7f6134ed0000-7f6134ed9000 r--s 00000000 08:03 3678611                    /var/cache/fontconfig/a6d8cf8e4ec09cdbc8633c31745a07dd-le64.cache-4
7f6134ee0000-7f6134ee6000 r--s 00000000 08:03 3677055                    /var/cache/fontconfig/2cd17615ca594fa2959ae173292e504c-le64.cache-4
7f6134ee8000-7f6134ee9000 r--s 00000000 08:03 3677085                    /var/cache/fontconfig/e7071f4a29fa870f4323321c154eba04-le64.cache-4
7f6134ef0000-7f6134ef1000 r--s 00000000 08:03 3677052                    /var/cache/fontconfig/0d8c3b2ac0904cb8a57a757ad11a4a08-le64.cache-4
7f6134ef8000-7f6134eff000 r--s 00000000 08:03 3677072                    /var/cache/fontconfig/a755afe4a08bf5b97852ceb7400b47bc-le64.cache-4
7f6134f00000-7f6134f04000 r--s 00000000 08:03 3678864                    /var/cache/fontconfig/de156ccd2eddbdc19d37a45b8b2aac9c-le64.cache-4
7f6134f08000-7f6134f1c000 r--s 00000000 08:03 3677050                    /var/cache/fontconfig/04aabc0a78ac019cf9454389977116d2-le64.cache-4
7f6134f20000-7f6134f21000 r--s 00000000 08:03 3677054                    /var/cache/fontconfig/1ac9eb803944fde146138c791f5cc56a-le64.cache-4
7f6134f28000-7f6134f2c000 r--s 00000000 08:03 3677058                    /var/cache/fontconfig/385c0604a188198f04d133e54aba7fe7-le64.cache-4
7f6134f30000-7f6134f31000 r--s 00000000 08:03 3677082                    /var/cache/fontconfig/dc05db6664285cc2f12bf69c139ae4c3-le64.cache-4
7f6134f38000-7f6134f3a000 r--s 00000000 08:03 3677066                    /var/cache/fontconfig/767a8244fc0220cfb567a839d0392e0b-le64.cache-4
7f6134f40000-7f6134f41000 r--s 00000000 08:03 3670956                    /var/cache/fontconfig/4794a0821666d79190d59a36cb4f44b5-le64.cache-4
7f6134f48000-7f6134f4d000 r--s 00000000 08:03 3677068                    /var/cache/fontconfig/8801497958630a81b71ace7c5f9b32a8-le64.cache-4
7f6134f50000-7f6134f8b000 r--s 00000000 08:03 3673862                    /var/cache/fontconfig/365b55f210c0a22e9a19e35191240f32-le64.cache-4
7f6134f90000-7f6134f97000 r--s 00000000 08:03 3677056                    /var/cache/fontconfig/3047814df9a2f067bd2d96a2b9c36e5a-le64.cache-4
7f6134f98000-7f6134f99000 r--s 00000000 08:03 3677062                    /var/cache/fontconfig/56cf4f4769d0f4abc89a4895d7bd3ae1-le64.cache-4
7f6134fa0000-7f6134fa1000 r--s 00000000 08:03 3677074                    /var/cache/fontconfig/b9d506c9ac06c20b433354fa67a72993-le64.cache-4
7f6134fa8000-7f6134fae000 r--s 00000000 08:03 3677073                    /var/cache/fontconfig/b47c4e1ecd0709278f4910c18777a504-le64.cache-4
7f6134fb0000-7f6134fb9000 r--s 00000000 08:03 3673884                    /var/cache/fontconfig/52f7bdb7ce746bfd7eaa1985bd9cfa93-le64.cache-4
7f6134fc0000-7f6134fd3000 r--s 00000000 08:03 3677079                    /var/cache/fontconfig/d52a8644073d54c13679302ca1180695-le64.cache-4
7f6134fd8000-7f6134fe1000 r--s 00000000 08:03 3670935                    /var/cache/fontconfig/3f7329c5293ffd510edef78f73874cfd-le64.cache-4
7f613501f000-7f6135022000 ---p 00000000 00:00 0 
7f6135022000-7f6135120000 rw-p 00000000 00:00 0                          [stack:7135]
7f6135120000-7f6135134000 r--s 00000000 08:03 657677                     /usr/share/fonts/type1/gsfonts/n019003l.pfb
7f6135138000-7f6135151000 r--s 00000000 08:03 657701                     /usr/share/fonts/type1/gsfonts/n021003l.pfb
7f6135158000-7f6135169000 r--s 00000000 08:03 657683                     /usr/share/fonts/type1/gsfonts/n019023l.pfb
7f6135170000-7f6135182000 r--s 00000000 08:03 657680                     /usr/share/fonts/type1/gsfonts/n019004l.pfb
7f6135188000-7f613519e000 r--s 00000000 08:03 657722                     /usr/share/fonts/type1/gsfonts/n022024l.pfb
7f61351a0000-7f61351aa000 r--s 00000000 08:03 657743                     /usr/share/fonts/type1/mathml/Symbol.pfb
7f61351b0000-7f61351c8000 r--s 00000000 08:03 657713                     /usr/share/fonts/type1/gsfonts/n022003l.pfb
7f61351c8000-7f61351de000 r--s 00000000 08:03 657710                     /usr/share/fonts/type1/gsfonts/n021024l.pfb
7f61351e0000-7f61351f7000 r--s 00000000 08:03 657707                     /usr/share/fonts/type1/gsfonts/n021023l.pfb
7f61351f8000-7f6135209000 r--s 00000000 08:03 657686                     /usr/share/fonts/type1/gsfonts/n019024l.pfb
7f6135210000-7f6135229000 r--s 00000000 08:03 657716                     /usr/share/fonts/type1/gsfonts/n022004l.pfb
7f613522d000-7f613542d000 rw-p 00000000 00:00 0 
7f613542d000-7f6135430000 ---p 00000000 00:00 0 
7f6135430000-7f613552e000 rw-p 00000000 00:00 0                          [stack:7132]
7f613552e000-7f6135531000 ---p 00000000 00:00 0 
7f6135531000-7f613562f000 rw-p 00000000 00:00 0                          [stack:7131]
7f613562f000-7f6135632000 ---p 00000000 00:00 0 
7f6135632000-7f6135930000 rw-p 00000000 00:00 0                          [stack:7134]
7f6135930000-7f6135941000 r-xp 00000000 08:03 3426040                    /usr/lib/jvm/java-8-oracle/jre/lib/amd64/libnio.so
7f6135941000-7f6135b40000 ---p 00011000 08:03 3426040                    /usr/lib/jvm/java-8-oracle/jre/lib/amd64/libnio.so
7f6135b40000-7f6135b41000 rw-p 00010000 08:03 3426040                    /usr/lib/jvm/java-8-oracle/jre/lib/amd64/libnio.so
7f6135b47000-7f6135b4a000 ---p 00000000 00:00 0 
7f6135b4a000-7f6135c48000 rw-p 00000000 00:00 0                          [stack:7129]
7f6135c48000-7f6135c4d000 r-xp 00000000 08:03 3408352                    /usr/lib/x86_64-linux-gnu/libXfixes.so.3.1.0
7f6135c4d000-7f6135e4c000 ---p 00005000 08:03 3408352                    /usr/lib/x86_64-linux-gnu/libXfixes.so.3.1.0
7f6135e4c000-7f6135e4d000 r--p 00004000 08:03 3408352                    /usr/lib/x86_64-linux-gnu/libXfixes.so.3.1.0
7f6135e4d000-7f6135e4e000 rw-p 00005000 08:03 3408352                    /usr/lib/x86_64-linux-gnu/libXfixes.so.3.1.0
7f6135e50000-7f6135e59000 r-xp 00000000 08:03 3417045                    /usr/lib/x86_64-linux-gnu/libXcursor.so.1.0.2
7f6135e59000-7f6136058000 ---p 00009000 08:03 3417045                    /usr/lib/x86_64-linux-gnu/libXcursor.so.1.0.2
7f6136058000-7f6136059000 r--p 00008000 08:03 3417045                    /usr/lib/x86_64-linux-gnu/libXcursor.so.1.0.2
7f6136059000-7f613605a000 rw-p 00009000 08:03 3417045                    /usr/lib/x86_64-linux-gnu/libXcursor.so.1.0.2
7f6136060000-7f6136064000 r--s 00000000 08:03 3677080                    /var/cache/fontconfig/d589a48862398ed80a3d6066f4f56f4c-le64.cache-4
7f6136068000-7f6136069000 r--s 00000000 08:03 3677051                    /var/cache/fontconfig/0c9eb80ebd1c36541ebe2852d3bb0c49-le64.cache-4
7f6136070000-7f613607d000 r--s 00000000 08:03 3678610                    /var/cache/fontconfig/e13b20fdb08344e0e664864cc2ede53d-le64.cache-4
7f6136080000-7f6136084000 r--s 00000000 08:03 3678863                    /var/cache/fontconfig/7ef2298fde41cc6eeb7af42e48b7d293-le64.cache-4
7f6136088000-7f6136288000 rw-p 00000000 00:00 0 
7f6136288000-7f613629e000 r-xp 00000000 08:03 397368                     /lib/x86_64-linux-gnu/libgcc_s.so.1
7f613629e000-7f613649d000 ---p 00016000 08:03 397368                     /lib/x86_64-linux-gnu/libgcc_s.so.1
7f613649d000-7f613649e000 rw-p 00015000 08:03 397368                     /lib/x86_64-linux-gnu/libgcc_s.so.1
7f61364a0000-7f6136505000 r-xp 00000000 08:03 3426046                    /usr/lib/jvm/java-8-oracle/jre/lib/amd64/libfontmanager.so
7f6136505000-7f6136704000 ---p 00065000 08:03 3426046                    /usr/lib/jvm/java-8-oracle/jre/lib/amd64/libfontmanager.so
7f6136704000-7f6136709000 rw-p 00064000 08:03 3426046                    /usr/lib/jvm/java-8-oracle/jre/lib/amd64/libfontmanager.so
7f6136709000-7f6136719000 rw-p 00000000 00:00 0 
7f6136720000-7f6136920000 rw-p 00000000 00:00 0 
7f6136920000-7f6136925000 r-xp 00000000 08:03 3417049                    /usr/lib/x86_64-linux-gnu/libXdmcp.so.6.0.0
7f6136925000-7f6136b24000 ---p 00005000 08:03 3417049                    /usr/lib/x86_64-linux-gnu/libXdmcp.so.6.0.0
7f6136b24000-7f6136b25000 r--p 00004000 08:03 3417049                    /usr/lib/x86_64-linux-gnu/libXdmcp.so.6.0.0
7f6136b25000-7f6136b26000 rw-p 00005000 08:03 3417049                    /usr/lib/x86_64-linux-gnu/libXdmcp.so.6.0.0
7f6136b28000-7f6136b2a000 r-xp 00000000 08:03 3417038                    /usr/lib/x86_64-linux-gnu/libXau.so.6.0.0
7f6136b2a000-7f6136d2a000 ---p 00002000 08:03 3417038                    /usr/lib/x86_64-linux-gnu/libXau.so.6.0.0
7f6136d2a000-7f6136d2b000 r--p 00002000 08:03 3417038                    /usr/lib/x86_64-linux-gnu/libXau.so.6.0.0
7f6136d2b000-7f6136d2c000 rw-p 00003000 08:03 3417038                    /usr/lib/x86_64-linux-gnu/libXau.so.6.0.0
7f6136d30000-7f6136d4d000 r-xp 00000000 08:03 3418106                    /usr/lib/x86_64-linux-gnu/libxcb.so.1.1.0
7f6136d4d000-7f6136f4d000 ---p 0001d000 08:03 3418106                    /usr/lib/x86_64-linux-gnu/libxcb.so.1.1.0
7f6136f4d000-7f6136f4e000 r--p 0001d000 08:03 3418106                    /usr/lib/x86_64-linux-gnu/libxcb.so.1.1.0
7f6136f4e000-7f6136f4f000 rw-p 0001e000 08:03 3418106                    /usr/lib/x86_64-linux-gnu/libxcb.so.1.1.0
7f6136f50000-7f6136f5f000 r-xp 00000000 08:03 3410074                    /usr/lib/x86_64-linux-gnu/libXi.so.6.1.0
7f6136f5f000-7f613715e000 ---p 0000f000 08:03 3410074                    /usr/lib/x86_64-linux-gnu/libXi.so.6.1.0
7f613715e000-7f613715f000 r--p 0000e000 08:03 3410074                    /usr/lib/x86_64-linux-gnu/libXi.so.6.1.0
7f613715f000-7f6137160000 rw-p 0000f000 08:03 3410074                    /usr/lib/x86_64-linux-gnu/libXi.so.6.1.0
7f6137160000-7f6137165000 r-xp 00000000 08:03 3417079                    /usr/lib/x86_64-linux-gnu/libXtst.so.6.1.0
7f6137165000-7f6137364000 ---p 00005000 08:03 3417079                    /usr/lib/x86_64-linux-gnu/libXtst.so.6.1.0
7f6137364000-7f6137365000 r--p 00004000 08:03 3417079                    /usr/lib/x86_64-linux-gnu/libXtst.so.6.1.0
7f6137365000-7f6137366000 rw-p 00005000 08:03 3417079                    /usr/lib/x86_64-linux-gnu/libXtst.so.6.1.0
7f6137368000-7f6137371000 r-xp 00000000 08:03 3410076                    /usr/lib/x86_64-linux-gnu/libXrender.so.1.3.0
7f6137371000-7f6137570000 ---p 00009000 08:03 3410076                    /usr/lib/x86_64-linux-gnu/libXrender.so.1.3.0
7f6137570000-7f6137571000 r--p 00008000 08:03 3410076                    /usr/lib/x86_64-linux-gnu/libXrender.so.1.3.0
7f6137571000-7f6137572000 rw-p 00009000 08:03 3410076                    /usr/lib/x86_64-linux-gnu/libXrender.so.1.3.0
7f6137578000-7f61376a8000 r-xp 00000000 08:03 3417034                    /usr/lib/x86_64-linux-gnu/libX11.so.6.3.0
7f61376a8000-7f61378a8000 ---p 00130000 08:03 3417034                    /usr/lib/x86_64-linux-gnu/libX11.so.6.3.0
7f61378a8000-7f61378a9000 r--p 00130000 08:03 3417034                    /usr/lib/x86_64-linux-gnu/libX11.so.6.3.0
7f61378a9000-7f61378ad000 rw-p 00131000 08:03 3417034                    /usr/lib/x86_64-linux-gnu/libX11.so.6.3.0
7f61378b0000-7f61378c1000 r-xp 00000000 08:03 3409080                    /usr/lib/x86_64-linux-gnu/libXext.so.6.4.0
7f61378c1000-7f6137ac0000 ---p 00011000 08:03 3409080                    /usr/lib/x86_64-linux-gnu/libXext.so.6.4.0
7f6137ac0000-7f6137ac1000 r--p 00010000 08:03 3409080                    /usr/lib/x86_64-linux-gnu/libXext.so.6.4.0
7f6137ac1000-7f6137ac2000 rw-p 00011000 08:03 3409080                    /usr/lib/x86_64-linux-gnu/libXext.so.6.4.0
7f6137ac8000-7f6137b1c000 r-xp 00000000 08:03 3426038                    /usr/lib/jvm/java-8-oracle/jre/lib/amd64/libawt_xawt.so
7f6137b1c000-7f6137d1c000 ---p 00054000 08:03 3426038                    /usr/lib/jvm/java-8-oracle/jre/lib/amd64/libawt_xawt.so
7f6137d1c000-7f6137d20000 rw-p 00054000 08:03 3426038                    /usr/lib/jvm/java-8-oracle/jre/lib/amd64/libawt_xawt.so
7f6137d20000-7f6137d21000 rw-p 00000000 00:00 0 
7f6137d28000-7f6137dca000 r-xp 00000000 08:03 3426072                    /usr/lib/jvm/java-8-oracle/jre/lib/amd64/libawt.so
7f6137dca000-7f6137fca000 ---p 000a2000 08:03 3426072                    /usr/lib/jvm/java-8-oracle/jre/lib/amd64/libawt.so
7f6137fca000-7f6137fd6000 rw-p 000a2000 08:03 3426072                    /usr/lib/jvm/java-8-oracle/jre/lib/amd64/libawt.so
7f6137fd6000-7f6137ffa000 rw-p 00000000 00:00 0 
7f6138000000-7f6138021000 rw-p 00000000 00:00 0 
7f6138021000-7f613c000000 ---p 00000000 00:00 0 
7f613c000000-7f613c021000 rw-p 00000000 00:00 0 
7f613c021000-7f6140000000 ---p 00000000 00:00 0 
7f6140000000-7f6140021000 rw-p 00000000 00:00 0 
7f6140021000-7f6144000000 ---p 00000000 00:00 0 
7f6144007000-7f614400a000 ---p 00000000 00:00 0 
7f614400a000-7f6144308000 rw-p 00000000 00:00 0                          [stack:7128]
7f6144308000-7f614431e000 r-xp 00000000 08:03 3426019                    /usr/lib/jvm/java-8-oracle/jre/lib/amd64/libnet.so
7f614431e000-7f614451e000 ---p 00016000 08:03 3426019                    /usr/lib/jvm/java-8-oracle/jre/lib/amd64/libnet.so
7f614451e000-7f614451f000 rw-p 00016000 08:03 3426019                    /usr/lib/jvm/java-8-oracle/jre/lib/amd64/libnet.so
7f6144520000-7f6144528000 r-xp 00000000 08:03 3426021                    /usr/lib/jvm/java-8-oracle/jre/lib/amd64/libmanagement.so
7f6144528000-7f6144728000 ---p 00008000 08:03 3426021                    /usr/lib/jvm/java-8-oracle/jre/lib/amd64/libmanagement.so
7f6144728000-7f6144729000 rw-p 00008000 08:03 3426021                    /usr/lib/jvm/java-8-oracle/jre/lib/amd64/libmanagement.so
7f614472b000-7f6144747000 r--s 00393000 08:03 3434565                    /usr/lib/jvm/java-8-oracle/jre/lib/ext/cldrdata.jar
7f614474e000-7f6144759000 r--s 00116000 08:03 3426141                    /usr/lib/jvm/java-8-oracle/jre/lib/ext/localedata.jar
7f614475c000-7f6144765000 r--s 000e4000 08:03 2764098                    /home/cigreja/.m2/repository/mysql/mysql-connector-java/5.1.35/mysql-connector-java-5.1.35.jar
7f6144765000-7f614476c000 r--s 0003d000 08:03 2764097                    /home/cigreja/.m2/repository/org/yaml/snakeyaml/1.14/snakeyaml-1.14.jar
7f6144772000-7f6144787000 r--s 000e2000 08:03 2764096                    /home/cigreja/.m2/repository/org/springframework/spring-core/4.1.6.RELEASE/spring-core-4.1.6.RELEASE.jar
7f614478d000-7f6144798000 r--s 00065000 08:03 2764093                    /home/cigreja/.m2/repository/ch/qos/logback/logback-core/1.1.3/logback-core-1.1.3.jar
7f614479f000-7f61447a5000 r--s 0003f000 08:03 2764092                    /home/cigreja/.m2/repository/ch/qos/logback/logback-classic/1.1.3/logback-classic-1.1.3.jar
7f61447a5000-7f61447a6000 r--s 00005000 08:03 2764091                    /home/cigreja/.m2/repository/org/slf4j/log4j-over-slf4j/1.7.11/log4j-over-slf4j-1.7.11.jar
7f61447a8000-7f61447aa000 r--s 00000000 08:03 2764089                    /home/cigreja/.m2/repository/org/slf4j/jul-to-slf4j/1.7.11/jul-to-slf4j-1.7.11.jar
7f61447af000-7f61447b0000 r--s 00007000 08:03 2764084                    /home/cigreja/.m2/repository/org/slf4j/slf4j-api/1.7.11/slf4j-api-1.7.11.jar
7f61447b3000-7f61447b5000 r--s 00003000 08:03 2764082                    /home/cigreja/.m2/repository/org/slf4j/jcl-over-slf4j/1.7.11/jcl-over-slf4j-1.7.11.jar
7f61447bb000-7f61447cb000 r--s 0006b000 08:03 2764078                    /home/cigreja/.m2/repository/org/springframework/boot/spring-boot-autoconfigure/1.2.3.RELEASE/spring-boot-autoconfigure-1.2.3.RELEASE.jar
7f61447cb000-7f61447d0000 r--s 0003b000 08:03 2764076                    /home/cigreja/.m2/repository/org/springframework/spring-expression/4.1.6.RELEASE/spring-expression-4.1.6.RELEASE.jar
7f61447d0000-7f61447dd000 r--s 000a0000 08:03 2764074                    /home/cigreja/.m2/repository/org/springframework/spring-beans/4.1.6.RELEASE/spring-beans-4.1.6.RELEASE.jar
7f61447e0000-7f61447e2000 r--s 00000000 08:03 2764073                    /home/cigreja/.m2/repository/aopalliance/aopalliance/1.0/aopalliance-1.0.jar
7f61447e3000-7f61447fb000 r--s 000e3000 08:03 2764070                    /home/cigreja/.m2/repository/org/springframework/spring-context/4.1.6.RELEASE/spring-context-4.1.6.RELEASE.jar
7f61447fe000-7f6144808000 r--s 0005e000 08:03 2764071                    /home/cigreja/.m2/repository/org/springframework/boot/spring-boot/1.2.3.RELEASE/spring-boot-1.2.3.RELEASE.jar
7f614480a000-7f614480b000 ---p 00000000 00:00 0 
7f614480b000-7f614490b000 rw-p 00000000 00:00 0                          [stack:7125]
7f614490b000-7f614490e000 ---p 00000000 00:00 0 
7f614490e000-7f6144a0c000 rw-p 00000000 00:00 0                          [stack:7124]
7f6144a0c000-7f6144a0f000 ---p 00000000 00:00 0 
7f6144a0f000-7f6144b0d000 rw-p 00000000 00:00 0                          [stack:7123]
7f6144b0d000-7f6144b10000 ---p 00000000 00:00 0 
7f6144b10000-7f6144c0e000 rw-p 00000000 00:00 0                          [stack:7122]
7f6144c0e000-7f6144c11000 ---p 00000000 00:00 0 
7f6144c11000-7f6144d0f000 rw-p 00000000 00:00 0                          [stack:7121]
7f6144d0f000-7f6144d12000 ---p 00000000 00:00 0 
7f6144d12000-7f6144e10000 rw-p 00000000 00:00 0                          [stack:7120]
7f6144e10000-7f61454f2000 r--p 00000000 08:03 3415887                    /usr/lib/locale/locale-archive
7f61454f3000-7f61454f6000 ---p 00000000 00:00 0 
7f61454f6000-7f61455f4000 rw-p 00000000 00:00 0                          [stack:7119]
7f61455f4000-7f61455f7000 ---p 00000000 00:00 0 
7f61455f7000-7f61456f5000 rw-p 00000000 00:00 0                          [stack:7118]
7f61456f5000-7f61456f6000 ---p 00000000 00:00 0 
7f61456f6000-7f6146e41000 rw-p 00000000 00:00 0                          [stack:7117]
7f6146e41000-7f614701a000 r--s 03d09000 08:03 3425955                    /usr/lib/jvm/java-8-oracle/jre/lib/rt.jar
7f614701c000-7f6147ff0000 rw-p 00000000 00:00 0 
7f6147ff0000-7f6147ff1000 ---p 00000000 00:00 0 
7f6147ff1000-7f61480f1000 rw-p 00000000 00:00 0                          [stack:7116]
7f61480f1000-7f61480f2000 ---p 00000000 00:00 0 
7f61480f2000-7f61481f2000 rw-p 00000000 00:00 0                          [stack:7115]
7f61481f2000-7f61481f3000 ---p 00000000 00:00 0 
7f61481f3000-7f6148318000 rw-p 00000000 00:00 0                          [stack:7114]
7f6148318000-7f614882b000 ---p 00000000 00:00 0 
7f614882b000-7f6148850000 rw-p 00000000 00:00 0 
7f6148850000-7f6148d63000 ---p 00000000 00:00 0 
7f6148d63000-7f6148f40000 rw-p 00000000 00:00 0 
7f6148f40000-7f6148fff000 ---p 00000000 00:00 0 
7f6148fff000-7f6149000000 rw-p 00000000 00:00 0 
7f6149000000-7f6149aa0000 rwxp 00000000 00:00 0 
7f6149aa0000-7f6158000000 ---p 00000000 00:00 0 
7f6158000000-7f615880b000 rw-p 00000000 00:00 0 
7f615880b000-7f615c000000 ---p 00000000 00:00 0 
7f615c007000-7f615c07d000 rw-p 00000000 00:00 0 
7f615c07d000-7f615c07e000 ---p 00000000 00:00 0 
7f615c07e000-7f615c17e000 rw-p 00000000 00:00 0                          [stack:7113]
7f615c17e000-7f615c17f000 ---p 00000000 00:00 0 
7f615c17f000-7f615c27f000 rw-p 00000000 00:00 0                          [stack:7112]
7f615c27f000-7f615c280000 ---p 00000000 00:00 0 
7f615c280000-7f615c3ab000 rw-p 00000000 00:00 0                          [stack:7111]
7f615c3ab000-7f615c740000 ---p 00000000 00:00 0 
7f615c740000-7f615c75a000 r-xp 00000000 08:03 3426028                    /usr/lib/jvm/java-8-oracle/jre/lib/amd64/libzip.so
7f615c75a000-7f615c95a000 ---p 0001a000 08:03 3426028                    /usr/lib/jvm/java-8-oracle/jre/lib/amd64/libzip.so
7f615c95a000-7f615c95b000 rw-p 0001a000 08:03 3426028                    /usr/lib/jvm/java-8-oracle/jre/lib/amd64/libzip.so
7f615c960000-7f615c96b000 r-xp 00000000 08:03 393242                     /lib/x86_64-linux-gnu/libnss_files-2.19.so
7f615c96b000-7f615cb6a000 ---p 0000b000 08:03 393242                     /lib/x86_64-linux-gnu/libnss_files-2.19.so
7f615cb6a000-7f615cb6b000 r--p 0000a000 08:03 393242                     /lib/x86_64-linux-gnu/libnss_files-2.19.so
7f615cb6b000-7f615cb6c000 rw-p 0000b000 08:03 393242                     /lib/x86_64-linux-gnu/libnss_files-2.19.so
7f615cb70000-7f615cb7b000 r-xp 00000000 08:03 397310                     /lib/x86_64-linux-gnu/libnss_nis-2.19.so
7f615cb7b000-7f615cd7a000 ---p 0000b000 08:03 397310                     /lib/x86_64-linux-gnu/libnss_nis-2.19.so
7f615cd7a000-7f615cd7b000 r--p 0000a000 08:03 397310                     /lib/x86_64-linux-gnu/libnss_nis-2.19.so
7f615cd7b000-7f615cd7c000 rw-p 0000b000 08:03 397310                     /lib/x86_64-linux-gnu/libnss_nis-2.19.so
7f615cd80000-7f615cd97000 r-xp 00000000 08:03 393311                     /lib/x86_64-linux-gnu/libnsl-2.19.so
7f615cd97000-7f615cf96000 ---p 00017000 08:03 393311                     /lib/x86_64-linux-gnu/libnsl-2.19.so
7f615cf96000-7f615cf97000 r--p 00016000 08:03 393311                     /lib/x86_64-linux-gnu/libnsl-2.19.so
7f615cf97000-7f615cf98000 rw-p 00017000 08:03 393311                     /lib/x86_64-linux-gnu/libnsl-2.19.so
7f615cf98000-7f615cf9a000 rw-p 00000000 00:00 0 
7f615cfa0000-7f615cfa9000 r-xp 00000000 08:03 393310                     /lib/x86_64-linux-gnu/libnss_compat-2.19.so
7f615cfa9000-7f615d1a8000 ---p 00009000 08:03 393310                     /lib/x86_64-linux-gnu/libnss_compat-2.19.so
7f615d1a8000-7f615d1a9000 r--p 00008000 08:03 393310                     /lib/x86_64-linux-gnu/libnss_compat-2.19.so
7f615d1a9000-7f615d1aa000 rw-p 00009000 08:03 393310                     /lib/x86_64-linux-gnu/libnss_compat-2.19.so
7f615d1b0000-7f615d1da000 r-xp 00000000 08:03 3426011                    /usr/lib/jvm/java-8-oracle/jre/lib/amd64/libjava.so
7f615d1da000-7f615d3da000 ---p 0002a000 08:03 3426011                    /usr/lib/jvm/java-8-oracle/jre/lib/amd64/libjava.so
7f615d3da000-7f615d3dc000 rw-p 0002a000 08:03 3426011                    /usr/lib/jvm/java-8-oracle/jre/lib/amd64/libjava.so
7f615d3e0000-7f615d3ed000 r-xp 00000000 08:03 3426068                    /usr/lib/jvm/java-8-oracle/jre/lib/amd64/libverify.so
7f615d3ed000-7f615d5ed000 ---p 0000d000 08:03 3426068                    /usr/lib/jvm/java-8-oracle/jre/lib/amd64/libverify.so
7f615d5ed000-7f615d5ef000 rw-p 0000d000 08:03 3426068                    /usr/lib/jvm/java-8-oracle/jre/lib/amd64/libverify.so
7f615d5f0000-7f615d5f7000 r-xp 00000000 08:03 393319                     /lib/x86_64-linux-gnu/librt-2.19.so
7f615d5f7000-7f615d7f6000 ---p 00007000 08:03 393319                     /lib/x86_64-linux-gnu/librt-2.19.so
7f615d7f6000-7f615d7f7000 r--p 00006000 08:03 393319                     /lib/x86_64-linux-gnu/librt-2.19.so
7f615d7f7000-7f615d7f8000 rw-p 00007000 08:03 393319                     /lib/x86_64-linux-gnu/librt-2.19.so
7f615d7f8000-7f615d8fd000 r-xp 00000000 08:03 393235                     /lib/x86_64-linux-gnu/libm-2.19.so
7f615d8fd000-7f615dafc000 ---p 00105000 08:03 393235                     /lib/x86_64-linux-gnu/libm-2.19.so
7f615dafc000-7f615dafd000 r--p 00104000 08:03 393235                     /lib/x86_64-linux-gnu/libm-2.19.so
7f615dafd000-7f615dafe000 rw-p 00105000 08:03 393235                     /lib/x86_64-linux-gnu/libm-2.19.so
7f615db00000-7f615e7ae000 r-xp 00000000 08:03 3426057                    /usr/lib/jvm/java-8-oracle/jre/lib/amd64/server/libjvm.so
7f615e7ae000-7f615e9ad000 ---p 00cae000 08:03 3426057                    /usr/lib/jvm/java-8-oracle/jre/lib/amd64/server/libjvm.so
7f615e9ad000-7f615ea84000 rw-p 00cad000 08:03 3426057                    /usr/lib/jvm/java-8-oracle/jre/lib/amd64/server/libjvm.so
7f615ea84000-7f615eac8000 rw-p 00000000 00:00 0 
7f615eac8000-7f615ec83000 r-xp 00000000 08:03 393316                     /lib/x86_64-linux-gnu/libc-2.19.so
7f615ec83000-7f615ee82000 ---p 001bb000 08:03 393316                     /lib/x86_64-linux-gnu/libc-2.19.so
7f615ee82000-7f615ee86000 r--p 001ba000 08:03 393316                     /lib/x86_64-linux-gnu/libc-2.19.so
7f615ee86000-7f615ee88000 rw-p 001be000 08:03 393316                     /lib/x86_64-linux-gnu/libc-2.19.so
7f615ee88000-7f615ee8d000 rw-p 00000000 00:00 0 
7f615ee90000-7f615ee93000 r-xp 00000000 08:03 393305                     /lib/x86_64-linux-gnu/libdl-2.19.so
7f615ee93000-7f615f092000 ---p 00003000 08:03 393305                     /lib/x86_64-linux-gnu/libdl-2.19.so
7f615f092000-7f615f093000 r--p 00002000 08:03 393305                     /lib/x86_64-linux-gnu/libdl-2.19.so
7f615f093000-7f615f094000 rw-p 00003000 08:03 393305                     /lib/x86_64-linux-gnu/libdl-2.19.so
7f615f098000-7f615f0ad000 r-xp 00000000 08:03 3425246                    /usr/lib/jvm/java-8-oracle/lib/amd64/jli/libjli.so
7f615f0ad000-7f615f2ad000 ---p 00015000 08:03 3425246                    /usr/lib/jvm/java-8-oracle/lib/amd64/jli/libjli.so
7f615f2ad000-7f615f2ae000 rw-p 00015000 08:03 3425246                    /usr/lib/jvm/java-8-oracle/lib/amd64/jli/libjli.so
7f615f2b0000-7f615f2c9000 r-xp 00000000 08:03 393317                     /lib/x86_64-linux-gnu/libpthread-2.19.so
7f615f2c9000-7f615f4c8000 ---p 00019000 08:03 393317                     /lib/x86_64-linux-gnu/libpthread-2.19.so
7f615f4c8000-7f615f4c9000 r--p 00018000 08:03 393317                     /lib/x86_64-linux-gnu/libpthread-2.19.so
7f615f4c9000-7f615f4ca000 rw-p 00019000 08:03 393317                     /lib/x86_64-linux-gnu/libpthread-2.19.so
7f615f4ca000-7f615f4ce000 rw-p 00000000 00:00 0 
7f615f4d0000-7f615f4f3000 r-xp 00000000 08:03 393313                     /lib/x86_64-linux-gnu/ld-2.19.so
7f615f4f8000-7f615f4f9000 r--s 00000000 08:03 2764083                    /home/cigreja/.m2/repository/org/springframework/boot/spring-boot-starter-logging/1.2.3.RELEASE/spring-boot-starter-logging-1.2.3.RELEASE.jar
7f615f4fb000-7f615f5cd000 rw-p 00000000 00:00 0 
7f615f5cd000-7f615f5d0000 ---p 00000000 00:00 0 
7f615f5d0000-7f615f6d0000 rw-p 00000000 00:00 0                          [stack:7107]
7f615f6d7000-7f615f6e0000 r--s 0004f000 08:03 2764072                    /home/cigreja/.m2/repository/org/springframework/spring-aop/4.1.6.RELEASE/spring-aop-4.1.6.RELEASE.jar
7f615f6e0000-7f615f6e1000 r--s 00000000 08:03 2764068                    /home/cigreja/.m2/repository/org/springframework/boot/spring-boot-starter/1.2.3.RELEASE/spring-boot-starter-1.2.3.RELEASE.jar
7f615f6e7000-7f615f6e8000 rw-p 00000000 00:00 0 
7f615f6e8000-7f615f6f0000 rw-s 00000000 08:03 671901                     /tmp/hsperfdata_cigreja/7106
7f615f6f0000-7f615f6f1000 rw-p 00000000 00:00 0 
7f615f6f1000-7f615f6f2000 r--p 00000000 00:00 0 
7f615f6f2000-7f615f6f3000 r--p 00022000 08:03 393313                     /lib/x86_64-linux-gnu/ld-2.19.so
7f615f6f3000-7f615f6f4000 rw-p 00023000 08:03 393313                     /lib/x86_64-linux-gnu/ld-2.19.so
7f615f6f4000-7f615f6f6000 rw-p 00000000 00:00 0 
7f615f6f6000-7f615f6f9000 rw-p 00000000 00:00 0 
7ffd36d0c000-7ffd36d2e000 rw-p 00000000 00:00 0                          [stack]
7ffd36d40000-7ffd36d42000 r-xp 00000000 00:00 0                          [vdso]
7ffd36d42000-7ffd36d44000 r--p 00000000 00:00 0                          [vvar]
ffffffffff600000-ffffffffff601000 r-xp 00000000 00:00 0                  [vsyscall]

VM Arguments:
java_command: com.elle.analyster.Application
java_class_path (initial): /home/cigreja/Dropbox/AnalysterCarlos/Analyster/target/classes:/home/cigreja/.m2/repository/org/springframework/boot/spring-boot-starter/1.2.3.RELEASE/spring-boot-starter-1.2.3.RELEASE.jar:/home/cigreja/.m2/repository/org/springframework/boot/spring-boot/1.2.3.RELEASE/spring-boot-1.2.3.RELEASE.jar:/home/cigreja/.m2/repository/org/springframework/spring-context/4.1.6.RELEASE/spring-context-4.1.6.RELEASE.jar:/home/cigreja/.m2/repository/org/springframework/spring-aop/4.1.6.RELEASE/spring-aop-4.1.6.RELEASE.jar:/home/cigreja/.m2/repository/aopalliance/aopalliance/1.0/aopalliance-1.0.jar:/home/cigreja/.m2/repository/org/springframework/spring-beans/4.1.6.RELEASE/spring-beans-4.1.6.RELEASE.jar:/home/cigreja/.m2/repository/org/springframework/spring-expression/4.1.6.RELEASE/spring-expression-4.1.6.RELEASE.jar:/home/cigreja/.m2/repository/org/springframework/boot/spring-boot-autoconfigure/1.2.3.RELEASE/spring-boot-autoconfigure-1.2.3.RELEASE.jar:/home/cigreja/.m2/repository/org/springframework/boot/spring-boot-starter-logging/1.2.3.RELEASE/spring-boot-starter-logging-1.2.3.RELEASE.jar:/home/cigreja/.m2/repository/org/slf4j/jcl-over-slf4j/1.7.11/jcl-over-slf4j-1.7.11.jar:/home/cigreja/.m2/repository/org/slf4j/slf4j-api/1.7.11/slf4j-api-1.7.11.jar:/home/cigreja/.m2/repository/org/slf4j/jul-to-slf4j/1.7.11/jul-to-slf4j-1.7.11.jar:/home/cigreja/.m2/repository/org/slf4j/log4j-over-slf4j/1.7.11/log4j-over-slf4j-1.7.11.jar:/home/cigreja/.m2/repository/ch/qos/logback/logback-classic/1.1.3/logback-classic-1.1.3.jar:/home/cigreja/.m2/repository/ch/qos/logback/logback-core/1.1.3/logback-core-1.1.3.jar:/home/cigreja/.m2/repository/org/springframework/spring-core/4.1.6.RELEASE/spring-core-4.1.6.RELEASE.jar:/home/cigreja/.m2/repository/org/yaml/snakeyaml/1.14/snakeyaml-1.14.jar:/home/cigreja/.m2/repository/mysql/mysql-connector-java/5.1.35/mysql-connector-java-5.1.35.jar
Launcher Type: SUN_STANDARD

Environment Variables:
JAVA_HOME=/usr/lib/jvm/java-8-oracle
PATH=/usr/local/sbin:/usr/local/bin:/usr/sbin:/usr/bin:/sbin:/bin:/usr/games:/usr/local/games:/usr/lib/jvm/java-8-oracle/bin:/usr/lib/jvm/java-8-oracle/db/bin:/usr/lib/jvm/java-8-oracle/jre/bin
LD_LIBRARY_PATH=/usr/lib/jvm/java-8-oracle/jre/lib/amd64:/usr/lib/jvm/java-8-oracle/jre/lib/i386:
SHELL=/bin/bash
DISPLAY=:0

Signal Handlers:
SIGSEGV: [libjvm.so+0xaad1e0], sa_mask[0]=11111111011111111101111111111110, sa_flags=SA_RESTART|SA_SIGINFO
SIGBUS: [libjvm.so+0xaad1e0], sa_mask[0]=11111111011111111101111111111110, sa_flags=SA_RESTART|SA_SIGINFO
SIGFPE: [libjvm.so+0x90b450], sa_mask[0]=11111111011111111101111111111110, sa_flags=SA_RESTART|SA_SIGINFO
SIGPIPE: [libjvm.so+0x90b450], sa_mask[0]=11111111011111111101111111111110, sa_flags=SA_RESTART|SA_SIGINFO
SIGXFSZ: [libjvm.so+0x90b450], sa_mask[0]=11111111011111111101111111111110, sa_flags=SA_RESTART|SA_SIGINFO
SIGILL: [libjvm.so+0x90b450], sa_mask[0]=11111111011111111101111111111110, sa_flags=SA_RESTART|SA_SIGINFO
SIGUSR1: SIG_DFL, sa_mask[0]=00000000000000000000000000000000, sa_flags=none
SIGUSR2: [libjvm.so+0x90ca90], sa_mask[0]=00100000000000000000000000000000, sa_flags=SA_RESTART|SA_SIGINFO
SIGHUP: [libjvm.so+0x90dde0], sa_mask[0]=11111111011111111101111111111110, sa_flags=SA_RESTART|SA_SIGINFO
SIGINT: SIG_IGN, sa_mask[0]=00000000000000000000000000000000, sa_flags=none
SIGTERM: [libjvm.so+0x90dde0], sa_mask[0]=11111111011111111101111111111110, sa_flags=SA_RESTART|SA_SIGINFO
SIGQUIT: [libjvm.so+0x90dde0], sa_mask[0]=11111111011111111101111111111110, sa_flags=SA_RESTART|SA_SIGINFO


---------------  S Y S T E M  ---------------

OS:DISTRIB_ID=Ubuntu
DISTRIB_RELEASE=14.04
DISTRIB_CODENAME=trusty
DISTRIB_DESCRIPTION="Ubuntu 14.04.2 LTS"

uname:Linux 3.16.0-43-generic #58~14.04.1-Ubuntu SMP Mon Jun 22 10:21:20 UTC 2015 x86_64
libc:glibc 2.19 NPTL 2.19 
rlimit: STACK 8192k, CORE 0k, NPROC 63780, NOFILE 4096, AS infinity
load average:3.27 1.20 1.03

/proc/meminfo:
MemTotal:       16415292 kB
MemFree:          168320 kB
MemAvailable:     535720 kB
Buffers:          111108 kB
Cached:          8794672 kB
SwapCached:        24496 kB
Active:          7787076 kB
Inactive:        7890088 kB
Active(anon):    7588996 kB
Inactive(anon):  7684804 kB
Active(file):     198080 kB
Inactive(file):   205284 kB
Unevictable:         296 kB
Mlocked:             296 kB
SwapTotal:      32836604 kB
SwapFree:       32802768 kB
Dirty:              4364 kB
Writeback:             0 kB
AnonPages:       6748468 kB
Mapped:          1066964 kB
Shmem:           8501132 kB
Slab:             264452 kB
SReclaimable:     217440 kB
SUnreclaim:        47012 kB
KernelStack:       15200 kB
PageTables:        69700 kB
NFS_Unstable:          0 kB
Bounce:                0 kB
WritebackTmp:          0 kB
CommitLimit:    41044248 kB
Committed_AS:   24047392 kB
VmallocTotal:   34359738367 kB
VmallocUsed:      340120 kB
VmallocChunk:   34359387924 kB
HardwareCorrupted:     0 kB
AnonHugePages:   4759552 kB
HugePages_Total:       0
HugePages_Free:        0
HugePages_Rsvd:        0
HugePages_Surp:        0
Hugepagesize:       2048 kB
DirectMap4k:      126592 kB
DirectMap2M:     6146048 kB
DirectMap1G:    10485760 kB


CPU:total 6 (6 cores per cpu, 1 threads per core) family 21 model 1 stepping 2, cmov, cx8, fxsr, mmx, sse, sse2, sse3, ssse3, sse4.1, sse4.2, popcnt, avx, aes, clmul, mmxext, 3dnowpref, lzcnt, sse4a, tsc, tscinvbit, tscinv

/proc/cpuinfo:
processor	: 0
vendor_id	: AuthenticAMD
cpu family	: 21
model		: 1
model name	: AMD FX(tm)-6100 Six-Core Processor
stepping	: 2
microcode	: 0x6000629
cpu MHz		: 3300.000
cache size	: 2048 KB
physical id	: 0
siblings	: 6
core id		: 0
cpu cores	: 3
apicid		: 0
initial apicid	: 0
fpu		: yes
fpu_exception	: yes
cpuid level	: 13
wp		: yes
flags		: fpu vme de pse tsc msr pae mce cx8 apic sep mtrr pge mca cmov pat pse36 clflush mmx fxsr sse sse2 ht syscall nx mmxext fxsr_opt pdpe1gb rdtscp lm constant_tsc rep_good nopl nonstop_tsc extd_apicid aperfmperf pni pclmulqdq monitor ssse3 cx16 sse4_1 sse4_2 popcnt aes xsave avx lahf_lm cmp_legacy svm extapic cr8_legacy abm sse4a misalignsse 3dnowprefetch osvw ibs xop skinit wdt lwp fma4 nodeid_msr topoext perfctr_core perfctr_nb arat cpb hw_pstate npt lbrv svm_lock nrip_save tsc_scale vmcb_clean flushbyasid decodeassists pausefilter pfthreshold vmmcall
bogomips	: 6645.00
TLB size	: 1536 4K pages
clflush size	: 64
cache_alignment	: 64
address sizes	: 48 bits physical, 48 bits virtual
power management: ts ttp tm 100mhzsteps hwpstate cpb

processor	: 1
vendor_id	: AuthenticAMD
cpu family	: 21
model		: 1
model name	: AMD FX(tm)-6100 Six-Core Processor             
stepping	: 2
microcode	: 0x6000629
cpu MHz		: 1400.000
cache size	: 2048 KB
physical id	: 0
siblings	: 6
core id		: 1
cpu cores	: 3
apicid		: 1
initial apicid	: 1
fpu		: yes
fpu_exception	: yes
cpuid level	: 13
wp		: yes
flags		: fpu vme de pse tsc msr pae mce cx8 apic sep mtrr pge mca cmov pat pse36 clflush mmx fxsr sse sse2 ht syscall nx mmxext fxsr_opt pdpe1gb rdtscp lm constant_tsc rep_good nopl nonstop_tsc extd_apicid aperfmperf pni pclmulqdq monitor ssse3 cx16 sse4_1 sse4_2 popcnt aes xsave avx lahf_lm cmp_legacy svm extapic cr8_legacy abm sse4a misalignsse 3dnowprefetch osvw ibs xop skinit wdt lwp fma4 nodeid_msr topoext perfctr_core perfctr_nb arat cpb hw_pstate npt lbrv svm_lock nrip_save tsc_scale vmcb_clean flushbyasid decodeassists pausefilter pfthreshold vmmcall
bogomips	: 6645.00
TLB size	: 1536 4K pages
clflush size	: 64
cache_alignment	: 64
address sizes	: 48 bits physical, 48 bits virtual
power management: ts ttp tm 100mhzsteps hwpstate cpb

processor	: 2
vendor_id	: AuthenticAMD
cpu family	: 21
model		: 1
model name	: AMD FX(tm)-6100 Six-Core Processor             
stepping	: 2
microcode	: 0x6000629
cpu MHz		: 1800.000
cache size	: 2048 KB
physical id	: 0
siblings	: 6
core id		: 5
cpu cores	: 3
apicid		: 2
initial apicid	: 5
fpu		: yes
fpu_exception	: yes
cpuid level	: 13
wp		: yes
flags		: fpu vme de pse tsc msr pae mce cx8 apic sep mtrr pge mca cmov pat pse36 clflush mmx fxsr sse sse2 ht syscall nx mmxext fxsr_opt pdpe1gb rdtscp lm constant_tsc rep_good nopl nonstop_tsc extd_apicid aperfmperf pni pclmulqdq monitor ssse3 cx16 sse4_1 sse4_2 popcnt aes xsave avx lahf_lm cmp_legacy svm extapic cr8_legacy abm sse4a misalignsse 3dnowprefetch osvw ibs xop skinit wdt lwp fma4 nodeid_msr topoext perfctr_core perfctr_nb arat cpb hw_pstate npt lbrv svm_lock nrip_save tsc_scale vmcb_clean flushbyasid decodeassists pausefilter pfthreshold vmmcall
bogomips	: 6645.00
TLB size	: 1536 4K pages
clflush size	: 64
cache_alignment	: 64
address sizes	: 48 bits physical, 48 bits virtual
power management: ts ttp tm 100mhzsteps hwpstate cpb

processor	: 3
vendor_id	: AuthenticAMD
cpu family	: 21
model		: 1
model name	: AMD FX(tm)-6100 Six-Core Processor             
stepping	: 2
microcode	: 0x6000629
cpu MHz		: 3000.000
cache size	: 2048 KB
physical id	: 0
siblings	: 6
core id		: 4
cpu cores	: 3
apicid		: 3
initial apicid	: 4
fpu		: yes
fpu_exception	: yes
cpuid level	: 13
wp		: yes
flags		: fpu vme de pse tsc msr pae mce cx8 apic sep mtrr pge mca cmov pat pse36 clflush mmx fxsr sse sse2 ht syscall nx mmxext fxsr_opt pdpe1gb rdtscp lm constant_tsc rep_good nopl nonstop_tsc extd_apicid aperfmperf pni pclmulqdq monitor ssse3 cx16 sse4_1 sse4_2 popcnt aes xsave avx lahf_lm cmp_legacy svm extapic cr8_legacy abm sse4a misalignsse 3dnowprefetch osvw ibs xop skinit wdt lwp fma4 nodeid_msr topoext perfctr_core perfctr_nb arat cpb hw_pstate npt lbrv svm_lock nrip_save tsc_scale vmcb_clean flushbyasid decodeassists pausefilter pfthreshold vmmcall
bogomips	: 6645.00
TLB size	: 1536 4K pages
clflush size	: 64
cache_alignment	: 64
address sizes	: 48 bits physical, 48 bits virtual
power management: ts ttp tm 100mhzsteps hwpstate cpb

processor	: 4
vendor_id	: AuthenticAMD
cpu family	: 21
model		: 1
model name	: AMD FX(tm)-6100 Six-Core Processor             
stepping	: 2
microcode	: 0x6000629
cpu MHz		: 1400.000
cache size	: 2048 KB
physical id	: 0
siblings	: 6
core id		: 3
cpu cores	: 3
apicid		: 4
initial apicid	: 3
fpu		: yes
fpu_exception	: yes
cpuid level	: 13
wp		: yes
flags		: fpu vme de pse tsc msr pae mce cx8 apic sep mtrr pge mca cmov pat pse36 clflush mmx fxsr sse sse2 ht syscall nx mmxext fxsr_opt pdpe1gb rdtscp lm constant_tsc rep_good nopl nonstop_tsc extd_apicid aperfmperf pni pclmulqdq monitor ssse3 cx16 sse4_1 sse4_2 popcnt aes xsave avx lahf_lm cmp_legacy svm extapic cr8_legacy abm sse4a misalignsse 3dnowprefetch osvw ibs xop skinit wdt lwp fma4 nodeid_msr topoext perfctr_core perfctr_nb arat cpb hw_pstate npt lbrv svm_lock nrip_save tsc_scale vmcb_clean flushbyasid decodeassists pausefilter pfthreshold vmmcall
bogomips	: 6645.00
TLB size	: 1536 4K pages
clflush size	: 64
cache_alignment	: 64
address sizes	: 48 bits physical, 48 bits virtual
power management: ts ttp tm 100mhzsteps hwpstate cpb

processor	: 5
vendor_id	: AuthenticAMD
cpu family	: 21
model		: 1
model name	: AMD FX(tm)-6100 Six-Core Processor             
stepping	: 2
microcode	: 0x6000629
cpu MHz		: 1400.000
cache size	: 2048 KB
physical id	: 0
siblings	: 6
core id		: 2
cpu cores	: 3
apicid		: 5
initial apicid	: 2
fpu		: yes
fpu_exception	: yes
cpuid level	: 13
wp		: yes
flags		: fpu vme de pse tsc msr pae mce cx8 apic sep mtrr pge mca cmov pat pse36 clflush mmx fxsr sse sse2 ht syscall nx mmxext fxsr_opt pdpe1gb rdtscp lm constant_tsc rep_good nopl nonstop_tsc extd_apicid aperfmperf pni pclmulqdq monitor ssse3 cx16 sse4_1 sse4_2 popcnt aes xsave avx lahf_lm cmp_legacy svm extapic cr8_legacy abm sse4a misalignsse 3dnowprefetch osvw ibs xop skinit wdt lwp fma4 nodeid_msr topoext perfctr_core perfctr_nb arat cpb hw_pstate npt lbrv svm_lock nrip_save tsc_scale vmcb_clean flushbyasid decodeassists pausefilter pfthreshold vmmcall
bogomips	: 6645.00
TLB size	: 1536 4K pages
clflush size	: 64
cache_alignment	: 64
address sizes	: 48 bits physical, 48 bits virtual
power management: ts ttp tm 100mhzsteps hwpstate cpb



Memory: 4k page, physical 16415292k(168072k free), swap 32836604k(32802768k free)

vm_info: Java HotSpot(TM) 64-Bit Server VM (25.45-b02) for linux-amd64 JRE (1.8.0_45-b14), built on Apr 10 2015 10:07:45 by "java_re" with gcc 4.3.0 20080428 (Red Hat 4.3.0-8)

time: Tue Jun 30 11:53:39 2015
elapsed time: 12615 seconds (0d 3h 30m 15s)

