#
# A fatal error has been detected by the Java Runtime Environment:
#
#  SIGSEGV (0xb) at pc=0x00007fac77b39443, pid=21630, tid=140378692548352
#
# JRE version: Java(TM) SE Runtime Environment (8.0_45-b14) (build 1.8.0_45-b14)
# Java VM: Java HotSpot(TM) 64-Bit Server VM (25.45-b02 mixed mode linux-amd64 compressed oops)
# Problematic frame:
# C  [libX11.so.6+0x89443]
#
# Failed to write core dump. Core dumps have been disabled. To enable core dumping, try "ulimit -c unlimited" before starting Java again
#
# If you would like to submit a bug report, please visit:
#   http://bugreport.java.com/bugreport/crash.jsp
# The crash happened outside the Java Virtual Machine in native code.
# See problematic frame for where to report the bug.
#

---------------  T H R E A D  ---------------

Current thread (0x00007faccc785800):  JavaThread "AWT-XAWT" daemon [_thread_in_native, id=21651, stack(0x00007fac760a7000,0x00007fac761a8000)]

siginfo: si_signo: 11 (SIGSEGV), si_code: 1 (SEGV_MAPERR), si_addr: 0x000000000000000a

Registers:
RAX=0x00007faccc6da2f0, RBX=0x00007faccc6cf0b0, RCX=0x0000000000000000, RDX=0x0000000000000087
RSP=0x00007fac761a6470, RBP=0x000000000000000a, RSI=0x0000000000000000, RDI=0x00007faccc6cf0b0
R8 =0x0000000000000000, R9 =0x0000000000000006, R10=0x00007fac761a6270, R11=0x00007fac77b3a0a0
R12=0x0000000000000000, R13=0x00007fac76cbbae0, R14=0x00007fac761a6578, R15=0x00007faccc785800
RIP=0x00007fac77b39443, EFLAGS=0x0000000000010246, CSGSFS=0x0000000000000033, ERR=0x0000000000000004
  TRAPNO=0x000000000000000e

Top of Stack: (sp=0x00007fac761a6470)
0x00007fac761a6470:   0000000000000000 00007faccc6cf0b0
0x00007fac761a6480:   0000000000000047 00007fac77b3a0f1
0x00007fac761a6490:   00007fac76cbbae0 00007fac761a64b0
0x00007fac761a64a0:   0000000000000000 00007fac9c208591
0x00007fac761a64b0:   00007fac761a6530 00007facbd015354
0x00007fac761a64c0:   00007fac76cbbae0 0000000000000000
0x00007fac761a64d0:   00007fac761a6530 00007facbd0150d9
0x00007fac761a64e0:   00007faccc785800 00007facbd0150a2
0x00007fac761a64f0:   00007fac761a64f0 00007fac76cbbae0
0x00007fac761a6500:   00007fac761a6578 00007fac76cbcb10
0x00007fac761a6510:   0000000000000000 00007fac76cbbae0
0x00007fac761a6520:   0000000000000000 00007fac761a6550
0x00007fac761a6530:   00007fac761a65c0 00007facbd007760
0x00007fac761a6540:   00000006c5805460 00007facbd00f577
0x00007fac761a6550:   0000000000000000 0000000000000000
0x00007fac761a6560:   0000000000000047 00007facbd007760
0x00007fac761a6570:   00007faccc6cf0b0 00007facbd007760
0x00007fac761a6580:   00007fac761a6580 00007fac76ca6b5f
0x00007fac761a6590:   00007fac761a65e8 00007fac76ca9ff0
0x00007fac761a65a0:   0000000000000000 00007fac76ca6b80
0x00007fac761a65b0:   00007fac761a6550 00007fac761a65e0
0x00007fac761a65c0:   00007fac761a6630 00007facbd007c4d
0x00007fac761a65d0:   0000000000000001 0000000771058920
0x00007fac761a65e0:   00000006c5807d80 00000006c5807d28
0x00007fac761a65f0:   00007fac761a65f0 00007fac76ca0e69
0x00007fac761a6600:   00007fac761a6678 00007fac76ca9ff0
0x00007fac761a6610:   0000000000000000 00007fac76ca1040
0x00007fac761a6620:   00007fac761a65e0 00007fac761a6670
0x00007fac761a6630:   00007fac761a66c0 00007facbd007c4d
0x00007fac761a6640:   0000000000000000 00000007774792d0
0x00007fac761a6650:   0000000000000000 0000000000000000
0x00007fac761a6660:   0000000000000000 00000006c5807d80 

Instructions: (pc=0x00007fac77b39443)
0x00007fac77b39423:   83 ec 08 e8 f5 57 fb ff 48 8b 93 20 0a 00 00 31
0x00007fac77b39433:   c9 31 f6 48 8b 52 08 8b 52 04 c6 40 01 08 88 10
0x00007fac77b39443:   0f b7 55 00 66 89 48 06 c6 40 0b 00 c6 40 0a 00
0x00007fac77b39453:   c6 40 0d 00 c6 40 0c 00 c6 40 0f 00 66 89 50 04 

Register to memory mapping:

RAX=0x00007faccc6da2f0 is an unknown value
RBX=0x00007faccc6cf0b0 is an unknown value
RCX=0x0000000000000000 is an unknown value
RDX=0x0000000000000087 is an unknown value
RSP=0x00007fac761a6470 is pointing into the stack for thread: 0x00007faccc785800
RBP=0x000000000000000a is an unknown value
RSI=0x0000000000000000 is an unknown value
RDI=0x00007faccc6cf0b0 is an unknown value
R8 =0x0000000000000000 is an unknown value
R9 =0x0000000000000006 is an unknown value
R10=0x00007fac761a6270 is pointing into the stack for thread: 0x00007faccc785800
R11=0x00007fac77b3a0a0: XkbGetUpdatedMap+0 in /usr/lib/x86_64-linux-gnu/libX11.so.6 at 0x00007fac77ab0000
R12=0x0000000000000000 is an unknown value
R13={method} {0x00007fac76cbbae0} 'XkbGetUpdatedMap' '(JJJ)J' in 'sun/awt/X11/XlibWrapper'
R14=0x00007fac761a6578 is pointing into the stack for thread: 0x00007faccc785800
R15=0x00007faccc785800 is a thread


Stack: [0x00007fac760a7000,0x00007fac761a8000],  sp=0x00007fac761a6470,  free space=1021k
Native frames: (J=compiled Java code, j=interpreted, Vv=VM code, C=native code)
C  [libX11.so.6+0x89443]

Java frames: (J=compiled Java code, j=interpreted, Vv=VM code)
j  sun.awt.X11.XlibWrapper.XkbGetUpdatedMap(JJJ)J+0
j  sun.awt.X11.XToolkit.processXkbChanges(Lsun/awt/X11/XEvent;)V+87
j  sun.awt.X11.XToolkit.run(Z)V+137
j  sun.awt.X11.XToolkit.run()V+5
j  java.lang.Thread.run()V+11
v  ~StubRoutines::call_stub

---------------  P R O C E S S  ---------------

Java Threads: ( => current thread )
  0x00007fac8c004000 JavaThread "SIGTERM handler" daemon [_thread_blocked, id=21666, stack(0x00007fac4beff000,0x00007fac4c000000)]
  0x00007fac8c002800 JavaThread "SIGTERM handler" daemon [_thread_blocked, id=21665, stack(0x00007fac53cfd000,0x00007fac53dfe000)]
  0x00007fac58001000 JavaThread "Thread-1" [_thread_blocked, id=21661, stack(0x00007fac53eff000,0x00007fac54000000)]
  0x00007fac8c001000 JavaThread "SIGTERM handler" daemon [_thread_blocked, id=21658, stack(0x00007fac740cf000,0x00007fac741d0000)]
  0x00007fac6005e000 JavaThread "Abandoned connection cleanup thread" daemon [_thread_blocked, id=21656, stack(0x00007fac75b8f000,0x00007fac75c90000)]
  0x00007fac6001c000 JavaThread "TimerQueue" daemon [_thread_blocked, id=21655, stack(0x00007fac74c2f000,0x00007fac74d30000)]
  0x00007faccc844000 JavaThread "AWT-EventQueue-0" [_thread_blocked, id=21654, stack(0x00007fac7598d000,0x00007fac75a8e000)]
  0x00007faccc842800 JavaThread "AWT-Shutdown" [_thread_blocked, id=21653, stack(0x00007fac75a8e000,0x00007fac75b8f000)]
=>0x00007faccc785800 JavaThread "AWT-XAWT" daemon [_thread_in_native, id=21651, stack(0x00007fac760a7000,0x00007fac761a8000)]
  0x00007faccc766800 JavaThread "Java2D Disposer" daemon [_thread_blocked, id=21650, stack(0x00007fac9c0d7000,0x00007fac9c1d8000)]
  0x00007faccc0cd000 JavaThread "Service Thread" daemon [_thread_blocked, id=21648, stack(0x00007fac9ceeb000,0x00007fac9cfec000)]
  0x00007faccc0bf800 JavaThread "C1 CompilerThread2" daemon [_thread_blocked, id=21647, stack(0x00007fac9cfec000,0x00007fac9d0ed000)]
  0x00007faccc0be000 JavaThread "C2 CompilerThread1" daemon [_thread_blocked, id=21646, stack(0x00007fac9d0ed000,0x00007fac9d1ee000)]
  0x00007faccc0bb000 JavaThread "C2 CompilerThread0" daemon [_thread_blocked, id=21645, stack(0x00007fac9d1ee000,0x00007fac9d2ef000)]
  0x00007faccc0b9800 JavaThread "Signal Dispatcher" daemon [_thread_blocked, id=21644, stack(0x00007fac9d2ef000,0x00007fac9d3f0000)]
  0x00007faccc083800 JavaThread "Finalizer" daemon [_thread_blocked, id=21643, stack(0x00007fac9dad4000,0x00007fac9dbd5000)]
  0x00007faccc081800 JavaThread "Reference Handler" daemon [_thread_blocked, id=21642, stack(0x00007fac9dbd5000,0x00007fac9dcd6000)]
  0x00007faccc00a800 JavaThread "main" [_thread_blocked, id=21634, stack(0x00007facd3931000,0x00007facd3a32000)]

Other Threads:
  0x00007faccc07c800 VMThread [stack: 0x00007fac9dcd6000,0x00007fac9ddd7000] [id=21641]
  0x00007faccc0cf800 WatcherThread [stack: 0x00007fac9cdea000,0x00007fac9ceeb000] [id=21649]

VM state:not at safepoint (normal execution)

VM Mutex/Monitor currently owned by a thread: None

Heap:
 PSYoungGen      total 1030144K, used 219448K [0x000000076c800000, 0x00000007ad380000, 0x00000007c0000000)
  eden space 1029120K, 21% used [0x000000076c800000,0x0000000779d83e10,0x00000007ab500000)
  from space 1024K, 79% used [0x00000007ad280000,0x00000007ad34a3f0,0x00000007ad380000)
  to   space 8704K, 0% used [0x00000007ac280000,0x00000007ac280000,0x00000007acb00000)
 ParOldGen       total 85504K, used 6127K [0x00000006c5800000, 0x00000006cab80000, 0x000000076c800000)
  object space 85504K, 7% used [0x00000006c5800000,0x00000006c5dfbcb8,0x00000006cab80000)
 Metaspace       used 27794K, capacity 28018K, committed 28416K, reserved 1075200K
  class space    used 3392K, capacity 3460K, committed 3584K, reserved 1048576K

Card table byte_map: [0x00007facbc82b000,0x00007facbd000000] byte_map_base: 0x00007facb91ff000

Marking Bits: (ParMarkBitMap*) 0x00007facd2ddd760
 Begin Bits: [0x00007faca02c0000, 0x00007faca4160000)
 End Bits:   [0x00007faca4160000, 0x00007faca8000000)

Polling page: 0x00007facd3a35000

CodeCache: size=245760Kb used=11716Kb max_used=11716Kb free=234043Kb
 bounds [0x00007facbd000000, 0x00007facbdb80000, 0x00007faccc000000]
 total_blobs=4282 nmethods=3623 adapters=571
 compilation: enabled

Compilation events (10 events):
Event: 2316.664 Thread 0x00007faccc0bf800 4223       3       sun.awt.X11.XAtomList::contains (11 bytes)
Event: 2316.665 Thread 0x00007faccc0bf800 nmethod 4223 0x00007facbdb77110 code [0x00007facbdb77280, 0x00007facbdb774a8]
Event: 4221.644 Thread 0x00007faccc0bf800 4225       3       sun.awt.X11.XNETProtocol::detect (88 bytes)
Event: 4221.646 Thread 0x00007faccc0bf800 nmethod 4225 0x00007facbdb75a50 code [0x00007facbdb75cc0, 0x00007facbdb76bc8]
Event: 4221.646 Thread 0x00007faccc0bf800 4224       3       sun.awt.X11.XNETProtocol::active (19 bytes)
Event: 4221.647 Thread 0x00007faccc0bf800 nmethod 4224 0x00007facbdb79250 code [0x00007facbdb793c0, 0x00007facbdb79648]
Event: 4932.172 Thread 0x00007faccc0bf800 4226       3       sun.awt.X11.XAtom::getAtom (5 bytes)
Event: 4932.172 Thread 0x00007faccc0bf800 nmethod 4226 0x00007facbdb796d0 code [0x00007facbdb79840, 0x00007facbdb79a50]
Event: 4957.993 Thread 0x00007faccc0bf800 4227   !   3       sun.awt.X11.XWindow::getWMState (133 bytes)
Event: 4957.999 Thread 0x00007faccc0bf800 nmethod 4227 0x00007facbdb79b50 code [0x00007facbdb7a0a0, 0x00007facbdb7d518]

GC Heap History (10 events):
Event: 2.873 GC heap before
{Heap before GC invocations=7 (full 1):
 PSYoungGen      total 268800K, used 257802K [0x000000076c800000, 0x000000078cf00000, 0x00000007c0000000)
  eden space 258048K, 99% used [0x000000076c800000,0x000000077c3c29c0,0x000000077c400000)
  from space 10752K, 0% used [0x000000077c400000,0x000000077c400000,0x000000077ce80000)
  to   space 7680K, 0% used [0x000000078c780000,0x000000078c780000,0x000000078cf00000)
 ParOldGen       total 85504K, used 4976K [0x00000006c5800000, 0x00000006cab80000, 0x000000076c800000)
  object space 85504K, 5% used [0x00000006c5800000,0x00000006c5cdc3e8,0x00000006cab80000)
 Metaspace       used 20677K, capacity 20908K, committed 21248K, reserved 1067008K
  class space    used 2589K, capacity 2691K, committed 2816K, reserved 1048576K
Event: 2.880 GC heap after
Heap after GC invocations=7 (full 1):
 PSYoungGen      total 449024K, used 841K [0x000000076c800000, 0x000000078c880000, 0x00000007c0000000)
  eden space 448000K, 0% used [0x000000076c800000,0x000000076c800000,0x0000000787d80000)
  from space 1024K, 82% used [0x000000078c780000,0x000000078c8524a8,0x000000078c880000)
  to   space 8192K, 0% used [0x000000078b880000,0x000000078b880000,0x000000078c080000)
 ParOldGen       total 85504K, used 4984K [0x00000006c5800000, 0x00000006cab80000, 0x000000076c800000)
  object space 85504K, 5% used [0x00000006c5800000,0x00000006c5cde3e8,0x00000006cab80000)
 Metaspace       used 20677K, capacity 20908K, committed 21248K, reserved 1067008K
  class space    used 2589K, capacity 2691K, committed 2816K, reserved 1048576K
}
Event: 3.139 GC heap before
{Heap before GC invocations=8 (full 1):
 PSYoungGen      total 449024K, used 448841K [0x000000076c800000, 0x000000078c880000, 0x00000007c0000000)
  eden space 448000K, 100% used [0x000000076c800000,0x0000000787d80000,0x0000000787d80000)
  from space 1024K, 82% used [0x000000078c780000,0x000000078c8524a8,0x000000078c880000)
  to   space 8192K, 0% used [0x000000078b880000,0x000000078b880000,0x000000078c080000)
 ParOldGen       total 85504K, used 4984K [0x00000006c5800000, 0x00000006cab80000, 0x000000076c800000)
  object space 85504K, 5% used [0x00000006c5800000,0x00000006c5cde3e8,0x00000006cab80000)
 Metaspace       used 20678K, capacity 20908K, committed 21248K, reserved 1067008K
  class space    used 2590K, capacity 2691K, committed 2816K, reserved 1048576K
Event: 3.144 GC heap after
Heap after GC invocations=8 (full 1):
 PSYoungGen      total 516608K, used 1471K [0x000000076c800000, 0x000000079c080000, 0x00000007c0000000)
  eden space 508416K, 0% used [0x000000076c800000,0x000000076c800000,0x000000078b880000)
  from space 8192K, 17% used [0x000000078b880000,0x000000078b9efff0,0x000000078c080000)
  to   space 8704K, 0% used [0x000000079b800000,0x000000079b800000,0x000000079c080000)
 ParOldGen       total 85504K, used 4984K [0x00000006c5800000, 0x00000006cab80000, 0x000000076c800000)
  object space 85504K, 5% used [0x00000006c5800000,0x00000006c5cde3e8,0x00000006cab80000)
 Metaspace       used 20678K, capacity 20908K, committed 21248K, reserved 1067008K
  class space    used 2590K, capacity 2691K, committed 2816K, reserved 1048576K
}
Event: 3.346 GC heap before
{Heap before GC invocations=9 (full 1):
 PSYoungGen      total 516608K, used 509659K [0x000000076c800000, 0x000000079c080000, 0x00000007c0000000)
  eden space 508416K, 99% used [0x000000076c800000,0x000000078b846e70,0x000000078b880000)
  from space 8192K, 17% used [0x000000078b880000,0x000000078b9efff0,0x000000078c080000)
  to   space 8704K, 0% used [0x000000079b800000,0x000000079b800000,0x000000079c080000)
 ParOldGen       total 85504K, used 4984K [0x00000006c5800000, 0x00000006cab80000, 0x000000076c800000)
  object space 85504K, 5% used [0x00000006c5800000,0x00000006c5cde3e8,0x00000006cab80000)
 Metaspace       used 20678K, capacity 20908K, committed 21248K, reserved 1067008K
  class space    used 2590K, capacity 2691K, committed 2816K, reserved 1048576K
Event: 3.349 GC heap after
Heap after GC invocations=9 (full 1):
 PSYoungGen      total 770048K, used 1583K [0x000000076c800000, 0x00000007a1280000, 0x00000007c0000000)
  eden space 761344K, 0% used [0x000000076c800000,0x000000076c800000,0x000000079af80000)
  from space 8704K, 18% used [0x000000079b800000,0x000000079b98bd98,0x000000079c080000)
  to   space 8704K, 0% used [0x000000079af80000,0x000000079af80000,0x000000079b800000)
 ParOldGen       total 85504K, used 4992K [0x00000006c5800000, 0x00000006cab80000, 0x000000076c800000)
  object space 85504K, 5% used [0x00000006c5800000,0x00000006c5ce03e8,0x00000006cab80000)
 Metaspace       used 20678K, capacity 20908K, committed 21248K, reserved 1067008K
  class space    used 2590K, capacity 2691K, committed 2816K, reserved 1048576K
}
Event: 3.658 GC heap before
{Heap before GC invocations=10 (full 1):
 PSYoungGen      total 770048K, used 762927K [0x000000076c800000, 0x00000007a1280000, 0x00000007c0000000)
  eden space 761344K, 100% used [0x000000076c800000,0x000000079af80000,0x000000079af80000)
  from space 8704K, 18% used [0x000000079b800000,0x000000079b98bd98,0x000000079c080000)
  to   space 8704K, 0% used [0x000000079af80000,0x000000079af80000,0x000000079b800000)
 ParOldGen       total 85504K, used 4992K [0x00000006c5800000, 0x00000006cab80000, 0x000000076c800000)
  object space 85504K, 5% used [0x00000006c5800000,0x00000006c5ce03e8,0x00000006cab80000)
 Metaspace       used 20687K, capacity 20972K, committed 21504K, reserved 1069056K
  class space    used 2590K, capacity 2691K, committed 2816K, reserved 1048576K
Event: 3.664 GC heap after
Heap after GC invocations=10 (full 1):
 PSYoungGen      total 770048K, used 1725K [0x000000076c800000, 0x00000007adb00000, 0x00000007c0000000)
  eden space 761344K, 0% used [0x000000076c800000,0x000000076c800000,0x000000079af80000)
  from space 8704K, 19% used [0x000000079af80000,0x000000079b12f4b0,0x000000079b800000)
  to   space 8704K, 0% used [0x00000007ad280000,0x00000007ad280000,0x00000007adb00000)
 ParOldGen       total 85504K, used 5096K [0x00000006c5800000, 0x00000006cab80000, 0x000000076c800000)
  object space 85504K, 5% used [0x00000006c5800000,0x00000006c5cfa3f0,0x00000006cab80000)
 Metaspace       used 20687K, capacity 20972K, committed 21504K, reserved 1069056K
  class space    used 2590K, capacity 2691K, committed 2816K, reserved 1048576K
}
Event: 3.986 GC heap before
{Heap before GC invocations=11 (full 1):
 PSYoungGen      total 770048K, used 762582K [0x000000076c800000, 0x00000007adb00000, 0x00000007c0000000)
  eden space 761344K, 99% used [0x000000076c800000,0x000000079af06620,0x000000079af80000)
  from space 8704K, 19% used [0x000000079af80000,0x000000079b12f4b0,0x000000079b800000)
  to   space 8704K, 0% used [0x00000007ad280000,0x00000007ad280000,0x00000007adb00000)
 ParOldGen       total 85504K, used 5096K [0x00000006c5800000, 0x00000006cab80000, 0x000000076c800000)
  object space 85504K, 5% used [0x00000006c5800000,0x00000006c5cfa3f0,0x00000006cab80000)
 Metaspace       used 20769K, capacity 21036K, committed 21504K, reserved 1069056K
  class space    used 2590K, capacity 2691K, committed 2816K, reserved 1048576K
Event: 3.989 GC heap after
Heap after GC invocations=11 (full 1):
 PSYoungGen      total 1030144K, used 808K [0x000000076c800000, 0x00000007ad380000, 0x00000007c0000000)
  eden space 1029120K, 0% used [0x000000076c800000,0x000000076c800000,0x00000007ab500000)
  from space 1024K, 79% used [0x00000007ad280000,0x00000007ad34a3f0,0x00000007ad380000)
  to   space 8704K, 0% used [0x00000007ac280000,0x00000007ac280000,0x00000007acb00000)
 ParOldGen       total 85504K, used 6127K [0x00000006c5800000, 0x00000006cab80000, 0x000000076c800000)
  object space 85504K, 7% used [0x00000006c5800000,0x00000006c5dfbcb8,0x00000006cab80000)
 Metaspace       used 20769K, capacity 21036K, committed 21504K, reserved 1069056K
  class space    used 2590K, capacity 2691K, committed 2816K, reserved 1048576K
}

Deoptimization events (10 events):
Event: 19.863 Thread 0x00007faccc844000 Uncommon trap: reason=bimorphic action=maybe_recompile pc=0x00007facbd15cbc0 method=java.awt.Component.validate()V @ 74
Event: 19.863 Thread 0x00007faccc844000 Uncommon trap: reason=class_check action=maybe_recompile pc=0x00007facbdabf9fc method=java.awt.Component.updateCursorImmediately()V @ 49
Event: 19.866 Thread 0x00007faccc844000 Uncommon trap: reason=unstable_if action=reinterpret pc=0x00007facbd9d5c14 method=java.lang.StrictMath.floorOrCeil(DDDD)D @ 14
Event: 19.866 Thread 0x00007faccc844000 Uncommon trap: reason=unstable_if action=reinterpret pc=0x00007facbda8883c method=java.lang.StrictMath.floorOrCeil(DDDD)D @ 14
Event: 20.698 Thread 0x00007faccc844000 Uncommon trap: reason=class_check action=maybe_recompile pc=0x00007facbdabf9fc method=java.awt.Component.updateCursorImmediately()V @ 49
Event: 20.705 Thread 0x00007faccc844000 Uncommon trap: reason=class_check action=maybe_recompile pc=0x00007facbdabf9fc method=java.awt.Component.updateCursorImmediately()V @ 49
Event: 21.033 Thread 0x00007faccc844000 Uncommon trap: reason=class_check action=maybe_recompile pc=0x00007facbd88cc38 method=java.awt.Container.dispatchEventImpl(Ljava/awt/AWTEvent;)V @ 34
Event: 21.041 Thread 0x00007faccc844000 Uncommon trap: reason=class_check action=maybe_recompile pc=0x00007facbd88cc38 method=java.awt.Container.dispatchEventImpl(Ljava/awt/AWTEvent;)V @ 34
Event: 21.049 Thread 0x00007faccc844000 Uncommon trap: reason=class_check action=maybe_recompile pc=0x00007facbd88cc38 method=java.awt.Container.dispatchEventImpl(Ljava/awt/AWTEvent;)V @ 34
Event: 21.057 Thread 0x00007faccc844000 Uncommon trap: reason=class_check action=maybe_recompile pc=0x00007facbd88cc38 method=java.awt.Container.dispatchEventImpl(Ljava/awt/AWTEvent;)V @ 34

Internal exceptions (10 events):
Event: 4.093 Thread 0x00007faccc844000 Implicit null exception at 0x00007facbd7deb63 to 0x00007facbd7e31b5
Event: 4.094 Thread 0x00007faccc844000 Implicit null exception at 0x00007facbd9cbe9c to 0x00007facbd9cd989
Event: 4.130 Thread 0x00007faccc844000 Implicit null exception at 0x00007facbd9a87a3 to 0x00007facbd9a9a39
Event: 4.187 Thread 0x00007faccc00a800 Implicit null exception at 0x00007facbd910142 to 0x00007facbd9102c1
Event: 4.249 Thread 0x00007faccc00a800 Implicit null exception at 0x00007facbd943b37 to 0x00007facbd943f11
Event: 4.379 Thread 0x00007faccc00a800 Exception <a 'java/io/FileNotFoundException'> (0x0000000774b3b478) thrown at [/RE-WORK/workspace/8-2-build-linux-amd64/jdk8u45/3457/hotspot/src/share/vm/prims/jni.cpp, line 709]
Event: 4.528 Thread 0x00007faccc844000 Exception <a 'java/lang/UnsupportedOperationException': > (0x00000007761eaac0) thrown at [/RE-WORK/workspace/8-2-build-linux-amd64/jdk8u45/3457/hotspot/src/share/vm/prims/jni.cpp, line 735]
Event: 14.088 Thread 0x00007faccc844000 Exception <a 'java/lang/UnsupportedOperationException': > (0x0000000777324af8) thrown at [/RE-WORK/workspace/8-2-build-linux-amd64/jdk8u45/3457/hotspot/src/share/vm/prims/jni.cpp, line 735]
Event: 19.950 Thread 0x00007faccc844000 Exception <a 'java/lang/UnsupportedOperationException': > (0x00000007774d8008) thrown at [/RE-WORK/workspace/8-2-build-linux-amd64/jdk8u45/3457/hotspot/src/share/vm/prims/jni.cpp, line 735]
Event: 21.568 Thread 0x00007faccc844000 Exception <a 'java/io/FileNotFoundException'> (0x0000000777545208) thrown at [/RE-WORK/workspace/8-2-build-linux-amd64/jdk8u45/3457/hotspot/src/share/vm/prims/jni.cpp, line 709]

Events (10 events):
Event: 30.365 Thread 0x00007fac58002800 Thread exited: 0x00007fac58002800
Event: 30.366 Thread 0x00007fac8c002800 Thread added: 0x00007fac8c002800
Event: 30.366 Thread 0x00007fac8c004000 Thread added: 0x00007fac8c004000
Event: 30.368 Thread 0x00007fac58004800 Thread exited: 0x00007fac58004800
Event: 2287.894 Executing VM operation: RevokeBias
Event: 2287.894 Executing VM operation: RevokeBias done
Event: 4997.881 loading class sun/awt/X11/XkbEvent
Event: 4997.884 loading class sun/awt/X11/XkbEvent done
Event: 4997.884 loading class sun/awt/X11/XkbAnyEvent
Event: 4997.884 loading class sun/awt/X11/XkbAnyEvent done


Dynamic libraries:
00400000-00401000 r-xp 00000000 08:03 3424510                            /usr/lib/jvm/java-8-oracle/bin/java
00600000-00601000 rw-p 00000000 08:03 3424510                            /usr/lib/jvm/java-8-oracle/bin/java
01c1f000-01c40000 rw-p 00000000 00:00 0                                  [heap]
6c5800000-6cab80000 rw-p 00000000 00:00 0 
6cab80000-76c800000 ---p 00000000 00:00 0 
76c800000-7ad380000 rw-p 00000000 00:00 0 
7ad380000-7c0000000 ---p 00000000 00:00 0 
7c0000000-7c0380000 rw-p 00000000 00:00 0 
7c0380000-800000000 ---p 00000000 00:00 0 
7fac3c000000-7fac3c021000 rw-p 00000000 00:00 0 
7fac3c021000-7fac40000000 ---p 00000000 00:00 0 
7fac40000000-7fac40021000 rw-p 00000000 00:00 0 
7fac40021000-7fac44000000 ---p 00000000 00:00 0 
7fac44000000-7fac44021000 rw-p 00000000 00:00 0 
7fac44021000-7fac48000000 ---p 00000000 00:00 0 
7fac4beff000-7fac4bf02000 ---p 00000000 00:00 0 
7fac4bf02000-7fac4c000000 rw-p 00000000 00:00 0                          [stack:21666]
7fac4c000000-7fac4c021000 rw-p 00000000 00:00 0 
7fac4c021000-7fac50000000 ---p 00000000 00:00 0 
7fac53cfd000-7fac53d00000 ---p 00000000 00:00 0 
7fac53d00000-7fac53dfe000 rw-p 00000000 00:00 0                          [stack:21665]
7fac53dfe000-7fac53e01000 ---p 00000000 00:00 0 
7fac53e01000-7fac53eff000 rw-p 00000000 00:00 0 
7fac53eff000-7fac53f02000 ---p 00000000 00:00 0 
7fac53f02000-7fac54000000 rw-p 00000000 00:00 0                          [stack:21661]
7fac54000000-7fac54021000 rw-p 00000000 00:00 0 
7fac54021000-7fac58000000 ---p 00000000 00:00 0 
7fac58000000-7fac58021000 rw-p 00000000 00:00 0 
7fac58021000-7fac5c000000 ---p 00000000 00:00 0 
7fac5c000000-7fac5c021000 rw-p 00000000 00:00 0 
7fac5c021000-7fac60000000 ---p 00000000 00:00 0 
7fac60000000-7fac60236000 rw-p 00000000 00:00 0 
7fac60236000-7fac64000000 ---p 00000000 00:00 0 
7fac64000000-7fac64027000 rw-p 00000000 00:00 0 
7fac64027000-7fac68000000 ---p 00000000 00:00 0 
7fac68000000-7fac68021000 rw-p 00000000 00:00 0 
7fac68021000-7fac6c000000 ---p 00000000 00:00 0 
7fac6c000000-7fac6c021000 rw-p 00000000 00:00 0 
7fac6c021000-7fac70000000 ---p 00000000 00:00 0 
7fac70000000-7fac70021000 rw-p 00000000 00:00 0 
7fac70021000-7fac74000000 ---p 00000000 00:00 0 
7fac740cf000-7fac740d2000 ---p 00000000 00:00 0 
7fac740d2000-7fac74210000 rw-p 00000000 00:00 0                          [stack:21658]
7fac74210000-7fac743d0000 ---p 00000000 00:00 0 
7fac743d0000-7fac743e7000 r-xp 00000000 08:03 393231                     /lib/x86_64-linux-gnu/libresolv-2.19.so
7fac743e7000-7fac745e7000 ---p 00017000 08:03 393231                     /lib/x86_64-linux-gnu/libresolv-2.19.so
7fac745e7000-7fac745e8000 r--p 00017000 08:03 393231                     /lib/x86_64-linux-gnu/libresolv-2.19.so
7fac745e8000-7fac745e9000 rw-p 00018000 08:03 393231                     /lib/x86_64-linux-gnu/libresolv-2.19.so
7fac745e9000-7fac745eb000 rw-p 00000000 00:00 0 
7fac745f0000-7fac745f5000 r-xp 00000000 08:03 393246                     /lib/x86_64-linux-gnu/libnss_dns-2.19.so
7fac745f5000-7fac747f4000 ---p 00005000 08:03 393246                     /lib/x86_64-linux-gnu/libnss_dns-2.19.so
7fac747f4000-7fac747f5000 r--p 00004000 08:03 393246                     /lib/x86_64-linux-gnu/libnss_dns-2.19.so
7fac747f5000-7fac747f6000 rw-p 00005000 08:03 393246                     /lib/x86_64-linux-gnu/libnss_dns-2.19.so
7fac747f8000-7fac747fa000 r-xp 00000000 08:03 397422                     /lib/x86_64-linux-gnu/libnss_mdns4_minimal.so.2
7fac747fa000-7fac749f9000 ---p 00002000 08:03 397422                     /lib/x86_64-linux-gnu/libnss_mdns4_minimal.so.2
7fac749f9000-7fac749fa000 r--p 00001000 08:03 397422                     /lib/x86_64-linux-gnu/libnss_mdns4_minimal.so.2
7fac749fa000-7fac749fb000 rw-p 00002000 08:03 397422                     /lib/x86_64-linux-gnu/libnss_mdns4_minimal.so.2
7fac74a1c000-7fac74a21000 r--s 00094000 08:03 3426002                    /usr/lib/jvm/java-8-oracle/jre/lib/jsse.jar
7fac74a28000-7fac74a2d000 r--s 002f8000 08:03 3426077                    /usr/lib/jvm/java-8-oracle/jre/lib/charsets.jar
7fac74a2f000-7fac74c2f000 rw-p 00000000 00:00 0 
7fac74c2f000-7fac74c32000 ---p 00000000 00:00 0 
7fac74c32000-7fac74d30000 rw-p 00000000 00:00 0                          [stack:21655]
7fac74d30000-7fac74d5a000 r-xp 00000000 08:03 3426031                    /usr/lib/jvm/java-8-oracle/jre/lib/amd64/libdcpr.so
7fac74d5a000-7fac74f5a000 ---p 0002a000 08:03 3426031                    /usr/lib/jvm/java-8-oracle/jre/lib/amd64/libdcpr.so
7fac74f5a000-7fac74f5d000 rw-p 0002a000 08:03 3426031                    /usr/lib/jvm/java-8-oracle/jre/lib/amd64/libdcpr.so
7fac74f60000-7fac74f74000 r--s 00000000 08:03 657677                     /usr/share/fonts/type1/gsfonts/n019003l.pfb
7fac74f78000-7fac74f91000 r--s 00000000 08:03 657701                     /usr/share/fonts/type1/gsfonts/n021003l.pfb
7fac74f98000-7fac74fa9000 r--s 00000000 08:03 657683                     /usr/share/fonts/type1/gsfonts/n019023l.pfb
7fac74fb0000-7fac74fc2000 r--s 00000000 08:03 657680                     /usr/share/fonts/type1/gsfonts/n019004l.pfb
7fac74fc8000-7fac74fde000 r--s 00000000 08:03 657722                     /usr/share/fonts/type1/gsfonts/n022024l.pfb
7fac74fe0000-7fac74ff8000 r--s 00000000 08:03 657713                     /usr/share/fonts/type1/gsfonts/n022003l.pfb
7fac74ff8000-7fac7500e000 r--s 00000000 08:03 657710                     /usr/share/fonts/type1/gsfonts/n021024l.pfb
7fac75010000-7fac75027000 r--s 00000000 08:03 657707                     /usr/share/fonts/type1/gsfonts/n021023l.pfb
7fac75028000-7fac75039000 r--s 00000000 08:03 657686                     /usr/share/fonts/type1/gsfonts/n019024l.pfb
7fac75040000-7fac75240000 rw-p 00000000 00:00 0 
7fac75240000-7fac752a9000 r-xp 00000000 08:03 3426043                    /usr/lib/jvm/java-8-oracle/jre/lib/amd64/libt2k.so
7fac752a9000-7fac754a8000 ---p 00069000 08:03 3426043                    /usr/lib/jvm/java-8-oracle/jre/lib/amd64/libt2k.so
7fac754a8000-7fac754af000 rw-p 00068000 08:03 3426043                    /usr/lib/jvm/java-8-oracle/jre/lib/amd64/libt2k.so
7fac754af000-7fac754bf000 rw-p 00000000 00:00 0 
7fac754c0000-7fac754c1000 r--s 00000000 08:03 3677075                    /var/cache/fontconfig/c05880de57d1f5e948fdfacc138775d9-le64.cache-4
7fac754c8000-7fac754d3000 r--s 00000000 08:03 3677069                    /var/cache/fontconfig/945677eb7aeaf62f1d50efc3fb3ec7d8-le64.cache-4
7fac754d8000-7fac754da000 r--s 00000000 08:03 3678612                    /var/cache/fontconfig/99e8ed0e538f840c565b6ed5dad60d56-le64.cache-4
7fac754e0000-7fac754e9000 r--s 00000000 08:03 3678611                    /var/cache/fontconfig/a6d8cf8e4ec09cdbc8633c31745a07dd-le64.cache-4
7fac754f0000-7fac754f6000 r--s 00000000 08:03 3677055                    /var/cache/fontconfig/2cd17615ca594fa2959ae173292e504c-le64.cache-4
7fac754f8000-7fac754f9000 r--s 00000000 08:03 3677085                    /var/cache/fontconfig/e7071f4a29fa870f4323321c154eba04-le64.cache-4
7fac75500000-7fac75501000 r--s 00000000 08:03 3677052                    /var/cache/fontconfig/0d8c3b2ac0904cb8a57a757ad11a4a08-le64.cache-4
7fac75508000-7fac7550f000 r--s 00000000 08:03 3677072                    /var/cache/fontconfig/a755afe4a08bf5b97852ceb7400b47bc-le64.cache-4
7fac75510000-7fac75514000 r--s 00000000 08:03 3678864                    /var/cache/fontconfig/de156ccd2eddbdc19d37a45b8b2aac9c-le64.cache-4
7fac75518000-7fac7552c000 r--s 00000000 08:03 3677050                    /var/cache/fontconfig/04aabc0a78ac019cf9454389977116d2-le64.cache-4
7fac75530000-7fac75531000 r--s 00000000 08:03 3677054                    /var/cache/fontconfig/1ac9eb803944fde146138c791f5cc56a-le64.cache-4
7fac75538000-7fac7553c000 r--s 00000000 08:03 3677058                    /var/cache/fontconfig/385c0604a188198f04d133e54aba7fe7-le64.cache-4
7fac75540000-7fac75542000 r--s 00000000 08:03 3677066                    /var/cache/fontconfig/767a8244fc0220cfb567a839d0392e0b-le64.cache-4
7fac75548000-7fac75552000 r--s 00000000 08:03 657743                     /usr/share/fonts/type1/mathml/Symbol.pfb
7fac75558000-7fac75571000 r--s 00000000 08:03 657716                     /usr/share/fonts/type1/gsfonts/n022004l.pfb
7fac75574000-7fac75587000 r--s 00344000 08:03 3426004                    /usr/lib/jvm/java-8-oracle/jre/lib/resources.jar
7fac7558d000-7fac7578d000 rw-p 00000000 00:00 0 
7fac7578d000-7fac7598d000 rw-p 00000000 00:00 0 
7fac7598d000-7fac75990000 ---p 00000000 00:00 0 
7fac75990000-7fac75a8e000 rw-p 00000000 00:00 0                          [stack:21654]
7fac75a8e000-7fac75a91000 ---p 00000000 00:00 0 
7fac75a91000-7fac75b8f000 rw-p 00000000 00:00 0                          [stack:21653]
7fac75b8f000-7fac75b92000 ---p 00000000 00:00 0 
7fac75b92000-7fac75e90000 rw-p 00000000 00:00 0                          [stack:21656]
7fac75e90000-7fac75ea1000 r-xp 00000000 08:03 3426040                    /usr/lib/jvm/java-8-oracle/jre/lib/amd64/libnio.so
7fac75ea1000-7fac760a0000 ---p 00011000 08:03 3426040                    /usr/lib/jvm/java-8-oracle/jre/lib/amd64/libnio.so
7fac760a0000-7fac760a1000 rw-p 00010000 08:03 3426040                    /usr/lib/jvm/java-8-oracle/jre/lib/amd64/libnio.so
7fac760a7000-7fac760aa000 ---p 00000000 00:00 0 
7fac760aa000-7fac761a8000 rw-p 00000000 00:00 0                          [stack:21651]
7fac761a8000-7fac761ad000 r-xp 00000000 08:03 3408352                    /usr/lib/x86_64-linux-gnu/libXfixes.so.3.1.0
7fac761ad000-7fac763ac000 ---p 00005000 08:03 3408352                    /usr/lib/x86_64-linux-gnu/libXfixes.so.3.1.0
7fac763ac000-7fac763ad000 r--p 00004000 08:03 3408352                    /usr/lib/x86_64-linux-gnu/libXfixes.so.3.1.0
7fac763ad000-7fac763ae000 rw-p 00005000 08:03 3408352                    /usr/lib/x86_64-linux-gnu/libXfixes.so.3.1.0
7fac763b0000-7fac763b9000 r-xp 00000000 08:03 3417045                    /usr/lib/x86_64-linux-gnu/libXcursor.so.1.0.2
7fac763b9000-7fac765b8000 ---p 00009000 08:03 3417045                    /usr/lib/x86_64-linux-gnu/libXcursor.so.1.0.2
7fac765b8000-7fac765b9000 r--p 00008000 08:03 3417045                    /usr/lib/x86_64-linux-gnu/libXcursor.so.1.0.2
7fac765b9000-7fac765ba000 rw-p 00009000 08:03 3417045                    /usr/lib/x86_64-linux-gnu/libXcursor.so.1.0.2
7fac765c0000-7fac767c0000 rw-p 00000000 00:00 0 
7fac767c0000-7fac767d6000 r-xp 00000000 08:03 397368                     /lib/x86_64-linux-gnu/libgcc_s.so.1
7fac767d6000-7fac769d5000 ---p 00016000 08:03 397368                     /lib/x86_64-linux-gnu/libgcc_s.so.1
7fac769d5000-7fac769d6000 rw-p 00015000 08:03 397368                     /lib/x86_64-linux-gnu/libgcc_s.so.1
7fac769d8000-7fac76a3d000 r-xp 00000000 08:03 3426046                    /usr/lib/jvm/java-8-oracle/jre/lib/amd64/libfontmanager.so
7fac76a3d000-7fac76c3c000 ---p 00065000 08:03 3426046                    /usr/lib/jvm/java-8-oracle/jre/lib/amd64/libfontmanager.so
7fac76c3c000-7fac76c41000 rw-p 00064000 08:03 3426046                    /usr/lib/jvm/java-8-oracle/jre/lib/amd64/libfontmanager.so
7fac76c41000-7fac76c51000 rw-p 00000000 00:00 0 
7fac76c58000-7fac76e58000 rw-p 00000000 00:00 0 
7fac76e58000-7fac76e5d000 r-xp 00000000 08:03 3417049                    /usr/lib/x86_64-linux-gnu/libXdmcp.so.6.0.0
7fac76e5d000-7fac7705c000 ---p 00005000 08:03 3417049                    /usr/lib/x86_64-linux-gnu/libXdmcp.so.6.0.0
7fac7705c000-7fac7705d000 r--p 00004000 08:03 3417049                    /usr/lib/x86_64-linux-gnu/libXdmcp.so.6.0.0
7fac7705d000-7fac7705e000 rw-p 00005000 08:03 3417049                    /usr/lib/x86_64-linux-gnu/libXdmcp.so.6.0.0
7fac77060000-7fac77062000 r-xp 00000000 08:03 3417038                    /usr/lib/x86_64-linux-gnu/libXau.so.6.0.0
7fac77062000-7fac77262000 ---p 00002000 08:03 3417038                    /usr/lib/x86_64-linux-gnu/libXau.so.6.0.0
7fac77262000-7fac77263000 r--p 00002000 08:03 3417038                    /usr/lib/x86_64-linux-gnu/libXau.so.6.0.0
7fac77263000-7fac77264000 rw-p 00003000 08:03 3417038                    /usr/lib/x86_64-linux-gnu/libXau.so.6.0.0
7fac77268000-7fac77285000 r-xp 00000000 08:03 3418106                    /usr/lib/x86_64-linux-gnu/libxcb.so.1.1.0
7fac77285000-7fac77485000 ---p 0001d000 08:03 3418106                    /usr/lib/x86_64-linux-gnu/libxcb.so.1.1.0
7fac77485000-7fac77486000 r--p 0001d000 08:03 3418106                    /usr/lib/x86_64-linux-gnu/libxcb.so.1.1.0
7fac77486000-7fac77487000 rw-p 0001e000 08:03 3418106                    /usr/lib/x86_64-linux-gnu/libxcb.so.1.1.0
7fac77488000-7fac77497000 r-xp 00000000 08:03 3410074                    /usr/lib/x86_64-linux-gnu/libXi.so.6.1.0
7fac77497000-7fac77696000 ---p 0000f000 08:03 3410074                    /usr/lib/x86_64-linux-gnu/libXi.so.6.1.0
7fac77696000-7fac77697000 r--p 0000e000 08:03 3410074                    /usr/lib/x86_64-linux-gnu/libXi.so.6.1.0
7fac77697000-7fac77698000 rw-p 0000f000 08:03 3410074                    /usr/lib/x86_64-linux-gnu/libXi.so.6.1.0
7fac77698000-7fac7769d000 r-xp 00000000 08:03 3417079                    /usr/lib/x86_64-linux-gnu/libXtst.so.6.1.0
7fac7769d000-7fac7789c000 ---p 00005000 08:03 3417079                    /usr/lib/x86_64-linux-gnu/libXtst.so.6.1.0
7fac7789c000-7fac7789d000 r--p 00004000 08:03 3417079                    /usr/lib/x86_64-linux-gnu/libXtst.so.6.1.0
7fac7789d000-7fac7789e000 rw-p 00005000 08:03 3417079                    /usr/lib/x86_64-linux-gnu/libXtst.so.6.1.0
7fac778a0000-7fac778a9000 r-xp 00000000 08:03 3410076                    /usr/lib/x86_64-linux-gnu/libXrender.so.1.3.0
7fac778a9000-7fac77aa8000 ---p 00009000 08:03 3410076                    /usr/lib/x86_64-linux-gnu/libXrender.so.1.3.0
7fac77aa8000-7fac77aa9000 r--p 00008000 08:03 3410076                    /usr/lib/x86_64-linux-gnu/libXrender.so.1.3.0
7fac77aa9000-7fac77aaa000 rw-p 00009000 08:03 3410076                    /usr/lib/x86_64-linux-gnu/libXrender.so.1.3.0
7fac77ab0000-7fac77be0000 r-xp 00000000 08:03 3417034                    /usr/lib/x86_64-linux-gnu/libX11.so.6.3.0
7fac77be0000-7fac77de0000 ---p 00130000 08:03 3417034                    /usr/lib/x86_64-linux-gnu/libX11.so.6.3.0
7fac77de0000-7fac77de1000 r--p 00130000 08:03 3417034                    /usr/lib/x86_64-linux-gnu/libX11.so.6.3.0
7fac77de1000-7fac77de5000 rw-p 00131000 08:03 3417034                    /usr/lib/x86_64-linux-gnu/libX11.so.6.3.0
7fac77de8000-7fac77df9000 r-xp 00000000 08:03 3409080                    /usr/lib/x86_64-linux-gnu/libXext.so.6.4.0
7fac77df9000-7fac77ff8000 ---p 00011000 08:03 3409080                    /usr/lib/x86_64-linux-gnu/libXext.so.6.4.0
7fac77ff8000-7fac77ff9000 r--p 00010000 08:03 3409080                    /usr/lib/x86_64-linux-gnu/libXext.so.6.4.0
7fac77ff9000-7fac77ffa000 rw-p 00011000 08:03 3409080                    /usr/lib/x86_64-linux-gnu/libXext.so.6.4.0
7fac78000000-7fac78a6e000 rw-p 00000000 00:00 0 
7fac78a6e000-7fac7c000000 ---p 00000000 00:00 0 
7fac7c000000-7fac7c021000 rw-p 00000000 00:00 0 
7fac7c021000-7fac80000000 ---p 00000000 00:00 0 
7fac80000000-7fac813c2000 rw-p 00000000 00:00 0 
7fac813c2000-7fac84000000 ---p 00000000 00:00 0 
7fac84000000-7fac851ac000 rw-p 00000000 00:00 0 
7fac851ac000-7fac88000000 ---p 00000000 00:00 0 
7fac88000000-7fac88021000 rw-p 00000000 00:00 0 
7fac88021000-7fac8c000000 ---p 00000000 00:00 0 
7fac8c000000-7fac8c021000 rw-p 00000000 00:00 0 
7fac8c021000-7fac90000000 ---p 00000000 00:00 0 
7fac90000000-7fac90032000 rw-p 00000000 00:00 0 
7fac90032000-7fac94000000 ---p 00000000 00:00 0 
7fac94000000-7fac94021000 rw-p 00000000 00:00 0 
7fac94021000-7fac98000000 ---p 00000000 00:00 0 
7fac98000000-7fac98021000 rw-p 00000000 00:00 0 
7fac98021000-7fac9c000000 ---p 00000000 00:00 0 
7fac9c000000-7fac9c001000 r--s 00000000 08:03 3677082                    /var/cache/fontconfig/dc05db6664285cc2f12bf69c139ae4c3-le64.cache-4
7fac9c008000-7fac9c009000 r--s 00000000 08:03 3670956                    /var/cache/fontconfig/4794a0821666d79190d59a36cb4f44b5-le64.cache-4
7fac9c010000-7fac9c015000 r--s 00000000 08:03 3677068                    /var/cache/fontconfig/8801497958630a81b71ace7c5f9b32a8-le64.cache-4
7fac9c018000-7fac9c053000 r--s 00000000 08:03 3673862                    /var/cache/fontconfig/365b55f210c0a22e9a19e35191240f32-le64.cache-4
7fac9c058000-7fac9c05f000 r--s 00000000 08:03 3677056                    /var/cache/fontconfig/3047814df9a2f067bd2d96a2b9c36e5a-le64.cache-4
7fac9c060000-7fac9c061000 r--s 00000000 08:03 3677062                    /var/cache/fontconfig/56cf4f4769d0f4abc89a4895d7bd3ae1-le64.cache-4
7fac9c068000-7fac9c069000 r--s 00000000 08:03 3677074                    /var/cache/fontconfig/b9d506c9ac06c20b433354fa67a72993-le64.cache-4
7fac9c070000-7fac9c076000 r--s 00000000 08:03 3677073                    /var/cache/fontconfig/b47c4e1ecd0709278f4910c18777a504-le64.cache-4
7fac9c078000-7fac9c081000 r--s 00000000 08:03 3673884                    /var/cache/fontconfig/52f7bdb7ce746bfd7eaa1985bd9cfa93-le64.cache-4
7fac9c088000-7fac9c09b000 r--s 00000000 08:03 3677079                    /var/cache/fontconfig/d52a8644073d54c13679302ca1180695-le64.cache-4
7fac9c0a0000-7fac9c0a9000 r--s 00000000 08:03 3670935                    /var/cache/fontconfig/3f7329c5293ffd510edef78f73874cfd-le64.cache-4
7fac9c0b0000-7fac9c0b4000 r--s 00000000 08:03 3677080                    /var/cache/fontconfig/d589a48862398ed80a3d6066f4f56f4c-le64.cache-4
7fac9c0b8000-7fac9c0b9000 r--s 00000000 08:03 3677051                    /var/cache/fontconfig/0c9eb80ebd1c36541ebe2852d3bb0c49-le64.cache-4
7fac9c0c0000-7fac9c0cd000 r--s 00000000 08:03 3678610                    /var/cache/fontconfig/e13b20fdb08344e0e664864cc2ede53d-le64.cache-4
7fac9c0d0000-7fac9c0d4000 r--s 00000000 08:03 3678863                    /var/cache/fontconfig/7ef2298fde41cc6eeb7af42e48b7d293-le64.cache-4
7fac9c0d7000-7fac9c0da000 ---p 00000000 00:00 0 
7fac9c0da000-7fac9c1d8000 rw-p 00000000 00:00 0                          [stack:21650]
7fac9c1d8000-7fac9c22c000 r-xp 00000000 08:03 3426038                    /usr/lib/jvm/java-8-oracle/jre/lib/amd64/libawt_xawt.so
7fac9c22c000-7fac9c42c000 ---p 00054000 08:03 3426038                    /usr/lib/jvm/java-8-oracle/jre/lib/amd64/libawt_xawt.so
7fac9c42c000-7fac9c430000 rw-p 00054000 08:03 3426038                    /usr/lib/jvm/java-8-oracle/jre/lib/amd64/libawt_xawt.so
7fac9c430000-7fac9c431000 rw-p 00000000 00:00 0 
7fac9c438000-7fac9c4da000 r-xp 00000000 08:03 3426072                    /usr/lib/jvm/java-8-oracle/jre/lib/amd64/libawt.so
7fac9c4da000-7fac9c6da000 ---p 000a2000 08:03 3426072                    /usr/lib/jvm/java-8-oracle/jre/lib/amd64/libawt.so
7fac9c6da000-7fac9c6e6000 rw-p 000a2000 08:03 3426072                    /usr/lib/jvm/java-8-oracle/jre/lib/amd64/libawt.so
7fac9c6e6000-7fac9c70a000 rw-p 00000000 00:00 0 
7fac9c710000-7fac9c910000 rw-p 00000000 00:00 0 
7fac9c910000-7fac9c926000 r-xp 00000000 08:03 3426019                    /usr/lib/jvm/java-8-oracle/jre/lib/amd64/libnet.so
7fac9c926000-7fac9cb26000 ---p 00016000 08:03 3426019                    /usr/lib/jvm/java-8-oracle/jre/lib/amd64/libnet.so
7fac9cb26000-7fac9cb27000 rw-p 00016000 08:03 3426019                    /usr/lib/jvm/java-8-oracle/jre/lib/amd64/libnet.so
7fac9cb28000-7fac9cb30000 r-xp 00000000 08:03 3426021                    /usr/lib/jvm/java-8-oracle/jre/lib/amd64/libmanagement.so
7fac9cb30000-7fac9cd30000 ---p 00008000 08:03 3426021                    /usr/lib/jvm/java-8-oracle/jre/lib/amd64/libmanagement.so
7fac9cd30000-7fac9cd31000 rw-p 00008000 08:03 3426021                    /usr/lib/jvm/java-8-oracle/jre/lib/amd64/libmanagement.so
7fac9cd33000-7fac9cd4f000 r--s 00393000 08:03 3434565                    /usr/lib/jvm/java-8-oracle/jre/lib/ext/cldrdata.jar
7fac9cd56000-7fac9cd61000 r--s 00116000 08:03 3426141                    /usr/lib/jvm/java-8-oracle/jre/lib/ext/localedata.jar
7fac9cd64000-7fac9cd6d000 r--s 000e4000 08:03 2764098                    /home/cigreja/.m2/repository/mysql/mysql-connector-java/5.1.35/mysql-connector-java-5.1.35.jar
7fac9cd6d000-7fac9cd74000 r--s 0003d000 08:03 2764097                    /home/cigreja/.m2/repository/org/yaml/snakeyaml/1.14/snakeyaml-1.14.jar
7fac9cd7a000-7fac9cd8f000 r--s 000e2000 08:03 2764096                    /home/cigreja/.m2/repository/org/springframework/spring-core/4.1.6.RELEASE/spring-core-4.1.6.RELEASE.jar
7fac9cd95000-7fac9cda0000 r--s 00065000 08:03 2764093                    /home/cigreja/.m2/repository/ch/qos/logback/logback-core/1.1.3/logback-core-1.1.3.jar
7fac9cda7000-7fac9cdad000 r--s 0003f000 08:03 2764092                    /home/cigreja/.m2/repository/ch/qos/logback/logback-classic/1.1.3/logback-classic-1.1.3.jar
7fac9cdad000-7fac9cdae000 r--s 00005000 08:03 2764091                    /home/cigreja/.m2/repository/org/slf4j/log4j-over-slf4j/1.7.11/log4j-over-slf4j-1.7.11.jar
7fac9cdb0000-7fac9cdb2000 r--s 00000000 08:03 2764089                    /home/cigreja/.m2/repository/org/slf4j/jul-to-slf4j/1.7.11/jul-to-slf4j-1.7.11.jar
7fac9cdb7000-7fac9cdb8000 r--s 00007000 08:03 2764084                    /home/cigreja/.m2/repository/org/slf4j/slf4j-api/1.7.11/slf4j-api-1.7.11.jar
7fac9cdbb000-7fac9cdbd000 r--s 00003000 08:03 2764082                    /home/cigreja/.m2/repository/org/slf4j/jcl-over-slf4j/1.7.11/jcl-over-slf4j-1.7.11.jar
7fac9cdc3000-7fac9cdd3000 r--s 0006b000 08:03 2764078                    /home/cigreja/.m2/repository/org/springframework/boot/spring-boot-autoconfigure/1.2.3.RELEASE/spring-boot-autoconfigure-1.2.3.RELEASE.jar
7fac9cdd3000-7fac9cdd8000 r--s 0003b000 08:03 2764076                    /home/cigreja/.m2/repository/org/springframework/spring-expression/4.1.6.RELEASE/spring-expression-4.1.6.RELEASE.jar
7fac9cdd8000-7fac9cde5000 r--s 000a0000 08:03 2764074                    /home/cigreja/.m2/repository/org/springframework/spring-beans/4.1.6.RELEASE/spring-beans-4.1.6.RELEASE.jar
7fac9cdea000-7fac9cdeb000 ---p 00000000 00:00 0 
7fac9cdeb000-7fac9ceeb000 rw-p 00000000 00:00 0                          [stack:21649]
7fac9ceeb000-7fac9ceee000 ---p 00000000 00:00 0 
7fac9ceee000-7fac9cfec000 rw-p 00000000 00:00 0                          [stack:21648]
7fac9cfec000-7fac9cfef000 ---p 00000000 00:00 0 
7fac9cfef000-7fac9d0ed000 rw-p 00000000 00:00 0                          [stack:21647]
7fac9d0ed000-7fac9d0f0000 ---p 00000000 00:00 0 
7fac9d0f0000-7fac9d1ee000 rw-p 00000000 00:00 0                          [stack:21646]
7fac9d1ee000-7fac9d1f1000 ---p 00000000 00:00 0 
7fac9d1f1000-7fac9d2ef000 rw-p 00000000 00:00 0                          [stack:21645]
7fac9d2ef000-7fac9d2f2000 ---p 00000000 00:00 0 
7fac9d2f2000-7fac9d3f0000 rw-p 00000000 00:00 0                          [stack:21644]
7fac9d3f0000-7fac9dad2000 r--p 00000000 08:03 3415887                    /usr/lib/locale/locale-archive
7fac9dad4000-7fac9dad7000 ---p 00000000 00:00 0 
7fac9dad7000-7fac9dbd5000 rw-p 00000000 00:00 0                          [stack:21643]
7fac9dbd5000-7fac9dbd8000 ---p 00000000 00:00 0 
7fac9dbd8000-7fac9dcd6000 rw-p 00000000 00:00 0                          [stack:21642]
7fac9dcd6000-7fac9dcd7000 ---p 00000000 00:00 0 
7fac9dcd7000-7faca8000000 rw-p 00000000 00:00 0                          [stack:21641]
7faca8000000-7faca8021000 rw-p 00000000 00:00 0 
7faca8021000-7facac000000 ---p 00000000 00:00 0 
7facac000000-7facac021000 rw-p 00000000 00:00 0 
7facac021000-7facb0000000 ---p 00000000 00:00 0 
7facb0000000-7facb0021000 rw-p 00000000 00:00 0 
7facb0021000-7facb4000000 ---p 00000000 00:00 0 
7facb4000000-7facb4021000 rw-p 00000000 00:00 0 
7facb4021000-7facb8000000 ---p 00000000 00:00 0 
7facb8000000-7facb8021000 rw-p 00000000 00:00 0 
7facb8021000-7facbc000000 ---p 00000000 00:00 0 
7facbc000000-7facbc001000 r--s 00000000 08:03 2764083                    /home/cigreja/.m2/repository/org/springframework/boot/spring-boot-starter-logging/1.2.3.RELEASE/spring-boot-starter-logging-1.2.3.RELEASE.jar
7facbc008000-7facbc00a000 r--s 00000000 08:03 2764073                    /home/cigreja/.m2/repository/aopalliance/aopalliance/1.0/aopalliance-1.0.jar
7facbc00b000-7facbc023000 r--s 000e3000 08:03 2764070                    /home/cigreja/.m2/repository/org/springframework/spring-context/4.1.6.RELEASE/spring-context-4.1.6.RELEASE.jar
7facbc026000-7facbc030000 r--s 0005e000 08:03 2764071                    /home/cigreja/.m2/repository/org/springframework/boot/spring-boot/1.2.3.RELEASE/spring-boot-1.2.3.RELEASE.jar
7facbc034000-7facbc149000 rw-p 00000000 00:00 0 
7facbc149000-7facbc322000 r--s 03d09000 08:03 3425955                    /usr/lib/jvm/java-8-oracle/jre/lib/rt.jar
7facbc326000-7facbc327000 ---p 00000000 00:00 0 
7facbc327000-7facbc427000 rw-p 00000000 00:00 0                          [stack:21640]
7facbc427000-7facbc428000 ---p 00000000 00:00 0 
7facbc428000-7facbc528000 rw-p 00000000 00:00 0                          [stack:21639]
7facbc528000-7facbc529000 ---p 00000000 00:00 0 
7facbc529000-7facbc629000 rw-p 00000000 00:00 0                          [stack:21638]
7facbc629000-7facbc62a000 ---p 00000000 00:00 0 
7facbc62a000-7facbc72a000 rw-p 00000000 00:00 0                          [stack:21637]
7facbc72a000-7facbc72b000 ---p 00000000 00:00 0 
7facbc72b000-7facbc855000 rw-p 00000000 00:00 0                          [stack:21636]
7facbc855000-7facbcd63000 ---p 00000000 00:00 0 
7facbcd63000-7facbcf69000 rw-p 00000000 00:00 0 
7facbcf69000-7facbcfff000 ---p 00000000 00:00 0 
7facbcfff000-7facbd000000 rw-p 00000000 00:00 0 
7facbd000000-7facbdb80000 rwxp 00000000 00:00 0 
7facbdb80000-7faccc000000 ---p 00000000 00:00 0 
7faccc000000-7faccc944000 rw-p 00000000 00:00 0 
7faccc944000-7facd0000000 ---p 00000000 00:00 0 
7facd0007000-7facd0010000 r--s 0004f000 08:03 2764072                    /home/cigreja/.m2/repository/org/springframework/spring-aop/4.1.6.RELEASE/spring-aop-4.1.6.RELEASE.jar
7facd0010000-7facd0011000 r--s 00000000 08:03 2764068                    /home/cigreja/.m2/repository/org/springframework/boot/spring-boot-starter/1.2.3.RELEASE/spring-boot-starter-1.2.3.RELEASE.jar
7facd0011000-7facd0087000 rw-p 00000000 00:00 0 
7facd0087000-7facd0088000 ---p 00000000 00:00 0 
7facd0088000-7facd01b2000 rw-p 00000000 00:00 0                          [stack:21635]
7facd01b2000-7facd06c0000 ---p 00000000 00:00 0 
7facd06c0000-7facd06ee000 rw-p 00000000 00:00 0 
7facd06ee000-7facd0a80000 ---p 00000000 00:00 0 
7facd0a80000-7facd0a9a000 r-xp 00000000 08:03 3426028                    /usr/lib/jvm/java-8-oracle/jre/lib/amd64/libzip.so
7facd0a9a000-7facd0c9a000 ---p 0001a000 08:03 3426028                    /usr/lib/jvm/java-8-oracle/jre/lib/amd64/libzip.so
7facd0c9a000-7facd0c9b000 rw-p 0001a000 08:03 3426028                    /usr/lib/jvm/java-8-oracle/jre/lib/amd64/libzip.so
7facd0ca0000-7facd0cab000 r-xp 00000000 08:03 393242                     /lib/x86_64-linux-gnu/libnss_files-2.19.so
7facd0cab000-7facd0eaa000 ---p 0000b000 08:03 393242                     /lib/x86_64-linux-gnu/libnss_files-2.19.so
7facd0eaa000-7facd0eab000 r--p 0000a000 08:03 393242                     /lib/x86_64-linux-gnu/libnss_files-2.19.so
7facd0eab000-7facd0eac000 rw-p 0000b000 08:03 393242                     /lib/x86_64-linux-gnu/libnss_files-2.19.so
7facd0eb0000-7facd0ebb000 r-xp 00000000 08:03 397310                     /lib/x86_64-linux-gnu/libnss_nis-2.19.so
7facd0ebb000-7facd10ba000 ---p 0000b000 08:03 397310                     /lib/x86_64-linux-gnu/libnss_nis-2.19.so
7facd10ba000-7facd10bb000 r--p 0000a000 08:03 397310                     /lib/x86_64-linux-gnu/libnss_nis-2.19.so
7facd10bb000-7facd10bc000 rw-p 0000b000 08:03 397310                     /lib/x86_64-linux-gnu/libnss_nis-2.19.so
7facd10c0000-7facd10d7000 r-xp 00000000 08:03 393311                     /lib/x86_64-linux-gnu/libnsl-2.19.so
7facd10d7000-7facd12d6000 ---p 00017000 08:03 393311                     /lib/x86_64-linux-gnu/libnsl-2.19.so
7facd12d6000-7facd12d7000 r--p 00016000 08:03 393311                     /lib/x86_64-linux-gnu/libnsl-2.19.so
7facd12d7000-7facd12d8000 rw-p 00017000 08:03 393311                     /lib/x86_64-linux-gnu/libnsl-2.19.so
7facd12d8000-7facd12da000 rw-p 00000000 00:00 0 
7facd12e0000-7facd12e9000 r-xp 00000000 08:03 393310                     /lib/x86_64-linux-gnu/libnss_compat-2.19.so
7facd12e9000-7facd14e8000 ---p 00009000 08:03 393310                     /lib/x86_64-linux-gnu/libnss_compat-2.19.so
7facd14e8000-7facd14e9000 r--p 00008000 08:03 393310                     /lib/x86_64-linux-gnu/libnss_compat-2.19.so
7facd14e9000-7facd14ea000 rw-p 00009000 08:03 393310                     /lib/x86_64-linux-gnu/libnss_compat-2.19.so
7facd14f0000-7facd151a000 r-xp 00000000 08:03 3426011                    /usr/lib/jvm/java-8-oracle/jre/lib/amd64/libjava.so
7facd151a000-7facd171a000 ---p 0002a000 08:03 3426011                    /usr/lib/jvm/java-8-oracle/jre/lib/amd64/libjava.so
7facd171a000-7facd171c000 rw-p 0002a000 08:03 3426011                    /usr/lib/jvm/java-8-oracle/jre/lib/amd64/libjava.so
7facd1720000-7facd172d000 r-xp 00000000 08:03 3426068                    /usr/lib/jvm/java-8-oracle/jre/lib/amd64/libverify.so
7facd172d000-7facd192d000 ---p 0000d000 08:03 3426068                    /usr/lib/jvm/java-8-oracle/jre/lib/amd64/libverify.so
7facd192d000-7facd192f000 rw-p 0000d000 08:03 3426068                    /usr/lib/jvm/java-8-oracle/jre/lib/amd64/libverify.so
7facd1930000-7facd1937000 r-xp 00000000 08:03 393319                     /lib/x86_64-linux-gnu/librt-2.19.so
7facd1937000-7facd1b36000 ---p 00007000 08:03 393319                     /lib/x86_64-linux-gnu/librt-2.19.so
7facd1b36000-7facd1b37000 r--p 00006000 08:03 393319                     /lib/x86_64-linux-gnu/librt-2.19.so
7facd1b37000-7facd1b38000 rw-p 00007000 08:03 393319                     /lib/x86_64-linux-gnu/librt-2.19.so
7facd1b38000-7facd1c3d000 r-xp 00000000 08:03 393235                     /lib/x86_64-linux-gnu/libm-2.19.so
7facd1c3d000-7facd1e3c000 ---p 00105000 08:03 393235                     /lib/x86_64-linux-gnu/libm-2.19.so
7facd1e3c000-7facd1e3d000 r--p 00104000 08:03 393235                     /lib/x86_64-linux-gnu/libm-2.19.so
7facd1e3d000-7facd1e3e000 rw-p 00105000 08:03 393235                     /lib/x86_64-linux-gnu/libm-2.19.so
7facd1e40000-7facd2aee000 r-xp 00000000 08:03 3426057                    /usr/lib/jvm/java-8-oracle/jre/lib/amd64/server/libjvm.so
7facd2aee000-7facd2ced000 ---p 00cae000 08:03 3426057                    /usr/lib/jvm/java-8-oracle/jre/lib/amd64/server/libjvm.so
7facd2ced000-7facd2dc4000 rw-p 00cad000 08:03 3426057                    /usr/lib/jvm/java-8-oracle/jre/lib/amd64/server/libjvm.so
7facd2dc4000-7facd2e08000 rw-p 00000000 00:00 0 
7facd2e08000-7facd2fc3000 r-xp 00000000 08:03 393316                     /lib/x86_64-linux-gnu/libc-2.19.so
7facd2fc3000-7facd31c2000 ---p 001bb000 08:03 393316                     /lib/x86_64-linux-gnu/libc-2.19.so
7facd31c2000-7facd31c6000 r--p 001ba000 08:03 393316                     /lib/x86_64-linux-gnu/libc-2.19.so
7facd31c6000-7facd31c8000 rw-p 001be000 08:03 393316                     /lib/x86_64-linux-gnu/libc-2.19.so
7facd31c8000-7facd31cd000 rw-p 00000000 00:00 0 
7facd31d0000-7facd31d3000 r-xp 00000000 08:03 393305                     /lib/x86_64-linux-gnu/libdl-2.19.so
7facd31d3000-7facd33d2000 ---p 00003000 08:03 393305                     /lib/x86_64-linux-gnu/libdl-2.19.so
7facd33d2000-7facd33d3000 r--p 00002000 08:03 393305                     /lib/x86_64-linux-gnu/libdl-2.19.so
7facd33d3000-7facd33d4000 rw-p 00003000 08:03 393305                     /lib/x86_64-linux-gnu/libdl-2.19.so
7facd33d8000-7facd33ed000 r-xp 00000000 08:03 3425246                    /usr/lib/jvm/java-8-oracle/lib/amd64/jli/libjli.so
7facd33ed000-7facd35ed000 ---p 00015000 08:03 3425246                    /usr/lib/jvm/java-8-oracle/lib/amd64/jli/libjli.so
7facd35ed000-7facd35ee000 rw-p 00015000 08:03 3425246                    /usr/lib/jvm/java-8-oracle/lib/amd64/jli/libjli.so
7facd35f0000-7facd3609000 r-xp 00000000 08:03 393317                     /lib/x86_64-linux-gnu/libpthread-2.19.so
7facd3609000-7facd3808000 ---p 00019000 08:03 393317                     /lib/x86_64-linux-gnu/libpthread-2.19.so
7facd3808000-7facd3809000 r--p 00018000 08:03 393317                     /lib/x86_64-linux-gnu/libpthread-2.19.so
7facd3809000-7facd380a000 rw-p 00019000 08:03 393317                     /lib/x86_64-linux-gnu/libpthread-2.19.so
7facd380a000-7facd380e000 rw-p 00000000 00:00 0 
7facd3810000-7facd3833000 r-xp 00000000 08:03 393313                     /lib/x86_64-linux-gnu/ld-2.19.so
7facd3834000-7facd3928000 rw-p 00000000 00:00 0 
7facd3928000-7facd3930000 rw-s 00000000 08:03 676951                     /tmp/hsperfdata_cigreja/21630
7facd3930000-7facd3931000 rw-p 00000000 00:00 0 
7facd3931000-7facd3934000 ---p 00000000 00:00 0 
7facd3934000-7facd3a32000 rw-p 00000000 00:00 0                          [stack:21634]
7facd3a32000-7facd3a33000 r--p 00022000 08:03 393313                     /lib/x86_64-linux-gnu/ld-2.19.so
7facd3a33000-7facd3a34000 rw-p 00023000 08:03 393313                     /lib/x86_64-linux-gnu/ld-2.19.so
7facd3a34000-7facd3a35000 rw-p 00000000 00:00 0 
7facd3a35000-7facd3a36000 r--p 00000000 00:00 0 
7facd3a36000-7facd3a3c000 rw-p 00000000 00:00 0 
7ffd0e6d8000-7ffd0e6fa000 rw-p 00000000 00:00 0                          [stack]
7ffd0e740000-7ffd0e742000 r-xp 00000000 00:00 0                          [vdso]
7ffd0e742000-7ffd0e744000 r--p 00000000 00:00 0                          [vvar]
ffffffffff600000-ffffffffff601000 r-xp 00000000 00:00 0                  [vsyscall]

VM Arguments:
java_command: com.elle.analyster.Application
java_class_path (initial): /home/cigreja/Dropbox/AnalysterCarlos/Analyster/target/classes:/home/cigreja/.m2/repository/org/springframework/boot/spring-boot-starter/1.2.3.RELEASE/spring-boot-starter-1.2.3.RELEASE.jar:/home/cigreja/.m2/repository/org/springframework/boot/spring-boot/1.2.3.RELEASE/spring-boot-1.2.3.RELEASE.jar:/home/cigreja/.m2/repository/org/springframework/spring-context/4.1.6.RELEASE/spring-context-4.1.6.RELEASE.jar:/home/cigreja/.m2/repository/org/springframework/spring-aop/4.1.6.RELEASE/spring-aop-4.1.6.RELEASE.jar:/home/cigreja/.m2/repository/aopalliance/aopalliance/1.0/aopalliance-1.0.jar:/home/cigreja/.m2/repository/org/springframework/spring-beans/4.1.6.RELEASE/spring-beans-4.1.6.RELEASE.jar:/home/cigreja/.m2/repository/org/springframework/spring-expression/4.1.6.RELEASE/spring-expression-4.1.6.RELEASE.jar:/home/cigreja/.m2/repository/org/springframework/boot/spring-boot-autoconfigure/1.2.3.RELEASE/spring-boot-autoconfigure-1.2.3.RELEASE.jar:/home/cigreja/.m2/repository/org/springframework/boot/spring-boot-starter-logging/1.2.3.RELEASE/spring-boot-starter-logging-1.2.3.RELEASE.jar:/home/cigreja/.m2/repository/org/slf4j/jcl-over-slf4j/1.7.11/jcl-over-slf4j-1.7.11.jar:/home/cigreja/.m2/repository/org/slf4j/slf4j-api/1.7.11/slf4j-api-1.7.11.jar:/home/cigreja/.m2/repository/org/slf4j/jul-to-slf4j/1.7.11/jul-to-slf4j-1.7.11.jar:/home/cigreja/.m2/repository/org/slf4j/log4j-over-slf4j/1.7.11/log4j-over-slf4j-1.7.11.jar:/home/cigreja/.m2/repository/ch/qos/logback/logback-classic/1.1.3/logback-classic-1.1.3.jar:/home/cigreja/.m2/repository/ch/qos/logback/logback-core/1.1.3/logback-core-1.1.3.jar:/home/cigreja/.m2/repository/org/springframework/spring-core/4.1.6.RELEASE/spring-core-4.1.6.RELEASE.jar:/home/cigreja/.m2/repository/org/yaml/snakeyaml/1.14/snakeyaml-1.14.jar:/home/cigreja/.m2/repository/mysql/mysql-connector-java/5.1.35/mysql-connector-java-5.1.35.jar
Launcher Type: SUN_STANDARD

Environment Variables:
JAVA_HOME=/usr/lib/jvm/java-8-oracle
PATH=/usr/local/sbin:/usr/local/bin:/usr/sbin:/usr/bin:/sbin:/bin:/usr/games:/usr/local/games:/usr/lib/jvm/java-8-oracle/bin:/usr/lib/jvm/java-8-oracle/db/bin:/usr/lib/jvm/java-8-oracle/jre/bin
LD_LIBRARY_PATH=/usr/lib/jvm/java-8-oracle/jre/lib/amd64:/usr/lib/jvm/java-8-oracle/jre/lib/i386:
SHELL=/bin/bash
DISPLAY=:0

Signal Handlers:
SIGSEGV: [libjvm.so+0xaad1e0], sa_mask[0]=11111111011111111101111111111110, sa_flags=SA_RESTART|SA_SIGINFO
SIGBUS: [libjvm.so+0xaad1e0], sa_mask[0]=11111111011111111101111111111110, sa_flags=SA_RESTART|SA_SIGINFO
SIGFPE: [libjvm.so+0x90b450], sa_mask[0]=11111111011111111101111111111110, sa_flags=SA_RESTART|SA_SIGINFO
SIGPIPE: [libjvm.so+0x90b450], sa_mask[0]=11111111011111111101111111111110, sa_flags=SA_RESTART|SA_SIGINFO
SIGXFSZ: [libjvm.so+0x90b450], sa_mask[0]=11111111011111111101111111111110, sa_flags=SA_RESTART|SA_SIGINFO
SIGILL: [libjvm.so+0x90b450], sa_mask[0]=11111111011111111101111111111110, sa_flags=SA_RESTART|SA_SIGINFO
SIGUSR1: SIG_DFL, sa_mask[0]=00000000000000000000000000000000, sa_flags=none
SIGUSR2: [libjvm.so+0x90ca90], sa_mask[0]=00100000000000000000000000000000, sa_flags=SA_RESTART|SA_SIGINFO
SIGHUP: [libjvm.so+0x90dde0], sa_mask[0]=11111111011111111101111111111110, sa_flags=SA_RESTART|SA_SIGINFO
SIGINT: SIG_IGN, sa_mask[0]=00000000000000000000000000000000, sa_flags=none
SIGTERM: [libjvm.so+0x90dde0], sa_mask[0]=11111111011111111101111111111110, sa_flags=SA_RESTART|SA_SIGINFO
SIGQUIT: [libjvm.so+0x90dde0], sa_mask[0]=11111111011111111101111111111110, sa_flags=SA_RESTART|SA_SIGINFO


---------------  S Y S T E M  ---------------

OS:DISTRIB_ID=Ubuntu
DISTRIB_RELEASE=14.04
DISTRIB_CODENAME=trusty
DISTRIB_DESCRIPTION="Ubuntu 14.04.2 LTS"

uname:Linux 3.16.0-43-generic #58~14.04.1-Ubuntu SMP Mon Jun 22 10:21:20 UTC 2015 x86_64
libc:glibc 2.19 NPTL 2.19 
rlimit: STACK 8192k, CORE 0k, NPROC 63780, NOFILE 4096, AS infinity
load average:2.27 0.76 0.49

/proc/meminfo:
MemTotal:       16415292 kB
MemFree:          167128 kB
MemAvailable:    3721668 kB
Buffers:         1022636 kB
Cached:          4791708 kB
SwapCached:           32 kB
Active:         10601556 kB
Inactive:        4960100 kB
Active(anon):    8962100 kB
Inactive(anon):  3078628 kB
Active(file):    1639456 kB
Inactive(file):  1881472 kB
Unevictable:         264 kB
Mlocked:             264 kB
SwapTotal:      32836604 kB
SwapFree:       32836300 kB
Dirty:              8184 kB
Writeback:             0 kB
AnonPages:       9747928 kB
Mapped:          2804560 kB
Shmem:           2293032 kB
Slab:             348340 kB
SReclaimable:     287016 kB
SUnreclaim:        61324 kB
KernelStack:       16032 kB
PageTables:        80608 kB
NFS_Unstable:          0 kB
Bounce:                0 kB
WritebackTmp:          0 kB
CommitLimit:    41044248 kB
Committed_AS:   21676164 kB
VmallocTotal:   34359738367 kB
VmallocUsed:      340284 kB
VmallocChunk:   34359363180 kB
HardwareCorrupted:     0 kB
AnonHugePages:   7483392 kB
HugePages_Total:       0
HugePages_Free:        0
HugePages_Rsvd:        0
HugePages_Surp:        0
Hugepagesize:       2048 kB
DirectMap4k:      102016 kB
DirectMap2M:     3024896 kB
DirectMap1G:    13631488 kB


CPU:total 6 (6 cores per cpu, 1 threads per core) family 21 model 1 stepping 2, cmov, cx8, fxsr, mmx, sse, sse2, sse3, ssse3, sse4.1, sse4.2, popcnt, avx, aes, clmul, mmxext, 3dnowpref, lzcnt, sse4a, tsc, tscinvbit, tscinv

/proc/cpuinfo:
processor	: 0
vendor_id	: AuthenticAMD
cpu family	: 21
model		: 1
model name	: AMD FX(tm)-6100 Six-Core Processor
stepping	: 2
microcode	: 0x6000629
cpu MHz		: 3300.000
cache size	: 2048 KB
physical id	: 0
siblings	: 6
core id		: 0
cpu cores	: 3
apicid		: 0
initial apicid	: 0
fpu		: yes
fpu_exception	: yes
cpuid level	: 13
wp		: yes
flags		: fpu vme de pse tsc msr pae mce cx8 apic sep mtrr pge mca cmov pat pse36 clflush mmx fxsr sse sse2 ht syscall nx mmxext fxsr_opt pdpe1gb rdtscp lm constant_tsc rep_good nopl nonstop_tsc extd_apicid aperfmperf pni pclmulqdq monitor ssse3 cx16 sse4_1 sse4_2 popcnt aes xsave avx lahf_lm cmp_legacy svm extapic cr8_legacy abm sse4a misalignsse 3dnowprefetch osvw ibs xop skinit wdt lwp fma4 nodeid_msr topoext perfctr_core perfctr_nb arat cpb hw_pstate npt lbrv svm_lock nrip_save tsc_scale vmcb_clean flushbyasid decodeassists pausefilter pfthreshold vmmcall
bogomips	: 6644.67
TLB size	: 1536 4K pages
clflush size	: 64
cache_alignment	: 64
address sizes	: 48 bits physical, 48 bits virtual
power management: ts ttp tm 100mhzsteps hwpstate cpb

processor	: 1
vendor_id	: AuthenticAMD
cpu family	: 21
model		: 1
model name	: AMD FX(tm)-6100 Six-Core Processor             
stepping	: 2
microcode	: 0x6000629
cpu MHz		: 3300.000
cache size	: 2048 KB
physical id	: 0
siblings	: 6
core id		: 1
cpu cores	: 3
apicid		: 1
initial apicid	: 1
fpu		: yes
fpu_exception	: yes
cpuid level	: 13
wp		: yes
flags		: fpu vme de pse tsc msr pae mce cx8 apic sep mtrr pge mca cmov pat pse36 clflush mmx fxsr sse sse2 ht syscall nx mmxext fxsr_opt pdpe1gb rdtscp lm constant_tsc rep_good nopl nonstop_tsc extd_apicid aperfmperf pni pclmulqdq monitor ssse3 cx16 sse4_1 sse4_2 popcnt aes xsave avx lahf_lm cmp_legacy svm extapic cr8_legacy abm sse4a misalignsse 3dnowprefetch osvw ibs xop skinit wdt lwp fma4 nodeid_msr topoext perfctr_core perfctr_nb arat cpb hw_pstate npt lbrv svm_lock nrip_save tsc_scale vmcb_clean flushbyasid decodeassists pausefilter pfthreshold vmmcall
bogomips	: 6644.67
TLB size	: 1536 4K pages
clflush size	: 64
cache_alignment	: 64
address sizes	: 48 bits physical, 48 bits virtual
power management: ts ttp tm 100mhzsteps hwpstate cpb

processor	: 2
vendor_id	: AuthenticAMD
cpu family	: 21
model		: 1
model name	: AMD FX(tm)-6100 Six-Core Processor             
stepping	: 2
microcode	: 0x6000629
cpu MHz		: 3000.000
cache size	: 2048 KB
physical id	: 0
siblings	: 6
core id		: 2
cpu cores	: 3
apicid		: 2
initial apicid	: 2
fpu		: yes
fpu_exception	: yes
cpuid level	: 13
wp		: yes
flags		: fpu vme de pse tsc msr pae mce cx8 apic sep mtrr pge mca cmov pat pse36 clflush mmx fxsr sse sse2 ht syscall nx mmxext fxsr_opt pdpe1gb rdtscp lm constant_tsc rep_good nopl nonstop_tsc extd_apicid aperfmperf pni pclmulqdq monitor ssse3 cx16 sse4_1 sse4_2 popcnt aes xsave avx lahf_lm cmp_legacy svm extapic cr8_legacy abm sse4a misalignsse 3dnowprefetch osvw ibs xop skinit wdt lwp fma4 nodeid_msr topoext perfctr_core perfctr_nb arat cpb hw_pstate npt lbrv svm_lock nrip_save tsc_scale vmcb_clean flushbyasid decodeassists pausefilter pfthreshold vmmcall
bogomips	: 6644.67
TLB size	: 1536 4K pages
clflush size	: 64
cache_alignment	: 64
address sizes	: 48 bits physical, 48 bits virtual
power management: ts ttp tm 100mhzsteps hwpstate cpb

processor	: 3
vendor_id	: AuthenticAMD
cpu family	: 21
model		: 1
model name	: AMD FX(tm)-6100 Six-Core Processor             
stepping	: 2
microcode	: 0x6000629
cpu MHz		: 3300.000
cache size	: 2048 KB
physical id	: 0
siblings	: 6
core id		: 3
cpu cores	: 3
apicid		: 3
initial apicid	: 3
fpu		: yes
fpu_exception	: yes
cpuid level	: 13
wp		: yes
flags		: fpu vme de pse tsc msr pae mce cx8 apic sep mtrr pge mca cmov pat pse36 clflush mmx fxsr sse sse2 ht syscall nx mmxext fxsr_opt pdpe1gb rdtscp lm constant_tsc rep_good nopl nonstop_tsc extd_apicid aperfmperf pni pclmulqdq monitor ssse3 cx16 sse4_1 sse4_2 popcnt aes xsave avx lahf_lm cmp_legacy svm extapic cr8_legacy abm sse4a misalignsse 3dnowprefetch osvw ibs xop skinit wdt lwp fma4 nodeid_msr topoext perfctr_core perfctr_nb arat cpb hw_pstate npt lbrv svm_lock nrip_save tsc_scale vmcb_clean flushbyasid decodeassists pausefilter pfthreshold vmmcall
bogomips	: 6644.67
TLB size	: 1536 4K pages
clflush size	: 64
cache_alignment	: 64
address sizes	: 48 bits physical, 48 bits virtual
power management: ts ttp tm 100mhzsteps hwpstate cpb

processor	: 4
vendor_id	: AuthenticAMD
cpu family	: 21
model		: 1
model name	: AMD FX(tm)-6100 Six-Core Processor             
stepping	: 2
microcode	: 0x6000629
cpu MHz		: 3300.000
cache size	: 2048 KB
physical id	: 0
siblings	: 6
core id		: 4
cpu cores	: 3
apicid		: 4
initial apicid	: 4
fpu		: yes
fpu_exception	: yes
cpuid level	: 13
wp		: yes
flags		: fpu vme de pse tsc msr pae mce cx8 apic sep mtrr pge mca cmov pat pse36 clflush mmx fxsr sse sse2 ht syscall nx mmxext fxsr_opt pdpe1gb rdtscp lm constant_tsc rep_good nopl nonstop_tsc extd_apicid aperfmperf pni pclmulqdq monitor ssse3 cx16 sse4_1 sse4_2 popcnt aes xsave avx lahf_lm cmp_legacy svm extapic cr8_legacy abm sse4a misalignsse 3dnowprefetch osvw ibs xop skinit wdt lwp fma4 nodeid_msr topoext perfctr_core perfctr_nb arat cpb hw_pstate npt lbrv svm_lock nrip_save tsc_scale vmcb_clean flushbyasid decodeassists pausefilter pfthreshold vmmcall
bogomips	: 6644.67
TLB size	: 1536 4K pages
clflush size	: 64
cache_alignment	: 64
address sizes	: 48 bits physical, 48 bits virtual
power management: ts ttp tm 100mhzsteps hwpstate cpb

processor	: 5
vendor_id	: AuthenticAMD
cpu family	: 21
model		: 1
model name	: AMD FX(tm)-6100 Six-Core Processor             
stepping	: 2
microcode	: 0x6000629
cpu MHz		: 3300.000
cache size	: 2048 KB
physical id	: 0
siblings	: 6
core id		: 5
cpu cores	: 3
apicid		: 5
initial apicid	: 5
fpu		: yes
fpu_exception	: yes
cpuid level	: 13
wp		: yes
flags		: fpu vme de pse tsc msr pae mce cx8 apic sep mtrr pge mca cmov pat pse36 clflush mmx fxsr sse sse2 ht syscall nx mmxext fxsr_opt pdpe1gb rdtscp lm constant_tsc rep_good nopl nonstop_tsc extd_apicid aperfmperf pni pclmulqdq monitor ssse3 cx16 sse4_1 sse4_2 popcnt aes xsave avx lahf_lm cmp_legacy svm extapic cr8_legacy abm sse4a misalignsse 3dnowprefetch osvw ibs xop skinit wdt lwp fma4 nodeid_msr topoext perfctr_core perfctr_nb arat cpb hw_pstate npt lbrv svm_lock nrip_save tsc_scale vmcb_clean flushbyasid decodeassists pausefilter pfthreshold vmmcall
bogomips	: 6644.67
TLB size	: 1536 4K pages
clflush size	: 64
cache_alignment	: 64
address sizes	: 48 bits physical, 48 bits virtual
power management: ts ttp tm 100mhzsteps hwpstate cpb



Memory: 4k page, physical 16415292k(166344k free), swap 32836604k(32836300k free)

vm_info: Java HotSpot(TM) 64-Bit Server VM (25.45-b02) for linux-amd64 JRE (1.8.0_45-b14), built on Apr 10 2015 10:07:45 by "java_re" with gcc 4.3.0 20080428 (Red Hat 4.3.0-8)

time: Wed Jul  1 20:48:30 2015
elapsed time: 4997 seconds (0d 1h 23m 17s)

