#
# A fatal error has been detected by the Java Runtime Environment:
#
#  SIGSEGV (0xb) at pc=0x00007f13c71e9443, pid=7292, tid=139722894964480
#
# JRE version: Java(TM) SE Runtime Environment (8.0_45-b14) (build 1.8.0_45-b14)
# Java VM: Java HotSpot(TM) 64-Bit Server VM (25.45-b02 mixed mode linux-amd64 compressed oops)
# Problematic frame:
# C  [libX11.so.6+0x89443]
#
# Failed to write core dump. Core dumps have been disabled. To enable core dumping, try "ulimit -c unlimited" before starting Java again
#
# If you would like to submit a bug report, please visit:
#   http://bugreport.java.com/bugreport/crash.jsp
# The crash happened outside the Java Virtual Machine in native code.
# See problematic frame for where to report the bug.
#

---------------  T H R E A D  ---------------

Current thread (0x00007f13e0785800):  JavaThread "AWT-XAWT" daemon [_thread_in_native, id=7313, stack(0x00007f13c5757000,0x00007f13c5858000)]

siginfo: si_signo: 11 (SIGSEGV), si_code: 1 (SEGV_MAPERR), si_addr: 0x000000000000000a

Registers:
RAX=0x00007f13e06c98e0, RBX=0x00007f13e06ace70, RCX=0x0000000000000000, RDX=0x0000000000000087
RSP=0x00007f13c5856570, RBP=0x000000000000000a, RSI=0x0000000000000000, RDI=0x00007f13e06ace70
R8 =0x0000000000000000, R9 =0x0000000000000006, R10=0x00007f13c5856370, R11=0x00007f13c71ea0a0
R12=0x0000000000000000, R13=0x00007f13c636e130, R14=0x00007f13c5856678, R15=0x00007f13e0785800
RIP=0x00007f13c71e9443, EFLAGS=0x0000000000010246, CSGSFS=0x0000000000000033, ERR=0x0000000000000004
  TRAPNO=0x000000000000000e

Top of Stack: (sp=0x00007f13c5856570)
0x00007f13c5856570:   0000000000000000 00007f13e06ace70
0x00007f13c5856580:   0000000000000047 00007f13c71ea0f1
0x00007f13c5856590:   00007f13c636e130 00007f13c58565b0
0x00007f13c58565a0:   0000000000000000 00007f13c76e0591
0x00007f13c58565b0:   00007f13c5856630 00007f13d1015354
0x00007f13c58565c0:   00007f13c636e130 0000000000000000
0x00007f13c58565d0:   00007f13c5856630 00007f13d10150d9
0x00007f13c58565e0:   00007f13e0785800 00007f13d10150a2
0x00007f13c58565f0:   00007f13c58565f0 00007f13c636e130
0x00007f13c5856600:   00007f13c5856678 00007f13c636f160
0x00007f13c5856610:   0000000000000000 00007f13c636e130
0x00007f13c5856620:   0000000000000000 00007f13c5856650
0x00007f13c5856630:   00007f13c58566c0 00007f13d1007760
0x00007f13c5856640:   00000006c58032f0 00007f13d100f577
0x00007f13c5856650:   0000000000000000 0000000000000000
0x00007f13c5856660:   0000000000000047 00007f13d1007760
0x00007f13c5856670:   00007f13e06ace70 00007f13d1007760
0x00007f13c5856680:   00007f13c5856680 00007f13c6359437
0x00007f13c5856690:   00007f13c58566e8 00007f13c635c618
0x00007f13c58566a0:   0000000000000000 00007f13c6359458
0x00007f13c58566b0:   00007f13c5856650 00007f13c58566e0
0x00007f13c58566c0:   00007f13c5856730 00007f13d1007c4d
0x00007f13c58566d0:   0000000000000001 000000078b944710
0x00007f13c58566e0:   00000006c5807e88 00000006c5807e30
0x00007f13c58566f0:   00007f13c58566f0 00007f13c6353711
0x00007f13c5856700:   00007f13c5856778 00007f13c635c618
0x00007f13c5856710:   0000000000000000 00007f13c63538e8
0x00007f13c5856720:   00007f13c58566e0 00007f13c5856770
0x00007f13c5856730:   00007f13c58567c0 00007f13d1007c4d
0x00007f13c5856740:   0000000000000000 000000078ac5b900
0x00007f13c5856750:   0000000000000000 0000000000000000
0x00007f13c5856760:   0000000000000000 00000006c5807e88 

Instructions: (pc=0x00007f13c71e9443)
0x00007f13c71e9423:   83 ec 08 e8 f5 57 fb ff 48 8b 93 20 0a 00 00 31
0x00007f13c71e9433:   c9 31 f6 48 8b 52 08 8b 52 04 c6 40 01 08 88 10
0x00007f13c71e9443:   0f b7 55 00 66 89 48 06 c6 40 0b 00 c6 40 0a 00
0x00007f13c71e9453:   c6 40 0d 00 c6 40 0c 00 c6 40 0f 00 66 89 50 04 

Register to memory mapping:

RAX=0x00007f13e06c98e0 is an unknown value
RBX=0x00007f13e06ace70 is an unknown value
RCX=0x0000000000000000 is an unknown value
RDX=0x0000000000000087 is an unknown value
RSP=0x00007f13c5856570 is pointing into the stack for thread: 0x00007f13e0785800
RBP=0x000000000000000a is an unknown value
RSI=0x0000000000000000 is an unknown value
RDI=0x00007f13e06ace70 is an unknown value
R8 =0x0000000000000000 is an unknown value
R9 =0x0000000000000006 is an unknown value
R10=0x00007f13c5856370 is pointing into the stack for thread: 0x00007f13e0785800
R11=0x00007f13c71ea0a0: XkbGetUpdatedMap+0 in /usr/lib/x86_64-linux-gnu/libX11.so.6 at 0x00007f13c7160000
R12=0x0000000000000000 is an unknown value
R13={method} {0x00007f13c636e130} 'XkbGetUpdatedMap' '(JJJ)J' in 'sun/awt/X11/XlibWrapper'
R14=0x00007f13c5856678 is pointing into the stack for thread: 0x00007f13e0785800
R15=0x00007f13e0785800 is a thread


Stack: [0x00007f13c5757000,0x00007f13c5858000],  sp=0x00007f13c5856570,  free space=1021k
Native frames: (J=compiled Java code, j=interpreted, Vv=VM code, C=native code)
C  [libX11.so.6+0x89443]

Java frames: (J=compiled Java code, j=interpreted, Vv=VM code)
j  sun.awt.X11.XlibWrapper.XkbGetUpdatedMap(JJJ)J+0
j  sun.awt.X11.XToolkit.processXkbChanges(Lsun/awt/X11/XEvent;)V+87
j  sun.awt.X11.XToolkit.run(Z)V+137
j  sun.awt.X11.XToolkit.run()V+5
j  java.lang.Thread.run()V+11
v  ~StubRoutines::call_stub

---------------  P R O C E S S  ---------------

Java Threads: ( => current thread )
  0x00007f1398003000 JavaThread "SIGTERM handler" daemon [_thread_blocked, id=7406, stack(0x00007f13c40ed000,0x00007f13c41ee000)]
  0x00007f1398002000 JavaThread "SIGTERM handler" daemon [_thread_blocked, id=7405, stack(0x00007f13c42ef000,0x00007f13c43f0000)]
  0x00007f1398001000 JavaThread "SIGTERM handler" daemon [_thread_blocked, id=7401, stack(0x00007f13c41ee000,0x00007f13c42ef000)]
  0x00007f1370016000 JavaThread "Thread-1" [_thread_blocked, id=7318, stack(0x00007f13c523f000,0x00007f13c5340000)]
  0x00007f13e08bc800 JavaThread "AWT-EventQueue-0" [_thread_blocked, id=7316, stack(0x00007f13c503d000,0x00007f13c513e000)]
  0x00007f13e08ba800 JavaThread "AWT-Shutdown" [_thread_blocked, id=7315, stack(0x00007f13c513e000,0x00007f13c523f000)]
=>0x00007f13e0785800 JavaThread "AWT-XAWT" daemon [_thread_in_native, id=7313, stack(0x00007f13c5757000,0x00007f13c5858000)]
  0x00007f13e0757000 JavaThread "Java2D Disposer" daemon [_thread_blocked, id=7312, stack(0x00007f13cc0e7000,0x00007f13cc1e8000)]
  0x00007f13e00cf000 JavaThread "Service Thread" daemon [_thread_blocked, id=7310, stack(0x00007f13cc5b3000,0x00007f13cc6b4000)]
  0x00007f13e00c2000 JavaThread "C1 CompilerThread2" daemon [_thread_blocked, id=7309, stack(0x00007f13cc6b4000,0x00007f13cc7b5000)]
  0x00007f13e00c0000 JavaThread "C2 CompilerThread1" daemon [_thread_blocked, id=7308, stack(0x00007f13cc7b5000,0x00007f13cc8b6000)]
  0x00007f13e00bd800 JavaThread "C2 CompilerThread0" daemon [_thread_blocked, id=7307, stack(0x00007f13cc8b6000,0x00007f13cc9b7000)]
  0x00007f13e00bc000 JavaThread "Signal Dispatcher" daemon [_thread_blocked, id=7306, stack(0x00007f13cc9b7000,0x00007f13ccab8000)]
  0x00007f13e0083800 JavaThread "Finalizer" daemon [_thread_blocked, id=7305, stack(0x00007f13cd19c000,0x00007f13cd29d000)]
  0x00007f13e0081800 JavaThread "Reference Handler" daemon [_thread_blocked, id=7304, stack(0x00007f13cd29d000,0x00007f13cd39e000)]
  0x00007f13e000a800 JavaThread "main" [_thread_blocked, id=7296, stack(0x00007f13e72ac000,0x00007f13e73ad000)]

Other Threads:
  0x00007f13e007c800 VMThread [stack: 0x00007f13cd39e000,0x00007f13cd49f000] [id=7303]
  0x00007f13e00d1800 WatcherThread [stack: 0x00007f13cc4b2000,0x00007f13cc5b3000] [id=7311]

VM state:not at safepoint (normal execution)

VM Mutex/Monitor currently owned by a thread: None

Heap:
 PSYoungGen      total 730624K, used 542258K [0x000000076c800000, 0x00000007a8c80000, 0x00000007c0000000)
  eden space 721920K, 74% used [0x000000076c800000,0x000000078d62d320,0x0000000798900000)
  from space 8704K, 39% used [0x0000000798900000,0x0000000798c5f650,0x0000000799180000)
  to   space 8192K, 0% used [0x00000007a8480000,0x00000007a8480000,0x00000007a8c80000)
 ParOldGen       total 83456K, used 5021K [0x00000006c5800000, 0x00000006ca980000, 0x000000076c800000)
  object space 83456K, 6% used [0x00000006c5800000,0x00000006c5ce7478,0x00000006ca980000)
 Metaspace       used 24160K, capacity 24396K, committed 24704K, reserved 1071104K
  class space    used 3065K, capacity 3171K, committed 3200K, reserved 1048576K

Card table byte_map: [0x00007f13d082b000,0x00007f13d1000000] byte_map_base: 0x00007f13cd1ff000

Marking Bits: (ParMarkBitMap*) 0x00007f13e675d760
 Begin Bits: [0x00007f13a02c0000, 0x00007f13a4160000)
 End Bits:   [0x00007f13a4160000, 0x00007f13a8000000)

Polling page: 0x00007f13e72ab000

CodeCache: size=245760Kb used=9905Kb max_used=10216Kb free=235854Kb
 bounds [0x00007f13d1000000, 0x00007f13d1a10000, 0x00007f13e0000000]
 total_blobs=3542 nmethods=2942 adapters=513
 compilation: enabled

Compilation events (10 events):
Event: 8574.659 Thread 0x00007f13e00c2000 3280   !   3       sun.awt.X11.XToolkit::notifyListeners (100 bytes)
Event: 8574.660 Thread 0x00007f13e00c2000 nmethod 3280 0x00007f13d1632c10 code [0x00007f13d1632ee0, 0x00007f13d1634178]
Event: 8937.029 Thread 0x00007f13e00bd800 3281       4       java.lang.Long::compareTo (9 bytes)
Event: 8937.030 Thread 0x00007f13e00bd800 nmethod 3281 0x00007f13d17bf150 code [0x00007f13d17bf2a0, 0x00007f13d17bf358]
Event: 11511.856 Thread 0x00007f13e00c2000 3282       3       java.lang.Long::equals (30 bytes)
Event: 11511.856 Thread 0x00007f13e00c2000 nmethod 3282 0x00007f13d167fe50 code [0x00007f13d167ffe0, 0x00007f13d16804b0]
Event: 11697.975 Thread 0x00007f13e00c2000 3283  s    3       java.util.Vector::iterator (10 bytes)
Event: 11697.976 Thread 0x00007f13e00c2000 nmethod 3283 0x00007f13d18bf290 code [0x00007f13d18bf420, 0x00007f13d18bf890]
Event: 11697.976 Thread 0x00007f13e00c2000 3284       3       java.util.Vector$Itr::<init> (6 bytes)
Event: 11697.976 Thread 0x00007f13e00c2000 nmethod 3284 0x00007f13d167f950 code [0x00007f13d167fac0, 0x00007f13d167fd10]

GC Heap History (10 events):
Event: 2.453 GC heap before
{Heap before GC invocations=6 (full 1):
 PSYoungGen      total 268800K, used 258048K [0x000000076c800000, 0x000000077d900000, 0x00000007c0000000)
  eden space 258048K, 100% used [0x000000076c800000,0x000000077c400000,0x000000077c400000)
  from space 10752K, 0% used [0x000000077ce80000,0x000000077ce80000,0x000000077d900000)
  to   space 10752K, 0% used [0x000000077c400000,0x000000077c400000,0x000000077ce80000)
 ParOldGen       total 83456K, used 4821K [0x00000006c5800000, 0x00000006ca980000, 0x000000076c800000)
  object space 83456K, 5% used [0x00000006c5800000,0x00000006c5cb5470,0x00000006ca980000)
 Metaspace       used 20700K, capacity 20972K, committed 21504K, reserved 1069056K
  class space    used 2593K, capacity 2691K, committed 2816K, reserved 1048576K
Event: 2.456 GC heap after
Heap after GC invocations=6 (full 1):
 PSYoungGen      total 268800K, used 323K [0x000000076c800000, 0x0000000789180000, 0x00000007c0000000)
  eden space 258048K, 0% used [0x000000076c800000,0x000000076c800000,0x000000077c400000)
  from space 10752K, 3% used [0x000000077c400000,0x000000077c450dd0,0x000000077ce80000)
  to   space 8704K, 0% used [0x0000000788900000,0x0000000788900000,0x0000000789180000)
 ParOldGen       total 83456K, used 4829K [0x00000006c5800000, 0x00000006ca980000, 0x000000076c800000)
  object space 83456K, 5% used [0x00000006c5800000,0x00000006c5cb7470,0x00000006ca980000)
 Metaspace       used 20700K, capacity 20972K, committed 21504K, reserved 1069056K
  class space    used 2593K, capacity 2691K, committed 2816K, reserved 1048576K
}
Event: 2.637 GC heap before
{Heap before GC invocations=7 (full 1):
 PSYoungGen      total 268800K, used 258371K [0x000000076c800000, 0x0000000789180000, 0x00000007c0000000)
  eden space 258048K, 100% used [0x000000076c800000,0x000000077c400000,0x000000077c400000)
  from space 10752K, 3% used [0x000000077c400000,0x000000077c450dd0,0x000000077ce80000)
  to   space 8704K, 0% used [0x0000000788900000,0x0000000788900000,0x0000000789180000)
 ParOldGen       total 83456K, used 4829K [0x00000006c5800000, 0x00000006ca980000, 0x000000076c800000)
  object space 83456K, 5% used [0x00000006c5800000,0x00000006c5cb7470,0x00000006ca980000)
 Metaspace       used 20729K, capacity 20972K, committed 21504K, reserved 1069056K
  class space    used 2593K, capacity 2691K, committed 2816K, reserved 1048576K
Event: 2.640 GC heap after
Heap after GC invocations=7 (full 1):
 PSYoungGen      total 441344K, used 1458K [0x000000076c800000, 0x0000000788a80000, 0x00000007c0000000)
  eden space 439808K, 0% used [0x000000076c800000,0x000000076c800000,0x0000000787580000)
  from space 1536K, 94% used [0x0000000788900000,0x0000000788a6c830,0x0000000788a80000)
  to   space 9216K, 0% used [0x0000000787880000,0x0000000787880000,0x0000000788180000)
 ParOldGen       total 83456K, used 4837K [0x00000006c5800000, 0x00000006ca980000, 0x000000076c800000)
  object space 83456K, 5% used [0x00000006c5800000,0x00000006c5cb9470,0x00000006ca980000)
 Metaspace       used 20729K, capacity 20972K, committed 21504K, reserved 1069056K
  class space    used 2593K, capacity 2691K, committed 2816K, reserved 1048576K
}
Event: 2.924 GC heap before
{Heap before GC invocations=8 (full 1):
 PSYoungGen      total 441344K, used 441266K [0x000000076c800000, 0x0000000788a80000, 0x00000007c0000000)
  eden space 439808K, 100% used [0x000000076c800000,0x0000000787580000,0x0000000787580000)
  from space 1536K, 94% used [0x0000000788900000,0x0000000788a6c830,0x0000000788a80000)
  to   space 9216K, 0% used [0x0000000787880000,0x0000000787880000,0x0000000788180000)
 ParOldGen       total 83456K, used 4837K [0x00000006c5800000, 0x00000006ca980000, 0x000000076c800000)
  object space 83456K, 5% used [0x00000006c5800000,0x00000006c5cb9470,0x00000006ca980000)
 Metaspace       used 20745K, capacity 21036K, committed 21504K, reserved 1069056K
  class space    used 2593K, capacity 2691K, committed 2816K, reserved 1048576K
Event: 2.929 GC heap after
Heap after GC invocations=8 (full 1):
 PSYoungGen      total 452096K, used 1556K [0x000000076c800000, 0x000000079a080000, 0x00000007c0000000)
  eden space 442880K, 0% used [0x000000076c800000,0x000000076c800000,0x0000000787880000)
  from space 9216K, 16% used [0x0000000787880000,0x0000000787a052d8,0x0000000788180000)
  to   space 8704K, 0% used [0x0000000799800000,0x0000000799800000,0x000000079a080000)
 ParOldGen       total 83456K, used 4837K [0x00000006c5800000, 0x00000006ca980000, 0x000000076c800000)
  object space 83456K, 5% used [0x00000006c5800000,0x00000006c5cb9470,0x00000006ca980000)
 Metaspace       used 20745K, capacity 21036K, committed 21504K, reserved 1069056K
  class space    used 2593K, capacity 2691K, committed 2816K, reserved 1048576K
}
Event: 3.126 GC heap before
{Heap before GC invocations=9 (full 1):
 PSYoungGen      total 452096K, used 444317K [0x000000076c800000, 0x000000079a080000, 0x00000007c0000000)
  eden space 442880K, 99% used [0x000000076c800000,0x00000007878622d8,0x0000000787880000)
  from space 9216K, 16% used [0x0000000787880000,0x0000000787a052d8,0x0000000788180000)
  to   space 8704K, 0% used [0x0000000799800000,0x0000000799800000,0x000000079a080000)
 ParOldGen       total 83456K, used 4837K [0x00000006c5800000, 0x00000006ca980000, 0x000000076c800000)
  object space 83456K, 5% used [0x00000006c5800000,0x00000006c5cb9470,0x00000006ca980000)
 Metaspace       used 20745K, capacity 21036K, committed 21504K, reserved 1069056K
  class space    used 2593K, capacity 2691K, committed 2816K, reserved 1048576K
Event: 3.130 GC heap after
Heap after GC invocations=9 (full 1):
 PSYoungGen      total 718336K, used 1634K [0x000000076c800000, 0x0000000799a00000, 0x00000007c0000000)
  eden space 716288K, 0% used [0x000000076c800000,0x000000076c800000,0x0000000798380000)
  from space 2048K, 79% used [0x0000000799800000,0x00000007999989b8,0x0000000799a00000)
  to   space 8704K, 0% used [0x0000000798900000,0x0000000798900000,0x0000000799180000)
 ParOldGen       total 83456K, used 4837K [0x00000006c5800000, 0x00000006ca980000, 0x000000076c800000)
  object space 83456K, 5% used [0x00000006c5800000,0x00000006c5cb9470,0x00000006ca980000)
 Metaspace       used 20745K, capacity 21036K, committed 21504K, reserved 1069056K
  class space    used 2593K, capacity 2691K, committed 2816K, reserved 1048576K
}
Event: 3.480 GC heap before
{Heap before GC invocations=10 (full 1):
 PSYoungGen      total 718336K, used 717922K [0x000000076c800000, 0x0000000799a00000, 0x00000007c0000000)
  eden space 716288K, 100% used [0x000000076c800000,0x0000000798380000,0x0000000798380000)
  from space 2048K, 79% used [0x0000000799800000,0x00000007999989b8,0x0000000799a00000)
  to   space 8704K, 0% used [0x0000000798900000,0x0000000798900000,0x0000000799180000)
 ParOldGen       total 83456K, used 4837K [0x00000006c5800000, 0x00000006ca980000, 0x000000076c800000)
  object space 83456K, 5% used [0x00000006c5800000,0x00000006c5cb9470,0x00000006ca980000)
 Metaspace       used 20746K, capacity 21036K, committed 21504K, reserved 1069056K
  class space    used 2594K, capacity 2691K, committed 2816K, reserved 1048576K
Event: 3.489 GC heap after
Heap after GC invocations=10 (full 1):
 PSYoungGen      total 730624K, used 3453K [0x000000076c800000, 0x00000007a8c80000, 0x00000007c0000000)
  eden space 721920K, 0% used [0x000000076c800000,0x000000076c800000,0x0000000798900000)
  from space 8704K, 39% used [0x0000000798900000,0x0000000798c5f650,0x0000000799180000)
  to   space 8192K, 0% used [0x00000007a8480000,0x00000007a8480000,0x00000007a8c80000)
 ParOldGen       total 83456K, used 5021K [0x00000006c5800000, 0x00000006ca980000, 0x000000076c800000)
  object space 83456K, 6% used [0x00000006c5800000,0x00000006c5ce7478,0x00000006ca980000)
 Metaspace       used 20746K, capacity 21036K, committed 21504K, reserved 1069056K
  class space    used 2594K, capacity 2691K, committed 2816K, reserved 1048576K
}

Deoptimization events (10 events):
Event: 5.471 Thread 0x00007f13e08bc800 Uncommon trap: reason=unstable_if action=reinterpret pc=0x00007f13d18ea624 method=java.awt.AWTEvent.dispatched()V @ 4
Event: 5.472 Thread 0x00007f13e08bc800 Uncommon trap: reason=class_check action=maybe_recompile pc=0x00007f13d11202a4 method=java.awt.Toolkit.notifyAWTEventListeners(Ljava/awt/AWTEvent;)V @ 30
Event: 5.472 Thread 0x00007f13e08bc800 Uncommon trap: reason=unstable_if action=reinterpret pc=0x00007f13d1652754 method=java.awt.AWTEvent.dispatched()V @ 4
Event: 5.474 Thread 0x00007f13e08bc800 Uncommon trap: reason=class_check action=maybe_recompile pc=0x00007f13d11202a4 method=java.awt.Toolkit.notifyAWTEventListeners(Ljava/awt/AWTEvent;)V @ 30
Event: 5.482 Thread 0x00007f13e08bc800 Uncommon trap: reason=class_check action=maybe_recompile pc=0x00007f13d11202a4 method=java.awt.Toolkit.notifyAWTEventListeners(Ljava/awt/AWTEvent;)V @ 30
Event: 7.100 Thread 0x00007f13e08bc800 Uncommon trap: reason=class_check action=maybe_recompile pc=0x00007f13d1890f74 method=java.awt.Component.processEvent(Ljava/awt/AWTEvent;)V @ 12
Event: 7.211 Thread 0x00007f13e08bc800 Uncommon trap: reason=unstable_if action=reinterpret pc=0x00007f13d16720e4 method=java.security.AccessController.getContext()Ljava/security/AccessControlContext; @ 5
Event: 7.211 Thread 0x00007f13e08bc800 Uncommon trap: reason=unstable_if action=reinterpret pc=0x00007f13d19c0020 method=java.security.AccessController.getContext()Ljava/security/AccessControlContext; @ 5
Event: 7.213 Thread 0x00007f13e08bc800 Uncommon trap: reason=unstable_if action=reinterpret pc=0x00007f13d19c0830 method=java.awt.EventQueue.cacheEQItem(Lsun/awt/EventQueueItem;)V @ 23
Event: 7.219 Thread 0x00007f13e08bc800 Uncommon trap: reason=unstable_if action=reinterpret pc=0x00007f13d132037c method=javax.swing.RepaintManager.addDirtyRegion0(Ljava/awt/Container;IIII)V @ 69

Internal exceptions (10 events):
Event: 1.421 Thread 0x00007f13e08b0800 Exception <a 'java/io/FileNotFoundException'> (0x000000076cdf2f40) thrown at [/RE-WORK/workspace/8-2-build-linux-amd64/jdk8u45/3457/hotspot/src/share/vm/prims/jni.cpp, line 709]
Event: 3.673 Thread 0x00007f13e000a800 Implicit null exception at 0x00007f13d18bed74 to 0x00007f13d18bf1d5
Event: 3.720 Thread 0x00007f13e08bc800 Implicit null exception at 0x00007f13d1964110 to 0x00007f13d1965c65
Event: 3.722 Thread 0x00007f13e08bc800 Implicit null exception at 0x00007f13d195df23 to 0x00007f13d195f1b5
Event: 3.826 Thread 0x00007f13e000a800 Implicit null exception at 0x00007f13d18c3282 to 0x00007f13d18c3401
Event: 3.832 Thread 0x00007f13e08bc800 Implicit null exception at 0x00007f13d1923c63 to 0x00007f13d192b269
Event: 3.865 Thread 0x00007f13e08bc800 Implicit null exception at 0x00007f13d18fc0ef to 0x00007f13d19024dd
Event: 3.998 Thread 0x00007f13e000a800 Exception <a 'java/io/FileNotFoundException'> (0x000000078ad38400) thrown at [/RE-WORK/workspace/8-2-build-linux-amd64/jdk8u45/3457/hotspot/src/share/vm/prims/jni.cpp, line 709]
Event: 4.131 Thread 0x00007f13e08bc800 Exception <a 'java/lang/UnsupportedOperationException': > (0x000000078b9b0a20) thrown at [/RE-WORK/workspace/8-2-build-linux-amd64/jdk8u45/3457/hotspot/src/share/vm/prims/jni.cpp, line 735]
Event: 7.211 Thread 0x00007f13e08bc800 Implicit null exception at 0x00007f13d1671691 to 0x00007f13d16720d5

Events (10 events):
Event: 7.240 Thread 0x00007f1370017800 Thread exited: 0x00007f1370017800
Event: 118.711 loading class sun/misc/Signal$1
Event: 118.711 loading class sun/misc/Signal$1 done
Event: 118.711 Thread 0x00007f1398001000 Thread added: 0x00007f1398001000
Event: 118.714 Thread 0x00007f1398002000 Thread added: 0x00007f1398002000
Event: 118.714 Thread 0x00007f1398003000 Thread added: 0x00007f1398003000
Event: 11735.038 loading class sun/awt/X11/XkbEvent
Event: 11735.137 loading class sun/awt/X11/XkbEvent done
Event: 11735.137 loading class sun/awt/X11/XkbAnyEvent
Event: 11735.173 loading class sun/awt/X11/XkbAnyEvent done


Dynamic libraries:
00400000-00401000 r-xp 00000000 08:03 3424510                            /usr/lib/jvm/java-8-oracle/bin/java
00600000-00601000 rw-p 00000000 08:03 3424510                            /usr/lib/jvm/java-8-oracle/bin/java
013e8000-01409000 rw-p 00000000 00:00 0                                  [heap]
6c5800000-6ca980000 rw-p 00000000 00:00 0 
6ca980000-76c800000 ---p 00000000 00:00 0 
76c800000-7a8c80000 rw-p 00000000 00:00 0 
7a8c80000-7c0000000 ---p 00000000 00:00 0 
7c0000000-7c0320000 rw-p 00000000 00:00 0 
7c0320000-800000000 ---p 00000000 00:00 0 
7f135c000000-7f135c021000 rw-p 00000000 00:00 0 
7f135c021000-7f1360000000 ---p 00000000 00:00 0 
7f1364000000-7f1364021000 rw-p 00000000 00:00 0 
7f1364021000-7f1368000000 ---p 00000000 00:00 0 
7f1368000000-7f1368021000 rw-p 00000000 00:00 0 
7f1368021000-7f136c000000 ---p 00000000 00:00 0 
7f136c000000-7f136c021000 rw-p 00000000 00:00 0 
7f136c021000-7f1370000000 ---p 00000000 00:00 0 
7f1370000000-7f1370035000 rw-p 00000000 00:00 0 
7f1370035000-7f1374000000 ---p 00000000 00:00 0 
7f1374000000-7f1374040000 rw-p 00000000 00:00 0 
7f1374040000-7f1378000000 ---p 00000000 00:00 0 
7f1378000000-7f1378021000 rw-p 00000000 00:00 0 
7f1378021000-7f137c000000 ---p 00000000 00:00 0 
7f137c000000-7f137c021000 rw-p 00000000 00:00 0 
7f137c021000-7f1380000000 ---p 00000000 00:00 0 
7f1380000000-7f1380021000 rw-p 00000000 00:00 0 
7f1380021000-7f1384000000 ---p 00000000 00:00 0 
7f1384000000-7f1384a36000 rw-p 00000000 00:00 0 
7f1384a36000-7f1388000000 ---p 00000000 00:00 0 
7f1388000000-7f1388021000 rw-p 00000000 00:00 0 
7f1388021000-7f138c000000 ---p 00000000 00:00 0 
7f138c000000-7f138d77b000 rw-p 00000000 00:00 0 
7f138d77b000-7f1390000000 ---p 00000000 00:00 0 
7f1390000000-7f13912bc000 rw-p 00000000 00:00 0 
7f13912bc000-7f1394000000 ---p 00000000 00:00 0 
7f1394000000-7f1394021000 rw-p 00000000 00:00 0 
7f1394021000-7f1398000000 ---p 00000000 00:00 0 
7f1398000000-7f1398021000 rw-p 00000000 00:00 0 
7f1398021000-7f139c000000 ---p 00000000 00:00 0 
7f139c000000-7f139c021000 rw-p 00000000 00:00 0 
7f139c021000-7f13a0000000 ---p 00000000 00:00 0 
7f13a02c0000-7f13a8000000 rw-p 00000000 00:00 0 
7f13a8000000-7f13a8021000 rw-p 00000000 00:00 0 
7f13a8021000-7f13ac000000 ---p 00000000 00:00 0 
7f13ac000000-7f13ac021000 rw-p 00000000 00:00 0 
7f13ac021000-7f13b0000000 ---p 00000000 00:00 0 
7f13b0000000-7f13b0021000 rw-p 00000000 00:00 0 
7f13b0021000-7f13b4000000 ---p 00000000 00:00 0 
7f13b8000000-7f13b8021000 rw-p 00000000 00:00 0 
7f13b8021000-7f13bc000000 ---p 00000000 00:00 0 
7f13bc000000-7f13bc021000 rw-p 00000000 00:00 0 
7f13bc021000-7f13c0000000 ---p 00000000 00:00 0 
7f13c0000000-7f13c0021000 rw-p 00000000 00:00 0 
7f13c0021000-7f13c4000000 ---p 00000000 00:00 0 
7f13c40ed000-7f13c40f0000 ---p 00000000 00:00 0 
7f13c40f0000-7f13c41ee000 rw-p 00000000 00:00 0                          [stack:7406]
7f13c41ee000-7f13c41f1000 ---p 00000000 00:00 0 
7f13c41f1000-7f13c42ef000 rw-p 00000000 00:00 0                          [stack:7401]
7f13c42ef000-7f13c42f2000 ---p 00000000 00:00 0 
7f13c42f2000-7f13c43f0000 rw-p 00000000 00:00 0                          [stack:7405]
7f13c43f0000-7f13c441a000 r-xp 00000000 08:03 3426031                    /usr/lib/jvm/java-8-oracle/jre/lib/amd64/libdcpr.so
7f13c441a000-7f13c461a000 ---p 0002a000 08:03 3426031                    /usr/lib/jvm/java-8-oracle/jre/lib/amd64/libdcpr.so
7f13c461a000-7f13c461d000 rw-p 0002a000 08:03 3426031                    /usr/lib/jvm/java-8-oracle/jre/lib/amd64/libdcpr.so
7f13c4620000-7f13c4634000 r--s 00000000 08:03 657677                     /usr/share/fonts/type1/gsfonts/n019003l.pfb
7f13c4638000-7f13c4651000 r--s 00000000 08:03 657701                     /usr/share/fonts/type1/gsfonts/n021003l.pfb
7f13c4658000-7f13c4669000 r--s 00000000 08:03 657683                     /usr/share/fonts/type1/gsfonts/n019023l.pfb
7f13c4670000-7f13c4682000 r--s 00000000 08:03 657680                     /usr/share/fonts/type1/gsfonts/n019004l.pfb
7f13c4688000-7f13c469e000 r--s 00000000 08:03 657722                     /usr/share/fonts/type1/gsfonts/n022024l.pfb
7f13c46a0000-7f13c46b8000 r--s 00000000 08:03 657713                     /usr/share/fonts/type1/gsfonts/n022003l.pfb
7f13c46b8000-7f13c46ce000 r--s 00000000 08:03 657710                     /usr/share/fonts/type1/gsfonts/n021024l.pfb
7f13c46d0000-7f13c46e7000 r--s 00000000 08:03 657707                     /usr/share/fonts/type1/gsfonts/n021023l.pfb
7f13c46e8000-7f13c46f9000 r--s 00000000 08:03 657686                     /usr/share/fonts/type1/gsfonts/n019024l.pfb
7f13c4700000-7f13c4800000 rw-p 00000000 00:00 0 
7f13c4800000-7f13c4900000 ---p 00000000 00:00 0 
7f13c4900000-7f13c4969000 r-xp 00000000 08:03 3426043                    /usr/lib/jvm/java-8-oracle/jre/lib/amd64/libt2k.so
7f13c4969000-7f13c4b68000 ---p 00069000 08:03 3426043                    /usr/lib/jvm/java-8-oracle/jre/lib/amd64/libt2k.so
7f13c4b68000-7f13c4b6f000 rw-p 00068000 08:03 3426043                    /usr/lib/jvm/java-8-oracle/jre/lib/amd64/libt2k.so
7f13c4b6f000-7f13c4b7f000 rw-p 00000000 00:00 0 
7f13c4b80000-7f13c4b81000 r--s 00000000 08:03 3677075                    /var/cache/fontconfig/c05880de57d1f5e948fdfacc138775d9-le64.cache-4
7f13c4b88000-7f13c4b93000 r--s 00000000 08:03 3677069                    /var/cache/fontconfig/945677eb7aeaf62f1d50efc3fb3ec7d8-le64.cache-4
7f13c4b98000-7f13c4b9a000 r--s 00000000 08:03 3678612                    /var/cache/fontconfig/99e8ed0e538f840c565b6ed5dad60d56-le64.cache-4
7f13c4ba0000-7f13c4ba9000 r--s 00000000 08:03 3678611                    /var/cache/fontconfig/a6d8cf8e4ec09cdbc8633c31745a07dd-le64.cache-4
7f13c4bb0000-7f13c4bb6000 r--s 00000000 08:03 3677055                    /var/cache/fontconfig/2cd17615ca594fa2959ae173292e504c-le64.cache-4
7f13c4bb8000-7f13c4bb9000 r--s 00000000 08:03 3677085                    /var/cache/fontconfig/e7071f4a29fa870f4323321c154eba04-le64.cache-4
7f13c4bc0000-7f13c4bc1000 r--s 00000000 08:03 3677052                    /var/cache/fontconfig/0d8c3b2ac0904cb8a57a757ad11a4a08-le64.cache-4
7f13c4bc8000-7f13c4bcf000 r--s 00000000 08:03 3677072                    /var/cache/fontconfig/a755afe4a08bf5b97852ceb7400b47bc-le64.cache-4
7f13c4bd0000-7f13c4bd4000 r--s 00000000 08:03 3678864                    /var/cache/fontconfig/de156ccd2eddbdc19d37a45b8b2aac9c-le64.cache-4
7f13c4bd8000-7f13c4bec000 r--s 00000000 08:03 3677050                    /var/cache/fontconfig/04aabc0a78ac019cf9454389977116d2-le64.cache-4
7f13c4bf0000-7f13c4bf4000 r--s 00000000 08:03 3677058                    /var/cache/fontconfig/385c0604a188198f04d133e54aba7fe7-le64.cache-4
7f13c4bf8000-7f13c4c02000 r--s 00000000 08:03 657743                     /usr/share/fonts/type1/mathml/Symbol.pfb
7f13c4c08000-7f13c4c21000 r--s 00000000 08:03 657716                     /usr/share/fonts/type1/gsfonts/n022004l.pfb
7f13c4c24000-7f13c4c37000 r--s 00344000 08:03 3426004                    /usr/lib/jvm/java-8-oracle/jre/lib/resources.jar
7f13c4c3d000-7f13c4e3d000 rw-p 00000000 00:00 0 
7f13c4e3d000-7f13c503d000 rw-p 00000000 00:00 0 
7f13c503d000-7f13c5040000 ---p 00000000 00:00 0 
7f13c5040000-7f13c513e000 rw-p 00000000 00:00 0                          [stack:7316]
7f13c513e000-7f13c5141000 ---p 00000000 00:00 0 
7f13c5141000-7f13c523f000 rw-p 00000000 00:00 0                          [stack:7315]
7f13c523f000-7f13c5242000 ---p 00000000 00:00 0 
7f13c5242000-7f13c5540000 rw-p 00000000 00:00 0                          [stack:7318]
7f13c5540000-7f13c5551000 r-xp 00000000 08:03 3426040                    /usr/lib/jvm/java-8-oracle/jre/lib/amd64/libnio.so
7f13c5551000-7f13c5750000 ---p 00011000 08:03 3426040                    /usr/lib/jvm/java-8-oracle/jre/lib/amd64/libnio.so
7f13c5750000-7f13c5751000 rw-p 00010000 08:03 3426040                    /usr/lib/jvm/java-8-oracle/jre/lib/amd64/libnio.so
7f13c5757000-7f13c575a000 ---p 00000000 00:00 0 
7f13c575a000-7f13c5858000 rw-p 00000000 00:00 0                          [stack:7313]
7f13c5858000-7f13c585d000 r-xp 00000000 08:03 3408352                    /usr/lib/x86_64-linux-gnu/libXfixes.so.3.1.0
7f13c585d000-7f13c5a5c000 ---p 00005000 08:03 3408352                    /usr/lib/x86_64-linux-gnu/libXfixes.so.3.1.0
7f13c5a5c000-7f13c5a5d000 r--p 00004000 08:03 3408352                    /usr/lib/x86_64-linux-gnu/libXfixes.so.3.1.0
7f13c5a5d000-7f13c5a5e000 rw-p 00005000 08:03 3408352                    /usr/lib/x86_64-linux-gnu/libXfixes.so.3.1.0
7f13c5a60000-7f13c5a69000 r-xp 00000000 08:03 3417045                    /usr/lib/x86_64-linux-gnu/libXcursor.so.1.0.2
7f13c5a69000-7f13c5c68000 ---p 00009000 08:03 3417045                    /usr/lib/x86_64-linux-gnu/libXcursor.so.1.0.2
7f13c5c68000-7f13c5c69000 r--p 00008000 08:03 3417045                    /usr/lib/x86_64-linux-gnu/libXcursor.so.1.0.2
7f13c5c69000-7f13c5c6a000 rw-p 00009000 08:03 3417045                    /usr/lib/x86_64-linux-gnu/libXcursor.so.1.0.2
7f13c5c70000-7f13c5e70000 rw-p 00000000 00:00 0 
7f13c5e70000-7f13c5e86000 r-xp 00000000 08:03 397368                     /lib/x86_64-linux-gnu/libgcc_s.so.1
7f13c5e86000-7f13c6085000 ---p 00016000 08:03 397368                     /lib/x86_64-linux-gnu/libgcc_s.so.1
7f13c6085000-7f13c6086000 rw-p 00015000 08:03 397368                     /lib/x86_64-linux-gnu/libgcc_s.so.1
7f13c6088000-7f13c60ed000 r-xp 00000000 08:03 3426046                    /usr/lib/jvm/java-8-oracle/jre/lib/amd64/libfontmanager.so
7f13c60ed000-7f13c62ec000 ---p 00065000 08:03 3426046                    /usr/lib/jvm/java-8-oracle/jre/lib/amd64/libfontmanager.so
7f13c62ec000-7f13c62f1000 rw-p 00064000 08:03 3426046                    /usr/lib/jvm/java-8-oracle/jre/lib/amd64/libfontmanager.so
7f13c62f1000-7f13c6301000 rw-p 00000000 00:00 0 
7f13c6308000-7f13c6508000 rw-p 00000000 00:00 0 
7f13c6508000-7f13c650d000 r-xp 00000000 08:03 3417049                    /usr/lib/x86_64-linux-gnu/libXdmcp.so.6.0.0
7f13c650d000-7f13c670c000 ---p 00005000 08:03 3417049                    /usr/lib/x86_64-linux-gnu/libXdmcp.so.6.0.0
7f13c670c000-7f13c670d000 r--p 00004000 08:03 3417049                    /usr/lib/x86_64-linux-gnu/libXdmcp.so.6.0.0
7f13c670d000-7f13c670e000 rw-p 00005000 08:03 3417049                    /usr/lib/x86_64-linux-gnu/libXdmcp.so.6.0.0
7f13c6710000-7f13c6712000 r-xp 00000000 08:03 3417038                    /usr/lib/x86_64-linux-gnu/libXau.so.6.0.0
7f13c6712000-7f13c6912000 ---p 00002000 08:03 3417038                    /usr/lib/x86_64-linux-gnu/libXau.so.6.0.0
7f13c6912000-7f13c6913000 r--p 00002000 08:03 3417038                    /usr/lib/x86_64-linux-gnu/libXau.so.6.0.0
7f13c6913000-7f13c6914000 rw-p 00003000 08:03 3417038                    /usr/lib/x86_64-linux-gnu/libXau.so.6.0.0
7f13c6918000-7f13c6935000 r-xp 00000000 08:03 3418106                    /usr/lib/x86_64-linux-gnu/libxcb.so.1.1.0
7f13c6935000-7f13c6b35000 ---p 0001d000 08:03 3418106                    /usr/lib/x86_64-linux-gnu/libxcb.so.1.1.0
7f13c6b35000-7f13c6b36000 r--p 0001d000 08:03 3418106                    /usr/lib/x86_64-linux-gnu/libxcb.so.1.1.0
7f13c6b36000-7f13c6b37000 rw-p 0001e000 08:03 3418106                    /usr/lib/x86_64-linux-gnu/libxcb.so.1.1.0
7f13c6b38000-7f13c6b47000 r-xp 00000000 08:03 3410074                    /usr/lib/x86_64-linux-gnu/libXi.so.6.1.0
7f13c6b47000-7f13c6d46000 ---p 0000f000 08:03 3410074                    /usr/lib/x86_64-linux-gnu/libXi.so.6.1.0
7f13c6d46000-7f13c6d47000 r--p 0000e000 08:03 3410074                    /usr/lib/x86_64-linux-gnu/libXi.so.6.1.0
7f13c6d47000-7f13c6d48000 rw-p 0000f000 08:03 3410074                    /usr/lib/x86_64-linux-gnu/libXi.so.6.1.0
7f13c6d48000-7f13c6d4d000 r-xp 00000000 08:03 3417079                    /usr/lib/x86_64-linux-gnu/libXtst.so.6.1.0
7f13c6d4d000-7f13c6f4c000 ---p 00005000 08:03 3417079                    /usr/lib/x86_64-linux-gnu/libXtst.so.6.1.0
7f13c6f4c000-7f13c6f4d000 r--p 00004000 08:03 3417079                    /usr/lib/x86_64-linux-gnu/libXtst.so.6.1.0
7f13c6f4d000-7f13c6f4e000 rw-p 00005000 08:03 3417079                    /usr/lib/x86_64-linux-gnu/libXtst.so.6.1.0
7f13c6f50000-7f13c6f59000 r-xp 00000000 08:03 3410076                    /usr/lib/x86_64-linux-gnu/libXrender.so.1.3.0
7f13c6f59000-7f13c7158000 ---p 00009000 08:03 3410076                    /usr/lib/x86_64-linux-gnu/libXrender.so.1.3.0
7f13c7158000-7f13c7159000 r--p 00008000 08:03 3410076                    /usr/lib/x86_64-linux-gnu/libXrender.so.1.3.0
7f13c7159000-7f13c715a000 rw-p 00009000 08:03 3410076                    /usr/lib/x86_64-linux-gnu/libXrender.so.1.3.0
7f13c7160000-7f13c7290000 r-xp 00000000 08:03 3417034                    /usr/lib/x86_64-linux-gnu/libX11.so.6.3.0
7f13c7290000-7f13c7490000 ---p 00130000 08:03 3417034                    /usr/lib/x86_64-linux-gnu/libX11.so.6.3.0
7f13c7490000-7f13c7491000 r--p 00130000 08:03 3417034                    /usr/lib/x86_64-linux-gnu/libX11.so.6.3.0
7f13c7491000-7f13c7495000 rw-p 00131000 08:03 3417034                    /usr/lib/x86_64-linux-gnu/libX11.so.6.3.0
7f13c7498000-7f13c74a9000 r-xp 00000000 08:03 3409080                    /usr/lib/x86_64-linux-gnu/libXext.so.6.4.0
7f13c74a9000-7f13c76a8000 ---p 00011000 08:03 3409080                    /usr/lib/x86_64-linux-gnu/libXext.so.6.4.0
7f13c76a8000-7f13c76a9000 r--p 00010000 08:03 3409080                    /usr/lib/x86_64-linux-gnu/libXext.so.6.4.0
7f13c76a9000-7f13c76aa000 rw-p 00011000 08:03 3409080                    /usr/lib/x86_64-linux-gnu/libXext.so.6.4.0
7f13c76b0000-7f13c7704000 r-xp 00000000 08:03 3426038                    /usr/lib/jvm/java-8-oracle/jre/lib/amd64/libawt_xawt.so
7f13c7704000-7f13c7904000 ---p 00054000 08:03 3426038                    /usr/lib/jvm/java-8-oracle/jre/lib/amd64/libawt_xawt.so
7f13c7904000-7f13c7908000 rw-p 00054000 08:03 3426038                    /usr/lib/jvm/java-8-oracle/jre/lib/amd64/libawt_xawt.so
7f13c7908000-7f13c7909000 rw-p 00000000 00:00 0 
7f13c7910000-7f13c79b2000 r-xp 00000000 08:03 3426072                    /usr/lib/jvm/java-8-oracle/jre/lib/amd64/libawt.so
7f13c79b2000-7f13c7bb2000 ---p 000a2000 08:03 3426072                    /usr/lib/jvm/java-8-oracle/jre/lib/amd64/libawt.so
7f13c7bb2000-7f13c7bbe000 rw-p 000a2000 08:03 3426072                    /usr/lib/jvm/java-8-oracle/jre/lib/amd64/libawt.so
7f13c7bbe000-7f13c7be2000 rw-p 00000000 00:00 0 
7f13c7be8000-7f13c7de8000 rw-p 00000000 00:00 0 
7f13c7de8000-7f13c7dfe000 r-xp 00000000 08:03 3426019                    /usr/lib/jvm/java-8-oracle/jre/lib/amd64/libnet.so
7f13c7dfe000-7f13c7ffe000 ---p 00016000 08:03 3426019                    /usr/lib/jvm/java-8-oracle/jre/lib/amd64/libnet.so
7f13c7ffe000-7f13c7fff000 rw-p 00016000 08:03 3426019                    /usr/lib/jvm/java-8-oracle/jre/lib/amd64/libnet.so
7f13c8000000-7f13c8021000 rw-p 00000000 00:00 0 
7f13c8021000-7f13cc000000 ---p 00000000 00:00 0 
7f13cc000000-7f13cc001000 r--s 00000000 08:03 3677054                    /var/cache/fontconfig/1ac9eb803944fde146138c791f5cc56a-le64.cache-4
7f13cc008000-7f13cc009000 r--s 00000000 08:03 3677082                    /var/cache/fontconfig/dc05db6664285cc2f12bf69c139ae4c3-le64.cache-4
7f13cc010000-7f13cc012000 r--s 00000000 08:03 3677066                    /var/cache/fontconfig/767a8244fc0220cfb567a839d0392e0b-le64.cache-4
7f13cc018000-7f13cc019000 r--s 00000000 08:03 3670956                    /var/cache/fontconfig/4794a0821666d79190d59a36cb4f44b5-le64.cache-4
7f13cc020000-7f13cc025000 r--s 00000000 08:03 3677068                    /var/cache/fontconfig/8801497958630a81b71ace7c5f9b32a8-le64.cache-4
7f13cc028000-7f13cc063000 r--s 00000000 08:03 3673862                    /var/cache/fontconfig/365b55f210c0a22e9a19e35191240f32-le64.cache-4
7f13cc068000-7f13cc06f000 r--s 00000000 08:03 3677056                    /var/cache/fontconfig/3047814df9a2f067bd2d96a2b9c36e5a-le64.cache-4
7f13cc070000-7f13cc071000 r--s 00000000 08:03 3677062                    /var/cache/fontconfig/56cf4f4769d0f4abc89a4895d7bd3ae1-le64.cache-4
7f13cc078000-7f13cc079000 r--s 00000000 08:03 3677074                    /var/cache/fontconfig/b9d506c9ac06c20b433354fa67a72993-le64.cache-4
7f13cc080000-7f13cc086000 r--s 00000000 08:03 3677073                    /var/cache/fontconfig/b47c4e1ecd0709278f4910c18777a504-le64.cache-4
7f13cc088000-7f13cc091000 r--s 00000000 08:03 3673884                    /var/cache/fontconfig/52f7bdb7ce746bfd7eaa1985bd9cfa93-le64.cache-4
7f13cc098000-7f13cc0ab000 r--s 00000000 08:03 3677079                    /var/cache/fontconfig/d52a8644073d54c13679302ca1180695-le64.cache-4
7f13cc0b0000-7f13cc0b9000 r--s 00000000 08:03 3670935                    /var/cache/fontconfig/3f7329c5293ffd510edef78f73874cfd-le64.cache-4
7f13cc0c0000-7f13cc0c4000 r--s 00000000 08:03 3677080                    /var/cache/fontconfig/d589a48862398ed80a3d6066f4f56f4c-le64.cache-4
7f13cc0c8000-7f13cc0c9000 r--s 00000000 08:03 3677051                    /var/cache/fontconfig/0c9eb80ebd1c36541ebe2852d3bb0c49-le64.cache-4
7f13cc0d0000-7f13cc0dd000 r--s 00000000 08:03 3678610                    /var/cache/fontconfig/e13b20fdb08344e0e664864cc2ede53d-le64.cache-4
7f13cc0e0000-7f13cc0e4000 r--s 00000000 08:03 3678863                    /var/cache/fontconfig/7ef2298fde41cc6eeb7af42e48b7d293-le64.cache-4
7f13cc0e7000-7f13cc0ea000 ---p 00000000 00:00 0 
7f13cc0ea000-7f13cc1e8000 rw-p 00000000 00:00 0                          [stack:7312]
7f13cc1e8000-7f13cc1f0000 r-xp 00000000 08:03 3426021                    /usr/lib/jvm/java-8-oracle/jre/lib/amd64/libmanagement.so
7f13cc1f0000-7f13cc3f0000 ---p 00008000 08:03 3426021                    /usr/lib/jvm/java-8-oracle/jre/lib/amd64/libmanagement.so
7f13cc3f0000-7f13cc3f1000 rw-p 00008000 08:03 3426021                    /usr/lib/jvm/java-8-oracle/jre/lib/amd64/libmanagement.so
7f13cc3f3000-7f13cc40f000 r--s 00393000 08:03 3434565                    /usr/lib/jvm/java-8-oracle/jre/lib/ext/cldrdata.jar
7f13cc416000-7f13cc421000 r--s 00116000 08:03 3426141                    /usr/lib/jvm/java-8-oracle/jre/lib/ext/localedata.jar
7f13cc424000-7f13cc42d000 r--s 000e4000 08:03 2764098                    /home/cigreja/.m2/repository/mysql/mysql-connector-java/5.1.35/mysql-connector-java-5.1.35.jar
7f13cc42d000-7f13cc434000 r--s 0003d000 08:03 2764097                    /home/cigreja/.m2/repository/org/yaml/snakeyaml/1.14/snakeyaml-1.14.jar
7f13cc43a000-7f13cc44f000 r--s 000e2000 08:03 2764096                    /home/cigreja/.m2/repository/org/springframework/spring-core/4.1.6.RELEASE/spring-core-4.1.6.RELEASE.jar
7f13cc455000-7f13cc460000 r--s 00065000 08:03 2764093                    /home/cigreja/.m2/repository/ch/qos/logback/logback-core/1.1.3/logback-core-1.1.3.jar
7f13cc467000-7f13cc46d000 r--s 0003f000 08:03 2764092                    /home/cigreja/.m2/repository/ch/qos/logback/logback-classic/1.1.3/logback-classic-1.1.3.jar
7f13cc46d000-7f13cc46e000 r--s 00005000 08:03 2764091                    /home/cigreja/.m2/repository/org/slf4j/log4j-over-slf4j/1.7.11/log4j-over-slf4j-1.7.11.jar
7f13cc470000-7f13cc472000 r--s 00000000 08:03 2764089                    /home/cigreja/.m2/repository/org/slf4j/jul-to-slf4j/1.7.11/jul-to-slf4j-1.7.11.jar
7f13cc477000-7f13cc478000 r--s 00007000 08:03 2764084                    /home/cigreja/.m2/repository/org/slf4j/slf4j-api/1.7.11/slf4j-api-1.7.11.jar
7f13cc47b000-7f13cc47d000 r--s 00003000 08:03 2764082                    /home/cigreja/.m2/repository/org/slf4j/jcl-over-slf4j/1.7.11/jcl-over-slf4j-1.7.11.jar
7f13cc480000-7f13cc481000 r--s 00000000 08:03 2764083                    /home/cigreja/.m2/repository/org/springframework/boot/spring-boot-starter-logging/1.2.3.RELEASE/spring-boot-starter-logging-1.2.3.RELEASE.jar
7f13cc483000-7f13cc493000 r--s 0006b000 08:03 2764078                    /home/cigreja/.m2/repository/org/springframework/boot/spring-boot-autoconfigure/1.2.3.RELEASE/spring-boot-autoconfigure-1.2.3.RELEASE.jar
7f13cc493000-7f13cc498000 r--s 0003b000 08:03 2764076                    /home/cigreja/.m2/repository/org/springframework/spring-expression/4.1.6.RELEASE/spring-expression-4.1.6.RELEASE.jar
7f13cc498000-7f13cc4a5000 r--s 000a0000 08:03 2764074                    /home/cigreja/.m2/repository/org/springframework/spring-beans/4.1.6.RELEASE/spring-beans-4.1.6.RELEASE.jar
7f13cc4a7000-7f13cc4b0000 r--s 0004f000 08:03 2764072                    /home/cigreja/.m2/repository/org/springframework/spring-aop/4.1.6.RELEASE/spring-aop-4.1.6.RELEASE.jar
7f13cc4b2000-7f13cc4b3000 ---p 00000000 00:00 0 
7f13cc4b3000-7f13cc5b3000 rw-p 00000000 00:00 0                          [stack:7311]
7f13cc5b3000-7f13cc5b6000 ---p 00000000 00:00 0 
7f13cc5b6000-7f13cc6b4000 rw-p 00000000 00:00 0                          [stack:7310]
7f13cc6b4000-7f13cc6b7000 ---p 00000000 00:00 0 
7f13cc6b7000-7f13cc7b5000 rw-p 00000000 00:00 0                          [stack:7309]
7f13cc7b5000-7f13cc7b8000 ---p 00000000 00:00 0 
7f13cc7b8000-7f13cc8b6000 rw-p 00000000 00:00 0                          [stack:7308]
7f13cc8b6000-7f13cc8b9000 ---p 00000000 00:00 0 
7f13cc8b9000-7f13cc9b7000 rw-p 00000000 00:00 0                          [stack:7307]
7f13cc9b7000-7f13cc9ba000 ---p 00000000 00:00 0 
7f13cc9ba000-7f13ccab8000 rw-p 00000000 00:00 0                          [stack:7306]
7f13ccab8000-7f13cd19a000 r--p 00000000 08:03 3415887                    /usr/lib/locale/locale-archive
7f13cd19c000-7f13cd19f000 ---p 00000000 00:00 0 
7f13cd19f000-7f13cd29d000 rw-p 00000000 00:00 0                          [stack:7305]
7f13cd29d000-7f13cd2a0000 ---p 00000000 00:00 0 
7f13cd2a0000-7f13cd39e000 rw-p 00000000 00:00 0                          [stack:7304]
7f13cd39e000-7f13cd39f000 ---p 00000000 00:00 0 
7f13cd39f000-7f13ceac9000 rw-p 00000000 00:00 0                          [stack:7303]
7f13ceac9000-7f13ceca2000 r--s 03d09000 08:03 3425955                    /usr/lib/jvm/java-8-oracle/jre/lib/rt.jar
7f13ceca3000-7f13cfced000 rw-p 00000000 00:00 0 
7f13cfced000-7f13cfcee000 ---p 00000000 00:00 0 
7f13cfcee000-7f13cfdee000 rw-p 00000000 00:00 0                          [stack:7302]
7f13cfdee000-7f13cfdef000 ---p 00000000 00:00 0 
7f13cfdef000-7f13cfeef000 rw-p 00000000 00:00 0                          [stack:7301]
7f13cfeef000-7f13cfef0000 ---p 00000000 00:00 0 
7f13cfef0000-7f13cfff0000 rw-p 00000000 00:00 0                          [stack:7300]
7f13cfff0000-7f13cfff1000 ---p 00000000 00:00 0 
7f13cfff1000-7f13d00f1000 rw-p 00000000 00:00 0                          [stack:7299]
7f13d00f1000-7f13d00f2000 ---p 00000000 00:00 0 
7f13d00f2000-7f13d01f2000 rw-p 00000000 00:00 0                          [stack:7298]
7f13d01f2000-7f13d01f3000 ---p 00000000 00:00 0 
7f13d01f3000-7f13d031c000 rw-p 00000000 00:00 0                          [stack:7297]
7f13d031c000-7f13d082b000 ---p 00000000 00:00 0 
7f13d082b000-7f13d0854000 rw-p 00000000 00:00 0 
7f13d0854000-7f13d0d63000 ---p 00000000 00:00 0 
7f13d0d63000-7f13d0f46000 rw-p 00000000 00:00 0 
7f13d0f46000-7f13d0fff000 ---p 00000000 00:00 0 
7f13d0fff000-7f13d1000000 rw-p 00000000 00:00 0 
7f13d1000000-7f13d1a10000 rwxp 00000000 00:00 0 
7f13d1a10000-7f13e0000000 ---p 00000000 00:00 0 
7f13e0000000-7f13e0984000 rw-p 00000000 00:00 0 
7f13e0984000-7f13e4000000 ---p 00000000 00:00 0 
7f13e4003000-7f13e401b000 r--s 000e3000 08:03 2764070                    /home/cigreja/.m2/repository/org/springframework/spring-context/4.1.6.RELEASE/spring-context-4.1.6.RELEASE.jar
7f13e401f000-7f13e4069000 rw-p 00000000 00:00 0 
7f13e4069000-7f13e4400000 ---p 00000000 00:00 0 
7f13e4400000-7f13e441a000 r-xp 00000000 08:03 3426028                    /usr/lib/jvm/java-8-oracle/jre/lib/amd64/libzip.so
7f13e441a000-7f13e461a000 ---p 0001a000 08:03 3426028                    /usr/lib/jvm/java-8-oracle/jre/lib/amd64/libzip.so
7f13e461a000-7f13e461b000 rw-p 0001a000 08:03 3426028                    /usr/lib/jvm/java-8-oracle/jre/lib/amd64/libzip.so
7f13e4620000-7f13e462b000 r-xp 00000000 08:03 393242                     /lib/x86_64-linux-gnu/libnss_files-2.19.so
7f13e462b000-7f13e482a000 ---p 0000b000 08:03 393242                     /lib/x86_64-linux-gnu/libnss_files-2.19.so
7f13e482a000-7f13e482b000 r--p 0000a000 08:03 393242                     /lib/x86_64-linux-gnu/libnss_files-2.19.so
7f13e482b000-7f13e482c000 rw-p 0000b000 08:03 393242                     /lib/x86_64-linux-gnu/libnss_files-2.19.so
7f13e4830000-7f13e483b000 r-xp 00000000 08:03 397310                     /lib/x86_64-linux-gnu/libnss_nis-2.19.so
7f13e483b000-7f13e4a3a000 ---p 0000b000 08:03 397310                     /lib/x86_64-linux-gnu/libnss_nis-2.19.so
7f13e4a3a000-7f13e4a3b000 r--p 0000a000 08:03 397310                     /lib/x86_64-linux-gnu/libnss_nis-2.19.so
7f13e4a3b000-7f13e4a3c000 rw-p 0000b000 08:03 397310                     /lib/x86_64-linux-gnu/libnss_nis-2.19.so
7f13e4a40000-7f13e4a57000 r-xp 00000000 08:03 393311                     /lib/x86_64-linux-gnu/libnsl-2.19.so
7f13e4a57000-7f13e4c56000 ---p 00017000 08:03 393311                     /lib/x86_64-linux-gnu/libnsl-2.19.so
7f13e4c56000-7f13e4c57000 r--p 00016000 08:03 393311                     /lib/x86_64-linux-gnu/libnsl-2.19.so
7f13e4c57000-7f13e4c58000 rw-p 00017000 08:03 393311                     /lib/x86_64-linux-gnu/libnsl-2.19.so
7f13e4c58000-7f13e4c5a000 rw-p 00000000 00:00 0 
7f13e4c60000-7f13e4c69000 r-xp 00000000 08:03 393310                     /lib/x86_64-linux-gnu/libnss_compat-2.19.so
7f13e4c69000-7f13e4e68000 ---p 00009000 08:03 393310                     /lib/x86_64-linux-gnu/libnss_compat-2.19.so
7f13e4e68000-7f13e4e69000 r--p 00008000 08:03 393310                     /lib/x86_64-linux-gnu/libnss_compat-2.19.so
7f13e4e69000-7f13e4e6a000 rw-p 00009000 08:03 393310                     /lib/x86_64-linux-gnu/libnss_compat-2.19.so
7f13e4e70000-7f13e4e9a000 r-xp 00000000 08:03 3426011                    /usr/lib/jvm/java-8-oracle/jre/lib/amd64/libjava.so
7f13e4e9a000-7f13e509a000 ---p 0002a000 08:03 3426011                    /usr/lib/jvm/java-8-oracle/jre/lib/amd64/libjava.so
7f13e509a000-7f13e509c000 rw-p 0002a000 08:03 3426011                    /usr/lib/jvm/java-8-oracle/jre/lib/amd64/libjava.so
7f13e50a0000-7f13e50ad000 r-xp 00000000 08:03 3426068                    /usr/lib/jvm/java-8-oracle/jre/lib/amd64/libverify.so
7f13e50ad000-7f13e52ad000 ---p 0000d000 08:03 3426068                    /usr/lib/jvm/java-8-oracle/jre/lib/amd64/libverify.so
7f13e52ad000-7f13e52af000 rw-p 0000d000 08:03 3426068                    /usr/lib/jvm/java-8-oracle/jre/lib/amd64/libverify.so
7f13e52b0000-7f13e52b7000 r-xp 00000000 08:03 393319                     /lib/x86_64-linux-gnu/librt-2.19.so
7f13e52b7000-7f13e54b6000 ---p 00007000 08:03 393319                     /lib/x86_64-linux-gnu/librt-2.19.so
7f13e54b6000-7f13e54b7000 r--p 00006000 08:03 393319                     /lib/x86_64-linux-gnu/librt-2.19.so
7f13e54b7000-7f13e54b8000 rw-p 00007000 08:03 393319                     /lib/x86_64-linux-gnu/librt-2.19.so
7f13e54b8000-7f13e55bd000 r-xp 00000000 08:03 393235                     /lib/x86_64-linux-gnu/libm-2.19.so
7f13e55bd000-7f13e57bc000 ---p 00105000 08:03 393235                     /lib/x86_64-linux-gnu/libm-2.19.so
7f13e57bc000-7f13e57bd000 r--p 00104000 08:03 393235                     /lib/x86_64-linux-gnu/libm-2.19.so
7f13e57bd000-7f13e57be000 rw-p 00105000 08:03 393235                     /lib/x86_64-linux-gnu/libm-2.19.so
7f13e57c0000-7f13e646e000 r-xp 00000000 08:03 3426057                    /usr/lib/jvm/java-8-oracle/jre/lib/amd64/server/libjvm.so
7f13e646e000-7f13e666d000 ---p 00cae000 08:03 3426057                    /usr/lib/jvm/java-8-oracle/jre/lib/amd64/server/libjvm.so
7f13e666d000-7f13e6744000 rw-p 00cad000 08:03 3426057                    /usr/lib/jvm/java-8-oracle/jre/lib/amd64/server/libjvm.so
7f13e6744000-7f13e6788000 rw-p 00000000 00:00 0 
7f13e6788000-7f13e6943000 r-xp 00000000 08:03 393316                     /lib/x86_64-linux-gnu/libc-2.19.so
7f13e6943000-7f13e6b42000 ---p 001bb000 08:03 393316                     /lib/x86_64-linux-gnu/libc-2.19.so
7f13e6b42000-7f13e6b46000 r--p 001ba000 08:03 393316                     /lib/x86_64-linux-gnu/libc-2.19.so
7f13e6b46000-7f13e6b48000 rw-p 001be000 08:03 393316                     /lib/x86_64-linux-gnu/libc-2.19.so
7f13e6b48000-7f13e6b4d000 rw-p 00000000 00:00 0 
7f13e6b50000-7f13e6b53000 r-xp 00000000 08:03 393305                     /lib/x86_64-linux-gnu/libdl-2.19.so
7f13e6b53000-7f13e6d52000 ---p 00003000 08:03 393305                     /lib/x86_64-linux-gnu/libdl-2.19.so
7f13e6d52000-7f13e6d53000 r--p 00002000 08:03 393305                     /lib/x86_64-linux-gnu/libdl-2.19.so
7f13e6d53000-7f13e6d54000 rw-p 00003000 08:03 393305                     /lib/x86_64-linux-gnu/libdl-2.19.so
7f13e6d58000-7f13e6d6d000 r-xp 00000000 08:03 3425246                    /usr/lib/jvm/java-8-oracle/lib/amd64/jli/libjli.so
7f13e6d6d000-7f13e6f6d000 ---p 00015000 08:03 3425246                    /usr/lib/jvm/java-8-oracle/lib/amd64/jli/libjli.so
7f13e6f6d000-7f13e6f6e000 rw-p 00015000 08:03 3425246                    /usr/lib/jvm/java-8-oracle/lib/amd64/jli/libjli.so
7f13e6f70000-7f13e6f89000 r-xp 00000000 08:03 393317                     /lib/x86_64-linux-gnu/libpthread-2.19.so
7f13e6f89000-7f13e7188000 ---p 00019000 08:03 393317                     /lib/x86_64-linux-gnu/libpthread-2.19.so
7f13e7188000-7f13e7189000 r--p 00018000 08:03 393317                     /lib/x86_64-linux-gnu/libpthread-2.19.so
7f13e7189000-7f13e718a000 rw-p 00019000 08:03 393317                     /lib/x86_64-linux-gnu/libpthread-2.19.so
7f13e718a000-7f13e718e000 rw-p 00000000 00:00 0 
7f13e7190000-7f13e71b3000 r-xp 00000000 08:03 393313                     /lib/x86_64-linux-gnu/ld-2.19.so
7f13e71b8000-7f13e71ba000 r--s 00000000 08:03 2764073                    /home/cigreja/.m2/repository/aopalliance/aopalliance/1.0/aopalliance-1.0.jar
7f13e71be000-7f13e71c8000 r--s 0005e000 08:03 2764071                    /home/cigreja/.m2/repository/org/springframework/boot/spring-boot/1.2.3.RELEASE/spring-boot-1.2.3.RELEASE.jar
7f13e71c8000-7f13e71c9000 r--s 00000000 08:03 2764068                    /home/cigreja/.m2/repository/org/springframework/boot/spring-boot-starter/1.2.3.RELEASE/spring-boot-starter-1.2.3.RELEASE.jar
7f13e71ce000-7f13e72a0000 rw-p 00000000 00:00 0 
7f13e72a0000-7f13e72a8000 rw-s 00000000 08:03 675303                     /tmp/hsperfdata_cigreja/7292
7f13e72a9000-7f13e72ab000 rw-p 00000000 00:00 0 
7f13e72ab000-7f13e72ac000 r--p 00000000 00:00 0 
7f13e72ac000-7f13e72af000 ---p 00000000 00:00 0 
7f13e72af000-7f13e73b2000 rw-p 00000000 00:00 0                          [stack:7296]
7f13e73b2000-7f13e73b3000 r--p 00022000 08:03 393313                     /lib/x86_64-linux-gnu/ld-2.19.so
7f13e73b3000-7f13e73b4000 rw-p 00023000 08:03 393313                     /lib/x86_64-linux-gnu/ld-2.19.so
7f13e73b4000-7f13e73b6000 rw-p 00000000 00:00 0 
7ffe989b1000-7ffe989d3000 rw-p 00000000 00:00 0                          [stack]
7ffe989e0000-7ffe989e2000 r-xp 00000000 00:00 0                          [vdso]
7ffe989e2000-7ffe989e4000 r--p 00000000 00:00 0                          [vvar]
ffffffffff600000-ffffffffff601000 r-xp 00000000 00:00 0                  [vsyscall]

VM Arguments:
java_command: com.elle.analyster.Application
java_class_path (initial): /home/cigreja/Dropbox/AnalysterCarlos/Analyster/target/classes:/home/cigreja/.m2/repository/org/springframework/boot/spring-boot-starter/1.2.3.RELEASE/spring-boot-starter-1.2.3.RELEASE.jar:/home/cigreja/.m2/repository/org/springframework/boot/spring-boot/1.2.3.RELEASE/spring-boot-1.2.3.RELEASE.jar:/home/cigreja/.m2/repository/org/springframework/spring-context/4.1.6.RELEASE/spring-context-4.1.6.RELEASE.jar:/home/cigreja/.m2/repository/org/springframework/spring-aop/4.1.6.RELEASE/spring-aop-4.1.6.RELEASE.jar:/home/cigreja/.m2/repository/aopalliance/aopalliance/1.0/aopalliance-1.0.jar:/home/cigreja/.m2/repository/org/springframework/spring-beans/4.1.6.RELEASE/spring-beans-4.1.6.RELEASE.jar:/home/cigreja/.m2/repository/org/springframework/spring-expression/4.1.6.RELEASE/spring-expression-4.1.6.RELEASE.jar:/home/cigreja/.m2/repository/org/springframework/boot/spring-boot-autoconfigure/1.2.3.RELEASE/spring-boot-autoconfigure-1.2.3.RELEASE.jar:/home/cigreja/.m2/repository/org/springframework/boot/spring-boot-starter-logging/1.2.3.RELEASE/spring-boot-starter-logging-1.2.3.RELEASE.jar:/home/cigreja/.m2/repository/org/slf4j/jcl-over-slf4j/1.7.11/jcl-over-slf4j-1.7.11.jar:/home/cigreja/.m2/repository/org/slf4j/slf4j-api/1.7.11/slf4j-api-1.7.11.jar:/home/cigreja/.m2/repository/org/slf4j/jul-to-slf4j/1.7.11/jul-to-slf4j-1.7.11.jar:/home/cigreja/.m2/repository/org/slf4j/log4j-over-slf4j/1.7.11/log4j-over-slf4j-1.7.11.jar:/home/cigreja/.m2/repository/ch/qos/logback/logback-classic/1.1.3/logback-classic-1.1.3.jar:/home/cigreja/.m2/repository/ch/qos/logback/logback-core/1.1.3/logback-core-1.1.3.jar:/home/cigreja/.m2/repository/org/springframework/spring-core/4.1.6.RELEASE/spring-core-4.1.6.RELEASE.jar:/home/cigreja/.m2/repository/org/yaml/snakeyaml/1.14/snakeyaml-1.14.jar:/home/cigreja/.m2/repository/mysql/mysql-connector-java/5.1.35/mysql-connector-java-5.1.35.jar
Launcher Type: SUN_STANDARD

Environment Variables:
JAVA_HOME=/usr/lib/jvm/java-8-oracle
PATH=/usr/local/sbin:/usr/local/bin:/usr/sbin:/usr/bin:/sbin:/bin:/usr/games:/usr/local/games:/usr/lib/jvm/java-8-oracle/bin:/usr/lib/jvm/java-8-oracle/db/bin:/usr/lib/jvm/java-8-oracle/jre/bin
LD_LIBRARY_PATH=/usr/lib/jvm/java-8-oracle/jre/lib/amd64:/usr/lib/jvm/java-8-oracle/jre/lib/i386:
SHELL=/bin/bash
DISPLAY=:0

Signal Handlers:
SIGSEGV: [libjvm.so+0xaad1e0], sa_mask[0]=11111111011111111101111111111110, sa_flags=SA_RESTART|SA_SIGINFO
SIGBUS: [libjvm.so+0xaad1e0], sa_mask[0]=11111111011111111101111111111110, sa_flags=SA_RESTART|SA_SIGINFO
SIGFPE: [libjvm.so+0x90b450], sa_mask[0]=11111111011111111101111111111110, sa_flags=SA_RESTART|SA_SIGINFO
SIGPIPE: [libjvm.so+0x90b450], sa_mask[0]=11111111011111111101111111111110, sa_flags=SA_RESTART|SA_SIGINFO
SIGXFSZ: [libjvm.so+0x90b450], sa_mask[0]=11111111011111111101111111111110, sa_flags=SA_RESTART|SA_SIGINFO
SIGILL: [libjvm.so+0x90b450], sa_mask[0]=11111111011111111101111111111110, sa_flags=SA_RESTART|SA_SIGINFO
SIGUSR1: SIG_DFL, sa_mask[0]=00000000000000000000000000000000, sa_flags=none
SIGUSR2: [libjvm.so+0x90ca90], sa_mask[0]=00100000000000000000000000000000, sa_flags=SA_RESTART|SA_SIGINFO
SIGHUP: [libjvm.so+0x90dde0], sa_mask[0]=11111111011111111101111111111110, sa_flags=SA_RESTART|SA_SIGINFO
SIGINT: SIG_IGN, sa_mask[0]=00000000000000000000000000000000, sa_flags=none
SIGTERM: [libjvm.so+0x90dde0], sa_mask[0]=11111111011111111101111111111110, sa_flags=SA_RESTART|SA_SIGINFO
SIGQUIT: [libjvm.so+0x90dde0], sa_mask[0]=11111111011111111101111111111110, sa_flags=SA_RESTART|SA_SIGINFO


---------------  S Y S T E M  ---------------

OS:DISTRIB_ID=Ubuntu
DISTRIB_RELEASE=14.04
DISTRIB_CODENAME=trusty
DISTRIB_DESCRIPTION="Ubuntu 14.04.2 LTS"

uname:Linux 3.16.0-43-generic #58~14.04.1-Ubuntu SMP Mon Jun 22 10:21:20 UTC 2015 x86_64
libc:glibc 2.19 NPTL 2.19 
rlimit: STACK 8192k, CORE 0k, NPROC 63780, NOFILE 4096, AS infinity
load average:3.27 1.20 1.03

/proc/meminfo:
MemTotal:       16415292 kB
MemFree:          168568 kB
MemAvailable:     535968 kB
Buffers:          111108 kB
Cached:          8794672 kB
SwapCached:        24496 kB
Active:          7787076 kB
Inactive:        7890088 kB
Active(anon):    7588996 kB
Inactive(anon):  7684804 kB
Active(file):     198080 kB
Inactive(file):   205284 kB
Unevictable:         296 kB
Mlocked:             296 kB
SwapTotal:      32836604 kB
SwapFree:       32802768 kB
Dirty:              4364 kB
Writeback:             0 kB
AnonPages:       6748468 kB
Mapped:          1066964 kB
Shmem:           8501132 kB
Slab:             264452 kB
SReclaimable:     217440 kB
SUnreclaim:        47012 kB
KernelStack:       15200 kB
PageTables:        69700 kB
NFS_Unstable:          0 kB
Bounce:                0 kB
WritebackTmp:          0 kB
CommitLimit:    41044248 kB
Committed_AS:   24047392 kB
VmallocTotal:   34359738367 kB
VmallocUsed:      340120 kB
VmallocChunk:   34359387924 kB
HardwareCorrupted:     0 kB
AnonHugePages:   4759552 kB
HugePages_Total:       0
HugePages_Free:        0
HugePages_Rsvd:        0
HugePages_Surp:        0
Hugepagesize:       2048 kB
DirectMap4k:      126592 kB
DirectMap2M:     6146048 kB
DirectMap1G:    10485760 kB


CPU:total 6 (6 cores per cpu, 1 threads per core) family 21 model 1 stepping 2, cmov, cx8, fxsr, mmx, sse, sse2, sse3, ssse3, sse4.1, sse4.2, popcnt, avx, aes, clmul, mmxext, 3dnowpref, lzcnt, sse4a, tsc, tscinvbit, tscinv

/proc/cpuinfo:
processor	: 0
vendor_id	: AuthenticAMD
cpu family	: 21
model		: 1
model name	: AMD FX(tm)-6100 Six-Core Processor
stepping	: 2
microcode	: 0x6000629
cpu MHz		: 3300.000
cache size	: 2048 KB
physical id	: 0
siblings	: 6
core id		: 0
cpu cores	: 3
apicid		: 0
initial apicid	: 0
fpu		: yes
fpu_exception	: yes
cpuid level	: 13
wp		: yes
flags		: fpu vme de pse tsc msr pae mce cx8 apic sep mtrr pge mca cmov pat pse36 clflush mmx fxsr sse sse2 ht syscall nx mmxext fxsr_opt pdpe1gb rdtscp lm constant_tsc rep_good nopl nonstop_tsc extd_apicid aperfmperf pni pclmulqdq monitor ssse3 cx16 sse4_1 sse4_2 popcnt aes xsave avx lahf_lm cmp_legacy svm extapic cr8_legacy abm sse4a misalignsse 3dnowprefetch osvw ibs xop skinit wdt lwp fma4 nodeid_msr topoext perfctr_core perfctr_nb arat cpb hw_pstate npt lbrv svm_lock nrip_save tsc_scale vmcb_clean flushbyasid decodeassists pausefilter pfthreshold vmmcall
bogomips	: 6645.00
TLB size	: 1536 4K pages
clflush size	: 64
cache_alignment	: 64
address sizes	: 48 bits physical, 48 bits virtual
power management: ts ttp tm 100mhzsteps hwpstate cpb

processor	: 1
vendor_id	: AuthenticAMD
cpu family	: 21
model		: 1
model name	: AMD FX(tm)-6100 Six-Core Processor             
stepping	: 2
microcode	: 0x6000629
cpu MHz		: 1400.000
cache size	: 2048 KB
physical id	: 0
siblings	: 6
core id		: 1
cpu cores	: 3
apicid		: 1
initial apicid	: 1
fpu		: yes
fpu_exception	: yes
cpuid level	: 13
wp		: yes
flags		: fpu vme de pse tsc msr pae mce cx8 apic sep mtrr pge mca cmov pat pse36 clflush mmx fxsr sse sse2 ht syscall nx mmxext fxsr_opt pdpe1gb rdtscp lm constant_tsc rep_good nopl nonstop_tsc extd_apicid aperfmperf pni pclmulqdq monitor ssse3 cx16 sse4_1 sse4_2 popcnt aes xsave avx lahf_lm cmp_legacy svm extapic cr8_legacy abm sse4a misalignsse 3dnowprefetch osvw ibs xop skinit wdt lwp fma4 nodeid_msr topoext perfctr_core perfctr_nb arat cpb hw_pstate npt lbrv svm_lock nrip_save tsc_scale vmcb_clean flushbyasid decodeassists pausefilter pfthreshold vmmcall
bogomips	: 6645.00
TLB size	: 1536 4K pages
clflush size	: 64
cache_alignment	: 64
address sizes	: 48 bits physical, 48 bits virtual
power management: ts ttp tm 100mhzsteps hwpstate cpb

processor	: 2
vendor_id	: AuthenticAMD
cpu family	: 21
model		: 1
model name	: AMD FX(tm)-6100 Six-Core Processor             
stepping	: 2
microcode	: 0x6000629
cpu MHz		: 1800.000
cache size	: 2048 KB
physical id	: 0
siblings	: 6
core id		: 5
cpu cores	: 3
apicid		: 2
initial apicid	: 5
fpu		: yes
fpu_exception	: yes
cpuid level	: 13
wp		: yes
flags		: fpu vme de pse tsc msr pae mce cx8 apic sep mtrr pge mca cmov pat pse36 clflush mmx fxsr sse sse2 ht syscall nx mmxext fxsr_opt pdpe1gb rdtscp lm constant_tsc rep_good nopl nonstop_tsc extd_apicid aperfmperf pni pclmulqdq monitor ssse3 cx16 sse4_1 sse4_2 popcnt aes xsave avx lahf_lm cmp_legacy svm extapic cr8_legacy abm sse4a misalignsse 3dnowprefetch osvw ibs xop skinit wdt lwp fma4 nodeid_msr topoext perfctr_core perfctr_nb arat cpb hw_pstate npt lbrv svm_lock nrip_save tsc_scale vmcb_clean flushbyasid decodeassists pausefilter pfthreshold vmmcall
bogomips	: 6645.00
TLB size	: 1536 4K pages
clflush size	: 64
cache_alignment	: 64
address sizes	: 48 bits physical, 48 bits virtual
power management: ts ttp tm 100mhzsteps hwpstate cpb

processor	: 3
vendor_id	: AuthenticAMD
cpu family	: 21
model		: 1
model name	: AMD FX(tm)-6100 Six-Core Processor             
stepping	: 2
microcode	: 0x6000629
cpu MHz		: 3000.000
cache size	: 2048 KB
physical id	: 0
siblings	: 6
core id		: 4
cpu cores	: 3
apicid		: 3
initial apicid	: 4
fpu		: yes
fpu_exception	: yes
cpuid level	: 13
wp		: yes
flags		: fpu vme de pse tsc msr pae mce cx8 apic sep mtrr pge mca cmov pat pse36 clflush mmx fxsr sse sse2 ht syscall nx mmxext fxsr_opt pdpe1gb rdtscp lm constant_tsc rep_good nopl nonstop_tsc extd_apicid aperfmperf pni pclmulqdq monitor ssse3 cx16 sse4_1 sse4_2 popcnt aes xsave avx lahf_lm cmp_legacy svm extapic cr8_legacy abm sse4a misalignsse 3dnowprefetch osvw ibs xop skinit wdt lwp fma4 nodeid_msr topoext perfctr_core perfctr_nb arat cpb hw_pstate npt lbrv svm_lock nrip_save tsc_scale vmcb_clean flushbyasid decodeassists pausefilter pfthreshold vmmcall
bogomips	: 6645.00
TLB size	: 1536 4K pages
clflush size	: 64
cache_alignment	: 64
address sizes	: 48 bits physical, 48 bits virtual
power management: ts ttp tm 100mhzsteps hwpstate cpb

processor	: 4
vendor_id	: AuthenticAMD
cpu family	: 21
model		: 1
model name	: AMD FX(tm)-6100 Six-Core Processor             
stepping	: 2
microcode	: 0x6000629
cpu MHz		: 2400.000
cache size	: 2048 KB
physical id	: 0
siblings	: 6
core id		: 3
cpu cores	: 3
apicid		: 4
initial apicid	: 3
fpu		: yes
fpu_exception	: yes
cpuid level	: 13
wp		: yes
flags		: fpu vme de pse tsc msr pae mce cx8 apic sep mtrr pge mca cmov pat pse36 clflush mmx fxsr sse sse2 ht syscall nx mmxext fxsr_opt pdpe1gb rdtscp lm constant_tsc rep_good nopl nonstop_tsc extd_apicid aperfmperf pni pclmulqdq monitor ssse3 cx16 sse4_1 sse4_2 popcnt aes xsave avx lahf_lm cmp_legacy svm extapic cr8_legacy abm sse4a misalignsse 3dnowprefetch osvw ibs xop skinit wdt lwp fma4 nodeid_msr topoext perfctr_core perfctr_nb arat cpb hw_pstate npt lbrv svm_lock nrip_save tsc_scale vmcb_clean flushbyasid decodeassists pausefilter pfthreshold vmmcall
bogomips	: 6645.00
TLB size	: 1536 4K pages
clflush size	: 64
cache_alignment	: 64
address sizes	: 48 bits physical, 48 bits virtual
power management: ts ttp tm 100mhzsteps hwpstate cpb

processor	: 5
vendor_id	: AuthenticAMD
cpu family	: 21
model		: 1
model name	: AMD FX(tm)-6100 Six-Core Processor             
stepping	: 2
microcode	: 0x6000629
cpu MHz		: 1400.000
cache size	: 2048 KB
physical id	: 0
siblings	: 6
core id		: 2
cpu cores	: 3
apicid		: 5
initial apicid	: 2
fpu		: yes
fpu_exception	: yes
cpuid level	: 13
wp		: yes
flags		: fpu vme de pse tsc msr pae mce cx8 apic sep mtrr pge mca cmov pat pse36 clflush mmx fxsr sse sse2 ht syscall nx mmxext fxsr_opt pdpe1gb rdtscp lm constant_tsc rep_good nopl nonstop_tsc extd_apicid aperfmperf pni pclmulqdq monitor ssse3 cx16 sse4_1 sse4_2 popcnt aes xsave avx lahf_lm cmp_legacy svm extapic cr8_legacy abm sse4a misalignsse 3dnowprefetch osvw ibs xop skinit wdt lwp fma4 nodeid_msr topoext perfctr_core perfctr_nb arat cpb hw_pstate npt lbrv svm_lock nrip_save tsc_scale vmcb_clean flushbyasid decodeassists pausefilter pfthreshold vmmcall
bogomips	: 6645.00
TLB size	: 1536 4K pages
clflush size	: 64
cache_alignment	: 64
address sizes	: 48 bits physical, 48 bits virtual
power management: ts ttp tm 100mhzsteps hwpstate cpb



Memory: 4k page, physical 16415292k(168072k free), swap 32836604k(32802768k free)

vm_info: Java HotSpot(TM) 64-Bit Server VM (25.45-b02) for linux-amd64 JRE (1.8.0_45-b14), built on Apr 10 2015 10:07:45 by "java_re" with gcc 4.3.0 20080428 (Red Hat 4.3.0-8)

time: Tue Jun 30 11:53:39 2015
elapsed time: 11735 seconds (0d 3h 15m 35s)

